{"C:\\Users\\delga\\OneDrive\\Escritorio\\Repositorio\\eco-savor-backend\\microservices\\orders\\src\\controllers\\orderController.js": {"path":"C:\\Users\\delga\\OneDrive\\Escritorio\\Repositorio\\eco-savor-backend\\microservices\\orders\\src\\controllers\\orderController.js","statementMap":{"0":{"start":{"line":1,"column":21},"end":{"line":1,"column":56}},"1":{"start":{"line":12,"column":0},"end":{"line":37,"column":2}},"2":{"start":{"line":13,"column":2},"end":{"line":36,"column":3}},"3":{"start":{"line":15,"column":19},"end":{"line":15,"column":31}},"4":{"start":{"line":16,"column":55},"end":{"line":16,"column":63}},"5":{"start":{"line":18,"column":21},"end":{"line":18,"column":91}},"6":{"start":{"line":20,"column":4},"end":{"line":24,"column":7}},"7":{"start":{"line":26,"column":4},"end":{"line":26,"column":52}},"8":{"start":{"line":28,"column":4},"end":{"line":30,"column":5}},"9":{"start":{"line":29,"column":6},"end":{"line":29,"column":76}},"10":{"start":{"line":31,"column":4},"end":{"line":33,"column":5}},"11":{"start":{"line":32,"column":6},"end":{"line":32,"column":76}},"12":{"start":{"line":35,"column":4},"end":{"line":35,"column":82}},"13":{"start":{"line":43,"column":0},"end":{"line":60,"column":2}},"14":{"start":{"line":44,"column":2},"end":{"line":59,"column":3}},"15":{"start":{"line":45,"column":18},"end":{"line":45,"column":59}},"16":{"start":{"line":47,"column":4},"end":{"line":50,"column":7}},"17":{"start":{"line":52,"column":4},"end":{"line":52,"column":52}},"18":{"start":{"line":54,"column":4},"end":{"line":56,"column":5}},"19":{"start":{"line":55,"column":6},"end":{"line":55,"column":76}},"20":{"start":{"line":58,"column":4},"end":{"line":58,"column":82}},"21":{"start":{"line":68,"column":0},"end":{"line":97,"column":2}},"22":{"start":{"line":69,"column":2},"end":{"line":96,"column":3}},"23":{"start":{"line":70,"column":21},"end":{"line":70,"column":34}},"24":{"start":{"line":71,"column":19},"end":{"line":71,"column":31}},"25":{"start":{"line":73,"column":20},"end":{"line":73,"column":22}},"26":{"start":{"line":76,"column":4},"end":{"line":80,"column":5}},"27":{"start":{"line":77,"column":6},"end":{"line":77,"column":30}},"28":{"start":{"line":78,"column":11},"end":{"line":80,"column":5}},"29":{"start":{"line":79,"column":6},"end":{"line":79,"column":36}},"30":{"start":{"line":83,"column":23},"end":{"line":83,"column":32}},"31":{"start":{"line":84,"column":4},"end":{"line":84,"column":40}},"32":{"start":{"line":84,"column":16},"end":{"line":84,"column":40}},"33":{"start":{"line":86,"column":19},"end":{"line":86,"column":51}},"34":{"start":{"line":88,"column":4},"end":{"line":92,"column":7}},"35":{"start":{"line":94,"column":4},"end":{"line":94,"column":53}},"36":{"start":{"line":95,"column":4},"end":{"line":95,"column":82}},"37":{"start":{"line":105,"column":0},"end":{"line":129,"column":2}},"38":{"start":{"line":106,"column":2},"end":{"line":128,"column":3}},"39":{"start":{"line":107,"column":32},"end":{"line":107,"column":44}},"40":{"start":{"line":108,"column":28},"end":{"line":108,"column":45}},"41":{"start":{"line":111,"column":4},"end":{"line":116,"column":5}},"42":{"start":{"line":112,"column":6},"end":{"line":115,"column":9}},"43":{"start":{"line":118,"column":19},"end":{"line":118,"column":64}},"44":{"start":{"line":120,"column":4},"end":{"line":124,"column":7}},"45":{"start":{"line":126,"column":4},"end":{"line":126,"column":66}},"46":{"start":{"line":127,"column":4},"end":{"line":127,"column":82}},"47":{"start":{"line":137,"column":0},"end":{"line":163,"column":2}},"48":{"start":{"line":138,"column":2},"end":{"line":162,"column":3}},"49":{"start":{"line":139,"column":38},"end":{"line":139,"column":50}},"50":{"start":{"line":140,"column":34},"end":{"line":140,"column":57}},"51":{"start":{"line":143,"column":4},"end":{"line":148,"column":5}},"52":{"start":{"line":144,"column":6},"end":{"line":147,"column":9}},"53":{"start":{"line":150,"column":23},"end":{"line":150,"column":32}},"54":{"start":{"line":152,"column":19},"end":{"line":152,"column":92}},"55":{"start":{"line":154,"column":4},"end":{"line":158,"column":7}},"56":{"start":{"line":160,"column":4},"end":{"line":160,"column":70}},"57":{"start":{"line":161,"column":4},"end":{"line":161,"column":82}},"58":{"start":{"line":169,"column":0},"end":{"line":193,"column":2}},"59":{"start":{"line":170,"column":2},"end":{"line":192,"column":3}},"60":{"start":{"line":171,"column":23},"end":{"line":171,"column":31}},"61":{"start":{"line":173,"column":4},"end":{"line":175,"column":5}},"62":{"start":{"line":174,"column":6},"end":{"line":174,"column":87}},"63":{"start":{"line":177,"column":18},"end":{"line":177,"column":72}},"64":{"start":{"line":179,"column":4},"end":{"line":183,"column":7}},"65":{"start":{"line":185,"column":4},"end":{"line":185,"column":56}},"66":{"start":{"line":187,"column":4},"end":{"line":189,"column":5}},"67":{"start":{"line":188,"column":6},"end":{"line":188,"column":76}},"68":{"start":{"line":191,"column":4},"end":{"line":191,"column":82}},"69":{"start":{"line":199,"column":0},"end":{"line":217,"column":2}},"70":{"start":{"line":200,"column":2},"end":{"line":216,"column":3}},"71":{"start":{"line":201,"column":18},"end":{"line":201,"column":59}},"72":{"start":{"line":203,"column":4},"end":{"line":207,"column":7}},"73":{"start":{"line":209,"column":4},"end":{"line":209,"column":54}},"74":{"start":{"line":211,"column":4},"end":{"line":213,"column":5}},"75":{"start":{"line":212,"column":6},"end":{"line":212,"column":76}},"76":{"start":{"line":215,"column":4},"end":{"line":215,"column":82}},"77":{"start":{"line":223,"column":0},"end":{"line":241,"column":2}},"78":{"start":{"line":224,"column":2},"end":{"line":240,"column":3}},"79":{"start":{"line":225,"column":18},"end":{"line":225,"column":67}},"80":{"start":{"line":227,"column":4},"end":{"line":231,"column":7}},"81":{"start":{"line":233,"column":4},"end":{"line":233,"column":65}},"82":{"start":{"line":235,"column":4},"end":{"line":237,"column":5}},"83":{"start":{"line":236,"column":6},"end":{"line":236,"column":76}},"84":{"start":{"line":239,"column":4},"end":{"line":239,"column":82}},"85":{"start":{"line":247,"column":0},"end":{"line":265,"column":2}},"86":{"start":{"line":248,"column":2},"end":{"line":264,"column":3}},"87":{"start":{"line":249,"column":18},"end":{"line":249,"column":63}},"88":{"start":{"line":251,"column":4},"end":{"line":255,"column":7}},"89":{"start":{"line":257,"column":4},"end":{"line":257,"column":56}},"90":{"start":{"line":259,"column":4},"end":{"line":261,"column":5}},"91":{"start":{"line":260,"column":6},"end":{"line":260,"column":76}},"92":{"start":{"line":263,"column":4},"end":{"line":263,"column":82}},"93":{"start":{"line":271,"column":0},"end":{"line":289,"column":2}},"94":{"start":{"line":272,"column":2},"end":{"line":288,"column":3}},"95":{"start":{"line":273,"column":18},"end":{"line":273,"column":60}},"96":{"start":{"line":275,"column":4},"end":{"line":279,"column":7}},"97":{"start":{"line":281,"column":4},"end":{"line":281,"column":54}},"98":{"start":{"line":283,"column":4},"end":{"line":285,"column":5}},"99":{"start":{"line":284,"column":6},"end":{"line":284,"column":76}},"100":{"start":{"line":287,"column":4},"end":{"line":287,"column":82}},"101":{"start":{"line":297,"column":0},"end":{"line":337,"column":2}},"102":{"start":{"line":298,"column":2},"end":{"line":336,"column":3}},"103":{"start":{"line":299,"column":20},"end":{"line":299,"column":33}},"104":{"start":{"line":300,"column":21},"end":{"line":300,"column":34}},"105":{"start":{"line":301,"column":19},"end":{"line":301,"column":31}},"106":{"start":{"line":304,"column":18},"end":{"line":304,"column":53}},"107":{"start":{"line":307,"column":4},"end":{"line":312,"column":5}},"108":{"start":{"line":308,"column":6},"end":{"line":311,"column":9}},"109":{"start":{"line":314,"column":4},"end":{"line":319,"column":5}},"110":{"start":{"line":315,"column":6},"end":{"line":318,"column":9}},"111":{"start":{"line":321,"column":27},"end":{"line":321,"column":61}},"112":{"start":{"line":323,"column":4},"end":{"line":327,"column":7}},"113":{"start":{"line":329,"column":4},"end":{"line":329,"column":53}},"114":{"start":{"line":331,"column":4},"end":{"line":333,"column":5}},"115":{"start":{"line":332,"column":6},"end":{"line":332,"column":76}},"116":{"start":{"line":335,"column":4},"end":{"line":335,"column":82}},"117":{"start":{"line":343,"column":0},"end":{"line":361,"column":2}},"118":{"start":{"line":344,"column":2},"end":{"line":360,"column":3}},"119":{"start":{"line":345,"column":25},"end":{"line":345,"column":75}},"120":{"start":{"line":347,"column":4},"end":{"line":351,"column":7}},"121":{"start":{"line":353,"column":4},"end":{"line":353,"column":55}},"122":{"start":{"line":355,"column":4},"end":{"line":357,"column":5}},"123":{"start":{"line":356,"column":6},"end":{"line":356,"column":76}},"124":{"start":{"line":359,"column":4},"end":{"line":359,"column":82}},"125":{"start":{"line":367,"column":0},"end":{"line":384,"column":2}},"126":{"start":{"line":368,"column":2},"end":{"line":383,"column":3}},"127":{"start":{"line":369,"column":4},"end":{"line":369,"column":45}},"128":{"start":{"line":371,"column":4},"end":{"line":374,"column":7}},"129":{"start":{"line":376,"column":4},"end":{"line":376,"column":53}},"130":{"start":{"line":378,"column":4},"end":{"line":380,"column":5}},"131":{"start":{"line":379,"column":6},"end":{"line":379,"column":76}},"132":{"start":{"line":382,"column":4},"end":{"line":382,"column":82}}},"fnMap":{"0":{"name":"(anonymous_0)","decl":{"start":{"line":12,"column":22},"end":{"line":12,"column":23}},"loc":{"start":{"line":12,"column":42},"end":{"line":37,"column":1}},"line":12},"1":{"name":"(anonymous_1)","decl":{"start":{"line":43,"column":23},"end":{"line":43,"column":24}},"loc":{"start":{"line":43,"column":43},"end":{"line":60,"column":1}},"line":43},"2":{"name":"(anonymous_2)","decl":{"start":{"line":68,"column":21},"end":{"line":68,"column":22}},"loc":{"start":{"line":68,"column":41},"end":{"line":97,"column":1}},"line":68},"3":{"name":"(anonymous_3)","decl":{"start":{"line":105,"column":26},"end":{"line":105,"column":27}},"loc":{"start":{"line":105,"column":46},"end":{"line":129,"column":1}},"line":105},"4":{"name":"(anonymous_4)","decl":{"start":{"line":137,"column":32},"end":{"line":137,"column":33}},"loc":{"start":{"line":137,"column":52},"end":{"line":163,"column":1}},"line":137},"5":{"name":"(anonymous_5)","decl":{"start":{"line":169,"column":28},"end":{"line":169,"column":29}},"loc":{"start":{"line":169,"column":48},"end":{"line":193,"column":1}},"line":169},"6":{"name":"(anonymous_6)","decl":{"start":{"line":199,"column":23},"end":{"line":199,"column":24}},"loc":{"start":{"line":199,"column":43},"end":{"line":217,"column":1}},"line":199},"7":{"name":"(anonymous_7)","decl":{"start":{"line":223,"column":26},"end":{"line":223,"column":27}},"loc":{"start":{"line":223,"column":46},"end":{"line":241,"column":1}},"line":223},"8":{"name":"(anonymous_8)","decl":{"start":{"line":247,"column":22},"end":{"line":247,"column":23}},"loc":{"start":{"line":247,"column":42},"end":{"line":265,"column":1}},"line":247},"9":{"name":"(anonymous_9)","decl":{"start":{"line":271,"column":24},"end":{"line":271,"column":25}},"loc":{"start":{"line":271,"column":44},"end":{"line":289,"column":1}},"line":271},"10":{"name":"(anonymous_10)","decl":{"start":{"line":297,"column":22},"end":{"line":297,"column":23}},"loc":{"start":{"line":297,"column":42},"end":{"line":337,"column":1}},"line":297},"11":{"name":"(anonymous_11)","decl":{"start":{"line":343,"column":22},"end":{"line":343,"column":23}},"loc":{"start":{"line":343,"column":42},"end":{"line":361,"column":1}},"line":343},"12":{"name":"(anonymous_12)","decl":{"start":{"line":367,"column":22},"end":{"line":367,"column":23}},"loc":{"start":{"line":367,"column":42},"end":{"line":384,"column":1}},"line":367}},"branchMap":{"0":{"loc":{"start":{"line":28,"column":4},"end":{"line":30,"column":5}},"type":"if","locations":[{"start":{"line":28,"column":4},"end":{"line":30,"column":5}},{"start":{},"end":{}}],"line":28},"1":{"loc":{"start":{"line":28,"column":8},"end":{"line":28,"column":117}},"type":"binary-expr","locations":[{"start":{"line":28,"column":8},"end":{"line":28,"column":42}},{"start":{"line":28,"column":46},"end":{"line":28,"column":83}},{"start":{"line":28,"column":87},"end":{"line":28,"column":117}}],"line":28},"2":{"loc":{"start":{"line":31,"column":4},"end":{"line":33,"column":5}},"type":"if","locations":[{"start":{"line":31,"column":4},"end":{"line":33,"column":5}},{"start":{},"end":{}}],"line":31},"3":{"loc":{"start":{"line":54,"column":4},"end":{"line":56,"column":5}},"type":"if","locations":[{"start":{"line":54,"column":4},"end":{"line":56,"column":5}},{"start":{},"end":{}}],"line":54},"4":{"loc":{"start":{"line":76,"column":4},"end":{"line":80,"column":5}},"type":"if","locations":[{"start":{"line":76,"column":4},"end":{"line":80,"column":5}},{"start":{"line":78,"column":11},"end":{"line":80,"column":5}}],"line":76},"5":{"loc":{"start":{"line":78,"column":11},"end":{"line":80,"column":5}},"type":"if","locations":[{"start":{"line":78,"column":11},"end":{"line":80,"column":5}},{"start":{},"end":{}}],"line":78},"6":{"loc":{"start":{"line":84,"column":4},"end":{"line":84,"column":40}},"type":"if","locations":[{"start":{"line":84,"column":4},"end":{"line":84,"column":40}},{"start":{},"end":{}}],"line":84},"7":{"loc":{"start":{"line":111,"column":4},"end":{"line":116,"column":5}},"type":"if","locations":[{"start":{"line":111,"column":4},"end":{"line":116,"column":5}},{"start":{},"end":{}}],"line":111},"8":{"loc":{"start":{"line":143,"column":4},"end":{"line":148,"column":5}},"type":"if","locations":[{"start":{"line":143,"column":4},"end":{"line":148,"column":5}},{"start":{},"end":{}}],"line":143},"9":{"loc":{"start":{"line":152,"column":77},"end":{"line":152,"column":91}},"type":"binary-expr","locations":[{"start":{"line":152,"column":77},"end":{"line":152,"column":83}},{"start":{"line":152,"column":87},"end":{"line":152,"column":91}}],"line":152},"10":{"loc":{"start":{"line":173,"column":4},"end":{"line":175,"column":5}},"type":"if","locations":[{"start":{"line":173,"column":4},"end":{"line":175,"column":5}},{"start":{},"end":{}}],"line":173},"11":{"loc":{"start":{"line":187,"column":4},"end":{"line":189,"column":5}},"type":"if","locations":[{"start":{"line":187,"column":4},"end":{"line":189,"column":5}},{"start":{},"end":{}}],"line":187},"12":{"loc":{"start":{"line":187,"column":8},"end":{"line":187,"column":83}},"type":"binary-expr","locations":[{"start":{"line":187,"column":8},"end":{"line":187,"column":40}},{"start":{"line":187,"column":44},"end":{"line":187,"column":83}}],"line":187},"13":{"loc":{"start":{"line":211,"column":4},"end":{"line":213,"column":5}},"type":"if","locations":[{"start":{"line":211,"column":4},"end":{"line":213,"column":5}},{"start":{},"end":{}}],"line":211},"14":{"loc":{"start":{"line":235,"column":4},"end":{"line":237,"column":5}},"type":"if","locations":[{"start":{"line":235,"column":4},"end":{"line":237,"column":5}},{"start":{},"end":{}}],"line":235},"15":{"loc":{"start":{"line":259,"column":4},"end":{"line":261,"column":5}},"type":"if","locations":[{"start":{"line":259,"column":4},"end":{"line":261,"column":5}},{"start":{},"end":{}}],"line":259},"16":{"loc":{"start":{"line":283,"column":4},"end":{"line":285,"column":5}},"type":"if","locations":[{"start":{"line":283,"column":4},"end":{"line":285,"column":5}},{"start":{},"end":{}}],"line":283},"17":{"loc":{"start":{"line":307,"column":4},"end":{"line":312,"column":5}},"type":"if","locations":[{"start":{"line":307,"column":4},"end":{"line":312,"column":5}},{"start":{},"end":{}}],"line":307},"18":{"loc":{"start":{"line":307,"column":8},"end":{"line":307,"column":55}},"type":"binary-expr","locations":[{"start":{"line":307,"column":8},"end":{"line":307,"column":28}},{"start":{"line":307,"column":32},"end":{"line":307,"column":55}}],"line":307},"19":{"loc":{"start":{"line":314,"column":4},"end":{"line":319,"column":5}},"type":"if","locations":[{"start":{"line":314,"column":4},"end":{"line":319,"column":5}},{"start":{},"end":{}}],"line":314},"20":{"loc":{"start":{"line":314,"column":8},"end":{"line":314,"column":66}},"type":"binary-expr","locations":[{"start":{"line":314,"column":8},"end":{"line":314,"column":33}},{"start":{"line":314,"column":37},"end":{"line":314,"column":66}}],"line":314},"21":{"loc":{"start":{"line":331,"column":4},"end":{"line":333,"column":5}},"type":"if","locations":[{"start":{"line":331,"column":4},"end":{"line":333,"column":5}},{"start":{},"end":{}}],"line":331},"22":{"loc":{"start":{"line":355,"column":4},"end":{"line":357,"column":5}},"type":"if","locations":[{"start":{"line":355,"column":4},"end":{"line":357,"column":5}},{"start":{},"end":{}}],"line":355},"23":{"loc":{"start":{"line":378,"column":4},"end":{"line":380,"column":5}},"type":"if","locations":[{"start":{"line":378,"column":4},"end":{"line":380,"column":5}},{"start":{},"end":{}}],"line":378},"24":{"loc":{"start":{"line":378,"column":8},"end":{"line":378,"column":79}},"type":"binary-expr","locations":[{"start":{"line":378,"column":8},"end":{"line":378,"column":39}},{"start":{"line":378,"column":43},"end":{"line":378,"column":79}}],"line":378}},"s":{"0":1,"1":1,"2":2,"3":2,"4":2,"5":2,"6":1,"7":1,"8":1,"9":1,"10":0,"11":0,"12":0,"13":1,"14":2,"15":2,"16":1,"17":1,"18":1,"19":1,"20":0,"21":1,"22":1,"23":1,"24":1,"25":1,"26":1,"27":1,"28":0,"29":0,"30":1,"31":1,"32":0,"33":1,"34":1,"35":0,"36":0,"37":1,"38":0,"39":0,"40":0,"41":0,"42":0,"43":0,"44":0,"45":0,"46":0,"47":1,"48":1,"49":1,"50":1,"51":1,"52":0,"53":1,"54":1,"55":1,"56":0,"57":0,"58":1,"59":2,"60":2,"61":2,"62":0,"63":2,"64":1,"65":1,"66":1,"67":1,"68":0,"69":1,"70":1,"71":1,"72":1,"73":0,"74":0,"75":0,"76":0,"77":1,"78":1,"79":1,"80":1,"81":0,"82":0,"83":0,"84":0,"85":1,"86":1,"87":1,"88":1,"89":0,"90":0,"91":0,"92":0,"93":1,"94":1,"95":1,"96":1,"97":0,"98":0,"99":0,"100":0,"101":1,"102":1,"103":1,"104":1,"105":1,"106":1,"107":1,"108":0,"109":1,"110":0,"111":1,"112":1,"113":0,"114":0,"115":0,"116":0,"117":1,"118":1,"119":1,"120":1,"121":0,"122":0,"123":0,"124":0,"125":1,"126":0,"127":0,"128":0,"129":0,"130":0,"131":0,"132":0},"f":{"0":2,"1":2,"2":1,"3":0,"4":1,"5":2,"6":1,"7":1,"8":1,"9":1,"10":1,"11":1,"12":0},"b":{"0":[1,0],"1":[1,0,0],"2":[0,0],"3":[1,0],"4":[1,0],"5":[0,0],"6":[0,1],"7":[0,0],"8":[0,1],"9":[1,1],"10":[0,2],"11":[1,0],"12":[1,0],"13":[0,0],"14":[0,0],"15":[0,0],"16":[0,0],"17":[0,1],"18":[1,1],"19":[0,1],"20":[1,0],"21":[0,0],"22":[0,0],"23":[0,0],"24":[0,0]},"_coverageSchema":"1a1c01bbd47fc00a2c39e90264f33305004495a9","hash":"a4a71cf1c1defa71254ece04ec71c2f516e94e66"}
,"C:\\Users\\delga\\OneDrive\\Escritorio\\Repositorio\\eco-savor-backend\\microservices\\orders\\src\\factories\\orderFactory.js": {"path":"C:\\Users\\delga\\OneDrive\\Escritorio\\Repositorio\\eco-savor-backend\\microservices\\orders\\src\\factories\\orderFactory.js","statementMap":{"0":{"start":{"line":11,"column":4},"end":{"line":29,"column":6}},"1":{"start":{"line":13,"column":37},"end":{"line":20,"column":7}},"2":{"start":{"line":36,"column":22},"end":{"line":36,"column":52}},"3":{"start":{"line":38,"column":4},"end":{"line":38,"column":65}},"4":{"start":{"line":39,"column":4},"end":{"line":39,"column":63}},"5":{"start":{"line":40,"column":4},"end":{"line":40,"column":21}},"6":{"start":{"line":47,"column":22},"end":{"line":47,"column":52}},"7":{"start":{"line":48,"column":4},"end":{"line":48,"column":51}},"8":{"start":{"line":49,"column":4},"end":{"line":49,"column":66}},"9":{"start":{"line":50,"column":4},"end":{"line":50,"column":21}},"10":{"start":{"line":57,"column":4},"end":{"line":59,"column":10}},"11":{"start":{"line":58,"column":6},"end":{"line":58,"column":50}},"12":{"start":{"line":67,"column":4},"end":{"line":69,"column":5}},"13":{"start":{"line":68,"column":6},"end":{"line":68,"column":66}},"14":{"start":{"line":72,"column":26},"end":{"line":72,"column":81}},"15":{"start":{"line":72,"column":61},"end":{"line":72,"column":78}},"16":{"start":{"line":73,"column":4},"end":{"line":75,"column":5}},"17":{"start":{"line":74,"column":6},"end":{"line":74,"column":77}},"18":{"start":{"line":78,"column":4},"end":{"line":80,"column":5}},"19":{"start":{"line":79,"column":6},"end":{"line":79,"column":60}},"20":{"start":{"line":82,"column":4},"end":{"line":90,"column":5}},"21":{"start":{"line":84,"column":8},"end":{"line":84,"column":45}},"22":{"start":{"line":86,"column":8},"end":{"line":86,"column":62}},"23":{"start":{"line":89,"column":8},"end":{"line":89,"column":46}},"24":{"start":{"line":94,"column":0},"end":{"line":94,"column":36}}},"fnMap":{"0":{"name":"(anonymous_0)","decl":{"start":{"line":10,"column":2},"end":{"line":10,"column":3}},"loc":{"start":{"line":10,"column":28},"end":{"line":30,"column":3}},"line":10},"1":{"name":"(anonymous_1)","decl":{"start":{"line":13,"column":28},"end":{"line":13,"column":29}},"loc":{"start":{"line":13,"column":37},"end":{"line":20,"column":7}},"line":13},"2":{"name":"(anonymous_2)","decl":{"start":{"line":35,"column":2},"end":{"line":35,"column":3}},"loc":{"start":{"line":35,"column":27},"end":{"line":41,"column":3}},"line":35},"3":{"name":"(anonymous_3)","decl":{"start":{"line":46,"column":2},"end":{"line":46,"column":3}},"loc":{"start":{"line":46,"column":44},"end":{"line":51,"column":3}},"line":46},"4":{"name":"(anonymous_4)","decl":{"start":{"line":56,"column":2},"end":{"line":56,"column":3}},"loc":{"start":{"line":56,"column":24},"end":{"line":60,"column":3}},"line":56},"5":{"name":"(anonymous_5)","decl":{"start":{"line":57,"column":24},"end":{"line":57,"column":25}},"loc":{"start":{"line":57,"column":41},"end":{"line":59,"column":5}},"line":57},"6":{"name":"(anonymous_6)","decl":{"start":{"line":65,"column":2},"end":{"line":65,"column":3}},"loc":{"start":{"line":65,"column":61},"end":{"line":91,"column":3}},"line":65},"7":{"name":"(anonymous_7)","decl":{"start":{"line":72,"column":53},"end":{"line":72,"column":54}},"loc":{"start":{"line":72,"column":61},"end":{"line":72,"column":78}},"line":72}},"branchMap":{"0":{"loc":{"start":{"line":27,"column":21},"end":{"line":27,"column":47}},"type":"binary-expr","locations":[{"start":{"line":27,"column":21},"end":{"line":27,"column":39}},{"start":{"line":27,"column":43},"end":{"line":27,"column":47}}],"line":27},"1":{"loc":{"start":{"line":28,"column":13},"end":{"line":28,"column":31}},"type":"binary-expr","locations":[{"start":{"line":28,"column":13},"end":{"line":28,"column":23}},{"start":{"line":28,"column":27},"end":{"line":28,"column":31}}],"line":28},"2":{"loc":{"start":{"line":39,"column":23},"end":{"line":39,"column":39}},"type":"binary-expr","locations":[{"start":{"line":39,"column":23},"end":{"line":39,"column":33}},{"start":{"line":39,"column":37},"end":{"line":39,"column":39}}],"line":39},"3":{"loc":{"start":{"line":49,"column":23},"end":{"line":49,"column":39}},"type":"binary-expr","locations":[{"start":{"line":49,"column":23},"end":{"line":49,"column":33}},{"start":{"line":49,"column":37},"end":{"line":49,"column":39}}],"line":49},"4":{"loc":{"start":{"line":65,"column":15},"end":{"line":65,"column":37}},"type":"default-arg","locations":[{"start":{"line":65,"column":27},"end":{"line":65,"column":37}}],"line":65},"5":{"loc":{"start":{"line":65,"column":39},"end":{"line":65,"column":59}},"type":"default-arg","locations":[{"start":{"line":65,"column":55},"end":{"line":65,"column":59}}],"line":65},"6":{"loc":{"start":{"line":67,"column":4},"end":{"line":69,"column":5}},"type":"if","locations":[{"start":{"line":67,"column":4},"end":{"line":69,"column":5}},{"start":{},"end":{}}],"line":67},"7":{"loc":{"start":{"line":67,"column":8},"end":{"line":67,"column":46}},"type":"binary-expr","locations":[{"start":{"line":67,"column":8},"end":{"line":67,"column":19}},{"start":{"line":67,"column":23},"end":{"line":67,"column":46}}],"line":67},"8":{"loc":{"start":{"line":73,"column":4},"end":{"line":75,"column":5}},"type":"if","locations":[{"start":{"line":73,"column":4},"end":{"line":75,"column":5}},{"start":{},"end":{}}],"line":73},"9":{"loc":{"start":{"line":78,"column":4},"end":{"line":80,"column":5}},"type":"if","locations":[{"start":{"line":78,"column":4},"end":{"line":80,"column":5}},{"start":{},"end":{}}],"line":78},"10":{"loc":{"start":{"line":78,"column":8},"end":{"line":78,"column":69}},"type":"binary-expr","locations":[{"start":{"line":78,"column":8},"end":{"line":78,"column":24}},{"start":{"line":78,"column":28},"end":{"line":78,"column":51}},{"start":{"line":78,"column":55},"end":{"line":78,"column":69}}],"line":78},"11":{"loc":{"start":{"line":82,"column":4},"end":{"line":90,"column":5}},"type":"switch","locations":[{"start":{"line":83,"column":6},"end":{"line":84,"column":45}},{"start":{"line":85,"column":6},"end":{"line":86,"column":62}},{"start":{"line":87,"column":6},"end":{"line":87,"column":22}},{"start":{"line":88,"column":6},"end":{"line":89,"column":46}}],"line":82}},"s":{"0":1,"1":1,"2":0,"3":0,"4":0,"5":0,"6":0,"7":0,"8":0,"9":0,"10":1,"11":1,"12":1,"13":0,"14":1,"15":1,"16":1,"17":0,"18":1,"19":0,"20":1,"21":0,"22":0,"23":1,"24":1},"f":{"0":1,"1":1,"2":0,"3":0,"4":1,"5":1,"6":1,"7":1},"b":{"0":[1,0],"1":[1,1],"2":[0,0],"3":[0,0],"4":[0],"5":[0],"6":[0,1],"7":[1,1],"8":[0,1],"9":[0,1],"10":[1,0,0],"11":[0,0,1,1]},"_coverageSchema":"1a1c01bbd47fc00a2c39e90264f33305004495a9","hash":"24316ac309eb9c692d6bed47cb60be0baa6ed318"}
,"C:\\Users\\delga\\OneDrive\\Escritorio\\Repositorio\\eco-savor-backend\\microservices\\orders\\src\\middlewares\\auth.js": {"path":"C:\\Users\\delga\\OneDrive\\Escritorio\\Repositorio\\eco-savor-backend\\microservices\\orders\\src\\middlewares\\auth.js","statementMap":{"0":{"start":{"line":1,"column":23},"end":{"line":1,"column":45}},"1":{"start":{"line":2,"column":12},"end":{"line":2,"column":35}},"2":{"start":{"line":4,"column":19},"end":{"line":4,"column":81}},"3":{"start":{"line":16,"column":23},"end":{"line":51,"column":1}},"4":{"start":{"line":18,"column":24},"end":{"line":21,"column":4}},"5":{"start":{"line":23,"column":2},"end":{"line":50,"column":5}},"6":{"start":{"line":24,"column":4},"end":{"line":35,"column":5}},"7":{"start":{"line":25,"column":6},"end":{"line":30,"column":7}},"8":{"start":{"line":26,"column":8},"end":{"line":29,"column":11}},"9":{"start":{"line":31,"column":6},"end":{"line":34,"column":9}},"10":{"start":{"line":39,"column":4},"end":{"line":47,"column":5}},"11":{"start":{"line":40,"column":6},"end":{"line":46,"column":8}},"12":{"start":{"line":49,"column":4},"end":{"line":49,"column":11}},"13":{"start":{"line":58,"column":21},"end":{"line":81,"column":1}},"14":{"start":{"line":59,"column":21},"end":{"line":59,"column":46}},"15":{"start":{"line":61,"column":2},"end":{"line":63,"column":3}},"16":{"start":{"line":62,"column":4},"end":{"line":62,"column":18}},"17":{"start":{"line":65,"column":16},"end":{"line":65,"column":40}},"18":{"start":{"line":67,"column":2},"end":{"line":78,"column":3}},"19":{"start":{"line":68,"column":20},"end":{"line":68,"column":49}},"20":{"start":{"line":69,"column":4},"end":{"line":75,"column":6}},"21":{"start":{"line":80,"column":2},"end":{"line":80,"column":9}},"22":{"start":{"line":83,"column":0},"end":{"line":83,"column":50}}},"fnMap":{"0":{"name":"(anonymous_0)","decl":{"start":{"line":16,"column":23},"end":{"line":16,"column":24}},"loc":{"start":{"line":16,"column":43},"end":{"line":51,"column":1}},"line":16},"1":{"name":"(anonymous_1)","decl":{"start":{"line":23,"column":26},"end":{"line":23,"column":27}},"loc":{"start":{"line":23,"column":35},"end":{"line":50,"column":3}},"line":23},"2":{"name":"(anonymous_2)","decl":{"start":{"line":58,"column":21},"end":{"line":58,"column":22}},"loc":{"start":{"line":58,"column":41},"end":{"line":81,"column":1}},"line":58}},"branchMap":{"0":{"loc":{"start":{"line":4,"column":19},"end":{"line":4,"column":81}},"type":"binary-expr","locations":[{"start":{"line":4,"column":19},"end":{"line":4,"column":41}},{"start":{"line":4,"column":45},"end":{"line":4,"column":81}}],"line":4},"1":{"loc":{"start":{"line":24,"column":4},"end":{"line":35,"column":5}},"type":"if","locations":[{"start":{"line":24,"column":4},"end":{"line":35,"column":5}},{"start":{},"end":{}}],"line":24},"2":{"loc":{"start":{"line":25,"column":6},"end":{"line":30,"column":7}},"type":"if","locations":[{"start":{"line":25,"column":6},"end":{"line":30,"column":7}},{"start":{},"end":{}}],"line":25},"3":{"loc":{"start":{"line":39,"column":4},"end":{"line":47,"column":5}},"type":"if","locations":[{"start":{"line":39,"column":4},"end":{"line":47,"column":5}},{"start":{},"end":{}}],"line":39},"4":{"loc":{"start":{"line":61,"column":2},"end":{"line":63,"column":3}},"type":"if","locations":[{"start":{"line":61,"column":2},"end":{"line":63,"column":3}},{"start":{},"end":{}}],"line":61},"5":{"loc":{"start":{"line":61,"column":6},"end":{"line":61,"column":54}},"type":"binary-expr","locations":[{"start":{"line":61,"column":6},"end":{"line":61,"column":17}},{"start":{"line":61,"column":21},"end":{"line":61,"column":54}}],"line":61}},"s":{"0":1,"1":1,"2":1,"3":1,"4":0,"5":0,"6":0,"7":0,"8":0,"9":0,"10":0,"11":0,"12":0,"13":1,"14":0,"15":0,"16":0,"17":0,"18":0,"19":0,"20":0,"21":0,"22":1},"f":{"0":0,"1":0,"2":0},"b":{"0":[1,1],"1":[0,0],"2":[0,0],"3":[0,0],"4":[0,0],"5":[0,0]},"_coverageSchema":"1a1c01bbd47fc00a2c39e90264f33305004495a9","hash":"25a65343a2646c784aadff962a6048c48cf69411"}
,"C:\\Users\\delga\\OneDrive\\Escritorio\\Repositorio\\eco-savor-backend\\microservices\\orders\\src\\middlewares\\roles.js": {"path":"C:\\Users\\delga\\OneDrive\\Escritorio\\Repositorio\\eco-savor-backend\\microservices\\orders\\src\\middlewares\\roles.js","statementMap":{"0":{"start":{"line":8,"column":20},"end":{"line":28,"column":1}},"1":{"start":{"line":9,"column":2},"end":{"line":27,"column":4}},"2":{"start":{"line":11,"column":4},"end":{"line":16,"column":5}},"3":{"start":{"line":12,"column":6},"end":{"line":15,"column":9}},"4":{"start":{"line":19,"column":4},"end":{"line":24,"column":5}},"5":{"start":{"line":20,"column":6},"end":{"line":23,"column":9}},"6":{"start":{"line":26,"column":4},"end":{"line":26,"column":11}},"7":{"start":{"line":30,"column":0},"end":{"line":30,"column":29}}},"fnMap":{"0":{"name":"(anonymous_0)","decl":{"start":{"line":8,"column":20},"end":{"line":8,"column":21}},"loc":{"start":{"line":8,"column":34},"end":{"line":28,"column":1}},"line":8},"1":{"name":"(anonymous_1)","decl":{"start":{"line":9,"column":9},"end":{"line":9,"column":10}},"loc":{"start":{"line":9,"column":29},"end":{"line":27,"column":3}},"line":9}},"branchMap":{"0":{"loc":{"start":{"line":11,"column":4},"end":{"line":16,"column":5}},"type":"if","locations":[{"start":{"line":11,"column":4},"end":{"line":16,"column":5}},{"start":{},"end":{}}],"line":11},"1":{"loc":{"start":{"line":19,"column":4},"end":{"line":24,"column":5}},"type":"if","locations":[{"start":{"line":19,"column":4},"end":{"line":24,"column":5}},{"start":{},"end":{}}],"line":19}},"s":{"0":1,"1":10,"2":10,"3":0,"4":10,"5":0,"6":10,"7":1},"f":{"0":10,"1":10},"b":{"0":[0,10],"1":[0,10]},"_coverageSchema":"1a1c01bbd47fc00a2c39e90264f33305004495a9","hash":"781e4cb2065b011df01d3700c45e70b70fc1660f"}
,"C:\\Users\\delga\\OneDrive\\Escritorio\\Repositorio\\eco-savor-backend\\microservices\\orders\\src\\models\\orderModel.js": {"path":"C:\\Users\\delga\\OneDrive\\Escritorio\\Repositorio\\eco-savor-backend\\microservices\\orders\\src\\models\\orderModel.js","statementMap":{"0":{"start":{"line":1,"column":17},"end":{"line":1,"column":36}},"1":{"start":{"line":3,"column":20},"end":{"line":70,"column":2}},"2":{"start":{"line":73,"column":0},"end":{"line":73,"column":48}},"3":{"start":{"line":74,"column":0},"end":{"line":74,"column":50}},"4":{"start":{"line":75,"column":0},"end":{"line":75,"column":33}},"5":{"start":{"line":77,"column":0},"end":{"line":77,"column":54}}},"fnMap":{},"branchMap":{},"s":{"0":1,"1":1,"2":1,"3":1,"4":1,"5":1},"f":{},"b":{},"_coverageSchema":"1a1c01bbd47fc00a2c39e90264f33305004495a9","hash":"0ff1bcc5aaea1ac3d35b9390a04cc64f97734938"}
,"C:\\Users\\delga\\OneDrive\\Escritorio\\Repositorio\\eco-savor-backend\\microservices\\orders\\src\\repositories\\orderRepository.js": {"path":"C:\\Users\\delga\\OneDrive\\Escritorio\\Repositorio\\eco-savor-backend\\microservices\\orders\\src\\repositories\\orderRepository.js","statementMap":{"0":{"start":{"line":1,"column":14},"end":{"line":1,"column":45}},"1":{"start":{"line":9,"column":18},"end":{"line":9,"column":38}},"2":{"start":{"line":10,"column":4},"end":{"line":10,"column":30}},"3":{"start":{"line":14,"column":4},"end":{"line":14,"column":36}},"4":{"start":{"line":18,"column":18},"end":{"line":18,"column":20}},"5":{"start":{"line":20,"column":4},"end":{"line":22,"column":5}},"6":{"start":{"line":21,"column":6},"end":{"line":21,"column":36}},"7":{"start":{"line":23,"column":4},"end":{"line":25,"column":5}},"8":{"start":{"line":24,"column":6},"end":{"line":24,"column":48}},"9":{"start":{"line":26,"column":4},"end":{"line":28,"column":5}},"10":{"start":{"line":27,"column":6},"end":{"line":27,"column":36}},"11":{"start":{"line":30,"column":4},"end":{"line":30,"column":59}},"12":{"start":{"line":34,"column":4},"end":{"line":34,"column":64}},"13":{"start":{"line":38,"column":18},"end":{"line":38,"column":34}},"14":{"start":{"line":39,"column":4},"end":{"line":41,"column":5}},"15":{"start":{"line":40,"column":6},"end":{"line":40,"column":28}},"16":{"start":{"line":42,"column":4},"end":{"line":42,"column":59}},"17":{"start":{"line":46,"column":4},"end":{"line":46,"column":64}},"18":{"start":{"line":50,"column":4},"end":{"line":54,"column":6}},"19":{"start":{"line":58,"column":4},"end":{"line":62,"column":6}},"20":{"start":{"line":66,"column":4},"end":{"line":70,"column":6}},"21":{"start":{"line":74,"column":4},"end":{"line":74,"column":45}},"22":{"start":{"line":78,"column":0},"end":{"line":78,"column":39}}},"fnMap":{"0":{"name":"(anonymous_0)","decl":{"start":{"line":8,"column":2},"end":{"line":8,"column":3}},"loc":{"start":{"line":8,"column":26},"end":{"line":11,"column":3}},"line":8},"1":{"name":"(anonymous_1)","decl":{"start":{"line":13,"column":2},"end":{"line":13,"column":3}},"loc":{"start":{"line":13,"column":21},"end":{"line":15,"column":3}},"line":13},"2":{"name":"(anonymous_2)","decl":{"start":{"line":17,"column":2},"end":{"line":17,"column":3}},"loc":{"start":{"line":17,"column":30},"end":{"line":31,"column":3}},"line":17},"3":{"name":"(anonymous_3)","decl":{"start":{"line":33,"column":2},"end":{"line":33,"column":3}},"loc":{"start":{"line":33,"column":27},"end":{"line":35,"column":3}},"line":33},"4":{"name":"(anonymous_4)","decl":{"start":{"line":37,"column":2},"end":{"line":37,"column":3}},"loc":{"start":{"line":37,"column":54},"end":{"line":43,"column":3}},"line":37},"5":{"name":"(anonymous_5)","decl":{"start":{"line":45,"column":2},"end":{"line":45,"column":3}},"loc":{"start":{"line":45,"column":29},"end":{"line":47,"column":3}},"line":45},"6":{"name":"(anonymous_6)","decl":{"start":{"line":49,"column":2},"end":{"line":49,"column":3}},"loc":{"start":{"line":49,"column":31},"end":{"line":55,"column":3}},"line":49},"7":{"name":"(anonymous_7)","decl":{"start":{"line":57,"column":2},"end":{"line":57,"column":3}},"loc":{"start":{"line":57,"column":33},"end":{"line":63,"column":3}},"line":57},"8":{"name":"(anonymous_8)","decl":{"start":{"line":65,"column":2},"end":{"line":65,"column":3}},"loc":{"start":{"line":65,"column":19},"end":{"line":71,"column":3}},"line":65},"9":{"name":"(anonymous_9)","decl":{"start":{"line":73,"column":2},"end":{"line":73,"column":3}},"loc":{"start":{"line":73,"column":19},"end":{"line":75,"column":3}},"line":73}},"branchMap":{"0":{"loc":{"start":{"line":17,"column":16},"end":{"line":17,"column":28}},"type":"default-arg","locations":[{"start":{"line":17,"column":26},"end":{"line":17,"column":28}}],"line":17},"1":{"loc":{"start":{"line":20,"column":4},"end":{"line":22,"column":5}},"type":"if","locations":[{"start":{"line":20,"column":4},"end":{"line":22,"column":5}},{"start":{},"end":{}}],"line":20},"2":{"loc":{"start":{"line":23,"column":4},"end":{"line":25,"column":5}},"type":"if","locations":[{"start":{"line":23,"column":4},"end":{"line":25,"column":5}},{"start":{},"end":{}}],"line":23},"3":{"loc":{"start":{"line":26,"column":4},"end":{"line":28,"column":5}},"type":"if","locations":[{"start":{"line":26,"column":4},"end":{"line":28,"column":5}},{"start":{},"end":{}}],"line":26},"4":{"loc":{"start":{"line":37,"column":39},"end":{"line":37,"column":52}},"type":"default-arg","locations":[{"start":{"line":37,"column":48},"end":{"line":37,"column":52}}],"line":37},"5":{"loc":{"start":{"line":39,"column":4},"end":{"line":41,"column":5}},"type":"if","locations":[{"start":{"line":39,"column":4},"end":{"line":41,"column":5}},{"start":{},"end":{}}],"line":39}},"s":{"0":1,"1":1,"2":1,"3":5,"4":1,"5":1,"6":1,"7":1,"8":0,"9":1,"10":0,"11":1,"12":0,"13":1,"14":1,"15":0,"16":1,"17":0,"18":1,"19":5,"20":1,"21":0,"22":1},"f":{"0":1,"1":5,"2":1,"3":0,"4":1,"5":0,"6":1,"7":5,"8":1,"9":0},"b":{"0":[0],"1":[1,0],"2":[0,1],"3":[0,1],"4":[0],"5":[0,1]},"_coverageSchema":"1a1c01bbd47fc00a2c39e90264f33305004495a9","hash":"52676472a38bd18bf2947452373949a1e4c57404"}
,"C:\\Users\\delga\\OneDrive\\Escritorio\\Repositorio\\eco-savor-backend\\microservices\\orders\\src\\routes\\orderRoutes.js": {"path":"C:\\Users\\delga\\OneDrive\\Escritorio\\Repositorio\\eco-savor-backend\\microservices\\orders\\src\\routes\\orderRoutes.js","statementMap":{"0":{"start":{"line":1,"column":16},"end":{"line":1,"column":34}},"1":{"start":{"line":2,"column":15},"end":{"line":2,"column":31}},"2":{"start":{"line":3,"column":24},"end":{"line":3,"column":65}},"3":{"start":{"line":4,"column":27},"end":{"line":4,"column":57}},"4":{"start":{"line":5,"column":20},"end":{"line":5,"column":51}},"5":{"start":{"line":14,"column":0},"end":{"line":17,"column":2}},"6":{"start":{"line":20,"column":0},"end":{"line":20,"column":44}},"7":{"start":{"line":23,"column":0},"end":{"line":23,"column":49}},"8":{"start":{"line":26,"column":0},"end":{"line":29,"column":2}},"9":{"start":{"line":32,"column":0},"end":{"line":35,"column":2}},"10":{"start":{"line":38,"column":0},"end":{"line":41,"column":2}},"11":{"start":{"line":44,"column":0},"end":{"line":47,"column":2}},"12":{"start":{"line":48,"column":0},"end":{"line":51,"column":2}},"13":{"start":{"line":52,"column":0},"end":{"line":55,"column":2}},"14":{"start":{"line":56,"column":0},"end":{"line":59,"column":2}},"15":{"start":{"line":62,"column":0},"end":{"line":62,"column":56}},"16":{"start":{"line":65,"column":0},"end":{"line":68,"column":2}},"17":{"start":{"line":71,"column":0},"end":{"line":74,"column":2}},"18":{"start":{"line":76,"column":0},"end":{"line":76,"column":24}}},"fnMap":{},"branchMap":{},"s":{"0":1,"1":1,"2":1,"3":1,"4":1,"5":1,"6":1,"7":1,"8":1,"9":1,"10":1,"11":1,"12":1,"13":1,"14":1,"15":1,"16":1,"17":1,"18":1},"f":{},"b":{},"_coverageSchema":"1a1c01bbd47fc00a2c39e90264f33305004495a9","hash":"0ac476aa10470088bc23e9511195dc12e4ccd0f4"}
,"C:\\Users\\delga\\OneDrive\\Escritorio\\Repositorio\\eco-savor-backend\\microservices\\orders\\src\\services\\orderService.js": {"path":"C:\\Users\\delga\\OneDrive\\Escritorio\\Repositorio\\eco-savor-backend\\microservices\\orders\\src\\services\\orderService.js","statementMap":{"0":{"start":{"line":1,"column":24},"end":{"line":1,"column":66}},"1":{"start":{"line":2,"column":21},"end":{"line":2,"column":57}},"2":{"start":{"line":3,"column":28},"end":{"line":3,"column":73}},"3":{"start":{"line":4,"column":21},"end":{"line":4,"column":46}},"4":{"start":{"line":17,"column":4},"end":{"line":19,"column":5}},"5":{"start":{"line":18,"column":6},"end":{"line":18,"column":66}},"6":{"start":{"line":22,"column":4},"end":{"line":22,"column":54}},"7":{"start":{"line":25,"column":4},"end":{"line":25,"column":30}},"8":{"start":{"line":28,"column":25},"end":{"line":28,"column":56}},"9":{"start":{"line":29,"column":30},"end":{"line":29,"column":95}},"10":{"start":{"line":29,"column":60},"end":{"line":29,"column":94}},"11":{"start":{"line":30,"column":4},"end":{"line":32,"column":5}},"12":{"start":{"line":31,"column":6},"end":{"line":31,"column":77}},"13":{"start":{"line":35,"column":4},"end":{"line":35,"column":42}},"14":{"start":{"line":36,"column":4},"end":{"line":36,"column":65}},"15":{"start":{"line":39,"column":4},"end":{"line":41,"column":5}},"16":{"start":{"line":40,"column":6},"end":{"line":40,"column":107}},"17":{"start":{"line":40,"column":68},"end":{"line":40,"column":102}},"18":{"start":{"line":44,"column":26},"end":{"line":44,"column":82}},"19":{"start":{"line":47,"column":18},"end":{"line":47,"column":61}},"20":{"start":{"line":50,"column":4},"end":{"line":50,"column":52}},"21":{"start":{"line":52,"column":4},"end":{"line":55,"column":6}},"22":{"start":{"line":62,"column":18},"end":{"line":62,"column":52}},"23":{"start":{"line":63,"column":4},"end":{"line":65,"column":5}},"24":{"start":{"line":64,"column":6},"end":{"line":64,"column":45}},"25":{"start":{"line":66,"column":4},"end":{"line":66,"column":17}},"26":{"start":{"line":73,"column":4},"end":{"line":73,"column":50}},"27":{"start":{"line":80,"column":4},"end":{"line":80,"column":52}},"28":{"start":{"line":87,"column":4},"end":{"line":87,"column":72}},"29":{"start":{"line":94,"column":26},"end":{"line":94,"column":98}},"30":{"start":{"line":95,"column":4},"end":{"line":97,"column":5}},"31":{"start":{"line":96,"column":6},"end":{"line":96,"column":87}},"32":{"start":{"line":99,"column":18},"end":{"line":99,"column":64}},"33":{"start":{"line":100,"column":4},"end":{"line":102,"column":5}},"34":{"start":{"line":101,"column":6},"end":{"line":101,"column":45}},"35":{"start":{"line":105,"column":4},"end":{"line":105,"column":64}},"36":{"start":{"line":107,"column":4},"end":{"line":107,"column":17}},"37":{"start":{"line":115,"column":18},"end":{"line":115,"column":40}},"38":{"start":{"line":118,"column":4},"end":{"line":120,"column":5}},"39":{"start":{"line":119,"column":6},"end":{"line":119,"column":108}},"40":{"start":{"line":123,"column":4},"end":{"line":123,"column":48}},"41":{"start":{"line":126,"column":4},"end":{"line":126,"column":52}},"42":{"start":{"line":133,"column":4},"end":{"line":133,"column":52}},"43":{"start":{"line":140,"column":4},"end":{"line":140,"column":48}},"44":{"start":{"line":147,"column":4},"end":{"line":147,"column":52}},"45":{"start":{"line":155,"column":18},"end":{"line":155,"column":40}},"46":{"start":{"line":158,"column":4},"end":{"line":160,"column":5}},"47":{"start":{"line":159,"column":6},"end":{"line":159,"column":51}},"48":{"start":{"line":162,"column":27},"end":{"line":162,"column":59}},"49":{"start":{"line":163,"column":4},"end":{"line":165,"column":5}},"50":{"start":{"line":164,"column":6},"end":{"line":164,"column":45}},"51":{"start":{"line":168,"column":4},"end":{"line":168,"column":78}},"52":{"start":{"line":170,"column":4},"end":{"line":170,"column":26}},"53":{"start":{"line":178,"column":42},"end":{"line":178,"column":52}},"54":{"start":{"line":179,"column":18},"end":{"line":179,"column":66}},"55":{"start":{"line":180,"column":4},"end":{"line":182,"column":5}},"56":{"start":{"line":181,"column":6},"end":{"line":181,"column":45}},"57":{"start":{"line":183,"column":4},"end":{"line":183,"column":17}},"58":{"start":{"line":190,"column":18},"end":{"line":190,"column":52}},"59":{"start":{"line":191,"column":4},"end":{"line":193,"column":5}},"60":{"start":{"line":192,"column":6},"end":{"line":192,"column":45}},"61":{"start":{"line":194,"column":4},"end":{"line":196,"column":5}},"62":{"start":{"line":195,"column":6},"end":{"line":195,"column":68}},"63":{"start":{"line":197,"column":4},"end":{"line":197,"column":37}},"64":{"start":{"line":201,"column":0},"end":{"line":201,"column":36}}},"fnMap":{"0":{"name":"(anonymous_0)","decl":{"start":{"line":15,"column":2},"end":{"line":15,"column":3}},"loc":{"start":{"line":15,"column":80},"end":{"line":56,"column":3}},"line":15},"1":{"name":"(anonymous_1)","decl":{"start":{"line":29,"column":52},"end":{"line":29,"column":53}},"loc":{"start":{"line":29,"column":60},"end":{"line":29,"column":94}},"line":29},"2":{"name":"(anonymous_2)","decl":{"start":{"line":40,"column":53},"end":{"line":40,"column":54}},"loc":{"start":{"line":40,"column":68},"end":{"line":40,"column":102}},"line":40},"3":{"name":"(anonymous_3)","decl":{"start":{"line":61,"column":2},"end":{"line":61,"column":3}},"loc":{"start":{"line":61,"column":20},"end":{"line":67,"column":3}},"line":61},"4":{"name":"(anonymous_4)","decl":{"start":{"line":72,"column":2},"end":{"line":72,"column":3}},"loc":{"start":{"line":72,"column":22},"end":{"line":74,"column":3}},"line":72},"5":{"name":"(anonymous_5)","decl":{"start":{"line":79,"column":2},"end":{"line":79,"column":3}},"loc":{"start":{"line":79,"column":26},"end":{"line":81,"column":3}},"line":79},"6":{"name":"(anonymous_6)","decl":{"start":{"line":86,"column":2},"end":{"line":86,"column":3}},"loc":{"start":{"line":86,"column":53},"end":{"line":88,"column":3}},"line":86},"7":{"name":"(anonymous_7)","decl":{"start":{"line":93,"column":2},"end":{"line":93,"column":3}},"loc":{"start":{"line":93,"column":33},"end":{"line":108,"column":3}},"line":93},"8":{"name":"(anonymous_8)","decl":{"start":{"line":114,"column":2},"end":{"line":114,"column":3}},"loc":{"start":{"line":114,"column":20},"end":{"line":127,"column":3}},"line":114},"9":{"name":"(anonymous_9)","decl":{"start":{"line":132,"column":2},"end":{"line":132,"column":3}},"loc":{"start":{"line":132,"column":28},"end":{"line":134,"column":3}},"line":132},"10":{"name":"(anonymous_10)","decl":{"start":{"line":139,"column":2},"end":{"line":139,"column":3}},"loc":{"start":{"line":139,"column":24},"end":{"line":141,"column":3}},"line":139},"11":{"name":"(anonymous_11)","decl":{"start":{"line":146,"column":2},"end":{"line":146,"column":3}},"loc":{"start":{"line":146,"column":21},"end":{"line":148,"column":3}},"line":146},"12":{"name":"(anonymous_12)","decl":{"start":{"line":154,"column":2},"end":{"line":154,"column":3}},"loc":{"start":{"line":154,"column":19},"end":{"line":171,"column":3}},"line":154},"13":{"name":"(anonymous_13)","decl":{"start":{"line":176,"column":2},"end":{"line":176,"column":3}},"loc":{"start":{"line":176,"column":31},"end":{"line":184,"column":3}},"line":176},"14":{"name":"(anonymous_14)","decl":{"start":{"line":189,"column":2},"end":{"line":189,"column":3}},"loc":{"start":{"line":189,"column":19},"end":{"line":198,"column":3}},"line":189}},"branchMap":{"0":{"loc":{"start":{"line":15,"column":26},"end":{"line":15,"column":48}},"type":"default-arg","locations":[{"start":{"line":15,"column":38},"end":{"line":15,"column":48}}],"line":15},"1":{"loc":{"start":{"line":15,"column":50},"end":{"line":15,"column":70}},"type":"default-arg","locations":[{"start":{"line":15,"column":66},"end":{"line":15,"column":70}}],"line":15},"2":{"loc":{"start":{"line":17,"column":4},"end":{"line":19,"column":5}},"type":"if","locations":[{"start":{"line":17,"column":4},"end":{"line":19,"column":5}},{"start":{},"end":{}}],"line":17},"3":{"loc":{"start":{"line":17,"column":8},"end":{"line":17,"column":56}},"type":"binary-expr","locations":[{"start":{"line":17,"column":8},"end":{"line":17,"column":24}},{"start":{"line":17,"column":28},"end":{"line":17,"column":56}}],"line":17},"4":{"loc":{"start":{"line":30,"column":4},"end":{"line":32,"column":5}},"type":"if","locations":[{"start":{"line":30,"column":4},"end":{"line":32,"column":5}},{"start":{},"end":{}}],"line":30},"5":{"loc":{"start":{"line":39,"column":4},"end":{"line":41,"column":5}},"type":"if","locations":[{"start":{"line":39,"column":4},"end":{"line":41,"column":5}},{"start":{},"end":{}}],"line":39},"6":{"loc":{"start":{"line":63,"column":4},"end":{"line":65,"column":5}},"type":"if","locations":[{"start":{"line":63,"column":4},"end":{"line":65,"column":5}},{"start":{},"end":{}}],"line":63},"7":{"loc":{"start":{"line":86,"column":38},"end":{"line":86,"column":51}},"type":"default-arg","locations":[{"start":{"line":86,"column":47},"end":{"line":86,"column":51}}],"line":86},"8":{"loc":{"start":{"line":95,"column":4},"end":{"line":97,"column":5}},"type":"if","locations":[{"start":{"line":95,"column":4},"end":{"line":97,"column":5}},{"start":{},"end":{}}],"line":95},"9":{"loc":{"start":{"line":100,"column":4},"end":{"line":102,"column":5}},"type":"if","locations":[{"start":{"line":100,"column":4},"end":{"line":102,"column":5}},{"start":{},"end":{}}],"line":100},"10":{"loc":{"start":{"line":118,"column":4},"end":{"line":120,"column":5}},"type":"if","locations":[{"start":{"line":118,"column":4},"end":{"line":120,"column":5}},{"start":{},"end":{}}],"line":118},"11":{"loc":{"start":{"line":158,"column":4},"end":{"line":160,"column":5}},"type":"if","locations":[{"start":{"line":158,"column":4},"end":{"line":160,"column":5}},{"start":{},"end":{}}],"line":158},"12":{"loc":{"start":{"line":158,"column":8},"end":{"line":158,"column":96}},"type":"binary-expr","locations":[{"start":{"line":158,"column":8},"end":{"line":158,"column":36}},{"start":{"line":158,"column":40},"end":{"line":158,"column":68}},{"start":{"line":158,"column":72},"end":{"line":158,"column":96}}],"line":158},"13":{"loc":{"start":{"line":163,"column":4},"end":{"line":165,"column":5}},"type":"if","locations":[{"start":{"line":163,"column":4},"end":{"line":165,"column":5}},{"start":{},"end":{}}],"line":163},"14":{"loc":{"start":{"line":180,"column":4},"end":{"line":182,"column":5}},"type":"if","locations":[{"start":{"line":180,"column":4},"end":{"line":182,"column":5}},{"start":{},"end":{}}],"line":180},"15":{"loc":{"start":{"line":191,"column":4},"end":{"line":193,"column":5}},"type":"if","locations":[{"start":{"line":191,"column":4},"end":{"line":193,"column":5}},{"start":{},"end":{}}],"line":191},"16":{"loc":{"start":{"line":194,"column":4},"end":{"line":196,"column":5}},"type":"if","locations":[{"start":{"line":194,"column":4},"end":{"line":196,"column":5}},{"start":{},"end":{}}],"line":194}},"s":{"0":1,"1":1,"2":1,"3":1,"4":2,"5":1,"6":1,"7":1,"8":1,"9":1,"10":1,"11":1,"12":0,"13":1,"14":1,"15":1,"16":0,"17":0,"18":1,"19":1,"20":1,"21":1,"22":5,"23":5,"24":1,"25":4,"26":1,"27":0,"28":1,"29":6,"30":6,"31":1,"32":5,"33":5,"34":0,"35":5,"36":5,"37":1,"38":1,"39":0,"40":1,"41":1,"42":1,"43":1,"44":1,"45":1,"46":1,"47":0,"48":1,"49":1,"50":0,"51":1,"52":1,"53":1,"54":1,"55":1,"56":0,"57":1,"58":0,"59":0,"60":0,"61":0,"62":0,"63":0,"64":1},"f":{"0":2,"1":1,"2":0,"3":5,"4":1,"5":0,"6":1,"7":6,"8":1,"9":1,"10":1,"11":1,"12":1,"13":1,"14":0},"b":{"0":[2],"1":[2],"2":[1,1],"3":[2,1],"4":[0,1],"5":[0,1],"6":[1,4],"7":[0],"8":[1,5],"9":[0,5],"10":[0,1],"11":[0,1],"12":[1,1,1],"13":[0,1],"14":[0,1],"15":[0,0],"16":[0,0]},"_coverageSchema":"1a1c01bbd47fc00a2c39e90264f33305004495a9","hash":"fe3825efbc4dd581db9488f1d3480529da642acc"}
,"C:\\Users\\delga\\OneDrive\\Escritorio\\Repositorio\\eco-savor-backend\\microservices\\orders\\src\\strategies\\notificationStrategy.js": {"path":"C:\\Users\\delga\\OneDrive\\Escritorio\\Repositorio\\eco-savor-backend\\microservices\\orders\\src\\strategies\\notificationStrategy.js","statementMap":{"0":{"start":{"line":8,"column":4},"end":{"line":8,"column":75}},"1":{"start":{"line":9,"column":4},"end":{"line":9,"column":73}},"2":{"start":{"line":10,"column":4},"end":{"line":10,"column":66}},"3":{"start":{"line":17,"column":4},"end":{"line":17,"column":74}},"4":{"start":{"line":18,"column":4},"end":{"line":18,"column":64}},"5":{"start":{"line":25,"column":4},"end":{"line":25,"column":77}},"6":{"start":{"line":26,"column":4},"end":{"line":26,"column":65}},"7":{"start":{"line":35,"column":4},"end":{"line":39,"column":6}},"8":{"start":{"line":46,"column":20},"end":{"line":46,"column":22}},"9":{"start":{"line":48,"column":4},"end":{"line":57,"column":5}},"10":{"start":{"line":49,"column":6},"end":{"line":56,"column":7}},"11":{"start":{"line":50,"column":8},"end":{"line":55,"column":9}},"12":{"start":{"line":51,"column":25},"end":{"line":51,"column":75}},"13":{"start":{"line":52,"column":10},"end":{"line":52,"column":31}},"14":{"start":{"line":54,"column":10},"end":{"line":54,"column":68}},"15":{"start":{"line":59,"column":4},"end":{"line":59,"column":19}},"16":{"start":{"line":66,"column":21},"end":{"line":72,"column":5}},"17":{"start":{"line":74,"column":20},"end":{"line":74,"column":77}},"18":{"start":{"line":75,"column":4},"end":{"line":75,"column":64}},"19":{"start":{"line":82,"column":20},"end":{"line":82,"column":81}},"20":{"start":{"line":83,"column":4},"end":{"line":83,"column":55}},"21":{"start":{"line":87,"column":0},"end":{"line":87,"column":43}}},"fnMap":{"0":{"name":"(anonymous_0)","decl":{"start":{"line":7,"column":2},"end":{"line":7,"column":3}},"loc":{"start":{"line":7,"column":29},"end":{"line":11,"column":3}},"line":7},"1":{"name":"(anonymous_1)","decl":{"start":{"line":16,"column":2},"end":{"line":16,"column":3}},"loc":{"start":{"line":16,"column":29},"end":{"line":19,"column":3}},"line":16},"2":{"name":"(anonymous_2)","decl":{"start":{"line":24,"column":2},"end":{"line":24,"column":3}},"loc":{"start":{"line":24,"column":29},"end":{"line":27,"column":3}},"line":24},"3":{"name":"(anonymous_3)","decl":{"start":{"line":34,"column":2},"end":{"line":34,"column":3}},"loc":{"start":{"line":34,"column":16},"end":{"line":40,"column":3}},"line":34},"4":{"name":"(anonymous_4)","decl":{"start":{"line":45,"column":2},"end":{"line":45,"column":3}},"loc":{"start":{"line":45,"column":51},"end":{"line":60,"column":3}},"line":45},"5":{"name":"(anonymous_5)","decl":{"start":{"line":65,"column":2},"end":{"line":65,"column":3}},"loc":{"start":{"line":65,"column":45},"end":{"line":76,"column":3}},"line":65},"6":{"name":"(anonymous_6)","decl":{"start":{"line":81,"column":2},"end":{"line":81,"column":3}},"loc":{"start":{"line":81,"column":30},"end":{"line":84,"column":3}},"line":81}},"branchMap":{"0":{"loc":{"start":{"line":45,"column":31},"end":{"line":45,"column":49}},"type":"default-arg","locations":[{"start":{"line":45,"column":41},"end":{"line":45,"column":49}}],"line":45},"1":{"loc":{"start":{"line":49,"column":6},"end":{"line":56,"column":7}},"type":"if","locations":[{"start":{"line":49,"column":6},"end":{"line":56,"column":7}},{"start":{},"end":{}}],"line":49},"2":{"loc":{"start":{"line":74,"column":20},"end":{"line":74,"column":77}},"type":"binary-expr","locations":[{"start":{"line":74,"column":20},"end":{"line":74,"column":39}},{"start":{"line":74,"column":43},"end":{"line":74,"column":77}}],"line":74}},"s":{"0":6,"1":6,"2":6,"3":0,"4":0,"5":7,"6":7,"7":1,"8":7,"9":7,"10":13,"11":13,"12":13,"13":13,"14":0,"15":7,"16":6,"17":6,"18":6,"19":1,"20":1,"21":1},"f":{"0":6,"1":0,"2":7,"3":1,"4":7,"5":6,"6":1},"b":{"0":[0],"1":[13,0],"2":[6,0]},"_coverageSchema":"1a1c01bbd47fc00a2c39e90264f33305004495a9","hash":"32ab90728867813d56fff2f4483f3a0df66eb6fa"}
}
