{"/mnt/c/Users/delga/OneDrive/Escritorio/Repositorio/eco-savor-backend/microservices/orders/src/controllers/orderController.js": {"path":"/mnt/c/Users/delga/OneDrive/Escritorio/Repositorio/eco-savor-backend/microservices/orders/src/controllers/orderController.js","statementMap":{"0":{"start":{"line":1,"column":21},"end":{"line":1,"column":56}},"1":{"start":{"line":12,"column":0},"end":{"line":37,"column":2}},"2":{"start":{"line":13,"column":2},"end":{"line":36,"column":3}},"3":{"start":{"line":15,"column":19},"end":{"line":15,"column":31}},"4":{"start":{"line":16,"column":55},"end":{"line":16,"column":63}},"5":{"start":{"line":18,"column":21},"end":{"line":18,"column":91}},"6":{"start":{"line":20,"column":4},"end":{"line":24,"column":7}},"7":{"start":{"line":26,"column":4},"end":{"line":26,"column":52}},"8":{"start":{"line":28,"column":4},"end":{"line":30,"column":5}},"9":{"start":{"line":29,"column":6},"end":{"line":29,"column":76}},"10":{"start":{"line":31,"column":4},"end":{"line":33,"column":5}},"11":{"start":{"line":32,"column":6},"end":{"line":32,"column":76}},"12":{"start":{"line":35,"column":4},"end":{"line":35,"column":82}},"13":{"start":{"line":43,"column":0},"end":{"line":60,"column":2}},"14":{"start":{"line":44,"column":2},"end":{"line":59,"column":3}},"15":{"start":{"line":45,"column":18},"end":{"line":45,"column":59}},"16":{"start":{"line":47,"column":4},"end":{"line":50,"column":7}},"17":{"start":{"line":52,"column":4},"end":{"line":52,"column":52}},"18":{"start":{"line":54,"column":4},"end":{"line":56,"column":5}},"19":{"start":{"line":55,"column":6},"end":{"line":55,"column":76}},"20":{"start":{"line":58,"column":4},"end":{"line":58,"column":82}},"21":{"start":{"line":68,"column":0},"end":{"line":97,"column":2}},"22":{"start":{"line":69,"column":2},"end":{"line":96,"column":3}},"23":{"start":{"line":70,"column":21},"end":{"line":70,"column":34}},"24":{"start":{"line":71,"column":19},"end":{"line":71,"column":31}},"25":{"start":{"line":73,"column":20},"end":{"line":73,"column":22}},"26":{"start":{"line":76,"column":4},"end":{"line":80,"column":5}},"27":{"start":{"line":77,"column":6},"end":{"line":77,"column":30}},"28":{"start":{"line":78,"column":11},"end":{"line":80,"column":5}},"29":{"start":{"line":79,"column":6},"end":{"line":79,"column":36}},"30":{"start":{"line":83,"column":23},"end":{"line":83,"column":32}},"31":{"start":{"line":84,"column":4},"end":{"line":84,"column":40}},"32":{"start":{"line":84,"column":16},"end":{"line":84,"column":40}},"33":{"start":{"line":86,"column":19},"end":{"line":86,"column":51}},"34":{"start":{"line":88,"column":4},"end":{"line":92,"column":7}},"35":{"start":{"line":94,"column":4},"end":{"line":94,"column":53}},"36":{"start":{"line":95,"column":4},"end":{"line":95,"column":82}},"37":{"start":{"line":105,"column":0},"end":{"line":129,"column":2}},"38":{"start":{"line":106,"column":2},"end":{"line":128,"column":3}},"39":{"start":{"line":107,"column":32},"end":{"line":107,"column":44}},"40":{"start":{"line":108,"column":28},"end":{"line":108,"column":45}},"41":{"start":{"line":111,"column":4},"end":{"line":116,"column":5}},"42":{"start":{"line":112,"column":6},"end":{"line":115,"column":9}},"43":{"start":{"line":118,"column":19},"end":{"line":118,"column":64}},"44":{"start":{"line":120,"column":4},"end":{"line":124,"column":7}},"45":{"start":{"line":126,"column":4},"end":{"line":126,"column":66}},"46":{"start":{"line":127,"column":4},"end":{"line":127,"column":82}},"47":{"start":{"line":137,"column":0},"end":{"line":163,"column":2}},"48":{"start":{"line":138,"column":2},"end":{"line":162,"column":3}},"49":{"start":{"line":139,"column":38},"end":{"line":139,"column":50}},"50":{"start":{"line":140,"column":34},"end":{"line":140,"column":57}},"51":{"start":{"line":143,"column":4},"end":{"line":148,"column":5}},"52":{"start":{"line":144,"column":6},"end":{"line":147,"column":9}},"53":{"start":{"line":150,"column":23},"end":{"line":150,"column":32}},"54":{"start":{"line":152,"column":19},"end":{"line":152,"column":92}},"55":{"start":{"line":154,"column":4},"end":{"line":158,"column":7}},"56":{"start":{"line":160,"column":4},"end":{"line":160,"column":70}},"57":{"start":{"line":161,"column":4},"end":{"line":161,"column":82}},"58":{"start":{"line":169,"column":0},"end":{"line":196,"column":2}},"59":{"start":{"line":170,"column":2},"end":{"line":195,"column":3}},"60":{"start":{"line":171,"column":23},"end":{"line":171,"column":31}},"61":{"start":{"line":173,"column":4},"end":{"line":175,"column":5}},"62":{"start":{"line":174,"column":6},"end":{"line":174,"column":87}},"63":{"start":{"line":177,"column":18},"end":{"line":177,"column":72}},"64":{"start":{"line":179,"column":4},"end":{"line":183,"column":7}},"65":{"start":{"line":185,"column":4},"end":{"line":185,"column":56}},"66":{"start":{"line":187,"column":4},"end":{"line":189,"column":5}},"67":{"start":{"line":188,"column":6},"end":{"line":188,"column":76}},"68":{"start":{"line":190,"column":4},"end":{"line":192,"column":5}},"69":{"start":{"line":191,"column":6},"end":{"line":191,"column":76}},"70":{"start":{"line":194,"column":4},"end":{"line":194,"column":82}},"71":{"start":{"line":202,"column":0},"end":{"line":223,"column":2}},"72":{"start":{"line":203,"column":2},"end":{"line":222,"column":3}},"73":{"start":{"line":204,"column":18},"end":{"line":204,"column":59}},"74":{"start":{"line":206,"column":4},"end":{"line":210,"column":7}},"75":{"start":{"line":212,"column":4},"end":{"line":212,"column":54}},"76":{"start":{"line":214,"column":4},"end":{"line":216,"column":5}},"77":{"start":{"line":215,"column":6},"end":{"line":215,"column":76}},"78":{"start":{"line":217,"column":4},"end":{"line":219,"column":5}},"79":{"start":{"line":218,"column":6},"end":{"line":218,"column":76}},"80":{"start":{"line":221,"column":4},"end":{"line":221,"column":82}},"81":{"start":{"line":229,"column":0},"end":{"line":247,"column":2}},"82":{"start":{"line":230,"column":2},"end":{"line":246,"column":3}},"83":{"start":{"line":231,"column":18},"end":{"line":231,"column":67}},"84":{"start":{"line":233,"column":4},"end":{"line":237,"column":7}},"85":{"start":{"line":239,"column":4},"end":{"line":239,"column":65}},"86":{"start":{"line":241,"column":4},"end":{"line":243,"column":5}},"87":{"start":{"line":242,"column":6},"end":{"line":242,"column":76}},"88":{"start":{"line":245,"column":4},"end":{"line":245,"column":82}},"89":{"start":{"line":253,"column":0},"end":{"line":271,"column":2}},"90":{"start":{"line":254,"column":2},"end":{"line":270,"column":3}},"91":{"start":{"line":255,"column":18},"end":{"line":255,"column":63}},"92":{"start":{"line":257,"column":4},"end":{"line":261,"column":7}},"93":{"start":{"line":263,"column":4},"end":{"line":263,"column":56}},"94":{"start":{"line":265,"column":4},"end":{"line":267,"column":5}},"95":{"start":{"line":266,"column":6},"end":{"line":266,"column":76}},"96":{"start":{"line":269,"column":4},"end":{"line":269,"column":82}},"97":{"start":{"line":277,"column":0},"end":{"line":295,"column":2}},"98":{"start":{"line":278,"column":2},"end":{"line":294,"column":3}},"99":{"start":{"line":279,"column":18},"end":{"line":279,"column":60}},"100":{"start":{"line":281,"column":4},"end":{"line":285,"column":7}},"101":{"start":{"line":287,"column":4},"end":{"line":287,"column":54}},"102":{"start":{"line":289,"column":4},"end":{"line":291,"column":5}},"103":{"start":{"line":290,"column":6},"end":{"line":290,"column":76}},"104":{"start":{"line":293,"column":4},"end":{"line":293,"column":82}},"105":{"start":{"line":303,"column":0},"end":{"line":346,"column":2}},"106":{"start":{"line":304,"column":2},"end":{"line":345,"column":3}},"107":{"start":{"line":305,"column":20},"end":{"line":305,"column":33}},"108":{"start":{"line":306,"column":21},"end":{"line":306,"column":34}},"109":{"start":{"line":307,"column":19},"end":{"line":307,"column":31}},"110":{"start":{"line":310,"column":18},"end":{"line":310,"column":53}},"111":{"start":{"line":313,"column":4},"end":{"line":318,"column":5}},"112":{"start":{"line":314,"column":6},"end":{"line":317,"column":9}},"113":{"start":{"line":320,"column":4},"end":{"line":325,"column":5}},"114":{"start":{"line":321,"column":6},"end":{"line":324,"column":9}},"115":{"start":{"line":327,"column":27},"end":{"line":327,"column":61}},"116":{"start":{"line":329,"column":4},"end":{"line":333,"column":7}},"117":{"start":{"line":335,"column":4},"end":{"line":335,"column":53}},"118":{"start":{"line":337,"column":4},"end":{"line":339,"column":5}},"119":{"start":{"line":338,"column":6},"end":{"line":338,"column":76}},"120":{"start":{"line":340,"column":4},"end":{"line":342,"column":5}},"121":{"start":{"line":341,"column":6},"end":{"line":341,"column":76}},"122":{"start":{"line":344,"column":4},"end":{"line":344,"column":82}},"123":{"start":{"line":352,"column":0},"end":{"line":370,"column":2}},"124":{"start":{"line":353,"column":2},"end":{"line":369,"column":3}},"125":{"start":{"line":354,"column":25},"end":{"line":354,"column":75}},"126":{"start":{"line":356,"column":4},"end":{"line":360,"column":7}},"127":{"start":{"line":362,"column":4},"end":{"line":362,"column":55}},"128":{"start":{"line":364,"column":4},"end":{"line":366,"column":5}},"129":{"start":{"line":365,"column":6},"end":{"line":365,"column":76}},"130":{"start":{"line":368,"column":4},"end":{"line":368,"column":82}},"131":{"start":{"line":376,"column":0},"end":{"line":393,"column":2}},"132":{"start":{"line":377,"column":2},"end":{"line":392,"column":3}},"133":{"start":{"line":378,"column":4},"end":{"line":378,"column":45}},"134":{"start":{"line":380,"column":4},"end":{"line":383,"column":7}},"135":{"start":{"line":385,"column":4},"end":{"line":385,"column":53}},"136":{"start":{"line":387,"column":4},"end":{"line":389,"column":5}},"137":{"start":{"line":388,"column":6},"end":{"line":388,"column":76}},"138":{"start":{"line":391,"column":4},"end":{"line":391,"column":82}}},"fnMap":{"0":{"name":"(anonymous_0)","decl":{"start":{"line":12,"column":22},"end":{"line":12,"column":23}},"loc":{"start":{"line":12,"column":42},"end":{"line":37,"column":1}},"line":12},"1":{"name":"(anonymous_1)","decl":{"start":{"line":43,"column":23},"end":{"line":43,"column":24}},"loc":{"start":{"line":43,"column":43},"end":{"line":60,"column":1}},"line":43},"2":{"name":"(anonymous_2)","decl":{"start":{"line":68,"column":21},"end":{"line":68,"column":22}},"loc":{"start":{"line":68,"column":41},"end":{"line":97,"column":1}},"line":68},"3":{"name":"(anonymous_3)","decl":{"start":{"line":105,"column":26},"end":{"line":105,"column":27}},"loc":{"start":{"line":105,"column":46},"end":{"line":129,"column":1}},"line":105},"4":{"name":"(anonymous_4)","decl":{"start":{"line":137,"column":32},"end":{"line":137,"column":33}},"loc":{"start":{"line":137,"column":52},"end":{"line":163,"column":1}},"line":137},"5":{"name":"(anonymous_5)","decl":{"start":{"line":169,"column":28},"end":{"line":169,"column":29}},"loc":{"start":{"line":169,"column":48},"end":{"line":196,"column":1}},"line":169},"6":{"name":"(anonymous_6)","decl":{"start":{"line":202,"column":23},"end":{"line":202,"column":24}},"loc":{"start":{"line":202,"column":43},"end":{"line":223,"column":1}},"line":202},"7":{"name":"(anonymous_7)","decl":{"start":{"line":229,"column":26},"end":{"line":229,"column":27}},"loc":{"start":{"line":229,"column":46},"end":{"line":247,"column":1}},"line":229},"8":{"name":"(anonymous_8)","decl":{"start":{"line":253,"column":22},"end":{"line":253,"column":23}},"loc":{"start":{"line":253,"column":42},"end":{"line":271,"column":1}},"line":253},"9":{"name":"(anonymous_9)","decl":{"start":{"line":277,"column":24},"end":{"line":277,"column":25}},"loc":{"start":{"line":277,"column":44},"end":{"line":295,"column":1}},"line":277},"10":{"name":"(anonymous_10)","decl":{"start":{"line":303,"column":22},"end":{"line":303,"column":23}},"loc":{"start":{"line":303,"column":42},"end":{"line":346,"column":1}},"line":303},"11":{"name":"(anonymous_11)","decl":{"start":{"line":352,"column":22},"end":{"line":352,"column":23}},"loc":{"start":{"line":352,"column":42},"end":{"line":370,"column":1}},"line":352},"12":{"name":"(anonymous_12)","decl":{"start":{"line":376,"column":22},"end":{"line":376,"column":23}},"loc":{"start":{"line":376,"column":42},"end":{"line":393,"column":1}},"line":376}},"branchMap":{"0":{"loc":{"start":{"line":28,"column":4},"end":{"line":30,"column":5}},"type":"if","locations":[{"start":{"line":28,"column":4},"end":{"line":30,"column":5}},{"start":{},"end":{}}],"line":28},"1":{"loc":{"start":{"line":28,"column":8},"end":{"line":28,"column":117}},"type":"binary-expr","locations":[{"start":{"line":28,"column":8},"end":{"line":28,"column":42}},{"start":{"line":28,"column":46},"end":{"line":28,"column":83}},{"start":{"line":28,"column":87},"end":{"line":28,"column":117}}],"line":28},"2":{"loc":{"start":{"line":31,"column":4},"end":{"line":33,"column":5}},"type":"if","locations":[{"start":{"line":31,"column":4},"end":{"line":33,"column":5}},{"start":{},"end":{}}],"line":31},"3":{"loc":{"start":{"line":54,"column":4},"end":{"line":56,"column":5}},"type":"if","locations":[{"start":{"line":54,"column":4},"end":{"line":56,"column":5}},{"start":{},"end":{}}],"line":54},"4":{"loc":{"start":{"line":76,"column":4},"end":{"line":80,"column":5}},"type":"if","locations":[{"start":{"line":76,"column":4},"end":{"line":80,"column":5}},{"start":{"line":78,"column":11},"end":{"line":80,"column":5}}],"line":76},"5":{"loc":{"start":{"line":78,"column":11},"end":{"line":80,"column":5}},"type":"if","locations":[{"start":{"line":78,"column":11},"end":{"line":80,"column":5}},{"start":{},"end":{}}],"line":78},"6":{"loc":{"start":{"line":84,"column":4},"end":{"line":84,"column":40}},"type":"if","locations":[{"start":{"line":84,"column":4},"end":{"line":84,"column":40}},{"start":{},"end":{}}],"line":84},"7":{"loc":{"start":{"line":111,"column":4},"end":{"line":116,"column":5}},"type":"if","locations":[{"start":{"line":111,"column":4},"end":{"line":116,"column":5}},{"start":{},"end":{}}],"line":111},"8":{"loc":{"start":{"line":143,"column":4},"end":{"line":148,"column":5}},"type":"if","locations":[{"start":{"line":143,"column":4},"end":{"line":148,"column":5}},{"start":{},"end":{}}],"line":143},"9":{"loc":{"start":{"line":152,"column":77},"end":{"line":152,"column":91}},"type":"binary-expr","locations":[{"start":{"line":152,"column":77},"end":{"line":152,"column":83}},{"start":{"line":152,"column":87},"end":{"line":152,"column":91}}],"line":152},"10":{"loc":{"start":{"line":173,"column":4},"end":{"line":175,"column":5}},"type":"if","locations":[{"start":{"line":173,"column":4},"end":{"line":175,"column":5}},{"start":{},"end":{}}],"line":173},"11":{"loc":{"start":{"line":187,"column":4},"end":{"line":189,"column":5}},"type":"if","locations":[{"start":{"line":187,"column":4},"end":{"line":189,"column":5}},{"start":{},"end":{}}],"line":187},"12":{"loc":{"start":{"line":190,"column":4},"end":{"line":192,"column":5}},"type":"if","locations":[{"start":{"line":190,"column":4},"end":{"line":192,"column":5}},{"start":{},"end":{}}],"line":190},"13":{"loc":{"start":{"line":190,"column":8},"end":{"line":190,"column":83}},"type":"binary-expr","locations":[{"start":{"line":190,"column":8},"end":{"line":190,"column":40}},{"start":{"line":190,"column":44},"end":{"line":190,"column":83}}],"line":190},"14":{"loc":{"start":{"line":214,"column":4},"end":{"line":216,"column":5}},"type":"if","locations":[{"start":{"line":214,"column":4},"end":{"line":216,"column":5}},{"start":{},"end":{}}],"line":214},"15":{"loc":{"start":{"line":217,"column":4},"end":{"line":219,"column":5}},"type":"if","locations":[{"start":{"line":217,"column":4},"end":{"line":219,"column":5}},{"start":{},"end":{}}],"line":217},"16":{"loc":{"start":{"line":241,"column":4},"end":{"line":243,"column":5}},"type":"if","locations":[{"start":{"line":241,"column":4},"end":{"line":243,"column":5}},{"start":{},"end":{}}],"line":241},"17":{"loc":{"start":{"line":265,"column":4},"end":{"line":267,"column":5}},"type":"if","locations":[{"start":{"line":265,"column":4},"end":{"line":267,"column":5}},{"start":{},"end":{}}],"line":265},"18":{"loc":{"start":{"line":289,"column":4},"end":{"line":291,"column":5}},"type":"if","locations":[{"start":{"line":289,"column":4},"end":{"line":291,"column":5}},{"start":{},"end":{}}],"line":289},"19":{"loc":{"start":{"line":313,"column":4},"end":{"line":318,"column":5}},"type":"if","locations":[{"start":{"line":313,"column":4},"end":{"line":318,"column":5}},{"start":{},"end":{}}],"line":313},"20":{"loc":{"start":{"line":313,"column":8},"end":{"line":313,"column":55}},"type":"binary-expr","locations":[{"start":{"line":313,"column":8},"end":{"line":313,"column":28}},{"start":{"line":313,"column":32},"end":{"line":313,"column":55}}],"line":313},"21":{"loc":{"start":{"line":320,"column":4},"end":{"line":325,"column":5}},"type":"if","locations":[{"start":{"line":320,"column":4},"end":{"line":325,"column":5}},{"start":{},"end":{}}],"line":320},"22":{"loc":{"start":{"line":320,"column":8},"end":{"line":320,"column":66}},"type":"binary-expr","locations":[{"start":{"line":320,"column":8},"end":{"line":320,"column":33}},{"start":{"line":320,"column":37},"end":{"line":320,"column":66}}],"line":320},"23":{"loc":{"start":{"line":337,"column":4},"end":{"line":339,"column":5}},"type":"if","locations":[{"start":{"line":337,"column":4},"end":{"line":339,"column":5}},{"start":{},"end":{}}],"line":337},"24":{"loc":{"start":{"line":340,"column":4},"end":{"line":342,"column":5}},"type":"if","locations":[{"start":{"line":340,"column":4},"end":{"line":342,"column":5}},{"start":{},"end":{}}],"line":340},"25":{"loc":{"start":{"line":364,"column":4},"end":{"line":366,"column":5}},"type":"if","locations":[{"start":{"line":364,"column":4},"end":{"line":366,"column":5}},{"start":{},"end":{}}],"line":364},"26":{"loc":{"start":{"line":387,"column":4},"end":{"line":389,"column":5}},"type":"if","locations":[{"start":{"line":387,"column":4},"end":{"line":389,"column":5}},{"start":{},"end":{}}],"line":387},"27":{"loc":{"start":{"line":387,"column":8},"end":{"line":387,"column":79}},"type":"binary-expr","locations":[{"start":{"line":387,"column":8},"end":{"line":387,"column":39}},{"start":{"line":387,"column":43},"end":{"line":387,"column":79}}],"line":387}},"s":{"0":1,"1":1,"2":3,"3":3,"4":3,"5":3,"6":2,"7":1,"8":1,"9":1,"10":0,"11":0,"12":0,"13":1,"14":2,"15":2,"16":1,"17":1,"18":1,"19":1,"20":0,"21":1,"22":1,"23":1,"24":1,"25":1,"26":1,"27":1,"28":0,"29":0,"30":1,"31":1,"32":0,"33":1,"34":1,"35":0,"36":0,"37":1,"38":0,"39":0,"40":0,"41":0,"42":0,"43":0,"44":0,"45":0,"46":0,"47":1,"48":1,"49":1,"50":1,"51":1,"52":0,"53":1,"54":1,"55":1,"56":0,"57":0,"58":1,"59":3,"60":3,"61":3,"62":0,"63":3,"64":2,"65":1,"66":1,"67":0,"68":1,"69":1,"70":0,"71":1,"72":3,"73":3,"74":2,"75":1,"76":1,"77":0,"78":1,"79":1,"80":0,"81":1,"82":1,"83":1,"84":1,"85":0,"86":0,"87":0,"88":0,"89":1,"90":1,"91":1,"92":1,"93":0,"94":0,"95":0,"96":0,"97":1,"98":1,"99":1,"100":1,"101":0,"102":0,"103":0,"104":0,"105":1,"106":4,"107":4,"108":4,"109":4,"110":4,"111":4,"112":0,"113":4,"114":0,"115":4,"116":2,"117":2,"118":2,"119":0,"120":2,"121":2,"122":0,"123":1,"124":1,"125":1,"126":1,"127":0,"128":0,"129":0,"130":0,"131":1,"132":0,"133":0,"134":0,"135":0,"136":0,"137":0,"138":0},"f":{"0":3,"1":2,"2":1,"3":0,"4":1,"5":3,"6":3,"7":1,"8":1,"9":1,"10":4,"11":1,"12":0},"b":{"0":[1,0],"1":[1,0,0],"2":[0,0],"3":[1,0],"4":[1,0],"5":[0,0],"6":[0,1],"7":[0,0],"8":[0,1],"9":[1,1],"10":[0,3],"11":[0,1],"12":[1,0],"13":[1,0],"14":[0,1],"15":[1,0],"16":[0,0],"17":[0,0],"18":[0,0],"19":[0,4],"20":[4,4],"21":[0,4],"22":[4,0],"23":[0,2],"24":[2,0],"25":[0,0],"26":[0,0],"27":[0,0]},"_coverageSchema":"1a1c01bbd47fc00a2c39e90264f33305004495a9","hash":"521d773409dd139700b7714cee82fc96687f1289"}
,"/mnt/c/Users/delga/OneDrive/Escritorio/Repositorio/eco-savor-backend/microservices/orders/src/factories/orderFactory.js": {"path":"/mnt/c/Users/delga/OneDrive/Escritorio/Repositorio/eco-savor-backend/microservices/orders/src/factories/orderFactory.js","statementMap":{"0":{"start":{"line":11,"column":4},"end":{"line":29,"column":6}},"1":{"start":{"line":13,"column":37},"end":{"line":20,"column":7}},"2":{"start":{"line":36,"column":22},"end":{"line":36,"column":52}},"3":{"start":{"line":38,"column":4},"end":{"line":38,"column":65}},"4":{"start":{"line":39,"column":4},"end":{"line":39,"column":63}},"5":{"start":{"line":40,"column":4},"end":{"line":40,"column":21}},"6":{"start":{"line":47,"column":22},"end":{"line":47,"column":52}},"7":{"start":{"line":48,"column":4},"end":{"line":48,"column":51}},"8":{"start":{"line":49,"column":4},"end":{"line":49,"column":66}},"9":{"start":{"line":50,"column":4},"end":{"line":50,"column":21}},"10":{"start":{"line":57,"column":4},"end":{"line":59,"column":10}},"11":{"start":{"line":58,"column":6},"end":{"line":58,"column":50}},"12":{"start":{"line":67,"column":4},"end":{"line":69,"column":5}},"13":{"start":{"line":68,"column":6},"end":{"line":68,"column":66}},"14":{"start":{"line":72,"column":26},"end":{"line":72,"column":81}},"15":{"start":{"line":72,"column":61},"end":{"line":72,"column":78}},"16":{"start":{"line":73,"column":4},"end":{"line":75,"column":5}},"17":{"start":{"line":74,"column":6},"end":{"line":74,"column":77}},"18":{"start":{"line":78,"column":4},"end":{"line":80,"column":5}},"19":{"start":{"line":79,"column":6},"end":{"line":79,"column":60}},"20":{"start":{"line":82,"column":4},"end":{"line":90,"column":5}},"21":{"start":{"line":84,"column":8},"end":{"line":84,"column":45}},"22":{"start":{"line":86,"column":8},"end":{"line":86,"column":62}},"23":{"start":{"line":89,"column":8},"end":{"line":89,"column":46}},"24":{"start":{"line":94,"column":0},"end":{"line":94,"column":36}}},"fnMap":{"0":{"name":"(anonymous_0)","decl":{"start":{"line":10,"column":2},"end":{"line":10,"column":3}},"loc":{"start":{"line":10,"column":28},"end":{"line":30,"column":3}},"line":10},"1":{"name":"(anonymous_1)","decl":{"start":{"line":13,"column":28},"end":{"line":13,"column":29}},"loc":{"start":{"line":13,"column":37},"end":{"line":20,"column":7}},"line":13},"2":{"name":"(anonymous_2)","decl":{"start":{"line":35,"column":2},"end":{"line":35,"column":3}},"loc":{"start":{"line":35,"column":27},"end":{"line":41,"column":3}},"line":35},"3":{"name":"(anonymous_3)","decl":{"start":{"line":46,"column":2},"end":{"line":46,"column":3}},"loc":{"start":{"line":46,"column":44},"end":{"line":51,"column":3}},"line":46},"4":{"name":"(anonymous_4)","decl":{"start":{"line":56,"column":2},"end":{"line":56,"column":3}},"loc":{"start":{"line":56,"column":24},"end":{"line":60,"column":3}},"line":56},"5":{"name":"(anonymous_5)","decl":{"start":{"line":57,"column":24},"end":{"line":57,"column":25}},"loc":{"start":{"line":57,"column":41},"end":{"line":59,"column":5}},"line":57},"6":{"name":"(anonymous_6)","decl":{"start":{"line":65,"column":2},"end":{"line":65,"column":3}},"loc":{"start":{"line":65,"column":61},"end":{"line":91,"column":3}},"line":65},"7":{"name":"(anonymous_7)","decl":{"start":{"line":72,"column":53},"end":{"line":72,"column":54}},"loc":{"start":{"line":72,"column":61},"end":{"line":72,"column":78}},"line":72}},"branchMap":{"0":{"loc":{"start":{"line":27,"column":21},"end":{"line":27,"column":47}},"type":"binary-expr","locations":[{"start":{"line":27,"column":21},"end":{"line":27,"column":39}},{"start":{"line":27,"column":43},"end":{"line":27,"column":47}}],"line":27},"1":{"loc":{"start":{"line":28,"column":13},"end":{"line":28,"column":31}},"type":"binary-expr","locations":[{"start":{"line":28,"column":13},"end":{"line":28,"column":23}},{"start":{"line":28,"column":27},"end":{"line":28,"column":31}}],"line":28},"2":{"loc":{"start":{"line":39,"column":23},"end":{"line":39,"column":39}},"type":"binary-expr","locations":[{"start":{"line":39,"column":23},"end":{"line":39,"column":33}},{"start":{"line":39,"column":37},"end":{"line":39,"column":39}}],"line":39},"3":{"loc":{"start":{"line":49,"column":23},"end":{"line":49,"column":39}},"type":"binary-expr","locations":[{"start":{"line":49,"column":23},"end":{"line":49,"column":33}},{"start":{"line":49,"column":37},"end":{"line":49,"column":39}}],"line":49},"4":{"loc":{"start":{"line":65,"column":15},"end":{"line":65,"column":37}},"type":"default-arg","locations":[{"start":{"line":65,"column":27},"end":{"line":65,"column":37}}],"line":65},"5":{"loc":{"start":{"line":65,"column":39},"end":{"line":65,"column":59}},"type":"default-arg","locations":[{"start":{"line":65,"column":55},"end":{"line":65,"column":59}}],"line":65},"6":{"loc":{"start":{"line":67,"column":4},"end":{"line":69,"column":5}},"type":"if","locations":[{"start":{"line":67,"column":4},"end":{"line":69,"column":5}},{"start":{},"end":{}}],"line":67},"7":{"loc":{"start":{"line":67,"column":8},"end":{"line":67,"column":46}},"type":"binary-expr","locations":[{"start":{"line":67,"column":8},"end":{"line":67,"column":19}},{"start":{"line":67,"column":23},"end":{"line":67,"column":46}}],"line":67},"8":{"loc":{"start":{"line":73,"column":4},"end":{"line":75,"column":5}},"type":"if","locations":[{"start":{"line":73,"column":4},"end":{"line":75,"column":5}},{"start":{},"end":{}}],"line":73},"9":{"loc":{"start":{"line":78,"column":4},"end":{"line":80,"column":5}},"type":"if","locations":[{"start":{"line":78,"column":4},"end":{"line":80,"column":5}},{"start":{},"end":{}}],"line":78},"10":{"loc":{"start":{"line":78,"column":8},"end":{"line":78,"column":69}},"type":"binary-expr","locations":[{"start":{"line":78,"column":8},"end":{"line":78,"column":24}},{"start":{"line":78,"column":28},"end":{"line":78,"column":51}},{"start":{"line":78,"column":55},"end":{"line":78,"column":69}}],"line":78},"11":{"loc":{"start":{"line":82,"column":4},"end":{"line":90,"column":5}},"type":"switch","locations":[{"start":{"line":83,"column":6},"end":{"line":84,"column":45}},{"start":{"line":85,"column":6},"end":{"line":86,"column":62}},{"start":{"line":87,"column":6},"end":{"line":87,"column":22}},{"start":{"line":88,"column":6},"end":{"line":89,"column":46}}],"line":82}},"s":{"0":2,"1":2,"2":0,"3":0,"4":0,"5":0,"6":0,"7":0,"8":0,"9":0,"10":2,"11":2,"12":2,"13":0,"14":2,"15":2,"16":2,"17":0,"18":2,"19":0,"20":2,"21":0,"22":0,"23":2,"24":1},"f":{"0":2,"1":2,"2":0,"3":0,"4":2,"5":2,"6":2,"7":2},"b":{"0":[2,1],"1":[2,2],"2":[0,0],"3":[0,0],"4":[0],"5":[0],"6":[0,2],"7":[2,2],"8":[0,2],"9":[0,2],"10":[2,0,0],"11":[0,0,2,2]},"_coverageSchema":"1a1c01bbd47fc00a2c39e90264f33305004495a9","hash":"c3c17afbbbb308cf3e4e7c5d2daf7635c7a5b327"}
,"/mnt/c/Users/delga/OneDrive/Escritorio/Repositorio/eco-savor-backend/microservices/orders/src/middlewares/auth.js": {"path":"/mnt/c/Users/delga/OneDrive/Escritorio/Repositorio/eco-savor-backend/microservices/orders/src/middlewares/auth.js","statementMap":{"0":{"start":{"line":1,"column":23},"end":{"line":1,"column":45}},"1":{"start":{"line":2,"column":12},"end":{"line":2,"column":35}},"2":{"start":{"line":4,"column":19},"end":{"line":4,"column":81}},"3":{"start":{"line":16,"column":23},"end":{"line":51,"column":1}},"4":{"start":{"line":18,"column":24},"end":{"line":21,"column":4}},"5":{"start":{"line":23,"column":2},"end":{"line":50,"column":5}},"6":{"start":{"line":24,"column":4},"end":{"line":35,"column":5}},"7":{"start":{"line":25,"column":6},"end":{"line":30,"column":7}},"8":{"start":{"line":26,"column":8},"end":{"line":29,"column":11}},"9":{"start":{"line":31,"column":6},"end":{"line":34,"column":9}},"10":{"start":{"line":39,"column":4},"end":{"line":47,"column":5}},"11":{"start":{"line":40,"column":6},"end":{"line":46,"column":8}},"12":{"start":{"line":49,"column":4},"end":{"line":49,"column":11}},"13":{"start":{"line":58,"column":21},"end":{"line":81,"column":1}},"14":{"start":{"line":59,"column":21},"end":{"line":59,"column":46}},"15":{"start":{"line":61,"column":2},"end":{"line":63,"column":3}},"16":{"start":{"line":62,"column":4},"end":{"line":62,"column":18}},"17":{"start":{"line":65,"column":16},"end":{"line":65,"column":40}},"18":{"start":{"line":67,"column":2},"end":{"line":78,"column":3}},"19":{"start":{"line":68,"column":20},"end":{"line":68,"column":49}},"20":{"start":{"line":69,"column":4},"end":{"line":75,"column":6}},"21":{"start":{"line":80,"column":2},"end":{"line":80,"column":9}},"22":{"start":{"line":83,"column":0},"end":{"line":83,"column":50}}},"fnMap":{"0":{"name":"(anonymous_0)","decl":{"start":{"line":16,"column":23},"end":{"line":16,"column":24}},"loc":{"start":{"line":16,"column":43},"end":{"line":51,"column":1}},"line":16},"1":{"name":"(anonymous_1)","decl":{"start":{"line":23,"column":26},"end":{"line":23,"column":27}},"loc":{"start":{"line":23,"column":35},"end":{"line":50,"column":3}},"line":23},"2":{"name":"(anonymous_2)","decl":{"start":{"line":58,"column":21},"end":{"line":58,"column":22}},"loc":{"start":{"line":58,"column":41},"end":{"line":81,"column":1}},"line":58}},"branchMap":{"0":{"loc":{"start":{"line":4,"column":19},"end":{"line":4,"column":81}},"type":"binary-expr","locations":[{"start":{"line":4,"column":19},"end":{"line":4,"column":41}},{"start":{"line":4,"column":45},"end":{"line":4,"column":81}}],"line":4},"1":{"loc":{"start":{"line":24,"column":4},"end":{"line":35,"column":5}},"type":"if","locations":[{"start":{"line":24,"column":4},"end":{"line":35,"column":5}},{"start":{},"end":{}}],"line":24},"2":{"loc":{"start":{"line":25,"column":6},"end":{"line":30,"column":7}},"type":"if","locations":[{"start":{"line":25,"column":6},"end":{"line":30,"column":7}},{"start":{},"end":{}}],"line":25},"3":{"loc":{"start":{"line":39,"column":4},"end":{"line":47,"column":5}},"type":"if","locations":[{"start":{"line":39,"column":4},"end":{"line":47,"column":5}},{"start":{},"end":{}}],"line":39},"4":{"loc":{"start":{"line":61,"column":2},"end":{"line":63,"column":3}},"type":"if","locations":[{"start":{"line":61,"column":2},"end":{"line":63,"column":3}},{"start":{},"end":{}}],"line":61},"5":{"loc":{"start":{"line":61,"column":6},"end":{"line":61,"column":54}},"type":"binary-expr","locations":[{"start":{"line":61,"column":6},"end":{"line":61,"column":17}},{"start":{"line":61,"column":21},"end":{"line":61,"column":54}}],"line":61}},"s":{"0":1,"1":1,"2":1,"3":1,"4":0,"5":0,"6":0,"7":0,"8":0,"9":0,"10":0,"11":0,"12":0,"13":1,"14":0,"15":0,"16":0,"17":0,"18":0,"19":0,"20":0,"21":0,"22":1},"f":{"0":0,"1":0,"2":0},"b":{"0":[1,1],"1":[0,0],"2":[0,0],"3":[0,0],"4":[0,0],"5":[0,0]},"_coverageSchema":"1a1c01bbd47fc00a2c39e90264f33305004495a9","hash":"39548219783bc2b6461691428824df48d47a3c6f"}
,"/mnt/c/Users/delga/OneDrive/Escritorio/Repositorio/eco-savor-backend/microservices/orders/src/middlewares/roles.js": {"path":"/mnt/c/Users/delga/OneDrive/Escritorio/Repositorio/eco-savor-backend/microservices/orders/src/middlewares/roles.js","statementMap":{"0":{"start":{"line":8,"column":20},"end":{"line":28,"column":1}},"1":{"start":{"line":9,"column":2},"end":{"line":27,"column":4}},"2":{"start":{"line":11,"column":4},"end":{"line":16,"column":5}},"3":{"start":{"line":12,"column":6},"end":{"line":15,"column":9}},"4":{"start":{"line":19,"column":4},"end":{"line":24,"column":5}},"5":{"start":{"line":20,"column":6},"end":{"line":23,"column":9}},"6":{"start":{"line":26,"column":4},"end":{"line":26,"column":11}},"7":{"start":{"line":30,"column":0},"end":{"line":30,"column":29}}},"fnMap":{"0":{"name":"(anonymous_0)","decl":{"start":{"line":8,"column":20},"end":{"line":8,"column":21}},"loc":{"start":{"line":8,"column":34},"end":{"line":28,"column":1}},"line":8},"1":{"name":"(anonymous_1)","decl":{"start":{"line":9,"column":9},"end":{"line":9,"column":10}},"loc":{"start":{"line":9,"column":29},"end":{"line":27,"column":3}},"line":9}},"branchMap":{"0":{"loc":{"start":{"line":11,"column":4},"end":{"line":16,"column":5}},"type":"if","locations":[{"start":{"line":11,"column":4},"end":{"line":16,"column":5}},{"start":{},"end":{}}],"line":11},"1":{"loc":{"start":{"line":19,"column":4},"end":{"line":24,"column":5}},"type":"if","locations":[{"start":{"line":19,"column":4},"end":{"line":24,"column":5}},{"start":{},"end":{}}],"line":19}},"s":{"0":1,"1":10,"2":14,"3":0,"4":14,"5":0,"6":14,"7":1},"f":{"0":10,"1":14},"b":{"0":[0,14],"1":[0,14]},"_coverageSchema":"1a1c01bbd47fc00a2c39e90264f33305004495a9","hash":"60922516f31bb145e0d090941721c9cae0d877b7"}
,"/mnt/c/Users/delga/OneDrive/Escritorio/Repositorio/eco-savor-backend/microservices/orders/src/models/orderModel.js": {"path":"/mnt/c/Users/delga/OneDrive/Escritorio/Repositorio/eco-savor-backend/microservices/orders/src/models/orderModel.js","statementMap":{"0":{"start":{"line":1,"column":17},"end":{"line":1,"column":36}},"1":{"start":{"line":3,"column":20},"end":{"line":74,"column":2}},"2":{"start":{"line":77,"column":0},"end":{"line":77,"column":48}},"3":{"start":{"line":78,"column":0},"end":{"line":78,"column":50}},"4":{"start":{"line":79,"column":0},"end":{"line":79,"column":33}},"5":{"start":{"line":81,"column":0},"end":{"line":81,"column":54}}},"fnMap":{},"branchMap":{},"s":{"0":1,"1":1,"2":1,"3":1,"4":1,"5":1},"f":{},"b":{},"_coverageSchema":"1a1c01bbd47fc00a2c39e90264f33305004495a9","hash":"bc37b0d7707f2724c4cd5fc8d693bcc42c561719"}
,"/mnt/c/Users/delga/OneDrive/Escritorio/Repositorio/eco-savor-backend/microservices/orders/src/repositories/orderRepository.js": {"path":"/mnt/c/Users/delga/OneDrive/Escritorio/Repositorio/eco-savor-backend/microservices/orders/src/repositories/orderRepository.js","statementMap":{"0":{"start":{"line":1,"column":14},"end":{"line":1,"column":45}},"1":{"start":{"line":9,"column":18},"end":{"line":9,"column":38}},"2":{"start":{"line":10,"column":4},"end":{"line":10,"column":30}},"3":{"start":{"line":14,"column":4},"end":{"line":14,"column":36}},"4":{"start":{"line":18,"column":18},"end":{"line":18,"column":20}},"5":{"start":{"line":20,"column":4},"end":{"line":22,"column":5}},"6":{"start":{"line":21,"column":6},"end":{"line":21,"column":36}},"7":{"start":{"line":23,"column":4},"end":{"line":25,"column":5}},"8":{"start":{"line":24,"column":6},"end":{"line":24,"column":48}},"9":{"start":{"line":26,"column":4},"end":{"line":28,"column":5}},"10":{"start":{"line":27,"column":6},"end":{"line":27,"column":36}},"11":{"start":{"line":30,"column":4},"end":{"line":30,"column":59}},"12":{"start":{"line":34,"column":4},"end":{"line":34,"column":64}},"13":{"start":{"line":38,"column":18},"end":{"line":38,"column":34}},"14":{"start":{"line":39,"column":4},"end":{"line":41,"column":5}},"15":{"start":{"line":40,"column":6},"end":{"line":40,"column":28}},"16":{"start":{"line":42,"column":4},"end":{"line":42,"column":59}},"17":{"start":{"line":46,"column":4},"end":{"line":46,"column":64}},"18":{"start":{"line":50,"column":4},"end":{"line":54,"column":6}},"19":{"start":{"line":58,"column":4},"end":{"line":62,"column":6}},"20":{"start":{"line":75,"column":4},"end":{"line":79,"column":6}},"21":{"start":{"line":87,"column":4},"end":{"line":91,"column":6}},"22":{"start":{"line":95,"column":4},"end":{"line":99,"column":6}},"23":{"start":{"line":103,"column":4},"end":{"line":103,"column":45}},"24":{"start":{"line":107,"column":0},"end":{"line":107,"column":39}}},"fnMap":{"0":{"name":"(anonymous_0)","decl":{"start":{"line":8,"column":2},"end":{"line":8,"column":3}},"loc":{"start":{"line":8,"column":26},"end":{"line":11,"column":3}},"line":8},"1":{"name":"(anonymous_1)","decl":{"start":{"line":13,"column":2},"end":{"line":13,"column":3}},"loc":{"start":{"line":13,"column":21},"end":{"line":15,"column":3}},"line":13},"2":{"name":"(anonymous_2)","decl":{"start":{"line":17,"column":2},"end":{"line":17,"column":3}},"loc":{"start":{"line":17,"column":30},"end":{"line":31,"column":3}},"line":17},"3":{"name":"(anonymous_3)","decl":{"start":{"line":33,"column":2},"end":{"line":33,"column":3}},"loc":{"start":{"line":33,"column":27},"end":{"line":35,"column":3}},"line":33},"4":{"name":"(anonymous_4)","decl":{"start":{"line":37,"column":2},"end":{"line":37,"column":3}},"loc":{"start":{"line":37,"column":54},"end":{"line":43,"column":3}},"line":37},"5":{"name":"(anonymous_5)","decl":{"start":{"line":45,"column":2},"end":{"line":45,"column":3}},"loc":{"start":{"line":45,"column":29},"end":{"line":47,"column":3}},"line":45},"6":{"name":"(anonymous_6)","decl":{"start":{"line":49,"column":2},"end":{"line":49,"column":3}},"loc":{"start":{"line":49,"column":31},"end":{"line":55,"column":3}},"line":49},"7":{"name":"(anonymous_7)","decl":{"start":{"line":57,"column":2},"end":{"line":57,"column":3}},"loc":{"start":{"line":57,"column":33},"end":{"line":63,"column":3}},"line":57},"8":{"name":"(anonymous_8)","decl":{"start":{"line":74,"column":2},"end":{"line":74,"column":3}},"loc":{"start":{"line":74,"column":27},"end":{"line":80,"column":3}},"line":74},"9":{"name":"(anonymous_9)","decl":{"start":{"line":86,"column":2},"end":{"line":86,"column":3}},"loc":{"start":{"line":86,"column":30},"end":{"line":92,"column":3}},"line":86},"10":{"name":"(anonymous_10)","decl":{"start":{"line":94,"column":2},"end":{"line":94,"column":3}},"loc":{"start":{"line":94,"column":19},"end":{"line":100,"column":3}},"line":94},"11":{"name":"(anonymous_11)","decl":{"start":{"line":102,"column":2},"end":{"line":102,"column":3}},"loc":{"start":{"line":102,"column":19},"end":{"line":104,"column":3}},"line":102}},"branchMap":{"0":{"loc":{"start":{"line":17,"column":16},"end":{"line":17,"column":28}},"type":"default-arg","locations":[{"start":{"line":17,"column":26},"end":{"line":17,"column":28}}],"line":17},"1":{"loc":{"start":{"line":20,"column":4},"end":{"line":22,"column":5}},"type":"if","locations":[{"start":{"line":20,"column":4},"end":{"line":22,"column":5}},{"start":{},"end":{}}],"line":20},"2":{"loc":{"start":{"line":23,"column":4},"end":{"line":25,"column":5}},"type":"if","locations":[{"start":{"line":23,"column":4},"end":{"line":25,"column":5}},{"start":{},"end":{}}],"line":23},"3":{"loc":{"start":{"line":26,"column":4},"end":{"line":28,"column":5}},"type":"if","locations":[{"start":{"line":26,"column":4},"end":{"line":28,"column":5}},{"start":{},"end":{}}],"line":26},"4":{"loc":{"start":{"line":37,"column":39},"end":{"line":37,"column":52}},"type":"default-arg","locations":[{"start":{"line":37,"column":48},"end":{"line":37,"column":52}}],"line":37},"5":{"loc":{"start":{"line":39,"column":4},"end":{"line":41,"column":5}},"type":"if","locations":[{"start":{"line":39,"column":4},"end":{"line":41,"column":5}},{"start":{},"end":{}}],"line":39}},"s":{"0":1,"1":2,"2":2,"3":11,"4":1,"5":1,"6":1,"7":1,"8":0,"9":1,"10":0,"11":1,"12":0,"13":1,"14":1,"15":0,"16":1,"17":0,"18":1,"19":3,"20":5,"21":4,"22":2,"23":0,"24":1},"f":{"0":2,"1":11,"2":1,"3":0,"4":1,"5":0,"6":1,"7":3,"8":5,"9":4,"10":2,"11":0},"b":{"0":[0],"1":[1,0],"2":[0,1],"3":[0,1],"4":[0],"5":[0,1]},"_coverageSchema":"1a1c01bbd47fc00a2c39e90264f33305004495a9","hash":"9e45854df79368e2f851eb082bbdd68f464b656e"}
,"/mnt/c/Users/delga/OneDrive/Escritorio/Repositorio/eco-savor-backend/microservices/orders/src/routes/orderRoutes.js": {"path":"/mnt/c/Users/delga/OneDrive/Escritorio/Repositorio/eco-savor-backend/microservices/orders/src/routes/orderRoutes.js","statementMap":{"0":{"start":{"line":1,"column":16},"end":{"line":1,"column":34}},"1":{"start":{"line":2,"column":15},"end":{"line":2,"column":31}},"2":{"start":{"line":3,"column":24},"end":{"line":3,"column":65}},"3":{"start":{"line":4,"column":27},"end":{"line":4,"column":57}},"4":{"start":{"line":5,"column":20},"end":{"line":5,"column":51}},"5":{"start":{"line":14,"column":0},"end":{"line":17,"column":2}},"6":{"start":{"line":20,"column":0},"end":{"line":20,"column":44}},"7":{"start":{"line":23,"column":0},"end":{"line":23,"column":49}},"8":{"start":{"line":26,"column":0},"end":{"line":29,"column":2}},"9":{"start":{"line":32,"column":0},"end":{"line":35,"column":2}},"10":{"start":{"line":38,"column":0},"end":{"line":41,"column":2}},"11":{"start":{"line":44,"column":0},"end":{"line":47,"column":2}},"12":{"start":{"line":48,"column":0},"end":{"line":51,"column":2}},"13":{"start":{"line":52,"column":0},"end":{"line":55,"column":2}},"14":{"start":{"line":56,"column":0},"end":{"line":59,"column":2}},"15":{"start":{"line":62,"column":0},"end":{"line":62,"column":56}},"16":{"start":{"line":65,"column":0},"end":{"line":68,"column":2}},"17":{"start":{"line":71,"column":0},"end":{"line":74,"column":2}},"18":{"start":{"line":76,"column":0},"end":{"line":76,"column":24}}},"fnMap":{},"branchMap":{},"s":{"0":1,"1":1,"2":1,"3":1,"4":1,"5":1,"6":1,"7":1,"8":1,"9":1,"10":1,"11":1,"12":1,"13":1,"14":1,"15":1,"16":1,"17":1,"18":1},"f":{},"b":{},"_coverageSchema":"1a1c01bbd47fc00a2c39e90264f33305004495a9","hash":"b65950420bb764b3c1dbd0177e72200556200964"}
,"/mnt/c/Users/delga/OneDrive/Escritorio/Repositorio/eco-savor-backend/microservices/orders/src/services/orderService.js": {"path":"/mnt/c/Users/delga/OneDrive/Escritorio/Repositorio/eco-savor-backend/microservices/orders/src/services/orderService.js","statementMap":{"0":{"start":{"line":1,"column":24},"end":{"line":1,"column":66}},"1":{"start":{"line":2,"column":21},"end":{"line":2,"column":57}},"2":{"start":{"line":3,"column":28},"end":{"line":3,"column":73}},"3":{"start":{"line":4,"column":21},"end":{"line":4,"column":46}},"4":{"start":{"line":17,"column":4},"end":{"line":19,"column":5}},"5":{"start":{"line":18,"column":6},"end":{"line":18,"column":66}},"6":{"start":{"line":25,"column":4},"end":{"line":25,"column":72}},"7":{"start":{"line":28,"column":4},"end":{"line":28,"column":30}},"8":{"start":{"line":31,"column":25},"end":{"line":31,"column":56}},"9":{"start":{"line":32,"column":30},"end":{"line":32,"column":95}},"10":{"start":{"line":32,"column":60},"end":{"line":32,"column":94}},"11":{"start":{"line":33,"column":4},"end":{"line":35,"column":5}},"12":{"start":{"line":34,"column":6},"end":{"line":34,"column":77}},"13":{"start":{"line":38,"column":4},"end":{"line":38,"column":42}},"14":{"start":{"line":39,"column":4},"end":{"line":39,"column":65}},"15":{"start":{"line":42,"column":4},"end":{"line":44,"column":5}},"16":{"start":{"line":43,"column":6},"end":{"line":43,"column":107}},"17":{"start":{"line":43,"column":68},"end":{"line":43,"column":102}},"18":{"start":{"line":47,"column":26},"end":{"line":47,"column":82}},"19":{"start":{"line":50,"column":18},"end":{"line":50,"column":61}},"20":{"start":{"line":53,"column":4},"end":{"line":53,"column":52}},"21":{"start":{"line":55,"column":4},"end":{"line":58,"column":6}},"22":{"start":{"line":65,"column":18},"end":{"line":65,"column":52}},"23":{"start":{"line":66,"column":4},"end":{"line":68,"column":5}},"24":{"start":{"line":67,"column":6},"end":{"line":67,"column":45}},"25":{"start":{"line":69,"column":4},"end":{"line":69,"column":17}},"26":{"start":{"line":76,"column":4},"end":{"line":76,"column":50}},"27":{"start":{"line":83,"column":4},"end":{"line":83,"column":52}},"28":{"start":{"line":90,"column":4},"end":{"line":90,"column":72}},"29":{"start":{"line":100,"column":26},"end":{"line":100,"column":98}},"30":{"start":{"line":101,"column":4},"end":{"line":103,"column":5}},"31":{"start":{"line":102,"column":6},"end":{"line":102,"column":87}},"32":{"start":{"line":105,"column":4},"end":{"line":107,"column":5}},"33":{"start":{"line":106,"column":6},"end":{"line":106,"column":36}},"34":{"start":{"line":109,"column":18},"end":{"line":109,"column":64}},"35":{"start":{"line":110,"column":4},"end":{"line":112,"column":5}},"36":{"start":{"line":111,"column":6},"end":{"line":111,"column":45}},"37":{"start":{"line":115,"column":4},"end":{"line":115,"column":64}},"38":{"start":{"line":117,"column":4},"end":{"line":117,"column":17}},"39":{"start":{"line":128,"column":27},"end":{"line":128,"column":67}},"40":{"start":{"line":130,"column":4},"end":{"line":139,"column":5}},"41":{"start":{"line":132,"column":23},"end":{"line":132,"column":57}},"42":{"start":{"line":133,"column":6},"end":{"line":135,"column":7}},"43":{"start":{"line":134,"column":8},"end":{"line":134,"column":47}},"44":{"start":{"line":136,"column":20},"end":{"line":136,"column":118}},"45":{"start":{"line":137,"column":6},"end":{"line":137,"column":30}},"46":{"start":{"line":138,"column":6},"end":{"line":138,"column":18}},"47":{"start":{"line":141,"column":4},"end":{"line":149,"column":5}},"48":{"start":{"line":143,"column":6},"end":{"line":143,"column":59}},"49":{"start":{"line":147,"column":6},"end":{"line":147,"column":56}},"50":{"start":{"line":148,"column":6},"end":{"line":148,"column":18}},"51":{"start":{"line":153,"column":23},"end":{"line":153,"column":66}},"52":{"start":{"line":156,"column":4},"end":{"line":156,"column":74}},"53":{"start":{"line":158,"column":4},"end":{"line":158,"column":22}},"54":{"start":{"line":165,"column":4},"end":{"line":165,"column":52}},"55":{"start":{"line":172,"column":4},"end":{"line":172,"column":48}},"56":{"start":{"line":179,"column":4},"end":{"line":179,"column":52}},"57":{"start":{"line":188,"column":18},"end":{"line":188,"column":40}},"58":{"start":{"line":190,"column":4},"end":{"line":194,"column":5}},"59":{"start":{"line":191,"column":20},"end":{"line":191,"column":89}},"60":{"start":{"line":192,"column":6},"end":{"line":192,"column":30}},"61":{"start":{"line":193,"column":6},"end":{"line":193,"column":18}},"62":{"start":{"line":197,"column":4},"end":{"line":199,"column":5}},"63":{"start":{"line":198,"column":6},"end":{"line":198,"column":51}},"64":{"start":{"line":201,"column":27},"end":{"line":201,"column":59}},"65":{"start":{"line":202,"column":4},"end":{"line":204,"column":5}},"66":{"start":{"line":203,"column":6},"end":{"line":203,"column":45}},"67":{"start":{"line":207,"column":4},"end":{"line":207,"column":78}},"68":{"start":{"line":209,"column":4},"end":{"line":209,"column":26}},"69":{"start":{"line":217,"column":42},"end":{"line":217,"column":52}},"70":{"start":{"line":218,"column":18},"end":{"line":218,"column":66}},"71":{"start":{"line":219,"column":4},"end":{"line":221,"column":5}},"72":{"start":{"line":220,"column":6},"end":{"line":220,"column":45}},"73":{"start":{"line":222,"column":4},"end":{"line":222,"column":17}},"74":{"start":{"line":229,"column":18},"end":{"line":229,"column":52}},"75":{"start":{"line":230,"column":4},"end":{"line":232,"column":5}},"76":{"start":{"line":231,"column":6},"end":{"line":231,"column":45}},"77":{"start":{"line":233,"column":4},"end":{"line":235,"column":5}},"78":{"start":{"line":234,"column":6},"end":{"line":234,"column":68}},"79":{"start":{"line":236,"column":4},"end":{"line":236,"column":37}},"80":{"start":{"line":240,"column":0},"end":{"line":240,"column":36}}},"fnMap":{"0":{"name":"(anonymous_0)","decl":{"start":{"line":15,"column":2},"end":{"line":15,"column":3}},"loc":{"start":{"line":15,"column":80},"end":{"line":59,"column":3}},"line":15},"1":{"name":"(anonymous_1)","decl":{"start":{"line":32,"column":52},"end":{"line":32,"column":53}},"loc":{"start":{"line":32,"column":60},"end":{"line":32,"column":94}},"line":32},"2":{"name":"(anonymous_2)","decl":{"start":{"line":43,"column":53},"end":{"line":43,"column":54}},"loc":{"start":{"line":43,"column":68},"end":{"line":43,"column":102}},"line":43},"3":{"name":"(anonymous_3)","decl":{"start":{"line":64,"column":2},"end":{"line":64,"column":3}},"loc":{"start":{"line":64,"column":20},"end":{"line":70,"column":3}},"line":64},"4":{"name":"(anonymous_4)","decl":{"start":{"line":75,"column":2},"end":{"line":75,"column":3}},"loc":{"start":{"line":75,"column":22},"end":{"line":77,"column":3}},"line":75},"5":{"name":"(anonymous_5)","decl":{"start":{"line":82,"column":2},"end":{"line":82,"column":3}},"loc":{"start":{"line":82,"column":26},"end":{"line":84,"column":3}},"line":82},"6":{"name":"(anonymous_6)","decl":{"start":{"line":89,"column":2},"end":{"line":89,"column":3}},"loc":{"start":{"line":89,"column":53},"end":{"line":91,"column":3}},"line":89},"7":{"name":"(anonymous_7)","decl":{"start":{"line":99,"column":2},"end":{"line":99,"column":3}},"loc":{"start":{"line":99,"column":33},"end":{"line":118,"column":3}},"line":99},"8":{"name":"(anonymous_8)","decl":{"start":{"line":127,"column":2},"end":{"line":127,"column":3}},"loc":{"start":{"line":127,"column":20},"end":{"line":159,"column":3}},"line":127},"9":{"name":"(anonymous_9)","decl":{"start":{"line":164,"column":2},"end":{"line":164,"column":3}},"loc":{"start":{"line":164,"column":28},"end":{"line":166,"column":3}},"line":164},"10":{"name":"(anonymous_10)","decl":{"start":{"line":171,"column":2},"end":{"line":171,"column":3}},"loc":{"start":{"line":171,"column":24},"end":{"line":173,"column":3}},"line":171},"11":{"name":"(anonymous_11)","decl":{"start":{"line":178,"column":2},"end":{"line":178,"column":3}},"loc":{"start":{"line":178,"column":21},"end":{"line":180,"column":3}},"line":178},"12":{"name":"(anonymous_12)","decl":{"start":{"line":187,"column":2},"end":{"line":187,"column":3}},"loc":{"start":{"line":187,"column":19},"end":{"line":210,"column":3}},"line":187},"13":{"name":"(anonymous_13)","decl":{"start":{"line":215,"column":2},"end":{"line":215,"column":3}},"loc":{"start":{"line":215,"column":31},"end":{"line":223,"column":3}},"line":215},"14":{"name":"(anonymous_14)","decl":{"start":{"line":228,"column":2},"end":{"line":228,"column":3}},"loc":{"start":{"line":228,"column":19},"end":{"line":237,"column":3}},"line":228}},"branchMap":{"0":{"loc":{"start":{"line":15,"column":26},"end":{"line":15,"column":48}},"type":"default-arg","locations":[{"start":{"line":15,"column":38},"end":{"line":15,"column":48}}],"line":15},"1":{"loc":{"start":{"line":15,"column":50},"end":{"line":15,"column":70}},"type":"default-arg","locations":[{"start":{"line":15,"column":66},"end":{"line":15,"column":70}}],"line":15},"2":{"loc":{"start":{"line":17,"column":4},"end":{"line":19,"column":5}},"type":"if","locations":[{"start":{"line":17,"column":4},"end":{"line":19,"column":5}},{"start":{},"end":{}}],"line":17},"3":{"loc":{"start":{"line":17,"column":8},"end":{"line":17,"column":56}},"type":"binary-expr","locations":[{"start":{"line":17,"column":8},"end":{"line":17,"column":24}},{"start":{"line":17,"column":28},"end":{"line":17,"column":56}}],"line":17},"4":{"loc":{"start":{"line":33,"column":4},"end":{"line":35,"column":5}},"type":"if","locations":[{"start":{"line":33,"column":4},"end":{"line":35,"column":5}},{"start":{},"end":{}}],"line":33},"5":{"loc":{"start":{"line":42,"column":4},"end":{"line":44,"column":5}},"type":"if","locations":[{"start":{"line":42,"column":4},"end":{"line":44,"column":5}},{"start":{},"end":{}}],"line":42},"6":{"loc":{"start":{"line":66,"column":4},"end":{"line":68,"column":5}},"type":"if","locations":[{"start":{"line":66,"column":4},"end":{"line":68,"column":5}},{"start":{},"end":{}}],"line":66},"7":{"loc":{"start":{"line":89,"column":38},"end":{"line":89,"column":51}},"type":"default-arg","locations":[{"start":{"line":89,"column":47},"end":{"line":89,"column":51}}],"line":89},"8":{"loc":{"start":{"line":101,"column":4},"end":{"line":103,"column":5}},"type":"if","locations":[{"start":{"line":101,"column":4},"end":{"line":103,"column":5}},{"start":{},"end":{}}],"line":101},"9":{"loc":{"start":{"line":105,"column":4},"end":{"line":107,"column":5}},"type":"if","locations":[{"start":{"line":105,"column":4},"end":{"line":107,"column":5}},{"start":{},"end":{}}],"line":105},"10":{"loc":{"start":{"line":110,"column":4},"end":{"line":112,"column":5}},"type":"if","locations":[{"start":{"line":110,"column":4},"end":{"line":112,"column":5}},{"start":{},"end":{}}],"line":110},"11":{"loc":{"start":{"line":130,"column":4},"end":{"line":139,"column":5}},"type":"if","locations":[{"start":{"line":130,"column":4},"end":{"line":139,"column":5}},{"start":{},"end":{}}],"line":130},"12":{"loc":{"start":{"line":133,"column":6},"end":{"line":135,"column":7}},"type":"if","locations":[{"start":{"line":133,"column":6},"end":{"line":135,"column":7}},{"start":{},"end":{}}],"line":133},"13":{"loc":{"start":{"line":190,"column":4},"end":{"line":194,"column":5}},"type":"if","locations":[{"start":{"line":190,"column":4},"end":{"line":194,"column":5}},{"start":{},"end":{}}],"line":190},"14":{"loc":{"start":{"line":190,"column":8},"end":{"line":190,"column":68}},"type":"binary-expr","locations":[{"start":{"line":190,"column":8},"end":{"line":190,"column":36}},{"start":{"line":190,"column":40},"end":{"line":190,"column":68}}],"line":190},"15":{"loc":{"start":{"line":197,"column":4},"end":{"line":199,"column":5}},"type":"if","locations":[{"start":{"line":197,"column":4},"end":{"line":199,"column":5}},{"start":{},"end":{}}],"line":197},"16":{"loc":{"start":{"line":202,"column":4},"end":{"line":204,"column":5}},"type":"if","locations":[{"start":{"line":202,"column":4},"end":{"line":204,"column":5}},{"start":{},"end":{}}],"line":202},"17":{"loc":{"start":{"line":219,"column":4},"end":{"line":221,"column":5}},"type":"if","locations":[{"start":{"line":219,"column":4},"end":{"line":221,"column":5}},{"start":{},"end":{}}],"line":219},"18":{"loc":{"start":{"line":230,"column":4},"end":{"line":232,"column":5}},"type":"if","locations":[{"start":{"line":230,"column":4},"end":{"line":232,"column":5}},{"start":{},"end":{}}],"line":230},"19":{"loc":{"start":{"line":233,"column":4},"end":{"line":235,"column":5}},"type":"if","locations":[{"start":{"line":233,"column":4},"end":{"line":235,"column":5}},{"start":{},"end":{}}],"line":233}},"s":{"0":1,"1":1,"2":1,"3":1,"4":3,"5":1,"6":2,"7":2,"8":2,"9":2,"10":2,"11":2,"12":0,"13":2,"14":2,"15":2,"16":0,"17":0,"18":2,"19":2,"20":2,"21":2,"22":10,"23":10,"24":1,"25":9,"26":1,"27":0,"28":1,"29":6,"30":6,"31":1,"32":5,"33":2,"34":3,"35":3,"36":0,"37":3,"38":3,"39":5,"40":5,"41":1,"42":1,"43":0,"44":1,"45":1,"46":1,"47":4,"48":4,"49":0,"50":0,"51":4,"52":4,"53":4,"54":1,"55":1,"56":1,"57":4,"58":4,"59":2,"60":2,"61":2,"62":2,"63":0,"64":2,"65":2,"66":0,"67":2,"68":2,"69":1,"70":1,"71":1,"72":0,"73":1,"74":0,"75":0,"76":0,"77":0,"78":0,"79":0,"80":1},"f":{"0":3,"1":2,"2":0,"3":10,"4":1,"5":0,"6":1,"7":6,"8":5,"9":1,"10":1,"11":1,"12":4,"13":1,"14":0},"b":{"0":[3],"1":[3],"2":[1,2],"3":[3,2],"4":[0,2],"5":[0,2],"6":[1,9],"7":[0],"8":[1,5],"9":[2,3],"10":[0,3],"11":[1,4],"12":[0,1],"13":[2,2],"14":[4,3],"15":[0,2],"16":[0,2],"17":[0,1],"18":[0,0],"19":[0,0]},"_coverageSchema":"1a1c01bbd47fc00a2c39e90264f33305004495a9","hash":"70e87a1873289d62fa93d4c3a33707e50aae347c"}
,"/mnt/c/Users/delga/OneDrive/Escritorio/Repositorio/eco-savor-backend/microservices/orders/src/strategies/notificationStrategy.js": {"path":"/mnt/c/Users/delga/OneDrive/Escritorio/Repositorio/eco-savor-backend/microservices/orders/src/strategies/notificationStrategy.js","statementMap":{"0":{"start":{"line":8,"column":4},"end":{"line":8,"column":75}},"1":{"start":{"line":9,"column":4},"end":{"line":9,"column":73}},"2":{"start":{"line":10,"column":4},"end":{"line":10,"column":66}},"3":{"start":{"line":17,"column":4},"end":{"line":17,"column":74}},"4":{"start":{"line":18,"column":4},"end":{"line":18,"column":64}},"5":{"start":{"line":25,"column":4},"end":{"line":25,"column":77}},"6":{"start":{"line":26,"column":4},"end":{"line":26,"column":65}},"7":{"start":{"line":35,"column":4},"end":{"line":39,"column":6}},"8":{"start":{"line":46,"column":20},"end":{"line":46,"column":22}},"9":{"start":{"line":48,"column":4},"end":{"line":57,"column":5}},"10":{"start":{"line":49,"column":6},"end":{"line":56,"column":7}},"11":{"start":{"line":50,"column":8},"end":{"line":55,"column":9}},"12":{"start":{"line":51,"column":25},"end":{"line":51,"column":75}},"13":{"start":{"line":52,"column":10},"end":{"line":52,"column":31}},"14":{"start":{"line":54,"column":10},"end":{"line":54,"column":68}},"15":{"start":{"line":59,"column":4},"end":{"line":59,"column":19}},"16":{"start":{"line":66,"column":21},"end":{"line":72,"column":5}},"17":{"start":{"line":74,"column":20},"end":{"line":74,"column":77}},"18":{"start":{"line":75,"column":4},"end":{"line":75,"column":64}},"19":{"start":{"line":82,"column":20},"end":{"line":82,"column":81}},"20":{"start":{"line":83,"column":4},"end":{"line":83,"column":55}},"21":{"start":{"line":87,"column":0},"end":{"line":87,"column":43}}},"fnMap":{"0":{"name":"(anonymous_0)","decl":{"start":{"line":7,"column":2},"end":{"line":7,"column":3}},"loc":{"start":{"line":7,"column":29},"end":{"line":11,"column":3}},"line":7},"1":{"name":"(anonymous_1)","decl":{"start":{"line":16,"column":2},"end":{"line":16,"column":3}},"loc":{"start":{"line":16,"column":29},"end":{"line":19,"column":3}},"line":16},"2":{"name":"(anonymous_2)","decl":{"start":{"line":24,"column":2},"end":{"line":24,"column":3}},"loc":{"start":{"line":24,"column":29},"end":{"line":27,"column":3}},"line":24},"3":{"name":"(anonymous_3)","decl":{"start":{"line":34,"column":2},"end":{"line":34,"column":3}},"loc":{"start":{"line":34,"column":16},"end":{"line":40,"column":3}},"line":34},"4":{"name":"(anonymous_4)","decl":{"start":{"line":45,"column":2},"end":{"line":45,"column":3}},"loc":{"start":{"line":45,"column":51},"end":{"line":60,"column":3}},"line":45},"5":{"name":"(anonymous_5)","decl":{"start":{"line":65,"column":2},"end":{"line":65,"column":3}},"loc":{"start":{"line":65,"column":45},"end":{"line":76,"column":3}},"line":65},"6":{"name":"(anonymous_6)","decl":{"start":{"line":81,"column":2},"end":{"line":81,"column":3}},"loc":{"start":{"line":81,"column":30},"end":{"line":84,"column":3}},"line":81}},"branchMap":{"0":{"loc":{"start":{"line":45,"column":31},"end":{"line":45,"column":49}},"type":"default-arg","locations":[{"start":{"line":45,"column":41},"end":{"line":45,"column":49}}],"line":45},"1":{"loc":{"start":{"line":49,"column":6},"end":{"line":56,"column":7}},"type":"if","locations":[{"start":{"line":49,"column":6},"end":{"line":56,"column":7}},{"start":{},"end":{}}],"line":49},"2":{"loc":{"start":{"line":74,"column":20},"end":{"line":74,"column":77}},"type":"binary-expr","locations":[{"start":{"line":74,"column":20},"end":{"line":74,"column":39}},{"start":{"line":74,"column":43},"end":{"line":74,"column":77}}],"line":74}},"s":{"0":9,"1":9,"2":9,"3":0,"4":0,"5":11,"6":11,"7":1,"8":11,"9":11,"10":20,"11":20,"12":20,"13":20,"14":0,"15":11,"16":9,"17":9,"18":9,"19":2,"20":2,"21":1},"f":{"0":9,"1":0,"2":11,"3":1,"4":11,"5":9,"6":2},"b":{"0":[0],"1":[20,0],"2":[9,0]},"_coverageSchema":"1a1c01bbd47fc00a2c39e90264f33305004495a9","hash":"4fc95d0d3a631ee5c0ae7caa65836c58ff8b0529"}
}
