TN:
SF:src/controllers/orderController.js
FN:12,(anonymous_0)
FN:43,(anonymous_1)
FN:68,(anonymous_2)
FN:105,(anonymous_3)
FN:137,(anonymous_4)
FN:169,(anonymous_5)
FN:202,(anonymous_6)
FN:229,(anonymous_7)
FN:253,(anonymous_8)
FN:277,(anonymous_9)
FN:303,(anonymous_10)
FN:352,(anonymous_11)
FN:376,(anonymous_12)
FNF:13
FNH:11
FNDA:3,(anonymous_0)
FNDA:2,(anonymous_1)
FNDA:1,(anonymous_2)
FNDA:0,(anonymous_3)
FNDA:1,(anonymous_4)
FNDA:3,(anonymous_5)
FNDA:3,(anonymous_6)
FNDA:1,(anonymous_7)
FNDA:1,(anonymous_8)
FNDA:1,(anonymous_9)
FNDA:4,(anonymous_10)
FNDA:1,(anonymous_11)
FNDA:0,(anonymous_12)
DA:1,1
DA:12,1
DA:13,3
DA:15,3
DA:16,3
DA:18,3
DA:20,2
DA:26,1
DA:28,1
DA:29,1
DA:31,0
DA:32,0
DA:35,0
DA:43,1
DA:44,2
DA:45,2
DA:47,1
DA:52,1
DA:54,1
DA:55,1
DA:58,0
DA:68,1
DA:69,1
DA:70,1
DA:71,1
DA:73,1
DA:76,1
DA:77,1
DA:78,0
DA:79,0
DA:83,1
DA:84,1
DA:86,1
DA:88,1
DA:94,0
DA:95,0
DA:105,1
DA:106,0
DA:107,0
DA:108,0
DA:111,0
DA:112,0
DA:118,0
DA:120,0
DA:126,0
DA:127,0
DA:137,1
DA:138,1
DA:139,1
DA:140,1
DA:143,1
DA:144,0
DA:150,1
DA:152,1
DA:154,1
DA:160,0
DA:161,0
DA:169,1
DA:170,3
DA:171,3
DA:173,3
DA:174,0
DA:177,3
DA:179,2
DA:185,1
DA:187,1
DA:188,0
DA:190,1
DA:191,1
DA:194,0
DA:202,1
DA:203,3
DA:204,3
DA:206,2
DA:212,1
DA:214,1
DA:215,0
DA:217,1
DA:218,1
DA:221,0
DA:229,1
DA:230,1
DA:231,1
DA:233,1
DA:239,0
DA:241,0
DA:242,0
DA:245,0
DA:253,1
DA:254,1
DA:255,1
DA:257,1
DA:263,0
DA:265,0
DA:266,0
DA:269,0
DA:277,1
DA:278,1
DA:279,1
DA:281,1
DA:287,0
DA:289,0
DA:290,0
DA:293,0
DA:303,1
DA:304,4
DA:305,4
DA:306,4
DA:307,4
DA:310,4
DA:313,4
DA:314,0
DA:320,4
DA:321,0
DA:327,4
DA:329,2
DA:335,2
DA:337,2
DA:338,0
DA:340,2
DA:341,2
DA:344,0
DA:352,1
DA:353,1
DA:354,1
DA:356,1
DA:362,0
DA:364,0
DA:365,0
DA:368,0
DA:376,1
DA:377,0
DA:378,0
DA:380,0
DA:385,0
DA:387,0
DA:388,0
DA:391,0
LF:138
LH:86
BRDA:28,0,0,1
BRDA:28,0,1,0
BRDA:28,1,0,1
BRDA:28,1,1,0
BRDA:28,1,2,0
BRDA:31,2,0,0
BRDA:31,2,1,0
BRDA:54,3,0,1
BRDA:54,3,1,0
BRDA:76,4,0,1
BRDA:76,4,1,0
BRDA:78,5,0,0
BRDA:78,5,1,0
BRDA:84,6,0,0
BRDA:84,6,1,1
BRDA:111,7,0,0
BRDA:111,7,1,0
BRDA:143,8,0,0
BRDA:143,8,1,1
BRDA:152,9,0,1
BRDA:152,9,1,1
BRDA:173,10,0,0
BRDA:173,10,1,3
BRDA:187,11,0,0
BRDA:187,11,1,1
BRDA:190,12,0,1
BRDA:190,12,1,0
BRDA:190,13,0,1
BRDA:190,13,1,0
BRDA:214,14,0,0
BRDA:214,14,1,1
BRDA:217,15,0,1
BRDA:217,15,1,0
BRDA:241,16,0,0
BRDA:241,16,1,0
BRDA:265,17,0,0
BRDA:265,17,1,0
BRDA:289,18,0,0
BRDA:289,18,1,0
BRDA:313,19,0,0
BRDA:313,19,1,4
BRDA:313,20,0,4
BRDA:313,20,1,4
BRDA:320,21,0,0
BRDA:320,21,1,4
BRDA:320,22,0,4
BRDA:320,22,1,0
BRDA:337,23,0,0
BRDA:337,23,1,2
BRDA:340,24,0,2
BRDA:340,24,1,0
BRDA:364,25,0,0
BRDA:364,25,1,0
BRDA:387,26,0,0
BRDA:387,26,1,0
BRDA:387,27,0,0
BRDA:387,27,1,0
BRF:57
BRH:21
end_of_record
TN:
SF:src/factories/orderFactory.js
FN:10,(anonymous_0)
FN:13,(anonymous_1)
FN:35,(anonymous_2)
FN:46,(anonymous_3)
FN:56,(anonymous_4)
FN:57,(anonymous_5)
FN:65,(anonymous_6)
FN:72,(anonymous_7)
FNF:8
FNH:6
FNDA:2,(anonymous_0)
FNDA:2,(anonymous_1)
FNDA:0,(anonymous_2)
FNDA:0,(anonymous_3)
FNDA:2,(anonymous_4)
FNDA:2,(anonymous_5)
FNDA:2,(anonymous_6)
FNDA:2,(anonymous_7)
DA:11,2
DA:13,2
DA:36,0
DA:38,0
DA:39,0
DA:40,0
DA:47,0
DA:48,0
DA:49,0
DA:50,0
DA:57,2
DA:58,2
DA:67,2
DA:68,0
DA:72,2
DA:73,2
DA:74,0
DA:78,2
DA:79,0
DA:82,2
DA:84,0
DA:86,0
DA:89,2
DA:94,1
LF:24
LH:11
BRDA:27,0,0,2
BRDA:27,0,1,1
BRDA:28,1,0,2
BRDA:28,1,1,2
BRDA:39,2,0,0
BRDA:39,2,1,0
BRDA:49,3,0,0
BRDA:49,3,1,0
BRDA:65,4,0,0
BRDA:65,5,0,0
BRDA:67,6,0,0
BRDA:67,6,1,2
BRDA:67,7,0,2
BRDA:67,7,1,2
BRDA:73,8,0,0
BRDA:73,8,1,2
BRDA:78,9,0,0
BRDA:78,9,1,2
BRDA:78,10,0,2
BRDA:78,10,1,0
BRDA:78,10,2,0
BRDA:82,11,0,0
BRDA:82,11,1,0
BRDA:82,11,2,2
BRDA:82,11,3,2
BRF:25
BRH:12
end_of_record
TN:
SF:src/middlewares/auth.js
FN:16,(anonymous_0)
FN:23,(anonymous_1)
FN:58,(anonymous_2)
FNF:3
FNH:0
FNDA:0,(anonymous_0)
FNDA:0,(anonymous_1)
FNDA:0,(anonymous_2)
DA:1,1
DA:2,1
DA:4,1
DA:16,1
DA:18,0
DA:23,0
DA:24,0
DA:25,0
DA:26,0
DA:31,0
DA:39,0
DA:40,0
DA:49,0
DA:58,1
DA:59,0
DA:61,0
DA:62,0
DA:65,0
DA:67,0
DA:68,0
DA:69,0
DA:80,0
DA:83,1
LF:23
LH:6
BRDA:4,0,0,1
BRDA:4,0,1,1
BRDA:24,1,0,0
BRDA:24,1,1,0
BRDA:25,2,0,0
BRDA:25,2,1,0
BRDA:39,3,0,0
BRDA:39,3,1,0
BRDA:61,4,0,0
BRDA:61,4,1,0
BRDA:61,5,0,0
BRDA:61,5,1,0
BRF:12
BRH:2
end_of_record
TN:
SF:src/middlewares/roles.js
FN:8,(anonymous_0)
FN:9,(anonymous_1)
FNF:2
FNH:2
FNDA:10,(anonymous_0)
FNDA:14,(anonymous_1)
DA:8,1
DA:9,10
DA:11,14
DA:12,0
DA:19,14
DA:20,0
DA:26,14
DA:30,1
LF:8
LH:6
BRDA:11,0,0,0
BRDA:11,0,1,14
BRDA:19,1,0,0
BRDA:19,1,1,14
BRF:4
BRH:2
end_of_record
TN:
SF:src/models/orderModel.js
FNF:0
FNH:0
DA:1,1
DA:3,1
DA:77,1
DA:78,1
DA:79,1
DA:81,1
LF:6
LH:6
BRF:0
BRH:0
end_of_record
TN:
SF:src/repositories/orderRepository.js
FN:8,(anonymous_0)
FN:13,(anonymous_1)
FN:17,(anonymous_2)
FN:33,(anonymous_3)
FN:37,(anonymous_4)
FN:45,(anonymous_5)
FN:49,(anonymous_6)
FN:57,(anonymous_7)
FN:74,(anonymous_8)
FN:86,(anonymous_9)
FN:94,(anonymous_10)
FN:102,(anonymous_11)
FNF:12
FNH:9
FNDA:2,(anonymous_0)
FNDA:11,(anonymous_1)
FNDA:1,(anonymous_2)
FNDA:0,(anonymous_3)
FNDA:1,(anonymous_4)
FNDA:0,(anonymous_5)
FNDA:1,(anonymous_6)
FNDA:3,(anonymous_7)
FNDA:5,(anonymous_8)
FNDA:4,(anonymous_9)
FNDA:2,(anonymous_10)
FNDA:0,(anonymous_11)
DA:1,1
DA:9,2
DA:10,2
DA:14,11
DA:18,1
DA:20,1
DA:21,1
DA:23,1
DA:24,0
DA:26,1
DA:27,0
DA:30,1
DA:34,0
DA:38,1
DA:39,1
DA:40,0
DA:42,1
DA:46,0
DA:50,1
DA:58,3
DA:75,5
DA:87,4
DA:95,2
DA:103,0
DA:107,1
LF:25
LH:19
BRDA:17,0,0,0
BRDA:20,1,0,1
BRDA:20,1,1,0
BRDA:23,2,0,0
BRDA:23,2,1,1
BRDA:26,3,0,0
BRDA:26,3,1,1
BRDA:37,4,0,0
BRDA:39,5,0,0
BRDA:39,5,1,1
BRF:10
BRH:4
end_of_record
TN:
SF:src/routes/orderRoutes.js
FNF:0
FNH:0
DA:1,1
DA:2,1
DA:3,1
DA:4,1
DA:5,1
DA:14,1
DA:20,1
DA:23,1
DA:26,1
DA:32,1
DA:38,1
DA:44,1
DA:48,1
DA:52,1
DA:56,1
DA:62,1
DA:65,1
DA:71,1
DA:76,1
LF:19
LH:19
BRF:0
BRH:0
end_of_record
TN:
SF:src/services/orderService.js
FN:15,(anonymous_0)
FN:32,(anonymous_1)
FN:43,(anonymous_2)
FN:64,(anonymous_3)
FN:75,(anonymous_4)
FN:82,(anonymous_5)
FN:89,(anonymous_6)
FN:99,(anonymous_7)
FN:127,(anonymous_8)
FN:164,(anonymous_9)
FN:171,(anonymous_10)
FN:178,(anonymous_11)
FN:187,(anonymous_12)
FN:215,(anonymous_13)
FN:228,(anonymous_14)
FNF:15
FNH:12
FNDA:3,(anonymous_0)
FNDA:2,(anonymous_1)
FNDA:0,(anonymous_2)
FNDA:10,(anonymous_3)
FNDA:1,(anonymous_4)
FNDA:0,(anonymous_5)
FNDA:1,(anonymous_6)
FNDA:6,(anonymous_7)
FNDA:5,(anonymous_8)
FNDA:1,(anonymous_9)
FNDA:1,(anonymous_10)
FNDA:1,(anonymous_11)
FNDA:4,(anonymous_12)
FNDA:1,(anonymous_13)
FNDA:0,(anonymous_14)
DA:1,1
DA:2,1
DA:3,1
DA:4,1
DA:17,3
DA:18,1
DA:25,2
DA:28,2
DA:31,2
DA:32,2
DA:33,2
DA:34,0
DA:38,2
DA:39,2
DA:42,2
DA:43,0
DA:47,2
DA:50,2
DA:53,2
DA:55,2
DA:65,10
DA:66,10
DA:67,1
DA:69,9
DA:76,1
DA:83,0
DA:90,1
DA:100,6
DA:101,6
DA:102,1
DA:105,5
DA:106,2
DA:109,3
DA:110,3
DA:111,0
DA:115,3
DA:117,3
DA:128,5
DA:130,5
DA:132,1
DA:133,1
DA:134,0
DA:136,1
DA:137,1
DA:138,1
DA:141,4
DA:143,4
DA:147,0
DA:148,0
DA:153,4
DA:156,4
DA:158,4
DA:165,1
DA:172,1
DA:179,1
DA:188,4
DA:190,4
DA:191,2
DA:192,2
DA:193,2
DA:197,2
DA:198,0
DA:201,2
DA:202,2
DA:203,0
DA:207,2
DA:209,2
DA:217,1
DA:218,1
DA:219,1
DA:220,0
DA:222,1
DA:229,0
DA:230,0
DA:231,0
DA:233,0
DA:234,0
DA:236,0
DA:240,1
LF:79
LH:63
BRDA:15,0,0,3
BRDA:15,1,0,3
BRDA:17,2,0,1
BRDA:17,2,1,2
BRDA:17,3,0,3
BRDA:17,3,1,2
BRDA:33,4,0,0
BRDA:33,4,1,2
BRDA:42,5,0,0
BRDA:42,5,1,2
BRDA:66,6,0,1
BRDA:66,6,1,9
BRDA:89,7,0,0
BRDA:101,8,0,1
BRDA:101,8,1,5
BRDA:105,9,0,2
BRDA:105,9,1,3
BRDA:110,10,0,0
BRDA:110,10,1,3
BRDA:130,11,0,1
BRDA:130,11,1,4
BRDA:133,12,0,0
BRDA:133,12,1,1
BRDA:190,13,0,2
BRDA:190,13,1,2
BRDA:190,14,0,4
BRDA:190,14,1,3
BRDA:197,15,0,0
BRDA:197,15,1,2
BRDA:202,16,0,0
BRDA:202,16,1,2
BRDA:219,17,0,0
BRDA:219,17,1,1
BRDA:230,18,0,0
BRDA:230,18,1,0
BRDA:233,19,0,0
BRDA:233,19,1,0
BRF:37
BRH:25
end_of_record
TN:
SF:src/strategies/notificationStrategy.js
FN:7,(anonymous_0)
FN:16,(anonymous_1)
FN:24,(anonymous_2)
FN:34,(anonymous_3)
FN:45,(anonymous_4)
FN:65,(anonymous_5)
FN:81,(anonymous_6)
FNF:7
FNH:6
FNDA:9,(anonymous_0)
FNDA:0,(anonymous_1)
FNDA:11,(anonymous_2)
FNDA:1,(anonymous_3)
FNDA:11,(anonymous_4)
FNDA:9,(anonymous_5)
FNDA:2,(anonymous_6)
DA:8,9
DA:9,9
DA:10,9
DA:17,0
DA:18,0
DA:25,11
DA:26,11
DA:35,1
DA:46,11
DA:48,11
DA:49,20
DA:50,20
DA:51,20
DA:52,20
DA:54,0
DA:59,11
DA:66,9
DA:74,9
DA:75,9
DA:82,2
DA:83,2
DA:87,1
LF:22
LH:19
BRDA:45,0,0,0
BRDA:49,1,0,20
BRDA:49,1,1,0
BRDA:74,2,0,9
BRDA:74,2,1,0
BRF:5
BRH:2
end_of_record
