TN:
SF:src/controllers/orderController.js
FN:12,(anonymous_0)
FN:52,(anonymous_1)
FN:77,(anonymous_2)
FN:114,(anonymous_3)
FN:146,(anonymous_4)
FN:178,(anonymous_5)
FN:208,(anonymous_6)
FN:232,(anonymous_7)
FN:256,(anonymous_8)
FN:280,(anonymous_9)
FN:306,(anonymous_10)
FN:352,(anonymous_11)
FN:376,(anonymous_12)
FNF:13
FNH:4
FNDA:2,(anonymous_0)
FNDA:0,(anonymous_1)
FNDA:1,(anonymous_2)
FNDA:0,(anonymous_3)
FNDA:0,(anonymous_4)
FNDA:0,(anonymous_5)
FNDA:1,(anonymous_6)
FNDA:0,(anonymous_7)
FNDA:0,(anonymous_8)
FNDA:0,(anonymous_9)
FNDA:1,(anonymous_10)
FNDA:0,(anonymous_11)
FNDA:0,(anonymous_12)
DA:1,1
DA:12,1
DA:13,2
DA:14,2
DA:21,2
DA:22,2
DA:24,2
DA:25,2
DA:27,0
DA:29,0
DA:35,2
DA:37,2
DA:38,0
DA:40,2
DA:41,0
DA:44,2
DA:52,1
DA:53,0
DA:54,0
DA:56,0
DA:61,0
DA:63,0
DA:64,0
DA:67,0
DA:77,1
DA:78,1
DA:79,1
DA:80,1
DA:82,1
DA:85,1
DA:86,1
DA:87,0
DA:88,0
DA:92,1
DA:93,1
DA:95,1
DA:97,1
DA:103,0
DA:104,0
DA:114,1
DA:115,0
DA:116,0
DA:117,0
DA:120,0
DA:121,0
DA:127,0
DA:129,0
DA:135,0
DA:136,0
DA:146,1
DA:147,0
DA:148,0
DA:149,0
DA:152,0
DA:153,0
DA:159,0
DA:161,0
DA:163,0
DA:169,0
DA:170,0
DA:178,1
DA:179,0
DA:180,0
DA:182,0
DA:183,0
DA:186,0
DA:188,0
DA:194,0
DA:196,0
DA:197,0
DA:200,0
DA:208,1
DA:209,1
DA:210,1
DA:212,0
DA:218,1
DA:220,1
DA:221,0
DA:224,1
DA:232,1
DA:233,0
DA:234,0
DA:236,0
DA:242,0
DA:244,0
DA:245,0
DA:248,0
DA:256,1
DA:257,0
DA:258,0
DA:260,0
DA:266,0
DA:268,0
DA:269,0
DA:272,0
DA:280,1
DA:281,0
DA:282,0
DA:284,0
DA:290,0
DA:292,0
DA:293,0
DA:296,0
DA:306,1
DA:307,1
DA:308,1
DA:309,1
DA:310,1
DA:313,1
DA:316,1
DA:317,0
DA:323,1
DA:324,0
DA:330,1
DA:332,1
DA:338,0
DA:340,0
DA:341,0
DA:344,0
DA:352,1
DA:353,0
DA:354,0
DA:356,0
DA:362,0
DA:364,0
DA:365,0
DA:368,0
DA:376,1
DA:377,0
DA:378,0
DA:380,0
DA:385,0
DA:387,0
DA:388,0
DA:391,0
LF:135
LH:48
BRDA:16,0,0,2
BRDA:16,0,1,1
BRDA:27,1,0,0
BRDA:27,1,1,0
BRDA:37,2,0,0
BRDA:37,2,1,2
BRDA:37,3,0,2
BRDA:37,3,1,2
BRDA:37,3,2,2
BRDA:40,4,0,0
BRDA:40,4,1,2
BRDA:63,5,0,0
BRDA:63,5,1,0
BRDA:85,6,0,1
BRDA:85,6,1,0
BRDA:87,7,0,0
BRDA:87,7,1,0
BRDA:93,8,0,0
BRDA:93,8,1,1
BRDA:120,9,0,0
BRDA:120,9,1,0
BRDA:152,10,0,0
BRDA:152,10,1,0
BRDA:161,11,0,0
BRDA:161,11,1,0
BRDA:182,12,0,0
BRDA:182,12,1,0
BRDA:196,13,0,0
BRDA:196,13,1,0
BRDA:196,14,0,0
BRDA:196,14,1,0
BRDA:220,15,0,0
BRDA:220,15,1,1
BRDA:244,16,0,0
BRDA:244,16,1,0
BRDA:268,17,0,0
BRDA:268,17,1,0
BRDA:292,18,0,0
BRDA:292,18,1,0
BRDA:316,19,0,0
BRDA:316,19,1,1
BRDA:316,20,0,1
BRDA:316,20,1,1
BRDA:323,21,0,0
BRDA:323,21,1,1
BRDA:323,22,0,1
BRDA:323,22,1,0
BRDA:340,23,0,0
BRDA:340,23,1,0
BRDA:364,24,0,0
BRDA:364,24,1,0
BRDA:387,25,0,0
BRDA:387,25,1,0
BRDA:387,26,0,0
BRDA:387,26,1,0
BRF:55
BRH:15
end_of_record
TN:
SF:src/factories/orderFactory.js
FN:10,(anonymous_0)
FN:13,(anonymous_1)
FN:35,(anonymous_2)
FN:46,(anonymous_3)
FN:56,(anonymous_4)
FN:57,(anonymous_5)
FN:65,(anonymous_6)
FN:72,(anonymous_7)
FNF:8
FNH:0
FNDA:0,(anonymous_0)
FNDA:0,(anonymous_1)
FNDA:0,(anonymous_2)
FNDA:0,(anonymous_3)
FNDA:0,(anonymous_4)
FNDA:0,(anonymous_5)
FNDA:0,(anonymous_6)
FNDA:0,(anonymous_7)
DA:11,0
DA:13,0
DA:36,0
DA:38,0
DA:39,0
DA:40,0
DA:47,0
DA:48,0
DA:49,0
DA:50,0
DA:57,0
DA:58,0
DA:67,0
DA:68,0
DA:72,0
DA:73,0
DA:74,0
DA:78,0
DA:79,0
DA:82,0
DA:84,0
DA:86,0
DA:89,0
DA:94,1
LF:24
LH:1
BRDA:27,0,0,0
BRDA:27,0,1,0
BRDA:28,1,0,0
BRDA:28,1,1,0
BRDA:39,2,0,0
BRDA:39,2,1,0
BRDA:49,3,0,0
BRDA:49,3,1,0
BRDA:65,4,0,0
BRDA:65,5,0,0
BRDA:67,6,0,0
BRDA:67,6,1,0
BRDA:67,7,0,0
BRDA:67,7,1,0
BRDA:73,8,0,0
BRDA:73,8,1,0
BRDA:78,9,0,0
BRDA:78,9,1,0
BRDA:78,10,0,0
BRDA:78,10,1,0
BRDA:78,10,2,0
BRDA:82,11,0,0
BRDA:82,11,1,0
BRDA:82,11,2,0
BRDA:82,11,3,0
BRF:25
BRH:0
end_of_record
TN:
SF:src/middlewares/auth.js
FN:16,(anonymous_0)
FN:23,(anonymous_1)
FN:56,(anonymous_2)
FNF:3
FNH:0
FNDA:0,(anonymous_0)
FNDA:0,(anonymous_1)
FNDA:0,(anonymous_2)
DA:1,1
DA:2,1
DA:4,1
DA:16,1
DA:18,0
DA:23,0
DA:24,0
DA:25,0
DA:26,0
DA:31,0
DA:39,0
DA:40,0
DA:47,0
DA:56,1
DA:57,0
DA:59,0
DA:60,0
DA:63,0
DA:65,0
DA:66,0
DA:67,0
DA:76,0
DA:79,1
LF:23
LH:6
BRDA:4,0,0,1
BRDA:4,0,1,1
BRDA:24,1,0,0
BRDA:24,1,1,0
BRDA:25,2,0,0
BRDA:25,2,1,0
BRDA:39,3,0,0
BRDA:39,3,1,0
BRDA:59,4,0,0
BRDA:59,4,1,0
BRDA:59,5,0,0
BRDA:59,5,1,0
BRF:12
BRH:2
end_of_record
TN:
SF:src/middlewares/roles.js
FN:8,(anonymous_0)
FN:9,(anonymous_1)
FNF:2
FNH:2
FNDA:10,(anonymous_0)
FNDA:3,(anonymous_1)
DA:8,1
DA:9,10
DA:11,3
DA:12,0
DA:19,3
DA:20,0
DA:26,3
DA:30,1
LF:8
LH:6
BRDA:11,0,0,0
BRDA:11,0,1,3
BRDA:19,1,0,0
BRDA:19,1,1,3
BRF:4
BRH:2
end_of_record
TN:
SF:src/models/orderModel.js
FNF:0
FNH:0
DA:1,1
DA:3,1
DA:73,1
DA:74,1
DA:75,1
DA:77,1
LF:6
LH:6
BRF:0
BRH:0
end_of_record
TN:
SF:src/repositories/orderRepository.js
FN:8,(anonymous_0)
FN:13,(anonymous_1)
FN:17,(anonymous_2)
FN:33,(anonymous_3)
FN:37,(anonymous_4)
FN:45,(anonymous_5)
FN:49,(anonymous_6)
FN:57,(anonymous_7)
FN:65,(anonymous_8)
FN:73,(anonymous_9)
FNF:10
FNH:3
FNDA:0,(anonymous_0)
FNDA:3,(anonymous_1)
FNDA:1,(anonymous_2)
FNDA:0,(anonymous_3)
FNDA:0,(anonymous_4)
FNDA:0,(anonymous_5)
FNDA:0,(anonymous_6)
FNDA:0,(anonymous_7)
FNDA:1,(anonymous_8)
FNDA:0,(anonymous_9)
DA:1,1
DA:9,0
DA:10,0
DA:14,3
DA:18,1
DA:20,1
DA:21,1
DA:23,1
DA:24,0
DA:26,1
DA:27,0
DA:30,1
DA:34,0
DA:38,0
DA:39,0
DA:40,0
DA:42,0
DA:46,0
DA:50,0
DA:58,0
DA:66,1
DA:74,0
DA:78,1
LF:23
LH:10
BRDA:17,0,0,0
BRDA:20,1,0,1
BRDA:20,1,1,0
BRDA:23,2,0,0
BRDA:23,2,1,1
BRDA:26,3,0,0
BRDA:26,3,1,1
BRDA:37,4,0,0
BRDA:39,5,0,0
BRDA:39,5,1,0
BRF:10
BRH:3
end_of_record
TN:
SF:src/routes/orderRoutes.js
FNF:0
FNH:0
DA:1,1
DA:2,1
DA:3,1
DA:4,1
DA:5,1
DA:14,1
DA:20,1
DA:23,1
DA:26,1
DA:32,1
DA:38,1
DA:44,1
DA:48,1
DA:52,1
DA:56,1
DA:62,1
DA:65,1
DA:71,1
DA:76,1
LF:19
LH:19
BRF:0
BRH:0
end_of_record
TN:
SF:src/services/orderService.js
FN:15,(anonymous_0)
FN:29,(anonymous_1)
FN:40,(anonymous_2)
FN:61,(anonymous_3)
FN:72,(anonymous_4)
FN:79,(anonymous_5)
FN:86,(anonymous_6)
FN:93,(anonymous_7)
FN:114,(anonymous_8)
FN:132,(anonymous_9)
FN:139,(anonymous_10)
FN:146,(anonymous_11)
FN:154,(anonymous_12)
FN:176,(anonymous_13)
FN:189,(anonymous_14)
FNF:15
FNH:5
FNDA:2,(anonymous_0)
FNDA:0,(anonymous_1)
FNDA:0,(anonymous_2)
FNDA:3,(anonymous_3)
FNDA:1,(anonymous_4)
FNDA:0,(anonymous_5)
FNDA:0,(anonymous_6)
FNDA:0,(anonymous_7)
FNDA:1,(anonymous_8)
FNDA:0,(anonymous_9)
FNDA:0,(anonymous_10)
FNDA:0,(anonymous_11)
FNDA:1,(anonymous_12)
FNDA:0,(anonymous_13)
FNDA:0,(anonymous_14)
DA:1,1
DA:2,1
DA:3,1
DA:4,1
DA:17,2
DA:18,1
DA:22,1
DA:25,0
DA:28,0
DA:29,0
DA:30,0
DA:31,0
DA:35,0
DA:36,0
DA:39,0
DA:40,0
DA:44,0
DA:47,0
DA:50,0
DA:52,0
DA:62,3
DA:63,3
DA:64,0
DA:66,3
DA:73,1
DA:80,0
DA:87,0
DA:94,0
DA:95,0
DA:96,0
DA:99,0
DA:100,0
DA:101,0
DA:105,0
DA:107,0
DA:115,1
DA:118,1
DA:119,0
DA:123,1
DA:126,0
DA:133,0
DA:140,0
DA:147,0
DA:155,1
DA:158,1
DA:159,0
DA:162,1
DA:163,1
DA:164,0
DA:168,1
DA:170,1
DA:178,0
DA:179,0
DA:180,0
DA:181,0
DA:183,0
DA:190,0
DA:191,0
DA:192,0
DA:194,0
DA:195,0
DA:197,0
DA:201,1
LF:63
LH:21
BRDA:15,0,0,2
BRDA:15,1,0,2
BRDA:17,2,0,1
BRDA:17,2,1,1
BRDA:17,3,0,2
BRDA:17,3,1,1
BRDA:30,4,0,0
BRDA:30,4,1,0
BRDA:39,5,0,0
BRDA:39,5,1,0
BRDA:63,6,0,0
BRDA:63,6,1,3
BRDA:86,7,0,0
BRDA:95,8,0,0
BRDA:95,8,1,0
BRDA:100,9,0,0
BRDA:100,9,1,0
BRDA:118,10,0,0
BRDA:118,10,1,1
BRDA:158,11,0,0
BRDA:158,11,1,1
BRDA:158,12,0,1
BRDA:158,12,1,1
BRDA:158,12,2,1
BRDA:163,13,0,0
BRDA:163,13,1,1
BRDA:180,14,0,0
BRDA:180,14,1,0
BRDA:191,15,0,0
BRDA:191,15,1,0
BRDA:194,16,0,0
BRDA:194,16,1,0
BRF:32
BRH:13
end_of_record
TN:
SF:src/services/stockService.js
FN:17,(anonymous_0)
FN:21,(anonymous_1)
FN:100,(anonymous_2)
FN:118,(anonymous_3)
FN:168,(anonymous_4)
FNF:5
FNH:3
FNDA:1,(anonymous_0)
FNDA:1,(anonymous_1)
FNDA:0,(anonymous_2)
FNDA:1,(anonymous_3)
FNDA:0,(anonymous_4)
DA:1,1
DA:3,1
DA:4,1
DA:18,1
DA:21,1
DA:22,1
DA:23,1
DA:26,1
DA:36,0
DA:37,0
DA:39,0
DA:40,0
DA:41,0
DA:51,0
DA:52,0
DA:53,0
DA:63,0
DA:64,0
DA:65,0
DA:74,0
DA:76,1
DA:78,1
DA:79,0
DA:85,1
DA:86,0
DA:94,1
DA:100,0
DA:102,0
DA:104,0
DA:105,0
DA:106,0
DA:107,0
DA:108,0
DA:119,1
DA:121,1
DA:122,1
DA:123,1
DA:125,1
DA:135,0
DA:136,0
DA:139,1
DA:140,0
DA:142,1
DA:143,0
DA:145,1
DA:150,1
DA:151,0
DA:152,0
DA:155,0
DA:156,0
DA:159,1
DA:169,0
DA:174,0
DA:175,0
DA:176,0
DA:185,0
DA:186,0
DA:188,0
DA:189,0
DA:198,0
DA:199,0
DA:202,0
DA:206,1
LF:63
LH:23
BRDA:3,0,0,1
BRDA:3,0,1,1
BRDA:4,1,0,1
BRDA:4,1,1,1
BRDA:39,2,0,0
BRDA:39,2,1,0
BRDA:51,3,0,0
BRDA:51,3,1,0
BRDA:63,4,0,0
BRDA:63,4,1,0
BRDA:78,5,0,0
BRDA:78,5,1,1
BRDA:78,6,0,1
BRDA:78,6,1,1
BRDA:85,7,0,0
BRDA:85,7,1,1
BRDA:104,8,0,0
BRDA:104,8,1,0
BRDA:135,9,0,0
BRDA:135,9,1,0
BRDA:139,10,0,0
BRDA:139,10,1,1
BRDA:140,11,0,0
BRDA:140,11,1,0
BRDA:142,12,0,0
BRDA:142,12,1,1
BRDA:150,13,0,0
BRDA:150,13,1,1
BRDA:155,14,0,0
BRDA:155,14,1,0
BRDA:198,15,0,0
BRDA:198,15,1,0
BRF:32
BRH:11
end_of_record
TN:
SF:src/strategies/notificationStrategy.js
FN:7,(anonymous_0)
FN:16,(anonymous_1)
FN:24,(anonymous_2)
FN:34,(anonymous_3)
FN:45,(anonymous_4)
FN:65,(anonymous_5)
FN:81,(anonymous_6)
FNF:7
FNH:5
FNDA:1,(anonymous_0)
FNDA:0,(anonymous_1)
FNDA:1,(anonymous_2)
FNDA:1,(anonymous_3)
FNDA:1,(anonymous_4)
FNDA:1,(anonymous_5)
FNDA:0,(anonymous_6)
DA:8,1
DA:9,1
DA:10,1
DA:17,0
DA:18,0
DA:25,1
DA:26,1
DA:35,1
DA:46,1
DA:48,1
DA:49,2
DA:50,2
DA:51,2
DA:52,2
DA:54,0
DA:59,1
DA:66,1
DA:74,1
DA:75,1
DA:82,0
DA:83,0
DA:87,1
LF:22
LH:17
BRDA:45,0,0,0
BRDA:49,1,0,2
BRDA:49,1,1,0
BRDA:74,2,0,1
BRDA:74,2,1,0
BRF:5
BRH:2
end_of_record
