<?xml version="1.0" encoding="UTF-8"?>
<coverage generated="1782120419884" clover="3.2.0">
  <project timestamp="1782120419884" name="All files">
    <metrics statements="51" coveredstatements="22" conditionals="33" coveredconditionals="11" methods="11" coveredmethods="2" elements="95" coveredelements="35" complexity="0" loc="51" ncloc="51" packages="1" files="3" classes="3"/>
    <file name="circuitBreaker.js" path="C:\Users\delga\OneDrive\Escritorio\Repositorio\eco-savor-backend\api-gateway\src\circuitBreaker.js">
      <metrics statements="44" coveredstatements="15" conditionals="22" coveredconditionals="0" methods="10" coveredmethods="1"/>
      <line num="1" count="1" type="stmt"/>
      <line num="2" count="1" type="stmt"/>
      <line num="18" count="1" type="stmt"/>
      <line num="41" count="0" type="cond" truecount="0" falsecount="2"/>
      <line num="43" count="0" type="stmt"/>
      <line num="44" count="0" type="cond" truecount="0" falsecount="2"/>
      <line num="47" count="0" type="cond" truecount="0" falsecount="5"/>
      <line num="49" count="0" type="stmt"/>
      <line num="50" count="0" type="stmt"/>
      <line num="52" count="0" type="stmt"/>
      <line num="53" count="0" type="stmt"/>
      <line num="55" count="0" type="stmt"/>
      <line num="56" count="0" type="stmt"/>
      <line num="58" count="0" type="stmt"/>
      <line num="59" count="0" type="stmt"/>
      <line num="61" count="0" type="stmt"/>
      <line num="66" count="0" type="cond" truecount="0" falsecount="2"/>
      <line num="67" count="0" type="stmt"/>
      <line num="68" count="0" type="stmt"/>
      <line num="69" count="0" type="stmt"/>
      <line num="72" count="0" type="stmt"/>
      <line num="83" count="3" type="stmt"/>
      <line num="88" count="3" type="stmt"/>
      <line num="90" count="0" type="cond" truecount="0" falsecount="5"/>
      <line num="91" count="0" type="stmt"/>
      <line num="101" count="0" type="stmt"/>
      <line num="114" count="3" type="stmt"/>
      <line num="115" count="0" type="stmt"/>
      <line num="118" count="3" type="stmt"/>
      <line num="119" count="0" type="stmt"/>
      <line num="122" count="3" type="stmt"/>
      <line num="123" count="0" type="stmt"/>
      <line num="126" count="3" type="stmt"/>
      <line num="127" count="0" type="stmt"/>
      <line num="130" count="3" type="stmt"/>
      <line num="132" count="0" type="cond" truecount="0" falsecount="2"/>
      <line num="133" count="0" type="stmt"/>
      <line num="137" count="3" type="stmt"/>
      <line num="143" count="1" type="stmt"/>
      <line num="144" count="1" type="stmt"/>
      <line num="145" count="1" type="stmt"/>
      <line num="156" count="0" type="stmt"/>
      <line num="164" count="0" type="stmt"/>
      <line num="176" count="1" type="stmt"/>
    </file>
    <file name="errorHandler.js" path="C:\Users\delga\OneDrive\Escritorio\Repositorio\eco-savor-backend\api-gateway\src\errorHandler.js">
      <metrics statements="5" coveredstatements="5" conditionals="5" coveredconditionals="5" methods="1" coveredmethods="1"/>
      <line num="10" count="5" type="stmt"/>
      <line num="11" count="5" type="cond" truecount="2" falsecount="0"/>
      <line num="12" count="5" type="cond" truecount="2" falsecount="0"/>
      <line num="13" count="5" type="stmt"/>
      <line num="16" count="1" type="stmt"/>
    </file>
    <file name="services.config.js" path="C:\Users\delga\OneDrive\Escritorio\Repositorio\eco-savor-backend\api-gateway\src\services.config.js">
      <metrics statements="2" coveredstatements="2" conditionals="6" coveredconditionals="6" methods="0" coveredmethods="0"/>
      <line num="6" count="3" type="stmt"/>
      <line num="12" count="3" type="stmt"/>
    </file>
  </project>
</coverage>
