{"/mnt/c/Users/delga/OneDrive/Escritorio/Repositorio/eco-savor-backend/api-gateway/index.js": {"path":"/mnt/c/Users/delga/OneDrive/Escritorio/Repositorio/eco-savor-backend/api-gateway/index.js","statementMap":{"0":{"start":{"line":1,"column":16},"end":{"line":1,"column":34}},"1":{"start":{"line":2,"column":13},"end":{"line":2,"column":28}},"2":{"start":{"line":3,"column":15},"end":{"line":3,"column":32}},"3":{"start":{"line":4,"column":34},"end":{"line":4,"column":66}},"4":{"start":{"line":5,"column":23},"end":{"line":5,"column":45}},"5":{"start":{"line":6,"column":12},"end":{"line":6,"column":35}},"6":{"start":{"line":7,"column":14},"end":{"line":7,"column":30}},"7":{"start":{"line":8,"column":21},"end":{"line":8,"column":53}},"8":{"start":{"line":9,"column":31},"end":{"line":9,"column":60}},"9":{"start":{"line":10,"column":73},"end":{"line":10,"column":104}},"10":{"start":{"line":12,"column":12},"end":{"line":12,"column":21}},"11":{"start":{"line":13,"column":13},"end":{"line":13,"column":37}},"12":{"start":{"line":16,"column":19},"end":{"line":16,"column":81}},"13":{"start":{"line":19,"column":0},"end":{"line":19,"column":16}},"14":{"start":{"line":20,"column":0},"end":{"line":20,"column":23}},"15":{"start":{"line":21,"column":0},"end":{"line":21,"column":24}},"16":{"start":{"line":25,"column":0},"end":{"line":58,"column":3}},"17":{"start":{"line":26,"column":2},"end":{"line":57,"column":3}},"18":{"start":{"line":28,"column":21},"end":{"line":34,"column":6}},"19":{"start":{"line":37,"column":4},"end":{"line":39,"column":5}},"20":{"start":{"line":38,"column":6},"end":{"line":38,"column":49}},"21":{"start":{"line":43,"column":4},"end":{"line":43,"column":52}},"22":{"start":{"line":46,"column":4},"end":{"line":52,"column":5}},"23":{"start":{"line":47,"column":6},"end":{"line":51,"column":9}},"24":{"start":{"line":53,"column":4},"end":{"line":53,"column":55}},"25":{"start":{"line":54,"column":19},"end":{"line":54,"column":48}},"26":{"start":{"line":55,"column":20},"end":{"line":55,"column":79}},"27":{"start":{"line":56,"column":4},"end":{"line":56,"column":64}},"28":{"start":{"line":61,"column":0},"end":{"line":130,"column":3}},"29":{"start":{"line":62,"column":2},"end":{"line":129,"column":3}},"30":{"start":{"line":63,"column":32},"end":{"line":63,"column":40}},"31":{"start":{"line":65,"column":4},"end":{"line":67,"column":5}},"32":{"start":{"line":66,"column":6},"end":{"line":66,"column":94}},"33":{"start":{"line":70,"column":21},"end":{"line":76,"column":6}},"34":{"start":{"line":79,"column":4},"end":{"line":81,"column":5}},"35":{"start":{"line":80,"column":6},"end":{"line":80,"column":49}},"36":{"start":{"line":86,"column":4},"end":{"line":88,"column":5}},"37":{"start":{"line":87,"column":6},"end":{"line":87,"column":61}},"38":{"start":{"line":91,"column":17},"end":{"line":91,"column":35}},"39":{"start":{"line":92,"column":18},"end":{"line":102,"column":5}},"40":{"start":{"line":104,"column":4},"end":{"line":115,"column":7}},"41":{"start":{"line":118,"column":4},"end":{"line":124,"column":5}},"42":{"start":{"line":119,"column":6},"end":{"line":123,"column":9}},"43":{"start":{"line":125,"column":4},"end":{"line":125,"column":52}},"44":{"start":{"line":126,"column":19},"end":{"line":126,"column":48}},"45":{"start":{"line":127,"column":20},"end":{"line":127,"column":79}},"46":{"start":{"line":128,"column":4},"end":{"line":128,"column":64}},"47":{"start":{"line":134,"column":0},"end":{"line":150,"column":4}},"48":{"start":{"line":153,"column":0},"end":{"line":166,"column":3}},"49":{"start":{"line":154,"column":2},"end":{"line":159,"column":3}},"50":{"start":{"line":155,"column":4},"end":{"line":158,"column":7}},"51":{"start":{"line":161,"column":2},"end":{"line":161,"column":46}},"52":{"start":{"line":162,"column":2},"end":{"line":165,"column":5}},"53":{"start":{"line":173,"column":0},"end":{"line":173,"column":114}},"54":{"start":{"line":176,"column":0},"end":{"line":176,"column":133}},"55":{"start":{"line":179,"column":0},"end":{"line":179,"column":141}},"56":{"start":{"line":182,"column":0},"end":{"line":182,"column":121}},"57":{"start":{"line":185,"column":0},"end":{"line":185,"column":124}},"58":{"start":{"line":188,"column":0},"end":{"line":188,"column":128}},"59":{"start":{"line":194,"column":0},"end":{"line":206,"column":4}},"60":{"start":{"line":201,"column":4},"end":{"line":204,"column":5}},"61":{"start":{"line":202,"column":6},"end":{"line":202,"column":52}},"62":{"start":{"line":203,"column":6},"end":{"line":203,"column":55}},"63":{"start":{"line":213,"column":0},"end":{"line":213,"column":104}},"64":{"start":{"line":216,"column":0},"end":{"line":216,"column":103}},"65":{"start":{"line":219,"column":0},"end":{"line":219,"column":111}},"66":{"start":{"line":222,"column":0},"end":{"line":222,"column":111}},"67":{"start":{"line":225,"column":0},"end":{"line":225,"column":125}},"68":{"start":{"line":228,"column":0},"end":{"line":228,"column":128}},"69":{"start":{"line":231,"column":0},"end":{"line":231,"column":132}},"70":{"start":{"line":234,"column":0},"end":{"line":234,"column":124}},"71":{"start":{"line":237,"column":0},"end":{"line":237,"column":130}},"72":{"start":{"line":240,"column":0},"end":{"line":240,"column":126}},"73":{"start":{"line":246,"column":0},"end":{"line":252,"column":4}},"74":{"start":{"line":259,"column":0},"end":{"line":266,"column":3}},"75":{"start":{"line":260,"column":2},"end":{"line":265,"column":5}},"76":{"start":{"line":269,"column":0},"end":{"line":276,"column":3}},"77":{"start":{"line":270,"column":2},"end":{"line":275,"column":5}},"78":{"start":{"line":279,"column":0},"end":{"line":291,"column":3}},"79":{"start":{"line":280,"column":2},"end":{"line":290,"column":5}},"80":{"start":{"line":294,"column":0},"end":{"line":303,"column":1}},"81":{"start":{"line":295,"column":2},"end":{"line":302,"column":5}},"82":{"start":{"line":296,"column":4},"end":{"line":296,"column":72}},"83":{"start":{"line":297,"column":4},"end":{"line":297,"column":76}},"84":{"start":{"line":298,"column":4},"end":{"line":298,"column":55}},"85":{"start":{"line":299,"column":4},"end":{"line":299,"column":59}},"86":{"start":{"line":300,"column":4},"end":{"line":300,"column":57}},"87":{"start":{"line":301,"column":4},"end":{"line":301,"column":73}},"88":{"start":{"line":305,"column":0},"end":{"line":305,"column":21}}},"fnMap":{"0":{"name":"(anonymous_0)","decl":{"start":{"line":25,"column":31},"end":{"line":25,"column":32}},"loc":{"start":{"line":25,"column":51},"end":{"line":58,"column":1}},"line":25},"1":{"name":"(anonymous_1)","decl":{"start":{"line":61,"column":28},"end":{"line":61,"column":29}},"loc":{"start":{"line":61,"column":48},"end":{"line":130,"column":1}},"line":61},"2":{"name":"(anonymous_2)","decl":{"start":{"line":153,"column":8},"end":{"line":153,"column":9}},"loc":{"start":{"line":153,"column":33},"end":{"line":166,"column":1}},"line":153},"3":{"name":"(anonymous_3)","decl":{"start":{"line":200,"column":14},"end":{"line":200,"column":15}},"loc":{"start":{"line":200,"column":33},"end":{"line":205,"column":3}},"line":200},"4":{"name":"(anonymous_4)","decl":{"start":{"line":259,"column":19},"end":{"line":259,"column":20}},"loc":{"start":{"line":259,"column":33},"end":{"line":266,"column":1}},"line":259},"5":{"name":"(anonymous_5)","decl":{"start":{"line":269,"column":28},"end":{"line":269,"column":29}},"loc":{"start":{"line":269,"column":42},"end":{"line":276,"column":1}},"line":269},"6":{"name":"(anonymous_6)","decl":{"start":{"line":279,"column":13},"end":{"line":279,"column":14}},"loc":{"start":{"line":279,"column":27},"end":{"line":291,"column":1}},"line":279},"7":{"name":"(anonymous_7)","decl":{"start":{"line":295,"column":19},"end":{"line":295,"column":20}},"loc":{"start":{"line":295,"column":25},"end":{"line":302,"column":3}},"line":295}},"branchMap":{"0":{"loc":{"start":{"line":13,"column":13},"end":{"line":13,"column":37}},"type":"binary-expr","locations":[{"start":{"line":13,"column":13},"end":{"line":13,"column":29}},{"start":{"line":13,"column":33},"end":{"line":13,"column":37}}],"line":13},"1":{"loc":{"start":{"line":16,"column":19},"end":{"line":16,"column":81}},"type":"binary-expr","locations":[{"start":{"line":16,"column":19},"end":{"line":16,"column":41}},{"start":{"line":16,"column":45},"end":{"line":16,"column":81}}],"line":16},"2":{"loc":{"start":{"line":37,"column":4},"end":{"line":39,"column":5}},"type":"if","locations":[{"start":{"line":37,"column":4},"end":{"line":39,"column":5}},{"start":{},"end":{}}],"line":37},"3":{"loc":{"start":{"line":46,"column":4},"end":{"line":52,"column":5}},"type":"if","locations":[{"start":{"line":46,"column":4},"end":{"line":52,"column":5}},{"start":{},"end":{}}],"line":46},"4":{"loc":{"start":{"line":46,"column":8},"end":{"line":46,"column":71}},"type":"binary-expr","locations":[{"start":{"line":46,"column":8},"end":{"line":46,"column":25}},{"start":{"line":46,"column":29},"end":{"line":46,"column":71}}],"line":46},"5":{"loc":{"start":{"line":54,"column":19},"end":{"line":54,"column":48}},"type":"binary-expr","locations":[{"start":{"line":54,"column":19},"end":{"line":54,"column":41}},{"start":{"line":54,"column":45},"end":{"line":54,"column":48}}],"line":54},"6":{"loc":{"start":{"line":55,"column":20},"end":{"line":55,"column":79}},"type":"binary-expr","locations":[{"start":{"line":55,"column":20},"end":{"line":55,"column":47}},{"start":{"line":55,"column":51},"end":{"line":55,"column":79}}],"line":55},"7":{"loc":{"start":{"line":65,"column":4},"end":{"line":67,"column":5}},"type":"if","locations":[{"start":{"line":65,"column":4},"end":{"line":67,"column":5}},{"start":{},"end":{}}],"line":65},"8":{"loc":{"start":{"line":65,"column":8},"end":{"line":65,"column":27}},"type":"binary-expr","locations":[{"start":{"line":65,"column":8},"end":{"line":65,"column":14}},{"start":{"line":65,"column":18},"end":{"line":65,"column":27}}],"line":65},"9":{"loc":{"start":{"line":79,"column":4},"end":{"line":81,"column":5}},"type":"if","locations":[{"start":{"line":79,"column":4},"end":{"line":81,"column":5}},{"start":{},"end":{}}],"line":79},"10":{"loc":{"start":{"line":86,"column":4},"end":{"line":88,"column":5}},"type":"if","locations":[{"start":{"line":86,"column":4},"end":{"line":88,"column":5}},{"start":{},"end":{}}],"line":86},"11":{"loc":{"start":{"line":86,"column":8},"end":{"line":86,"column":55}},"type":"binary-expr","locations":[{"start":{"line":86,"column":8},"end":{"line":86,"column":29}},{"start":{"line":86,"column":33},"end":{"line":86,"column":55}}],"line":86},"12":{"loc":{"start":{"line":98,"column":24},"end":{"line":98,"column":56}},"type":"binary-expr","locations":[{"start":{"line":98,"column":24},"end":{"line":98,"column":43}},{"start":{"line":98,"column":47},"end":{"line":98,"column":56}}],"line":98},"13":{"loc":{"start":{"line":118,"column":4},"end":{"line":124,"column":5}},"type":"if","locations":[{"start":{"line":118,"column":4},"end":{"line":124,"column":5}},{"start":{},"end":{}}],"line":118},"14":{"loc":{"start":{"line":118,"column":8},"end":{"line":118,"column":71}},"type":"binary-expr","locations":[{"start":{"line":118,"column":8},"end":{"line":118,"column":25}},{"start":{"line":118,"column":29},"end":{"line":118,"column":71}}],"line":118},"15":{"loc":{"start":{"line":126,"column":19},"end":{"line":126,"column":48}},"type":"binary-expr","locations":[{"start":{"line":126,"column":19},"end":{"line":126,"column":41}},{"start":{"line":126,"column":45},"end":{"line":126,"column":48}}],"line":126},"16":{"loc":{"start":{"line":127,"column":20},"end":{"line":127,"column":79}},"type":"binary-expr","locations":[{"start":{"line":127,"column":20},"end":{"line":127,"column":47}},{"start":{"line":127,"column":51},"end":{"line":127,"column":79}}],"line":127},"17":{"loc":{"start":{"line":154,"column":2},"end":{"line":159,"column":3}},"type":"if","locations":[{"start":{"line":154,"column":2},"end":{"line":159,"column":3}},{"start":{},"end":{}}],"line":154},"18":{"loc":{"start":{"line":201,"column":4},"end":{"line":204,"column":5}},"type":"if","locations":[{"start":{"line":201,"column":4},"end":{"line":204,"column":5}},{"start":{},"end":{}}],"line":201},"19":{"loc":{"start":{"line":294,"column":0},"end":{"line":303,"column":1}},"type":"if","locations":[{"start":{"line":294,"column":0},"end":{"line":303,"column":1}},{"start":{},"end":{}}],"line":294},"20":{"loc":{"start":{"line":297,"column":35},"end":{"line":297,"column":72}},"type":"binary-expr","locations":[{"start":{"line":297,"column":35},"end":{"line":297,"column":55}},{"start":{"line":297,"column":59},"end":{"line":297,"column":72}}],"line":297}},"s":{"0":1,"1":1,"2":1,"3":1,"4":1,"5":1,"6":1,"7":1,"8":1,"9":1,"10":1,"11":1,"12":1,"13":1,"14":1,"15":1,"16":1,"17":3,"18":3,"19":3,"20":0,"21":3,"22":0,"23":0,"24":0,"25":0,"26":0,"27":0,"28":1,"29":3,"30":3,"31":3,"32":0,"33":3,"34":3,"35":0,"36":3,"37":2,"38":1,"39":1,"40":1,"41":0,"42":0,"43":0,"44":0,"45":0,"46":0,"47":1,"48":1,"49":0,"50":0,"51":0,"52":0,"53":1,"54":1,"55":1,"56":1,"57":1,"58":1,"59":1,"60":0,"61":0,"62":0,"63":1,"64":1,"65":1,"66":1,"67":1,"68":1,"69":1,"70":1,"71":1,"72":1,"73":1,"74":1,"75":0,"76":1,"77":0,"78":1,"79":0,"80":1,"81":0,"82":0,"83":0,"84":0,"85":0,"86":0,"87":0,"88":1},"f":{"0":3,"1":3,"2":0,"3":0,"4":0,"5":0,"6":0,"7":0},"b":{"0":[1,1],"1":[1,1],"2":[0,3],"3":[0,0],"4":[0,0],"5":[0,0],"6":[0,0],"7":[0,3],"8":[3,3],"9":[0,3],"10":[2,1],"11":[3,3],"12":[1,1],"13":[0,0],"14":[0,0],"15":[0,0],"16":[0,0],"17":[0,0],"18":[0,0],"19":[0,1],"20":[0,0]},"_coverageSchema":"1a1c01bbd47fc00a2c39e90264f33305004495a9","hash":"4be2b66945728e3ed7615448bfc7ea1bef3229de"}
,"/mnt/c/Users/delga/OneDrive/Escritorio/Repositorio/eco-savor-backend/api-gateway/src/circuitBreaker.js": {"path":"/mnt/c/Users/delga/OneDrive/Escritorio/Repositorio/eco-savor-backend/api-gateway/src/circuitBreaker.js","statementMap":{"0":{"start":{"line":1,"column":23},"end":{"line":1,"column":41}},"1":{"start":{"line":2,"column":14},"end":{"line":2,"column":30}},"2":{"start":{"line":18,"column":21},"end":{"line":25,"column":1}},"3":{"start":{"line":41,"column":71},"end":{"line":41,"column":77}},"4":{"start":{"line":43,"column":22},"end":{"line":43,"column":42}},"5":{"start":{"line":44,"column":2},"end":{"line":44,"column":42}},"6":{"start":{"line":44,"column":14},"end":{"line":44,"column":42}},"7":{"start":{"line":47,"column":2},"end":{"line":62,"column":3}},"8":{"start":{"line":49,"column":6},"end":{"line":49,"column":51}},"9":{"start":{"line":50,"column":6},"end":{"line":50,"column":12}},"10":{"start":{"line":52,"column":6},"end":{"line":52,"column":58}},"11":{"start":{"line":53,"column":6},"end":{"line":53,"column":12}},"12":{"start":{"line":55,"column":6},"end":{"line":55,"column":57}},"13":{"start":{"line":56,"column":6},"end":{"line":56,"column":12}},"14":{"start":{"line":58,"column":6},"end":{"line":58,"column":67}},"15":{"start":{"line":59,"column":6},"end":{"line":59,"column":12}},"16":{"start":{"line":61,"column":6},"end":{"line":61,"column":61}},"17":{"start":{"line":66,"column":2},"end":{"line":70,"column":3}},"18":{"start":{"line":67,"column":16},"end":{"line":67,"column":70}},"19":{"start":{"line":68,"column":4},"end":{"line":68,"column":28}},"20":{"start":{"line":69,"column":4},"end":{"line":69,"column":14}},"21":{"start":{"line":72,"column":2},"end":{"line":72,"column":18}},"22":{"start":{"line":83,"column":18},"end":{"line":85,"column":4}},"23":{"start":{"line":88,"column":2},"end":{"line":109,"column":5}},"24":{"start":{"line":90,"column":4},"end":{"line":99,"column":5}},"25":{"start":{"line":91,"column":6},"end":{"line":98,"column":8}},"26":{"start":{"line":101,"column":4},"end":{"line":108,"column":6}},"27":{"start":{"line":114,"column":2},"end":{"line":116,"column":5}},"28":{"start":{"line":115,"column":4},"end":{"line":115,"column":103}},"29":{"start":{"line":118,"column":2},"end":{"line":120,"column":5}},"30":{"start":{"line":119,"column":4},"end":{"line":119,"column":94}},"31":{"start":{"line":122,"column":2},"end":{"line":124,"column":5}},"32":{"start":{"line":123,"column":4},"end":{"line":123,"column":87}},"33":{"start":{"line":126,"column":2},"end":{"line":128,"column":5}},"34":{"start":{"line":127,"column":4},"end":{"line":127,"column":63}},"35":{"start":{"line":130,"column":2},"end":{"line":135,"column":5}},"36":{"start":{"line":132,"column":4},"end":{"line":134,"column":5}},"37":{"start":{"line":133,"column":6},"end":{"line":133,"column":64}},"38":{"start":{"line":137,"column":2},"end":{"line":137,"column":17}},"39":{"start":{"line":143,"column":21},"end":{"line":143,"column":50}},"40":{"start":{"line":144,"column":23},"end":{"line":144,"column":54}},"41":{"start":{"line":145,"column":22},"end":{"line":145,"column":52}},"42":{"start":{"line":156,"column":2},"end":{"line":160,"column":4}},"43":{"start":{"line":164,"column":2},"end":{"line":173,"column":4}},"44":{"start":{"line":176,"column":0},"end":{"line":181,"column":2}}},"fnMap":{"0":{"name":"fireRequest","decl":{"start":{"line":40,"column":15},"end":{"line":40,"column":26}},"loc":{"start":{"line":40,"column":35},"end":{"line":73,"column":1}},"line":40},"1":{"name":"createServiceBreaker","decl":{"start":{"line":82,"column":9},"end":{"line":82,"column":29}},"loc":{"start":{"line":82,"column":43},"end":{"line":138,"column":1}},"line":82},"2":{"name":"(anonymous_2)","decl":{"start":{"line":88,"column":19},"end":{"line":88,"column":20}},"loc":{"start":{"line":88,"column":39},"end":{"line":109,"column":3}},"line":88},"3":{"name":"(anonymous_3)","decl":{"start":{"line":114,"column":21},"end":{"line":114,"column":22}},"loc":{"start":{"line":114,"column":27},"end":{"line":116,"column":3}},"line":114},"4":{"name":"(anonymous_4)","decl":{"start":{"line":118,"column":25},"end":{"line":118,"column":26}},"loc":{"start":{"line":118,"column":31},"end":{"line":120,"column":3}},"line":118},"5":{"name":"(anonymous_5)","decl":{"start":{"line":122,"column":22},"end":{"line":122,"column":23}},"loc":{"start":{"line":122,"column":28},"end":{"line":124,"column":3}},"line":122},"6":{"name":"(anonymous_6)","decl":{"start":{"line":126,"column":24},"end":{"line":126,"column":25}},"loc":{"start":{"line":126,"column":35},"end":{"line":128,"column":3}},"line":126},"7":{"name":"(anonymous_7)","decl":{"start":{"line":130,"column":25},"end":{"line":130,"column":26}},"loc":{"start":{"line":130,"column":37},"end":{"line":135,"column":3}},"line":130},"8":{"name":"getBreakerStats","decl":{"start":{"line":155,"column":9},"end":{"line":155,"column":24}},"loc":{"start":{"line":155,"column":27},"end":{"line":161,"column":1}},"line":155},"9":{"name":"extractStats","decl":{"start":{"line":163,"column":9},"end":{"line":163,"column":21}},"loc":{"start":{"line":163,"column":37},"end":{"line":174,"column":1}},"line":163}},"branchMap":{"0":{"loc":{"start":{"line":41,"column":23},"end":{"line":41,"column":35}},"type":"default-arg","locations":[{"start":{"line":41,"column":33},"end":{"line":41,"column":35}}],"line":41},"1":{"loc":{"start":{"line":41,"column":51},"end":{"line":41,"column":66}},"type":"default-arg","locations":[{"start":{"line":41,"column":61},"end":{"line":41,"column":66}}],"line":41},"2":{"loc":{"start":{"line":44,"column":2},"end":{"line":44,"column":42}},"type":"if","locations":[{"start":{"line":44,"column":2},"end":{"line":44,"column":42}},{"start":{},"end":{}}],"line":44},"3":{"loc":{"start":{"line":47,"column":2},"end":{"line":62,"column":3}},"type":"switch","locations":[{"start":{"line":48,"column":4},"end":{"line":50,"column":12}},{"start":{"line":51,"column":4},"end":{"line":53,"column":12}},{"start":{"line":54,"column":4},"end":{"line":56,"column":12}},{"start":{"line":57,"column":4},"end":{"line":59,"column":12}},{"start":{"line":60,"column":4},"end":{"line":61,"column":61}}],"line":47},"4":{"loc":{"start":{"line":66,"column":2},"end":{"line":70,"column":3}},"type":"if","locations":[{"start":{"line":66,"column":2},"end":{"line":70,"column":3}},{"start":{},"end":{}}],"line":66},"5":{"loc":{"start":{"line":90,"column":4},"end":{"line":99,"column":5}},"type":"if","locations":[{"start":{"line":90,"column":4},"end":{"line":99,"column":5}},{"start":{},"end":{}}],"line":90},"6":{"loc":{"start":{"line":90,"column":8},"end":{"line":90,"column":82}},"type":"binary-expr","locations":[{"start":{"line":90,"column":8},"end":{"line":90,"column":13}},{"start":{"line":90,"column":18},"end":{"line":90,"column":60}},{"start":{"line":90,"column":64},"end":{"line":90,"column":81}}],"line":90},"7":{"loc":{"start":{"line":132,"column":4},"end":{"line":134,"column":5}},"type":"if","locations":[{"start":{"line":132,"column":4},"end":{"line":134,"column":5}},{"start":{},"end":{}}],"line":132},"8":{"loc":{"start":{"line":166,"column":11},"end":{"line":166,"column":80}},"type":"cond-expr","locations":[{"start":{"line":166,"column":28},"end":{"line":166,"column":34}},{"start":{"line":166,"column":38},"end":{"line":166,"column":79}}],"line":166},"9":{"loc":{"start":{"line":166,"column":38},"end":{"line":166,"column":79}},"type":"cond-expr","locations":[{"start":{"line":166,"column":57},"end":{"line":166,"column":68}},{"start":{"line":166,"column":71},"end":{"line":166,"column":79}}],"line":166}},"s":{"0":1,"1":1,"2":1,"3":0,"4":0,"5":0,"6":0,"7":0,"8":0,"9":0,"10":0,"11":0,"12":0,"13":0,"14":0,"15":0,"16":0,"17":0,"18":0,"19":0,"20":0,"21":0,"22":3,"23":3,"24":0,"25":0,"26":0,"27":3,"28":0,"29":3,"30":0,"31":3,"32":0,"33":3,"34":0,"35":3,"36":0,"37":0,"38":3,"39":1,"40":1,"41":1,"42":0,"43":0,"44":1},"f":{"0":0,"1":3,"2":0,"3":0,"4":0,"5":0,"6":0,"7":0,"8":0,"9":0},"b":{"0":[0],"1":[0],"2":[0,0],"3":[0,0,0,0,0],"4":[0,0],"5":[0,0],"6":[0,0,0],"7":[0,0],"8":[0,0],"9":[0,0]},"_coverageSchema":"1a1c01bbd47fc00a2c39e90264f33305004495a9","hash":"029d38bb37a07aa14db7730451dc716de6115e83"}
,"/mnt/c/Users/delga/OneDrive/Escritorio/Repositorio/eco-savor-backend/api-gateway/src/errorHandler.js": {"path":"/mnt/c/Users/delga/OneDrive/Escritorio/Repositorio/eco-savor-backend/api-gateway/src/errorHandler.js","statementMap":{"0":{"start":{"line":10,"column":2},"end":{"line":10,"column":64}},"1":{"start":{"line":11,"column":17},"end":{"line":11,"column":46}},"2":{"start":{"line":12,"column":18},"end":{"line":12,"column":74}},"3":{"start":{"line":13,"column":2},"end":{"line":13,"column":62}},"4":{"start":{"line":16,"column":0},"end":{"line":16,"column":38}}},"fnMap":{"0":{"name":"handleProxyError","decl":{"start":{"line":9,"column":9},"end":{"line":9,"column":25}},"loc":{"start":{"line":9,"column":64},"end":{"line":14,"column":1}},"line":9}},"branchMap":{"0":{"loc":{"start":{"line":9,"column":38},"end":{"line":9,"column":62}},"type":"default-arg","locations":[{"start":{"line":9,"column":52},"end":{"line":9,"column":62}}],"line":9},"1":{"loc":{"start":{"line":11,"column":17},"end":{"line":11,"column":46}},"type":"binary-expr","locations":[{"start":{"line":11,"column":17},"end":{"line":11,"column":39}},{"start":{"line":11,"column":43},"end":{"line":11,"column":46}}],"line":11},"2":{"loc":{"start":{"line":12,"column":18},"end":{"line":12,"column":74}},"type":"binary-expr","locations":[{"start":{"line":12,"column":18},"end":{"line":12,"column":45}},{"start":{"line":12,"column":49},"end":{"line":12,"column":74}}],"line":12}},"s":{"0":5,"1":5,"2":5,"3":5,"4":1},"f":{"0":5},"b":{"0":[1],"1":[5,3],"2":[5,3]},"_coverageSchema":"1a1c01bbd47fc00a2c39e90264f33305004495a9","hash":"86bc5ce75506c0b04843a11c302b179daae099a5"}
,"/mnt/c/Users/delga/OneDrive/Escritorio/Repositorio/eco-savor-backend/api-gateway/src/proxyHandler.js": {"path":"/mnt/c/Users/delga/OneDrive/Escritorio/Repositorio/eco-savor-backend/api-gateway/src/proxyHandler.js","statementMap":{"0":{"start":{"line":1,"column":14},"end":{"line":1,"column":30}},"1":{"start":{"line":24,"column":6},"end":{"line":24,"column":13}},"2":{"start":{"line":26,"column":2},"end":{"line":92,"column":4}},"3":{"start":{"line":27,"column":4},"end":{"line":91,"column":5}},"4":{"start":{"line":29,"column":22},"end":{"line":29,"column":60}},"5":{"start":{"line":32,"column":6},"end":{"line":40,"column":7}},"6":{"start":{"line":33,"column":8},"end":{"line":36,"column":9}},"7":{"start":{"line":34,"column":10},"end":{"line":34,"column":46}},"8":{"start":{"line":35,"column":10},"end":{"line":35,"column":49}},"9":{"start":{"line":37,"column":8},"end":{"line":39,"column":9}},"10":{"start":{"line":38,"column":10},"end":{"line":38,"column":63}},"11":{"start":{"line":43,"column":25},"end":{"line":43,"column":35}},"12":{"start":{"line":44,"column":6},"end":{"line":46,"column":7}},"13":{"start":{"line":45,"column":8},"end":{"line":45,"column":64}},"14":{"start":{"line":48,"column":18},"end":{"line":48,"column":48}},"15":{"start":{"line":51,"column":21},"end":{"line":51,"column":63}},"16":{"start":{"line":54,"column":28},"end":{"line":61,"column":7}},"17":{"start":{"line":65,"column":6},"end":{"line":69,"column":7}},"18":{"start":{"line":66,"column":8},"end":{"line":66,"column":53}},"19":{"start":{"line":68,"column":8},"end":{"line":68,"column":90}},"20":{"start":{"line":72,"column":6},"end":{"line":74,"column":7}},"21":{"start":{"line":73,"column":8},"end":{"line":73,"column":70}},"22":{"start":{"line":76,"column":6},"end":{"line":76,"column":54}},"23":{"start":{"line":79,"column":6},"end":{"line":85,"column":7}},"24":{"start":{"line":80,"column":8},"end":{"line":84,"column":11}},"25":{"start":{"line":87,"column":6},"end":{"line":87,"column":81}},"26":{"start":{"line":88,"column":21},"end":{"line":88,"column":50}},"27":{"start":{"line":89,"column":22},"end":{"line":89,"column":75}},"28":{"start":{"line":90,"column":6},"end":{"line":90,"column":66}},"29":{"start":{"line":100,"column":22},"end":{"line":100,"column":42}},"30":{"start":{"line":101,"column":2},"end":{"line":103,"column":3}},"31":{"start":{"line":102,"column":4},"end":{"line":102,"column":35}},"32":{"start":{"line":105,"column":2},"end":{"line":116,"column":3}},"33":{"start":{"line":107,"column":6},"end":{"line":107,"column":41}},"34":{"start":{"line":109,"column":6},"end":{"line":109,"column":52}},"35":{"start":{"line":111,"column":6},"end":{"line":111,"column":51}},"36":{"start":{"line":113,"column":6},"end":{"line":113,"column":67}},"37":{"start":{"line":115,"column":6},"end":{"line":115,"column":55}},"38":{"start":{"line":124,"column":2},"end":{"line":134,"column":3}},"39":{"start":{"line":126,"column":6},"end":{"line":126,"column":16}},"40":{"start":{"line":129,"column":6},"end":{"line":129,"column":28}},"41":{"start":{"line":131,"column":6},"end":{"line":131,"column":41}},"42":{"start":{"line":133,"column":6},"end":{"line":133,"column":16}},"43":{"start":{"line":137,"column":0},"end":{"line":137,"column":40}}},"fnMap":{"0":{"name":"createProxyHandler","decl":{"start":{"line":17,"column":9},"end":{"line":17,"column":27}},"loc":{"start":{"line":17,"column":66},"end":{"line":93,"column":1}},"line":17},"1":{"name":"(anonymous_1)","decl":{"start":{"line":26,"column":9},"end":{"line":26,"column":10}},"loc":{"start":{"line":26,"column":29},"end":{"line":92,"column":3}},"line":26},"2":{"name":"executeRequest","decl":{"start":{"line":99,"column":15},"end":{"line":99,"column":29}},"loc":{"start":{"line":99,"column":80},"end":{"line":117,"column":1}},"line":99},"3":{"name":"dataForMethod","decl":{"start":{"line":123,"column":9},"end":{"line":123,"column":22}},"loc":{"start":{"line":123,"column":37},"end":{"line":135,"column":1}},"line":123}},"branchMap":{"0":{"loc":{"start":{"line":17,"column":52},"end":{"line":17,"column":64}},"type":"default-arg","locations":[{"start":{"line":17,"column":62},"end":{"line":17,"column":64}}],"line":17},"1":{"loc":{"start":{"line":19,"column":4},"end":{"line":19,"column":22}},"type":"default-arg","locations":[{"start":{"line":19,"column":18},"end":{"line":19,"column":22}}],"line":19},"2":{"loc":{"start":{"line":20,"column":4},"end":{"line":20,"column":23}},"type":"default-arg","locations":[{"start":{"line":20,"column":19},"end":{"line":20,"column":23}}],"line":20},"3":{"loc":{"start":{"line":21,"column":4},"end":{"line":21,"column":19}},"type":"default-arg","locations":[{"start":{"line":21,"column":14},"end":{"line":21,"column":19}}],"line":21},"4":{"loc":{"start":{"line":22,"column":4},"end":{"line":22,"column":25}},"type":"default-arg","locations":[{"start":{"line":22,"column":21},"end":{"line":22,"column":25}}],"line":22},"5":{"loc":{"start":{"line":23,"column":4},"end":{"line":23,"column":18}},"type":"default-arg","locations":[{"start":{"line":23,"column":14},"end":{"line":23,"column":18}}],"line":23},"6":{"loc":{"start":{"line":32,"column":6},"end":{"line":40,"column":7}},"type":"if","locations":[{"start":{"line":32,"column":6},"end":{"line":40,"column":7}},{"start":{},"end":{}}],"line":32},"7":{"loc":{"start":{"line":33,"column":8},"end":{"line":36,"column":9}},"type":"if","locations":[{"start":{"line":33,"column":8},"end":{"line":36,"column":9}},{"start":{},"end":{}}],"line":33},"8":{"loc":{"start":{"line":37,"column":8},"end":{"line":39,"column":9}},"type":"if","locations":[{"start":{"line":37,"column":8},"end":{"line":39,"column":9}},{"start":{},"end":{}}],"line":37},"9":{"loc":{"start":{"line":51,"column":21},"end":{"line":51,"column":63}},"type":"binary-expr","locations":[{"start":{"line":51,"column":21},"end":{"line":51,"column":35}},{"start":{"line":51,"column":39},"end":{"line":51,"column":63}}],"line":51},"10":{"loc":{"start":{"line":60,"column":12},"end":{"line":60,"column":69}},"type":"binary-expr","locations":[{"start":{"line":60,"column":12},"end":{"line":60,"column":28}},{"start":{"line":60,"column":32},"end":{"line":60,"column":44}},{"start":{"line":60,"column":48},"end":{"line":60,"column":69}}],"line":60},"11":{"loc":{"start":{"line":65,"column":6},"end":{"line":69,"column":7}},"type":"if","locations":[{"start":{"line":65,"column":6},"end":{"line":69,"column":7}},{"start":{"line":67,"column":13},"end":{"line":69,"column":7}}],"line":65},"12":{"loc":{"start":{"line":72,"column":6},"end":{"line":74,"column":7}},"type":"if","locations":[{"start":{"line":72,"column":6},"end":{"line":74,"column":7}},{"start":{},"end":{}}],"line":72},"13":{"loc":{"start":{"line":72,"column":10},"end":{"line":72,"column":52}},"type":"binary-expr","locations":[{"start":{"line":72,"column":10},"end":{"line":72,"column":32}},{"start":{"line":72,"column":36},"end":{"line":72,"column":52}}],"line":72},"14":{"loc":{"start":{"line":73,"column":26},"end":{"line":73,"column":48}},"type":"binary-expr","locations":[{"start":{"line":73,"column":26},"end":{"line":73,"column":41}},{"start":{"line":73,"column":45},"end":{"line":73,"column":48}}],"line":73},"15":{"loc":{"start":{"line":79,"column":6},"end":{"line":85,"column":7}},"type":"if","locations":[{"start":{"line":79,"column":6},"end":{"line":85,"column":7}},{"start":{},"end":{}}],"line":79},"16":{"loc":{"start":{"line":88,"column":21},"end":{"line":88,"column":50}},"type":"binary-expr","locations":[{"start":{"line":88,"column":21},"end":{"line":88,"column":43}},{"start":{"line":88,"column":47},"end":{"line":88,"column":50}}],"line":88},"17":{"loc":{"start":{"line":89,"column":22},"end":{"line":89,"column":75}},"type":"binary-expr","locations":[{"start":{"line":89,"column":22},"end":{"line":89,"column":49}},{"start":{"line":89,"column":53},"end":{"line":89,"column":75}}],"line":89},"18":{"loc":{"start":{"line":101,"column":2},"end":{"line":103,"column":3}},"type":"if","locations":[{"start":{"line":101,"column":2},"end":{"line":103,"column":3}},{"start":{},"end":{}}],"line":101},"19":{"loc":{"start":{"line":101,"column":6},"end":{"line":101,"column":38}},"type":"binary-expr","locations":[{"start":{"line":101,"column":6},"end":{"line":101,"column":18}},{"start":{"line":101,"column":22},"end":{"line":101,"column":38}}],"line":101},"20":{"loc":{"start":{"line":105,"column":2},"end":{"line":116,"column":3}},"type":"switch","locations":[{"start":{"line":106,"column":4},"end":{"line":107,"column":41}},{"start":{"line":108,"column":4},"end":{"line":109,"column":52}},{"start":{"line":110,"column":4},"end":{"line":111,"column":51}},{"start":{"line":112,"column":4},"end":{"line":113,"column":67}},{"start":{"line":114,"column":4},"end":{"line":115,"column":55}}],"line":105},"21":{"loc":{"start":{"line":124,"column":2},"end":{"line":134,"column":3}},"type":"switch","locations":[{"start":{"line":125,"column":4},"end":{"line":126,"column":16}},{"start":{"line":127,"column":4},"end":{"line":127,"column":16}},{"start":{"line":128,"column":4},"end":{"line":129,"column":28}},{"start":{"line":130,"column":4},"end":{"line":131,"column":41}},{"start":{"line":132,"column":4},"end":{"line":133,"column":16}}],"line":124},"22":{"loc":{"start":{"line":131,"column":21},"end":{"line":131,"column":38}},"type":"binary-expr","locations":[{"start":{"line":131,"column":21},"end":{"line":131,"column":25}},{"start":{"line":131,"column":29},"end":{"line":131,"column":38}}],"line":131}},"s":{"0":1,"1":16,"2":16,"3":0,"4":0,"5":0,"6":0,"7":0,"8":0,"9":0,"10":0,"11":0,"12":0,"13":0,"14":0,"15":0,"16":0,"17":0,"18":0,"19":0,"20":0,"21":0,"22":0,"23":0,"24":0,"25":0,"26":0,"27":0,"28":0,"29":0,"30":0,"31":0,"32":0,"33":0,"34":0,"35":0,"36":0,"37":0,"38":0,"39":0,"40":0,"41":0,"42":0,"43":1},"f":{"0":16,"1":0,"2":0,"3":0},"b":{"0":[0],"1":[14],"2":[16],"3":[16],"4":[16],"5":[0],"6":[0,0],"7":[0,0],"8":[0,0],"9":[0,0],"10":[0,0,0],"11":[0,0],"12":[0,0],"13":[0,0],"14":[0,0],"15":[0,0],"16":[0,0],"17":[0,0],"18":[0,0],"19":[0,0],"20":[0,0,0,0,0],"21":[0,0,0,0,0],"22":[0,0]},"_coverageSchema":"1a1c01bbd47fc00a2c39e90264f33305004495a9","hash":"3c13181b4b1e63bab1cf98ba395c04e77c326cd0"}
,"/mnt/c/Users/delga/OneDrive/Escritorio/Repositorio/eco-savor-backend/api-gateway/src/services.config.js": {"path":"/mnt/c/Users/delga/OneDrive/Escritorio/Repositorio/eco-savor-backend/api-gateway/src/services.config.js","statementMap":{"0":{"start":{"line":6,"column":17},"end":{"line":10,"column":1}},"1":{"start":{"line":12,"column":0},"end":{"line":12,"column":30}}},"fnMap":{},"branchMap":{"0":{"loc":{"start":{"line":7,"column":9},"end":{"line":7,"column":65}},"type":"binary-expr","locations":[{"start":{"line":7,"column":9},"end":{"line":7,"column":38}},{"start":{"line":7,"column":42},"end":{"line":7,"column":65}}],"line":7},"1":{"loc":{"start":{"line":8,"column":11},"end":{"line":8,"column":69}},"type":"binary-expr","locations":[{"start":{"line":8,"column":11},"end":{"line":8,"column":42}},{"start":{"line":8,"column":46},"end":{"line":8,"column":69}}],"line":8},"2":{"loc":{"start":{"line":9,"column":10},"end":{"line":9,"column":67}},"type":"binary-expr","locations":[{"start":{"line":9,"column":10},"end":{"line":9,"column":40}},{"start":{"line":9,"column":44},"end":{"line":9,"column":67}}],"line":9}},"s":{"0":4,"1":4},"f":{},"b":{"0":[4,3],"1":[4,3],"2":[4,3]},"_coverageSchema":"1a1c01bbd47fc00a2c39e90264f33305004495a9","hash":"ea3f4f3c0b40e370ceff42730bf06626eaa27860"}
}
