TN:
SF:index.js
FN:25,(anonymous_0)
FN:61,(anonymous_1)
FN:153,(anonymous_2)
FN:200,(anonymous_3)
FN:259,(anonymous_4)
FN:269,(anonymous_5)
FN:279,(anonymous_6)
FN:295,(anonymous_7)
FNF:8
FNH:2
FNDA:3,(anonymous_0)
FNDA:3,(anonymous_1)
FNDA:0,(anonymous_2)
FNDA:0,(anonymous_3)
FNDA:0,(anonymous_4)
FNDA:0,(anonymous_5)
FNDA:0,(anonymous_6)
FNDA:0,(anonymous_7)
DA:1,1
DA:2,1
DA:3,1
DA:4,1
DA:5,1
DA:6,1
DA:7,1
DA:8,1
DA:9,1
DA:10,1
DA:12,1
DA:13,1
DA:16,1
DA:19,1
DA:20,1
DA:21,1
DA:25,1
DA:26,3
DA:28,3
DA:37,3
DA:38,0
DA:43,3
DA:46,0
DA:47,0
DA:53,0
DA:54,0
DA:55,0
DA:56,0
DA:61,1
DA:62,3
DA:63,3
DA:65,3
DA:66,0
DA:70,3
DA:79,3
DA:80,0
DA:86,3
DA:87,2
DA:91,1
DA:92,1
DA:104,1
DA:118,0
DA:119,0
DA:125,0
DA:126,0
DA:127,0
DA:128,0
DA:134,1
DA:153,1
DA:154,0
DA:155,0
DA:161,0
DA:162,0
DA:173,1
DA:176,1
DA:179,1
DA:182,1
DA:185,1
DA:188,1
DA:194,1
DA:201,0
DA:202,0
DA:203,0
DA:213,1
DA:216,1
DA:219,1
DA:222,1
DA:225,1
DA:228,1
DA:231,1
DA:234,1
DA:237,1
DA:240,1
DA:246,1
DA:259,1
DA:260,0
DA:269,1
DA:270,0
DA:279,1
DA:280,0
DA:294,1
DA:295,0
DA:296,0
DA:297,0
DA:298,0
DA:299,0
DA:300,0
DA:301,0
DA:305,1
LF:89
LH:57
BRDA:13,0,0,1
BRDA:13,0,1,1
BRDA:16,1,0,1
BRDA:16,1,1,1
BRDA:37,2,0,0
BRDA:37,2,1,3
BRDA:46,3,0,0
BRDA:46,3,1,0
BRDA:46,4,0,0
BRDA:46,4,1,0
BRDA:54,5,0,0
BRDA:54,5,1,0
BRDA:55,6,0,0
BRDA:55,6,1,0
BRDA:65,7,0,0
BRDA:65,7,1,3
BRDA:65,8,0,3
BRDA:65,8,1,3
BRDA:79,9,0,0
BRDA:79,9,1,3
BRDA:86,10,0,2
BRDA:86,10,1,1
BRDA:86,11,0,3
BRDA:86,11,1,3
BRDA:98,12,0,1
BRDA:98,12,1,1
BRDA:118,13,0,0
BRDA:118,13,1,0
BRDA:118,14,0,0
BRDA:118,14,1,0
BRDA:126,15,0,0
BRDA:126,15,1,0
BRDA:127,16,0,0
BRDA:127,16,1,0
BRDA:154,17,0,0
BRDA:154,17,1,0
BRDA:201,18,0,0
BRDA:201,18,1,0
BRDA:294,19,0,0
BRDA:294,19,1,1
BRDA:297,20,0,0
BRDA:297,20,1,0
BRF:42
BRH:16
end_of_record
TN:
SF:src/circuitBreaker.js
FN:40,fireRequest
FN:82,createServiceBreaker
FN:88,(anonymous_2)
FN:114,(anonymous_3)
FN:118,(anonymous_4)
FN:122,(anonymous_5)
FN:126,(anonymous_6)
FN:130,(anonymous_7)
FN:155,getBreakerStats
FN:163,extractStats
FNF:10
FNH:1
FNDA:0,fireRequest
FNDA:3,createServiceBreaker
FNDA:0,(anonymous_2)
FNDA:0,(anonymous_3)
FNDA:0,(anonymous_4)
FNDA:0,(anonymous_5)
FNDA:0,(anonymous_6)
FNDA:0,(anonymous_7)
FNDA:0,getBreakerStats
FNDA:0,extractStats
DA:1,1
DA:2,1
DA:18,1
DA:41,0
DA:43,0
DA:44,0
DA:47,0
DA:49,0
DA:50,0
DA:52,0
DA:53,0
DA:55,0
DA:56,0
DA:58,0
DA:59,0
DA:61,0
DA:66,0
DA:67,0
DA:68,0
DA:69,0
DA:72,0
DA:83,3
DA:88,3
DA:90,0
DA:91,0
DA:101,0
DA:114,3
DA:115,0
DA:118,3
DA:119,0
DA:122,3
DA:123,0
DA:126,3
DA:127,0
DA:130,3
DA:132,0
DA:133,0
DA:137,3
DA:143,1
DA:144,1
DA:145,1
DA:156,0
DA:164,0
DA:176,1
LF:44
LH:15
BRDA:41,0,0,0
BRDA:41,1,0,0
BRDA:44,2,0,0
BRDA:44,2,1,0
BRDA:47,3,0,0
BRDA:47,3,1,0
BRDA:47,3,2,0
BRDA:47,3,3,0
BRDA:47,3,4,0
BRDA:66,4,0,0
BRDA:66,4,1,0
BRDA:90,5,0,0
BRDA:90,5,1,0
BRDA:90,6,0,0
BRDA:90,6,1,0
BRDA:90,6,2,0
BRDA:132,7,0,0
BRDA:132,7,1,0
BRDA:166,8,0,0
BRDA:166,8,1,0
BRDA:166,9,0,0
BRDA:166,9,1,0
BRF:22
BRH:0
end_of_record
TN:
SF:src/errorHandler.js
FN:9,handleProxyError
FNF:1
FNH:1
FNDA:5,handleProxyError
DA:10,5
DA:11,5
DA:12,5
DA:13,5
DA:16,1
LF:5
LH:5
BRDA:9,0,0,1
BRDA:11,1,0,5
BRDA:11,1,1,3
BRDA:12,2,0,5
BRDA:12,2,1,3
BRF:5
BRH:5
end_of_record
TN:
SF:src/proxyHandler.js
FN:17,createProxyHandler
FN:26,(anonymous_1)
FN:99,executeRequest
FN:123,dataForMethod
FNF:4
FNH:1
FNDA:16,createProxyHandler
FNDA:0,(anonymous_1)
FNDA:0,executeRequest
FNDA:0,dataForMethod
DA:1,1
DA:24,16
DA:26,16
DA:27,0
DA:29,0
DA:32,0
DA:33,0
DA:34,0
DA:35,0
DA:37,0
DA:38,0
DA:43,0
DA:44,0
DA:45,0
DA:48,0
DA:51,0
DA:54,0
DA:65,0
DA:66,0
DA:68,0
DA:72,0
DA:73,0
DA:76,0
DA:79,0
DA:80,0
DA:87,0
DA:88,0
DA:89,0
DA:90,0
DA:100,0
DA:101,0
DA:102,0
DA:105,0
DA:107,0
DA:109,0
DA:111,0
DA:113,0
DA:115,0
DA:124,0
DA:126,0
DA:129,0
DA:131,0
DA:133,0
DA:137,1
LF:44
LH:4
BRDA:17,0,0,0
BRDA:19,1,0,14
BRDA:20,2,0,16
BRDA:21,3,0,16
BRDA:22,4,0,16
BRDA:23,5,0,0
BRDA:32,6,0,0
BRDA:32,6,1,0
BRDA:33,7,0,0
BRDA:33,7,1,0
BRDA:37,8,0,0
BRDA:37,8,1,0
BRDA:51,9,0,0
BRDA:51,9,1,0
BRDA:60,10,0,0
BRDA:60,10,1,0
BRDA:60,10,2,0
BRDA:65,11,0,0
BRDA:65,11,1,0
BRDA:72,12,0,0
BRDA:72,12,1,0
BRDA:72,13,0,0
BRDA:72,13,1,0
BRDA:73,14,0,0
BRDA:73,14,1,0
BRDA:79,15,0,0
BRDA:79,15,1,0
BRDA:88,16,0,0
BRDA:88,16,1,0
BRDA:89,17,0,0
BRDA:89,17,1,0
BRDA:101,18,0,0
BRDA:101,18,1,0
BRDA:101,19,0,0
BRDA:101,19,1,0
BRDA:105,20,0,0
BRDA:105,20,1,0
BRDA:105,20,2,0
BRDA:105,20,3,0
BRDA:105,20,4,0
BRDA:124,21,0,0
BRDA:124,21,1,0
BRDA:124,21,2,0
BRDA:124,21,3,0
BRDA:124,21,4,0
BRDA:131,22,0,0
BRDA:131,22,1,0
BRF:47
BRH:4
end_of_record
TN:
SF:src/services.config.js
FNF:0
FNH:0
DA:6,4
DA:12,4
LF:2
LH:2
BRDA:7,0,0,4
BRDA:7,0,1,3
BRDA:8,1,0,4
BRDA:8,1,1,3
BRDA:9,2,0,4
BRDA:9,2,1,3
BRF:6
BRH:6
end_of_record
