TN:
SF:src\circuitBreaker.js
FN:40,fireRequest
FN:82,createServiceBreaker
FN:88,(anonymous_2)
FN:114,(anonymous_3)
FN:118,(anonymous_4)
FN:122,(anonymous_5)
FN:126,(anonymous_6)
FN:130,(anonymous_7)
FN:155,getBreakerStats
FN:163,extractStats
FNF:10
FNH:1
FNDA:0,fireRequest
FNDA:3,createServiceBreaker
FNDA:0,(anonymous_2)
FNDA:0,(anonymous_3)
FNDA:0,(anonymous_4)
FNDA:0,(anonymous_5)
FNDA:0,(anonymous_6)
FNDA:0,(anonymous_7)
FNDA:0,getBreakerStats
FNDA:0,extractStats
DA:1,1
DA:2,1
DA:18,1
DA:41,0
DA:43,0
DA:44,0
DA:47,0
DA:49,0
DA:50,0
DA:52,0
DA:53,0
DA:55,0
DA:56,0
DA:58,0
DA:59,0
DA:61,0
DA:66,0
DA:67,0
DA:68,0
DA:69,0
DA:72,0
DA:83,3
DA:88,3
DA:90,0
DA:91,0
DA:101,0
DA:114,3
DA:115,0
DA:118,3
DA:119,0
DA:122,3
DA:123,0
DA:126,3
DA:127,0
DA:130,3
DA:132,0
DA:133,0
DA:137,3
DA:143,1
DA:144,1
DA:145,1
DA:156,0
DA:164,0
DA:176,1
LF:44
LH:15
BRDA:41,0,0,0
BRDA:41,1,0,0
BRDA:44,2,0,0
BRDA:44,2,1,0
BRDA:47,3,0,0
BRDA:47,3,1,0
BRDA:47,3,2,0
BRDA:47,3,3,0
BRDA:47,3,4,0
BRDA:66,4,0,0
BRDA:66,4,1,0
BRDA:90,5,0,0
BRDA:90,5,1,0
BRDA:90,6,0,0
BRDA:90,6,1,0
BRDA:90,6,2,0
BRDA:132,7,0,0
BRDA:132,7,1,0
BRDA:166,8,0,0
BRDA:166,8,1,0
BRDA:166,9,0,0
BRDA:166,9,1,0
BRF:22
BRH:0
end_of_record
TN:
SF:src\errorHandler.js
FN:9,handleProxyError
FNF:1
FNH:1
FNDA:5,handleProxyError
DA:10,5
DA:11,5
DA:12,5
DA:13,5
DA:16,1
LF:5
LH:5
BRDA:9,0,0,1
BRDA:11,1,0,5
BRDA:11,1,1,3
BRDA:12,2,0,5
BRDA:12,2,1,3
BRF:5
BRH:5
end_of_record
TN:
SF:src\services.config.js
FNF:0
FNH:0
DA:6,3
DA:12,3
LF:2
LH:2
BRDA:7,0,0,3
BRDA:7,0,1,2
BRDA:8,1,0,3
BRDA:8,1,1,2
BRDA:9,2,0,3
BRDA:9,2,1,2
BRF:6
BRH:6
end_of_record
