{"C:\\Users\\delga\\OneDrive\\Escritorio\\Repositorio\\eco-savor-backend\\microservices\\users\\src\\config\\database.js": {"path":"C:\\Users\\delga\\OneDrive\\Escritorio\\Repositorio\\eco-savor-backend\\microservices\\users\\src\\config\\database.js","statementMap":{"0":{"start":{"line":1,"column":17},"end":{"line":1,"column":36}},"1":{"start":{"line":2,"column":18},"end":{"line":12,"column":1}},"2":{"start":{"line":3,"column":4},"end":{"line":11,"column":5}},"3":{"start":{"line":5,"column":21},"end":{"line":5,"column":66}},"4":{"start":{"line":6,"column":8},"end":{"line":6,"column":69}},"5":{"start":{"line":8,"column":8},"end":{"line":8,"column":73}},"6":{"start":{"line":10,"column":8},"end":{"line":10,"column":24}},"7":{"start":{"line":13,"column":0},"end":{"line":13,"column":27}}},"fnMap":{"0":{"name":"(anonymous_0)","decl":{"start":{"line":2,"column":18},"end":{"line":2,"column":19}},"loc":{"start":{"line":2,"column":30},"end":{"line":12,"column":1}},"line":2}},"branchMap":{},"s":{"0":1,"1":1,"2":0,"3":0,"4":0,"5":0,"6":0,"7":1},"f":{"0":0},"b":{},"_coverageSchema":"1a1c01bbd47fc00a2c39e90264f33305004495a9","hash":"7945b7b9ab0489f3102d5342016c12b6cb66ce28"}
,"C:\\Users\\delga\\OneDrive\\Escritorio\\Repositorio\\eco-savor-backend\\microservices\\users\\src\\controllers\\userController.js": {"path":"C:\\Users\\delga\\OneDrive\\Escritorio\\Repositorio\\eco-savor-backend\\microservices\\users\\src\\controllers\\userController.js","statementMap":{"0":{"start":{"line":1,"column":20},"end":{"line":1,"column":54}},"1":{"start":{"line":12,"column":0},"end":{"line":37,"column":2}},"2":{"start":{"line":13,"column":2},"end":{"line":36,"column":3}},"3":{"start":{"line":14,"column":21},"end":{"line":14,"column":29}},"4":{"start":{"line":17,"column":20},"end":{"line":17,"column":56}},"5":{"start":{"line":19,"column":4},"end":{"line":23,"column":7}},"6":{"start":{"line":25,"column":4},"end":{"line":25,"column":56}},"7":{"start":{"line":28,"column":4},"end":{"line":30,"column":5}},"8":{"start":{"line":29,"column":6},"end":{"line":29,"column":76}},"9":{"start":{"line":31,"column":4},"end":{"line":33,"column":5}},"10":{"start":{"line":32,"column":6},"end":{"line":32,"column":76}},"11":{"start":{"line":35,"column":4},"end":{"line":35,"column":82}},"12":{"start":{"line":43,"column":0},"end":{"line":71,"column":2}},"13":{"start":{"line":44,"column":2},"end":{"line":70,"column":3}},"14":{"start":{"line":45,"column":32},"end":{"line":45,"column":40}},"15":{"start":{"line":48,"column":4},"end":{"line":53,"column":5}},"16":{"start":{"line":49,"column":6},"end":{"line":52,"column":9}},"17":{"start":{"line":55,"column":17},"end":{"line":55,"column":57}},"18":{"start":{"line":57,"column":4},"end":{"line":61,"column":7}},"19":{"start":{"line":63,"column":4},"end":{"line":63,"column":50}},"20":{"start":{"line":65,"column":4},"end":{"line":67,"column":5}},"21":{"start":{"line":66,"column":6},"end":{"line":66,"column":76}},"22":{"start":{"line":69,"column":4},"end":{"line":69,"column":82}},"23":{"start":{"line":77,"column":0},"end":{"line":90,"column":2}},"24":{"start":{"line":78,"column":2},"end":{"line":89,"column":3}},"25":{"start":{"line":79,"column":24},"end":{"line":79,"column":61}},"26":{"start":{"line":81,"column":4},"end":{"line":85,"column":7}},"27":{"start":{"line":87,"column":4},"end":{"line":87,"column":59}},"28":{"start":{"line":88,"column":4},"end":{"line":88,"column":82}},"29":{"start":{"line":96,"column":0},"end":{"line":113,"column":2}},"30":{"start":{"line":97,"column":2},"end":{"line":112,"column":3}},"31":{"start":{"line":98,"column":17},"end":{"line":98,"column":61}},"32":{"start":{"line":100,"column":4},"end":{"line":103,"column":7}},"33":{"start":{"line":105,"column":4},"end":{"line":105,"column":54}},"34":{"start":{"line":107,"column":4},"end":{"line":109,"column":5}},"35":{"start":{"line":108,"column":6},"end":{"line":108,"column":76}},"36":{"start":{"line":111,"column":4},"end":{"line":111,"column":82}},"37":{"start":{"line":119,"column":0},"end":{"line":137,"column":2}},"38":{"start":{"line":120,"column":2},"end":{"line":136,"column":3}},"39":{"start":{"line":121,"column":24},"end":{"line":121,"column":80}},"40":{"start":{"line":123,"column":4},"end":{"line":127,"column":7}},"41":{"start":{"line":129,"column":4},"end":{"line":129,"column":57}},"42":{"start":{"line":131,"column":4},"end":{"line":133,"column":5}},"43":{"start":{"line":132,"column":6},"end":{"line":132,"column":76}},"44":{"start":{"line":135,"column":4},"end":{"line":135,"column":82}},"45":{"start":{"line":143,"column":0},"end":{"line":160,"column":2}},"46":{"start":{"line":144,"column":2},"end":{"line":159,"column":3}},"47":{"start":{"line":145,"column":4},"end":{"line":145,"column":48}},"48":{"start":{"line":147,"column":4},"end":{"line":150,"column":7}},"49":{"start":{"line":152,"column":4},"end":{"line":152,"column":55}},"50":{"start":{"line":154,"column":4},"end":{"line":156,"column":5}},"51":{"start":{"line":155,"column":6},"end":{"line":155,"column":76}},"52":{"start":{"line":158,"column":4},"end":{"line":158,"column":82}}},"fnMap":{"0":{"name":"(anonymous_0)","decl":{"start":{"line":12,"column":19},"end":{"line":12,"column":20}},"loc":{"start":{"line":12,"column":39},"end":{"line":37,"column":1}},"line":12},"1":{"name":"(anonymous_1)","decl":{"start":{"line":43,"column":16},"end":{"line":43,"column":17}},"loc":{"start":{"line":43,"column":36},"end":{"line":71,"column":1}},"line":43},"2":{"name":"(anonymous_2)","decl":{"start":{"line":77,"column":25},"end":{"line":77,"column":26}},"loc":{"start":{"line":77,"column":45},"end":{"line":90,"column":1}},"line":77},"3":{"name":"(anonymous_3)","decl":{"start":{"line":96,"column":22},"end":{"line":96,"column":23}},"loc":{"start":{"line":96,"column":42},"end":{"line":113,"column":1}},"line":96},"4":{"name":"(anonymous_4)","decl":{"start":{"line":119,"column":21},"end":{"line":119,"column":22}},"loc":{"start":{"line":119,"column":41},"end":{"line":137,"column":1}},"line":119},"5":{"name":"(anonymous_5)","decl":{"start":{"line":143,"column":21},"end":{"line":143,"column":22}},"loc":{"start":{"line":143,"column":41},"end":{"line":160,"column":1}},"line":143}},"branchMap":{"0":{"loc":{"start":{"line":28,"column":4},"end":{"line":30,"column":5}},"type":"if","locations":[{"start":{"line":28,"column":4},"end":{"line":30,"column":5}},{"start":{},"end":{}}],"line":28},"1":{"loc":{"start":{"line":31,"column":4},"end":{"line":33,"column":5}},"type":"if","locations":[{"start":{"line":31,"column":4},"end":{"line":33,"column":5}},{"start":{},"end":{}}],"line":31},"2":{"loc":{"start":{"line":48,"column":4},"end":{"line":53,"column":5}},"type":"if","locations":[{"start":{"line":48,"column":4},"end":{"line":53,"column":5}},{"start":{},"end":{}}],"line":48},"3":{"loc":{"start":{"line":48,"column":8},"end":{"line":48,"column":27}},"type":"binary-expr","locations":[{"start":{"line":48,"column":8},"end":{"line":48,"column":14}},{"start":{"line":48,"column":18},"end":{"line":48,"column":27}}],"line":48},"4":{"loc":{"start":{"line":65,"column":4},"end":{"line":67,"column":5}},"type":"if","locations":[{"start":{"line":65,"column":4},"end":{"line":67,"column":5}},{"start":{},"end":{}}],"line":65},"5":{"loc":{"start":{"line":107,"column":4},"end":{"line":109,"column":5}},"type":"if","locations":[{"start":{"line":107,"column":4},"end":{"line":109,"column":5}},{"start":{},"end":{}}],"line":107},"6":{"loc":{"start":{"line":131,"column":4},"end":{"line":133,"column":5}},"type":"if","locations":[{"start":{"line":131,"column":4},"end":{"line":133,"column":5}},{"start":{},"end":{}}],"line":131},"7":{"loc":{"start":{"line":154,"column":4},"end":{"line":156,"column":5}},"type":"if","locations":[{"start":{"line":154,"column":4},"end":{"line":156,"column":5}},{"start":{},"end":{}}],"line":154}},"s":{"0":1,"1":1,"2":7,"3":7,"4":7,"5":5,"6":2,"7":2,"8":1,"9":1,"10":1,"11":0,"12":1,"13":2,"14":2,"15":2,"16":0,"17":2,"18":1,"19":1,"20":1,"21":1,"22":0,"23":1,"24":2,"25":2,"26":2,"27":0,"28":0,"29":1,"30":2,"31":2,"32":1,"33":1,"34":1,"35":1,"36":0,"37":1,"38":0,"39":0,"40":0,"41":0,"42":0,"43":0,"44":0,"45":1,"46":0,"47":0,"48":0,"49":0,"50":0,"51":0,"52":0},"f":{"0":7,"1":2,"2":2,"3":2,"4":0,"5":0},"b":{"0":[1,1],"1":[1,0],"2":[0,2],"3":[2,2],"4":[1,0],"5":[1,0],"6":[0,0],"7":[0,0]},"_coverageSchema":"1a1c01bbd47fc00a2c39e90264f33305004495a9","hash":"a0eb3e9777b9997d5891eee37c070a7848a969e1"}
,"C:\\Users\\delga\\OneDrive\\Escritorio\\Repositorio\\eco-savor-backend\\microservices\\users\\src\\factories\\userFactory.js": {"path":"C:\\Users\\delga\\OneDrive\\Escritorio\\Repositorio\\eco-savor-backend\\microservices\\users\\src\\factories\\userFactory.js","statementMap":{"0":{"start":{"line":14,"column":4},"end":{"line":19,"column":6}},"1":{"start":{"line":28,"column":21},"end":{"line":28,"column":46}},"2":{"start":{"line":29,"column":4},"end":{"line":35,"column":6}},"3":{"start":{"line":44,"column":21},"end":{"line":44,"column":46}},"4":{"start":{"line":47,"column":27},"end":{"line":47,"column":74}},"5":{"start":{"line":48,"column":4},"end":{"line":54,"column":6}},"6":{"start":{"line":64,"column":4},"end":{"line":66,"column":5}},"7":{"start":{"line":65,"column":6},"end":{"line":65,"column":64}},"8":{"start":{"line":68,"column":4},"end":{"line":75,"column":5}},"9":{"start":{"line":70,"column":8},"end":{"line":70,"column":43}},"10":{"start":{"line":72,"column":8},"end":{"line":72,"column":38}},"11":{"start":{"line":74,"column":8},"end":{"line":74,"column":41}},"12":{"start":{"line":80,"column":0},"end":{"line":80,"column":35}}},"fnMap":{"0":{"name":"(anonymous_0)","decl":{"start":{"line":13,"column":2},"end":{"line":13,"column":3}},"loc":{"start":{"line":13,"column":23},"end":{"line":20,"column":3}},"line":13},"1":{"name":"(anonymous_1)","decl":{"start":{"line":27,"column":2},"end":{"line":27,"column":3}},"loc":{"start":{"line":27,"column":20},"end":{"line":36,"column":3}},"line":27},"2":{"name":"(anonymous_2)","decl":{"start":{"line":43,"column":2},"end":{"line":43,"column":3}},"loc":{"start":{"line":43,"column":25},"end":{"line":55,"column":3}},"line":43},"3":{"name":"(anonymous_3)","decl":{"start":{"line":63,"column":2},"end":{"line":63,"column":3}},"loc":{"start":{"line":63,"column":15},"end":{"line":76,"column":3}},"line":63}},"branchMap":{"0":{"loc":{"start":{"line":33,"column":15},"end":{"line":33,"column":40}},"type":"binary-expr","locations":[{"start":{"line":33,"column":15},"end":{"line":33,"column":27}},{"start":{"line":33,"column":31},"end":{"line":33,"column":40}}],"line":33},"1":{"loc":{"start":{"line":34,"column":13},"end":{"line":34,"column":36}},"type":"binary-expr","locations":[{"start":{"line":34,"column":13},"end":{"line":34,"column":23}},{"start":{"line":34,"column":27},"end":{"line":34,"column":36}}],"line":34},"2":{"loc":{"start":{"line":47,"column":27},"end":{"line":47,"column":74}},"type":"binary-expr","locations":[{"start":{"line":47,"column":27},"end":{"line":47,"column":54}},{"start":{"line":47,"column":58},"end":{"line":47,"column":74}}],"line":47},"3":{"loc":{"start":{"line":52,"column":15},"end":{"line":52,"column":40}},"type":"binary-expr","locations":[{"start":{"line":52,"column":15},"end":{"line":52,"column":27}},{"start":{"line":52,"column":31},"end":{"line":52,"column":40}}],"line":52},"4":{"loc":{"start":{"line":53,"column":13},"end":{"line":53,"column":36}},"type":"binary-expr","locations":[{"start":{"line":53,"column":13},"end":{"line":53,"column":23}},{"start":{"line":53,"column":27},"end":{"line":53,"column":36}}],"line":53},"5":{"loc":{"start":{"line":64,"column":4},"end":{"line":66,"column":5}},"type":"if","locations":[{"start":{"line":64,"column":4},"end":{"line":66,"column":5}},{"start":{},"end":{}}],"line":64},"6":{"loc":{"start":{"line":64,"column":8},"end":{"line":64,"column":66}},"type":"binary-expr","locations":[{"start":{"line":64,"column":8},"end":{"line":64,"column":18}},{"start":{"line":64,"column":22},"end":{"line":64,"column":66}}],"line":64},"7":{"loc":{"start":{"line":68,"column":4},"end":{"line":75,"column":5}},"type":"switch","locations":[{"start":{"line":69,"column":6},"end":{"line":70,"column":43}},{"start":{"line":71,"column":6},"end":{"line":72,"column":38}},{"start":{"line":73,"column":6},"end":{"line":74,"column":41}}],"line":68}},"s":{"0":6,"1":5,"2":5,"3":1,"4":1,"5":1,"6":7,"7":1,"8":6,"9":1,"10":5,"11":0,"12":1},"f":{"0":6,"1":5,"2":1,"3":7},"b":{"0":[5,5],"1":[5,4],"2":[1,0],"3":[1,1],"4":[1,0],"5":[1,6],"6":[7,7],"7":[1,5,0]},"_coverageSchema":"1a1c01bbd47fc00a2c39e90264f33305004495a9","hash":"d53bc02745d8cce98bbd3ecab2e47f8549cfab50"}
,"C:\\Users\\delga\\OneDrive\\Escritorio\\Repositorio\\eco-savor-backend\\microservices\\users\\src\\models\\userModel.js": {"path":"C:\\Users\\delga\\OneDrive\\Escritorio\\Repositorio\\eco-savor-backend\\microservices\\users\\src\\models\\userModel.js","statementMap":{"0":{"start":{"line":1,"column":17},"end":{"line":1,"column":36}},"1":{"start":{"line":2,"column":15},"end":{"line":2,"column":34}},"2":{"start":{"line":4,"column":19},"end":{"line":39,"column":2}},"3":{"start":{"line":42,"column":0},"end":{"line":52,"column":3}},"4":{"start":{"line":44,"column":2},"end":{"line":44,"column":43}},"5":{"start":{"line":44,"column":36},"end":{"line":44,"column":43}},"6":{"start":{"line":46,"column":2},"end":{"line":51,"column":3}},"7":{"start":{"line":47,"column":17},"end":{"line":47,"column":41}},"8":{"start":{"line":48,"column":4},"end":{"line":48,"column":59}},"9":{"start":{"line":50,"column":4},"end":{"line":50,"column":16}},"10":{"start":{"line":55,"column":0},"end":{"line":57,"column":2}},"11":{"start":{"line":56,"column":2},"end":{"line":56,"column":64}},"12":{"start":{"line":59,"column":0},"end":{"line":59,"column":52}}},"fnMap":{"0":{"name":"(anonymous_0)","decl":{"start":{"line":42,"column":23},"end":{"line":42,"column":24}},"loc":{"start":{"line":42,"column":40},"end":{"line":52,"column":1}},"line":42},"1":{"name":"(anonymous_1)","decl":{"start":{"line":55,"column":37},"end":{"line":55,"column":38}},"loc":{"start":{"line":55,"column":71},"end":{"line":57,"column":1}},"line":55}},"branchMap":{"0":{"loc":{"start":{"line":44,"column":2},"end":{"line":44,"column":43}},"type":"if","locations":[{"start":{"line":44,"column":2},"end":{"line":44,"column":43}},{"start":{},"end":{}}],"line":44}},"s":{"0":1,"1":1,"2":1,"3":1,"4":9,"5":0,"6":9,"7":9,"8":9,"9":0,"10":1,"11":2,"12":1},"f":{"0":9,"1":2},"b":{"0":[0,9]},"_coverageSchema":"1a1c01bbd47fc00a2c39e90264f33305004495a9","hash":"c1e6677293999176148b41ec40ad29fe41aada94"}
,"C:\\Users\\delga\\OneDrive\\Escritorio\\Repositorio\\eco-savor-backend\\microservices\\users\\src\\repositories\\userRepository.js": {"path":"C:\\Users\\delga\\OneDrive\\Escritorio\\Repositorio\\eco-savor-backend\\microservices\\users\\src\\repositories\\userRepository.js","statementMap":{"0":{"start":{"line":1,"column":13},"end":{"line":1,"column":43}},"1":{"start":{"line":16,"column":17},"end":{"line":16,"column":35}},"2":{"start":{"line":17,"column":4},"end":{"line":17,"column":29}},"3":{"start":{"line":26,"column":4},"end":{"line":26,"column":41}},"4":{"start":{"line":35,"column":4},"end":{"line":35,"column":35}},"5":{"start":{"line":44,"column":4},"end":{"line":44,"column":55}},"6":{"start":{"line":52,"column":4},"end":{"line":52,"column":71}},"7":{"start":{"line":62,"column":4},"end":{"line":66,"column":6}},"8":{"start":{"line":75,"column":4},"end":{"line":75,"column":44}},"9":{"start":{"line":85,"column":4},"end":{"line":85,"column":69}},"10":{"start":{"line":90,"column":0},"end":{"line":90,"column":38}}},"fnMap":{"0":{"name":"(anonymous_0)","decl":{"start":{"line":15,"column":2},"end":{"line":15,"column":3}},"loc":{"start":{"line":15,"column":25},"end":{"line":18,"column":3}},"line":15},"1":{"name":"(anonymous_1)","decl":{"start":{"line":25,"column":2},"end":{"line":25,"column":3}},"loc":{"start":{"line":25,"column":27},"end":{"line":27,"column":3}},"line":25},"2":{"name":"(anonymous_2)","decl":{"start":{"line":34,"column":2},"end":{"line":34,"column":3}},"loc":{"start":{"line":34,"column":21},"end":{"line":36,"column":3}},"line":34},"3":{"name":"(anonymous_3)","decl":{"start":{"line":43,"column":2},"end":{"line":43,"column":3}},"loc":{"start":{"line":43,"column":36},"end":{"line":45,"column":3}},"line":43},"4":{"name":"(anonymous_4)","decl":{"start":{"line":51,"column":2},"end":{"line":51,"column":3}},"loc":{"start":{"line":51,"column":29},"end":{"line":53,"column":3}},"line":51},"5":{"name":"(anonymous_5)","decl":{"start":{"line":61,"column":2},"end":{"line":61,"column":3}},"loc":{"start":{"line":61,"column":31},"end":{"line":67,"column":3}},"line":61},"6":{"name":"(anonymous_6)","decl":{"start":{"line":74,"column":2},"end":{"line":74,"column":3}},"loc":{"start":{"line":74,"column":19},"end":{"line":76,"column":3}},"line":74},"7":{"name":"(anonymous_7)","decl":{"start":{"line":84,"column":2},"end":{"line":84,"column":3}},"loc":{"start":{"line":84,"column":34},"end":{"line":86,"column":3}},"line":84}},"branchMap":{},"s":{"0":1,"1":5,"2":5,"3":8,"4":0,"5":2,"6":2,"7":0,"8":0,"9":0,"10":1},"f":{"0":5,"1":8,"2":0,"3":2,"4":2,"5":0,"6":0,"7":0},"b":{},"_coverageSchema":"1a1c01bbd47fc00a2c39e90264f33305004495a9","hash":"1899992948cfab45707e022af8b6c96d0b5f61de"}
,"C:\\Users\\delga\\OneDrive\\Escritorio\\Repositorio\\eco-savor-backend\\microservices\\users\\src\\routes\\userRoutes.js": {"path":"C:\\Users\\delga\\OneDrive\\Escritorio\\Repositorio\\eco-savor-backend\\microservices\\users\\src\\routes\\userRoutes.js","statementMap":{"0":{"start":{"line":1,"column":16},"end":{"line":1,"column":34}},"1":{"start":{"line":2,"column":15},"end":{"line":2,"column":31}},"2":{"start":{"line":3,"column":23},"end":{"line":3,"column":63}},"3":{"start":{"line":8,"column":0},"end":{"line":8,"column":50}},"4":{"start":{"line":9,"column":0},"end":{"line":9,"column":44}},"5":{"start":{"line":10,"column":0},"end":{"line":10,"column":58}},"6":{"start":{"line":16,"column":0},"end":{"line":16,"column":47}},"7":{"start":{"line":17,"column":0},"end":{"line":17,"column":46}},"8":{"start":{"line":18,"column":0},"end":{"line":18,"column":49}},"9":{"start":{"line":20,"column":0},"end":{"line":20,"column":24}}},"fnMap":{},"branchMap":{},"s":{"0":1,"1":1,"2":1,"3":1,"4":1,"5":1,"6":1,"7":1,"8":1,"9":1},"f":{},"b":{},"_coverageSchema":"1a1c01bbd47fc00a2c39e90264f33305004495a9","hash":"076aeff22696bfcaa36b2b7f65dc066816cccc7c"}
,"C:\\Users\\delga\\OneDrive\\Escritorio\\Repositorio\\eco-savor-backend\\microservices\\users\\src\\services\\userService.js": {"path":"C:\\Users\\delga\\OneDrive\\Escritorio\\Repositorio\\eco-savor-backend\\microservices\\users\\src\\services\\userService.js","statementMap":{"0":{"start":{"line":1,"column":23},"end":{"line":1,"column":64}},"1":{"start":{"line":2,"column":20},"end":{"line":2,"column":55}},"2":{"start":{"line":18,"column":25},"end":{"line":18,"column":53}},"3":{"start":{"line":21,"column":25},"end":{"line":21,"column":77}},"4":{"start":{"line":22,"column":4},"end":{"line":24,"column":5}},"5":{"start":{"line":23,"column":6},"end":{"line":23,"column":53}},"6":{"start":{"line":27,"column":17},"end":{"line":27,"column":58}},"7":{"start":{"line":30,"column":4},"end":{"line":39,"column":6}},"8":{"start":{"line":50,"column":17},"end":{"line":50,"column":56}},"9":{"start":{"line":52,"column":4},"end":{"line":54,"column":5}},"10":{"start":{"line":53,"column":6},"end":{"line":53,"column":56}},"11":{"start":{"line":57,"column":20},"end":{"line":57,"column":56}},"12":{"start":{"line":58,"column":4},"end":{"line":60,"column":5}},"13":{"start":{"line":59,"column":6},"end":{"line":59,"column":56}},"14":{"start":{"line":63,"column":4},"end":{"line":71,"column":6}},"15":{"start":{"line":79,"column":4},"end":{"line":79,"column":53}},"16":{"start":{"line":88,"column":17},"end":{"line":88,"column":65}},"17":{"start":{"line":90,"column":4},"end":{"line":92,"column":5}},"18":{"start":{"line":91,"column":6},"end":{"line":91,"column":47}},"19":{"start":{"line":94,"column":4},"end":{"line":94,"column":16}},"20":{"start":{"line":105,"column":57},"end":{"line":105,"column":67}},"21":{"start":{"line":107,"column":17},"end":{"line":107,"column":64}},"22":{"start":{"line":109,"column":4},"end":{"line":111,"column":5}},"23":{"start":{"line":110,"column":6},"end":{"line":110,"column":47}},"24":{"start":{"line":113,"column":4},"end":{"line":121,"column":6}},"25":{"start":{"line":130,"column":17},"end":{"line":130,"column":48}},"26":{"start":{"line":132,"column":4},"end":{"line":134,"column":5}},"27":{"start":{"line":133,"column":6},"end":{"line":133,"column":47}},"28":{"start":{"line":139,"column":0},"end":{"line":139,"column":35}}},"fnMap":{"0":{"name":"(anonymous_0)","decl":{"start":{"line":16,"column":2},"end":{"line":16,"column":3}},"loc":{"start":{"line":16,"column":27},"end":{"line":40,"column":3}},"line":16},"1":{"name":"(anonymous_1)","decl":{"start":{"line":48,"column":2},"end":{"line":48,"column":3}},"loc":{"start":{"line":48,"column":31},"end":{"line":72,"column":3}},"line":48},"2":{"name":"(anonymous_2)","decl":{"start":{"line":78,"column":2},"end":{"line":78,"column":3}},"loc":{"start":{"line":78,"column":28},"end":{"line":80,"column":3}},"line":78},"3":{"name":"(anonymous_3)","decl":{"start":{"line":87,"column":2},"end":{"line":87,"column":3}},"loc":{"start":{"line":87,"column":24},"end":{"line":95,"column":3}},"line":87},"4":{"name":"(anonymous_4)","decl":{"start":{"line":103,"column":2},"end":{"line":103,"column":3}},"loc":{"start":{"line":103,"column":38},"end":{"line":122,"column":3}},"line":103},"5":{"name":"(anonymous_5)","decl":{"start":{"line":129,"column":2},"end":{"line":129,"column":3}},"loc":{"start":{"line":129,"column":23},"end":{"line":135,"column":3}},"line":129}},"branchMap":{"0":{"loc":{"start":{"line":22,"column":4},"end":{"line":24,"column":5}},"type":"if","locations":[{"start":{"line":22,"column":4},"end":{"line":24,"column":5}},{"start":{},"end":{}}],"line":22},"1":{"loc":{"start":{"line":52,"column":4},"end":{"line":54,"column":5}},"type":"if","locations":[{"start":{"line":52,"column":4},"end":{"line":54,"column":5}},{"start":{},"end":{}}],"line":52},"2":{"loc":{"start":{"line":58,"column":4},"end":{"line":60,"column":5}},"type":"if","locations":[{"start":{"line":58,"column":4},"end":{"line":60,"column":5}},{"start":{},"end":{}}],"line":58},"3":{"loc":{"start":{"line":90,"column":4},"end":{"line":92,"column":5}},"type":"if","locations":[{"start":{"line":90,"column":4},"end":{"line":92,"column":5}},{"start":{},"end":{}}],"line":90},"4":{"loc":{"start":{"line":109,"column":4},"end":{"line":111,"column":5}},"type":"if","locations":[{"start":{"line":109,"column":4},"end":{"line":111,"column":5}},{"start":{},"end":{}}],"line":109},"5":{"loc":{"start":{"line":132,"column":4},"end":{"line":134,"column":5}},"type":"if","locations":[{"start":{"line":132,"column":4},"end":{"line":134,"column":5}},{"start":{},"end":{}}],"line":132}},"s":{"0":1,"1":1,"2":7,"3":6,"4":6,"5":1,"6":5,"7":5,"8":2,"9":2,"10":0,"11":2,"12":2,"13":1,"14":1,"15":2,"16":2,"17":2,"18":1,"19":1,"20":0,"21":0,"22":0,"23":0,"24":0,"25":0,"26":0,"27":0,"28":1},"f":{"0":7,"1":2,"2":2,"3":2,"4":0,"5":0},"b":{"0":[1,5],"1":[0,2],"2":[1,1],"3":[1,1],"4":[0,0],"5":[0,0]},"_coverageSchema":"1a1c01bbd47fc00a2c39e90264f33305004495a9","hash":"f7346fc4d4f4f21571d738b89cf55e5f3061af8b"}
}
