{"/mnt/c/Users/delga/OneDrive/Escritorio/Repositorio/eco-savor-backend/microservices/users/src/config/database.js": {"path":"/mnt/c/Users/delga/OneDrive/Escritorio/Repositorio/eco-savor-backend/microservices/users/src/config/database.js","statementMap":{"0":{"start":{"line":1,"column":17},"end":{"line":1,"column":36}},"1":{"start":{"line":9,"column":18},"end":{"line":19,"column":1}},"2":{"start":{"line":10,"column":2},"end":{"line":18,"column":3}},"3":{"start":{"line":12,"column":17},"end":{"line":12,"column":62}},"4":{"start":{"line":13,"column":4},"end":{"line":13,"column":65}},"5":{"start":{"line":15,"column":4},"end":{"line":15,"column":69}},"6":{"start":{"line":17,"column":4},"end":{"line":17,"column":20}},"7":{"start":{"line":21,"column":0},"end":{"line":21,"column":27}}},"fnMap":{"0":{"name":"(anonymous_0)","decl":{"start":{"line":9,"column":18},"end":{"line":9,"column":19}},"loc":{"start":{"line":9,"column":30},"end":{"line":19,"column":1}},"line":9}},"branchMap":{},"s":{"0":1,"1":1,"2":0,"3":0,"4":0,"5":0,"6":0,"7":1},"f":{"0":0},"b":{},"_coverageSchema":"1a1c01bbd47fc00a2c39e90264f33305004495a9","hash":"d4b2628b378ca85c5493e412f61f2a5a20cfd692"}
,"/mnt/c/Users/delga/OneDrive/Escritorio/Repositorio/eco-savor-backend/microservices/users/src/controllers/userController.js": {"path":"/mnt/c/Users/delga/OneDrive/Escritorio/Repositorio/eco-savor-backend/microservices/users/src/controllers/userController.js","statementMap":{"0":{"start":{"line":1,"column":20},"end":{"line":1,"column":54}},"1":{"start":{"line":14,"column":23},"end":{"line":16,"column":1}},"2":{"start":{"line":15,"column":2},"end":{"line":15,"column":85}},"3":{"start":{"line":22,"column":0},"end":{"line":47,"column":2}},"4":{"start":{"line":23,"column":2},"end":{"line":46,"column":3}},"5":{"start":{"line":24,"column":21},"end":{"line":24,"column":29}},"6":{"start":{"line":27,"column":20},"end":{"line":27,"column":56}},"7":{"start":{"line":29,"column":4},"end":{"line":33,"column":7}},"8":{"start":{"line":35,"column":4},"end":{"line":35,"column":56}},"9":{"start":{"line":38,"column":4},"end":{"line":40,"column":5}},"10":{"start":{"line":39,"column":6},"end":{"line":39,"column":76}},"11":{"start":{"line":41,"column":4},"end":{"line":43,"column":5}},"12":{"start":{"line":42,"column":6},"end":{"line":42,"column":76}},"13":{"start":{"line":45,"column":4},"end":{"line":45,"column":82}},"14":{"start":{"line":53,"column":0},"end":{"line":81,"column":2}},"15":{"start":{"line":54,"column":2},"end":{"line":80,"column":3}},"16":{"start":{"line":55,"column":32},"end":{"line":55,"column":40}},"17":{"start":{"line":58,"column":4},"end":{"line":63,"column":5}},"18":{"start":{"line":59,"column":6},"end":{"line":62,"column":9}},"19":{"start":{"line":65,"column":17},"end":{"line":65,"column":57}},"20":{"start":{"line":67,"column":4},"end":{"line":71,"column":7}},"21":{"start":{"line":73,"column":4},"end":{"line":73,"column":50}},"22":{"start":{"line":75,"column":4},"end":{"line":77,"column":5}},"23":{"start":{"line":76,"column":6},"end":{"line":76,"column":76}},"24":{"start":{"line":79,"column":4},"end":{"line":79,"column":82}},"25":{"start":{"line":87,"column":0},"end":{"line":100,"column":2}},"26":{"start":{"line":88,"column":2},"end":{"line":99,"column":3}},"27":{"start":{"line":89,"column":24},"end":{"line":89,"column":61}},"28":{"start":{"line":91,"column":4},"end":{"line":95,"column":7}},"29":{"start":{"line":97,"column":4},"end":{"line":97,"column":59}},"30":{"start":{"line":98,"column":4},"end":{"line":98,"column":82}},"31":{"start":{"line":106,"column":0},"end":{"line":130,"column":2}},"32":{"start":{"line":107,"column":2},"end":{"line":129,"column":3}},"33":{"start":{"line":108,"column":4},"end":{"line":113,"column":5}},"34":{"start":{"line":109,"column":6},"end":{"line":112,"column":9}},"35":{"start":{"line":115,"column":17},"end":{"line":115,"column":61}},"36":{"start":{"line":117,"column":4},"end":{"line":120,"column":7}},"37":{"start":{"line":122,"column":4},"end":{"line":122,"column":54}},"38":{"start":{"line":124,"column":4},"end":{"line":126,"column":5}},"39":{"start":{"line":125,"column":6},"end":{"line":125,"column":76}},"40":{"start":{"line":128,"column":4},"end":{"line":128,"column":82}},"41":{"start":{"line":136,"column":0},"end":{"line":161,"column":2}},"42":{"start":{"line":137,"column":2},"end":{"line":160,"column":3}},"43":{"start":{"line":138,"column":4},"end":{"line":143,"column":5}},"44":{"start":{"line":139,"column":6},"end":{"line":142,"column":9}},"45":{"start":{"line":145,"column":24},"end":{"line":145,"column":80}},"46":{"start":{"line":147,"column":4},"end":{"line":151,"column":7}},"47":{"start":{"line":153,"column":4},"end":{"line":153,"column":57}},"48":{"start":{"line":155,"column":4},"end":{"line":157,"column":5}},"49":{"start":{"line":156,"column":6},"end":{"line":156,"column":76}},"50":{"start":{"line":159,"column":4},"end":{"line":159,"column":82}},"51":{"start":{"line":167,"column":0},"end":{"line":191,"column":2}},"52":{"start":{"line":168,"column":2},"end":{"line":190,"column":3}},"53":{"start":{"line":169,"column":4},"end":{"line":174,"column":5}},"54":{"start":{"line":170,"column":6},"end":{"line":173,"column":9}},"55":{"start":{"line":176,"column":4},"end":{"line":176,"column":48}},"56":{"start":{"line":178,"column":4},"end":{"line":181,"column":7}},"57":{"start":{"line":183,"column":4},"end":{"line":183,"column":55}},"58":{"start":{"line":185,"column":4},"end":{"line":187,"column":5}},"59":{"start":{"line":186,"column":6},"end":{"line":186,"column":76}},"60":{"start":{"line":189,"column":4},"end":{"line":189,"column":82}}},"fnMap":{"0":{"name":"(anonymous_0)","decl":{"start":{"line":14,"column":23},"end":{"line":14,"column":24}},"loc":{"start":{"line":14,"column":32},"end":{"line":16,"column":1}},"line":14},"1":{"name":"(anonymous_1)","decl":{"start":{"line":22,"column":19},"end":{"line":22,"column":20}},"loc":{"start":{"line":22,"column":39},"end":{"line":47,"column":1}},"line":22},"2":{"name":"(anonymous_2)","decl":{"start":{"line":53,"column":16},"end":{"line":53,"column":17}},"loc":{"start":{"line":53,"column":36},"end":{"line":81,"column":1}},"line":53},"3":{"name":"(anonymous_3)","decl":{"start":{"line":87,"column":25},"end":{"line":87,"column":26}},"loc":{"start":{"line":87,"column":45},"end":{"line":100,"column":1}},"line":87},"4":{"name":"(anonymous_4)","decl":{"start":{"line":106,"column":22},"end":{"line":106,"column":23}},"loc":{"start":{"line":106,"column":42},"end":{"line":130,"column":1}},"line":106},"5":{"name":"(anonymous_5)","decl":{"start":{"line":136,"column":21},"end":{"line":136,"column":22}},"loc":{"start":{"line":136,"column":41},"end":{"line":161,"column":1}},"line":136},"6":{"name":"(anonymous_6)","decl":{"start":{"line":167,"column":21},"end":{"line":167,"column":22}},"loc":{"start":{"line":167,"column":41},"end":{"line":191,"column":1}},"line":167}},"branchMap":{"0":{"loc":{"start":{"line":15,"column":9},"end":{"line":15,"column":84}},"type":"binary-expr","locations":[{"start":{"line":15,"column":9},"end":{"line":15,"column":19}},{"start":{"line":15,"column":24},"end":{"line":15,"column":49}},{"start":{"line":15,"column":53},"end":{"line":15,"column":83}}],"line":15},"1":{"loc":{"start":{"line":38,"column":4},"end":{"line":40,"column":5}},"type":"if","locations":[{"start":{"line":38,"column":4},"end":{"line":40,"column":5}},{"start":{},"end":{}}],"line":38},"2":{"loc":{"start":{"line":41,"column":4},"end":{"line":43,"column":5}},"type":"if","locations":[{"start":{"line":41,"column":4},"end":{"line":43,"column":5}},{"start":{},"end":{}}],"line":41},"3":{"loc":{"start":{"line":58,"column":4},"end":{"line":63,"column":5}},"type":"if","locations":[{"start":{"line":58,"column":4},"end":{"line":63,"column":5}},{"start":{},"end":{}}],"line":58},"4":{"loc":{"start":{"line":58,"column":8},"end":{"line":58,"column":27}},"type":"binary-expr","locations":[{"start":{"line":58,"column":8},"end":{"line":58,"column":14}},{"start":{"line":58,"column":18},"end":{"line":58,"column":27}}],"line":58},"5":{"loc":{"start":{"line":75,"column":4},"end":{"line":77,"column":5}},"type":"if","locations":[{"start":{"line":75,"column":4},"end":{"line":77,"column":5}},{"start":{},"end":{}}],"line":75},"6":{"loc":{"start":{"line":108,"column":4},"end":{"line":113,"column":5}},"type":"if","locations":[{"start":{"line":108,"column":4},"end":{"line":113,"column":5}},{"start":{},"end":{}}],"line":108},"7":{"loc":{"start":{"line":124,"column":4},"end":{"line":126,"column":5}},"type":"if","locations":[{"start":{"line":124,"column":4},"end":{"line":126,"column":5}},{"start":{},"end":{}}],"line":124},"8":{"loc":{"start":{"line":138,"column":4},"end":{"line":143,"column":5}},"type":"if","locations":[{"start":{"line":138,"column":4},"end":{"line":143,"column":5}},{"start":{},"end":{}}],"line":138},"9":{"loc":{"start":{"line":155,"column":4},"end":{"line":157,"column":5}},"type":"if","locations":[{"start":{"line":155,"column":4},"end":{"line":157,"column":5}},{"start":{},"end":{}}],"line":155},"10":{"loc":{"start":{"line":169,"column":4},"end":{"line":174,"column":5}},"type":"if","locations":[{"start":{"line":169,"column":4},"end":{"line":174,"column":5}},{"start":{},"end":{}}],"line":169},"11":{"loc":{"start":{"line":185,"column":4},"end":{"line":187,"column":5}},"type":"if","locations":[{"start":{"line":185,"column":4},"end":{"line":187,"column":5}},{"start":{},"end":{}}],"line":185}},"s":{"0":1,"1":1,"2":7,"3":1,"4":7,"5":7,"6":7,"7":5,"8":2,"9":2,"10":1,"11":1,"12":1,"13":0,"14":1,"15":2,"16":2,"17":2,"18":0,"19":2,"20":1,"21":1,"22":1,"23":1,"24":0,"25":1,"26":2,"27":2,"28":2,"29":0,"30":0,"31":1,"32":3,"33":3,"34":1,"35":2,"36":1,"37":1,"38":1,"39":1,"40":0,"41":1,"42":2,"43":2,"44":1,"45":1,"46":1,"47":0,"48":0,"49":0,"50":0,"51":1,"52":2,"53":2,"54":1,"55":1,"56":1,"57":0,"58":0,"59":0,"60":0},"f":{"0":7,"1":7,"2":2,"3":2,"4":3,"5":2,"6":2},"b":{"0":[7,7,7],"1":[1,1],"2":[1,0],"3":[0,2],"4":[2,2],"5":[1,0],"6":[1,2],"7":[1,0],"8":[1,1],"9":[0,0],"10":[1,1],"11":[0,0]},"_coverageSchema":"1a1c01bbd47fc00a2c39e90264f33305004495a9","hash":"0532019f049a3d3d4c579a9f28d2350fe0119a2e"}
,"/mnt/c/Users/delga/OneDrive/Escritorio/Repositorio/eco-savor-backend/microservices/users/src/factories/userFactory.js": {"path":"/mnt/c/Users/delga/OneDrive/Escritorio/Repositorio/eco-savor-backend/microservices/users/src/factories/userFactory.js","statementMap":{"0":{"start":{"line":14,"column":4},"end":{"line":19,"column":6}},"1":{"start":{"line":28,"column":21},"end":{"line":28,"column":46}},"2":{"start":{"line":29,"column":4},"end":{"line":35,"column":6}},"3":{"start":{"line":44,"column":21},"end":{"line":44,"column":46}},"4":{"start":{"line":47,"column":27},"end":{"line":47,"column":74}},"5":{"start":{"line":48,"column":4},"end":{"line":54,"column":6}},"6":{"start":{"line":64,"column":4},"end":{"line":66,"column":5}},"7":{"start":{"line":65,"column":6},"end":{"line":65,"column":64}},"8":{"start":{"line":68,"column":4},"end":{"line":75,"column":5}},"9":{"start":{"line":70,"column":8},"end":{"line":70,"column":43}},"10":{"start":{"line":72,"column":8},"end":{"line":72,"column":38}},"11":{"start":{"line":74,"column":8},"end":{"line":74,"column":41}},"12":{"start":{"line":80,"column":0},"end":{"line":80,"column":35}}},"fnMap":{"0":{"name":"(anonymous_0)","decl":{"start":{"line":13,"column":2},"end":{"line":13,"column":3}},"loc":{"start":{"line":13,"column":23},"end":{"line":20,"column":3}},"line":13},"1":{"name":"(anonymous_1)","decl":{"start":{"line":27,"column":2},"end":{"line":27,"column":3}},"loc":{"start":{"line":27,"column":20},"end":{"line":36,"column":3}},"line":27},"2":{"name":"(anonymous_2)","decl":{"start":{"line":43,"column":2},"end":{"line":43,"column":3}},"loc":{"start":{"line":43,"column":25},"end":{"line":55,"column":3}},"line":43},"3":{"name":"(anonymous_3)","decl":{"start":{"line":63,"column":2},"end":{"line":63,"column":3}},"loc":{"start":{"line":63,"column":15},"end":{"line":76,"column":3}},"line":63}},"branchMap":{"0":{"loc":{"start":{"line":33,"column":15},"end":{"line":33,"column":40}},"type":"binary-expr","locations":[{"start":{"line":33,"column":15},"end":{"line":33,"column":27}},{"start":{"line":33,"column":31},"end":{"line":33,"column":40}}],"line":33},"1":{"loc":{"start":{"line":34,"column":13},"end":{"line":34,"column":36}},"type":"binary-expr","locations":[{"start":{"line":34,"column":13},"end":{"line":34,"column":23}},{"start":{"line":34,"column":27},"end":{"line":34,"column":36}}],"line":34},"2":{"loc":{"start":{"line":47,"column":27},"end":{"line":47,"column":74}},"type":"binary-expr","locations":[{"start":{"line":47,"column":27},"end":{"line":47,"column":54}},{"start":{"line":47,"column":58},"end":{"line":47,"column":74}}],"line":47},"3":{"loc":{"start":{"line":52,"column":15},"end":{"line":52,"column":40}},"type":"binary-expr","locations":[{"start":{"line":52,"column":15},"end":{"line":52,"column":27}},{"start":{"line":52,"column":31},"end":{"line":52,"column":40}}],"line":52},"4":{"loc":{"start":{"line":53,"column":13},"end":{"line":53,"column":36}},"type":"binary-expr","locations":[{"start":{"line":53,"column":13},"end":{"line":53,"column":23}},{"start":{"line":53,"column":27},"end":{"line":53,"column":36}}],"line":53},"5":{"loc":{"start":{"line":64,"column":4},"end":{"line":66,"column":5}},"type":"if","locations":[{"start":{"line":64,"column":4},"end":{"line":66,"column":5}},{"start":{},"end":{}}],"line":64},"6":{"loc":{"start":{"line":64,"column":8},"end":{"line":64,"column":66}},"type":"binary-expr","locations":[{"start":{"line":64,"column":8},"end":{"line":64,"column":18}},{"start":{"line":64,"column":22},"end":{"line":64,"column":66}}],"line":64},"7":{"loc":{"start":{"line":68,"column":4},"end":{"line":75,"column":5}},"type":"switch","locations":[{"start":{"line":69,"column":6},"end":{"line":70,"column":43}},{"start":{"line":71,"column":6},"end":{"line":72,"column":38}},{"start":{"line":73,"column":6},"end":{"line":74,"column":41}}],"line":68}},"s":{"0":6,"1":5,"2":5,"3":1,"4":1,"5":1,"6":7,"7":1,"8":6,"9":1,"10":5,"11":0,"12":1},"f":{"0":6,"1":5,"2":1,"3":7},"b":{"0":[5,5],"1":[5,4],"2":[1,0],"3":[1,1],"4":[1,0],"5":[1,6],"6":[7,7],"7":[1,5,0]},"_coverageSchema":"1a1c01bbd47fc00a2c39e90264f33305004495a9","hash":"b5b60530caeafc067dc477d5239c73f5438725dc"}
,"/mnt/c/Users/delga/OneDrive/Escritorio/Repositorio/eco-savor-backend/microservices/users/src/middlewares/auth.js": {"path":"/mnt/c/Users/delga/OneDrive/Escritorio/Repositorio/eco-savor-backend/microservices/users/src/middlewares/auth.js","statementMap":{"0":{"start":{"line":1,"column":23},"end":{"line":1,"column":45}},"1":{"start":{"line":2,"column":12},"end":{"line":2,"column":35}},"2":{"start":{"line":4,"column":19},"end":{"line":4,"column":81}},"3":{"start":{"line":10,"column":22},"end":{"line":10,"column":91}},"4":{"start":{"line":20,"column":23},"end":{"line":58,"column":1}},"5":{"start":{"line":22,"column":2},"end":{"line":24,"column":3}},"6":{"start":{"line":22,"column":54},"end":{"line":22,"column":80}},"7":{"start":{"line":23,"column":4},"end":{"line":23,"column":18}},"8":{"start":{"line":27,"column":24},"end":{"line":30,"column":4}},"9":{"start":{"line":32,"column":2},"end":{"line":57,"column":5}},"10":{"start":{"line":33,"column":4},"end":{"line":44,"column":5}},"11":{"start":{"line":34,"column":6},"end":{"line":39,"column":7}},"12":{"start":{"line":35,"column":8},"end":{"line":38,"column":11}},"13":{"start":{"line":40,"column":6},"end":{"line":43,"column":9}},"14":{"start":{"line":48,"column":4},"end":{"line":54,"column":5}},"15":{"start":{"line":49,"column":6},"end":{"line":53,"column":8}},"16":{"start":{"line":56,"column":4},"end":{"line":56,"column":11}},"17":{"start":{"line":65,"column":21},"end":{"line":86,"column":1}},"18":{"start":{"line":66,"column":21},"end":{"line":66,"column":46}},"19":{"start":{"line":68,"column":2},"end":{"line":70,"column":3}},"20":{"start":{"line":69,"column":4},"end":{"line":69,"column":18}},"21":{"start":{"line":72,"column":16},"end":{"line":72,"column":40}},"22":{"start":{"line":74,"column":2},"end":{"line":83,"column":3}},"23":{"start":{"line":75,"column":20},"end":{"line":75,"column":49}},"24":{"start":{"line":76,"column":4},"end":{"line":80,"column":6}},"25":{"start":{"line":85,"column":2},"end":{"line":85,"column":9}},"26":{"start":{"line":88,"column":0},"end":{"line":88,"column":50}}},"fnMap":{"0":{"name":"(anonymous_0)","decl":{"start":{"line":20,"column":23},"end":{"line":20,"column":24}},"loc":{"start":{"line":20,"column":43},"end":{"line":58,"column":1}},"line":20},"1":{"name":"(anonymous_1)","decl":{"start":{"line":22,"column":45},"end":{"line":22,"column":46}},"loc":{"start":{"line":22,"column":54},"end":{"line":22,"column":80}},"line":22},"2":{"name":"(anonymous_2)","decl":{"start":{"line":32,"column":26},"end":{"line":32,"column":27}},"loc":{"start":{"line":32,"column":35},"end":{"line":57,"column":3}},"line":32},"3":{"name":"(anonymous_3)","decl":{"start":{"line":65,"column":21},"end":{"line":65,"column":22}},"loc":{"start":{"line":65,"column":41},"end":{"line":86,"column":1}},"line":65}},"branchMap":{"0":{"loc":{"start":{"line":4,"column":19},"end":{"line":4,"column":81}},"type":"binary-expr","locations":[{"start":{"line":4,"column":19},"end":{"line":4,"column":41}},{"start":{"line":4,"column":45},"end":{"line":4,"column":81}}],"line":4},"1":{"loc":{"start":{"line":22,"column":2},"end":{"line":24,"column":3}},"type":"if","locations":[{"start":{"line":22,"column":2},"end":{"line":24,"column":3}},{"start":{},"end":{}}],"line":22},"2":{"loc":{"start":{"line":22,"column":6},"end":{"line":22,"column":81}},"type":"binary-expr","locations":[{"start":{"line":22,"column":6},"end":{"line":22,"column":22}},{"start":{"line":22,"column":26},"end":{"line":22,"column":81}}],"line":22},"3":{"loc":{"start":{"line":33,"column":4},"end":{"line":44,"column":5}},"type":"if","locations":[{"start":{"line":33,"column":4},"end":{"line":44,"column":5}},{"start":{},"end":{}}],"line":33},"4":{"loc":{"start":{"line":34,"column":6},"end":{"line":39,"column":7}},"type":"if","locations":[{"start":{"line":34,"column":6},"end":{"line":39,"column":7}},{"start":{},"end":{}}],"line":34},"5":{"loc":{"start":{"line":48,"column":4},"end":{"line":54,"column":5}},"type":"if","locations":[{"start":{"line":48,"column":4},"end":{"line":54,"column":5}},{"start":{},"end":{}}],"line":48},"6":{"loc":{"start":{"line":68,"column":2},"end":{"line":70,"column":3}},"type":"if","locations":[{"start":{"line":68,"column":2},"end":{"line":70,"column":3}},{"start":{},"end":{}}],"line":68},"7":{"loc":{"start":{"line":68,"column":6},"end":{"line":68,"column":54}},"type":"binary-expr","locations":[{"start":{"line":68,"column":6},"end":{"line":68,"column":17}},{"start":{"line":68,"column":21},"end":{"line":68,"column":54}}],"line":68}},"s":{"0":1,"1":1,"2":1,"3":1,"4":1,"5":18,"6":38,"7":11,"8":7,"9":7,"10":7,"11":0,"12":0,"13":0,"14":7,"15":7,"16":7,"17":1,"18":0,"19":0,"20":0,"21":0,"22":0,"23":0,"24":0,"25":0,"26":1},"f":{"0":18,"1":38,"2":7,"3":0},"b":{"0":[1,1],"1":[11,7],"2":[18,18],"3":[0,7],"4":[0,0],"5":[7,0],"6":[0,0],"7":[0,0]},"_coverageSchema":"1a1c01bbd47fc00a2c39e90264f33305004495a9","hash":"54a66f631bd30d41229c22a7abfbe94524302906"}
,"/mnt/c/Users/delga/OneDrive/Escritorio/Repositorio/eco-savor-backend/microservices/users/src/models/userModel.js": {"path":"/mnt/c/Users/delga/OneDrive/Escritorio/Repositorio/eco-savor-backend/microservices/users/src/models/userModel.js","statementMap":{"0":{"start":{"line":1,"column":17},"end":{"line":1,"column":36}},"1":{"start":{"line":2,"column":15},"end":{"line":2,"column":34}},"2":{"start":{"line":4,"column":19},"end":{"line":39,"column":2}},"3":{"start":{"line":42,"column":0},"end":{"line":52,"column":3}},"4":{"start":{"line":44,"column":2},"end":{"line":44,"column":43}},"5":{"start":{"line":44,"column":36},"end":{"line":44,"column":43}},"6":{"start":{"line":46,"column":2},"end":{"line":51,"column":3}},"7":{"start":{"line":47,"column":17},"end":{"line":47,"column":41}},"8":{"start":{"line":48,"column":4},"end":{"line":48,"column":59}},"9":{"start":{"line":50,"column":4},"end":{"line":50,"column":16}},"10":{"start":{"line":55,"column":0},"end":{"line":57,"column":2}},"11":{"start":{"line":56,"column":2},"end":{"line":56,"column":64}},"12":{"start":{"line":59,"column":0},"end":{"line":59,"column":52}}},"fnMap":{"0":{"name":"(anonymous_0)","decl":{"start":{"line":42,"column":23},"end":{"line":42,"column":24}},"loc":{"start":{"line":42,"column":40},"end":{"line":52,"column":1}},"line":42},"1":{"name":"(anonymous_1)","decl":{"start":{"line":55,"column":37},"end":{"line":55,"column":38}},"loc":{"start":{"line":55,"column":71},"end":{"line":57,"column":1}},"line":55}},"branchMap":{"0":{"loc":{"start":{"line":44,"column":2},"end":{"line":44,"column":43}},"type":"if","locations":[{"start":{"line":44,"column":2},"end":{"line":44,"column":43}},{"start":{},"end":{}}],"line":44}},"s":{"0":1,"1":1,"2":1,"3":1,"4":14,"5":0,"6":14,"7":14,"8":14,"9":0,"10":1,"11":2,"12":1},"f":{"0":14,"1":2},"b":{"0":[0,14]},"_coverageSchema":"1a1c01bbd47fc00a2c39e90264f33305004495a9","hash":"bc8dd4d73aa3027f7a7375f09c4e708b2983d92e"}
,"/mnt/c/Users/delga/OneDrive/Escritorio/Repositorio/eco-savor-backend/microservices/users/src/repositories/userRepository.js": {"path":"/mnt/c/Users/delga/OneDrive/Escritorio/Repositorio/eco-savor-backend/microservices/users/src/repositories/userRepository.js","statementMap":{"0":{"start":{"line":1,"column":13},"end":{"line":1,"column":43}},"1":{"start":{"line":16,"column":17},"end":{"line":16,"column":35}},"2":{"start":{"line":17,"column":4},"end":{"line":17,"column":29}},"3":{"start":{"line":26,"column":4},"end":{"line":26,"column":41}},"4":{"start":{"line":35,"column":4},"end":{"line":35,"column":35}},"5":{"start":{"line":44,"column":4},"end":{"line":44,"column":55}},"6":{"start":{"line":52,"column":4},"end":{"line":52,"column":71}},"7":{"start":{"line":62,"column":4},"end":{"line":66,"column":6}},"8":{"start":{"line":75,"column":4},"end":{"line":75,"column":44}},"9":{"start":{"line":85,"column":4},"end":{"line":85,"column":69}},"10":{"start":{"line":90,"column":0},"end":{"line":90,"column":38}}},"fnMap":{"0":{"name":"(anonymous_0)","decl":{"start":{"line":15,"column":2},"end":{"line":15,"column":3}},"loc":{"start":{"line":15,"column":25},"end":{"line":18,"column":3}},"line":15},"1":{"name":"(anonymous_1)","decl":{"start":{"line":25,"column":2},"end":{"line":25,"column":3}},"loc":{"start":{"line":25,"column":27},"end":{"line":27,"column":3}},"line":25},"2":{"name":"(anonymous_2)","decl":{"start":{"line":34,"column":2},"end":{"line":34,"column":3}},"loc":{"start":{"line":34,"column":21},"end":{"line":36,"column":3}},"line":34},"3":{"name":"(anonymous_3)","decl":{"start":{"line":43,"column":2},"end":{"line":43,"column":3}},"loc":{"start":{"line":43,"column":36},"end":{"line":45,"column":3}},"line":43},"4":{"name":"(anonymous_4)","decl":{"start":{"line":51,"column":2},"end":{"line":51,"column":3}},"loc":{"start":{"line":51,"column":29},"end":{"line":53,"column":3}},"line":51},"5":{"name":"(anonymous_5)","decl":{"start":{"line":61,"column":2},"end":{"line":61,"column":3}},"loc":{"start":{"line":61,"column":31},"end":{"line":67,"column":3}},"line":61},"6":{"name":"(anonymous_6)","decl":{"start":{"line":74,"column":2},"end":{"line":74,"column":3}},"loc":{"start":{"line":74,"column":19},"end":{"line":76,"column":3}},"line":74},"7":{"name":"(anonymous_7)","decl":{"start":{"line":84,"column":2},"end":{"line":84,"column":3}},"loc":{"start":{"line":84,"column":34},"end":{"line":86,"column":3}},"line":84}},"branchMap":{},"s":{"0":1,"1":5,"2":5,"3":8,"4":0,"5":2,"6":2,"7":1,"8":1,"9":0,"10":1},"f":{"0":5,"1":8,"2":0,"3":2,"4":2,"5":1,"6":1,"7":0},"b":{},"_coverageSchema":"1a1c01bbd47fc00a2c39e90264f33305004495a9","hash":"2cbb5cf8cc4bb95aeed20f06b1fca4fdd183cf08"}
,"/mnt/c/Users/delga/OneDrive/Escritorio/Repositorio/eco-savor-backend/microservices/users/src/routes/userRoutes.js": {"path":"/mnt/c/Users/delga/OneDrive/Escritorio/Repositorio/eco-savor-backend/microservices/users/src/routes/userRoutes.js","statementMap":{"0":{"start":{"line":1,"column":16},"end":{"line":1,"column":34}},"1":{"start":{"line":2,"column":15},"end":{"line":2,"column":31}},"2":{"start":{"line":3,"column":23},"end":{"line":3,"column":63}},"3":{"start":{"line":8,"column":0},"end":{"line":8,"column":50}},"4":{"start":{"line":9,"column":0},"end":{"line":9,"column":44}},"5":{"start":{"line":10,"column":0},"end":{"line":10,"column":58}},"6":{"start":{"line":16,"column":0},"end":{"line":16,"column":47}},"7":{"start":{"line":17,"column":0},"end":{"line":17,"column":46}},"8":{"start":{"line":18,"column":0},"end":{"line":18,"column":49}},"9":{"start":{"line":20,"column":0},"end":{"line":20,"column":24}}},"fnMap":{},"branchMap":{},"s":{"0":1,"1":1,"2":1,"3":1,"4":1,"5":1,"6":1,"7":1,"8":1,"9":1},"f":{},"b":{},"_coverageSchema":"1a1c01bbd47fc00a2c39e90264f33305004495a9","hash":"efcf4b3bd05ba9b0707c46fca594a619765600f9"}
,"/mnt/c/Users/delga/OneDrive/Escritorio/Repositorio/eco-savor-backend/microservices/users/src/services/userService.js": {"path":"/mnt/c/Users/delga/OneDrive/Escritorio/Repositorio/eco-savor-backend/microservices/users/src/services/userService.js","statementMap":{"0":{"start":{"line":1,"column":23},"end":{"line":1,"column":64}},"1":{"start":{"line":2,"column":20},"end":{"line":2,"column":55}},"2":{"start":{"line":18,"column":25},"end":{"line":18,"column":53}},"3":{"start":{"line":21,"column":25},"end":{"line":21,"column":77}},"4":{"start":{"line":22,"column":4},"end":{"line":24,"column":5}},"5":{"start":{"line":23,"column":6},"end":{"line":23,"column":53}},"6":{"start":{"line":27,"column":17},"end":{"line":27,"column":58}},"7":{"start":{"line":30,"column":4},"end":{"line":39,"column":6}},"8":{"start":{"line":50,"column":17},"end":{"line":50,"column":56}},"9":{"start":{"line":52,"column":4},"end":{"line":54,"column":5}},"10":{"start":{"line":53,"column":6},"end":{"line":53,"column":56}},"11":{"start":{"line":57,"column":20},"end":{"line":57,"column":56}},"12":{"start":{"line":58,"column":4},"end":{"line":60,"column":5}},"13":{"start":{"line":59,"column":6},"end":{"line":59,"column":56}},"14":{"start":{"line":63,"column":4},"end":{"line":71,"column":6}},"15":{"start":{"line":79,"column":4},"end":{"line":79,"column":53}},"16":{"start":{"line":88,"column":17},"end":{"line":88,"column":65}},"17":{"start":{"line":90,"column":4},"end":{"line":92,"column":5}},"18":{"start":{"line":91,"column":6},"end":{"line":91,"column":47}},"19":{"start":{"line":94,"column":4},"end":{"line":94,"column":16}},"20":{"start":{"line":105,"column":57},"end":{"line":105,"column":67}},"21":{"start":{"line":107,"column":17},"end":{"line":107,"column":64}},"22":{"start":{"line":109,"column":4},"end":{"line":111,"column":5}},"23":{"start":{"line":110,"column":6},"end":{"line":110,"column":47}},"24":{"start":{"line":113,"column":4},"end":{"line":121,"column":6}},"25":{"start":{"line":130,"column":17},"end":{"line":130,"column":48}},"26":{"start":{"line":132,"column":4},"end":{"line":134,"column":5}},"27":{"start":{"line":133,"column":6},"end":{"line":133,"column":47}},"28":{"start":{"line":139,"column":0},"end":{"line":139,"column":35}}},"fnMap":{"0":{"name":"(anonymous_0)","decl":{"start":{"line":16,"column":2},"end":{"line":16,"column":3}},"loc":{"start":{"line":16,"column":27},"end":{"line":40,"column":3}},"line":16},"1":{"name":"(anonymous_1)","decl":{"start":{"line":48,"column":2},"end":{"line":48,"column":3}},"loc":{"start":{"line":48,"column":31},"end":{"line":72,"column":3}},"line":48},"2":{"name":"(anonymous_2)","decl":{"start":{"line":78,"column":2},"end":{"line":78,"column":3}},"loc":{"start":{"line":78,"column":28},"end":{"line":80,"column":3}},"line":78},"3":{"name":"(anonymous_3)","decl":{"start":{"line":87,"column":2},"end":{"line":87,"column":3}},"loc":{"start":{"line":87,"column":24},"end":{"line":95,"column":3}},"line":87},"4":{"name":"(anonymous_4)","decl":{"start":{"line":103,"column":2},"end":{"line":103,"column":3}},"loc":{"start":{"line":103,"column":38},"end":{"line":122,"column":3}},"line":103},"5":{"name":"(anonymous_5)","decl":{"start":{"line":129,"column":2},"end":{"line":129,"column":3}},"loc":{"start":{"line":129,"column":23},"end":{"line":135,"column":3}},"line":129}},"branchMap":{"0":{"loc":{"start":{"line":22,"column":4},"end":{"line":24,"column":5}},"type":"if","locations":[{"start":{"line":22,"column":4},"end":{"line":24,"column":5}},{"start":{},"end":{}}],"line":22},"1":{"loc":{"start":{"line":52,"column":4},"end":{"line":54,"column":5}},"type":"if","locations":[{"start":{"line":52,"column":4},"end":{"line":54,"column":5}},{"start":{},"end":{}}],"line":52},"2":{"loc":{"start":{"line":58,"column":4},"end":{"line":60,"column":5}},"type":"if","locations":[{"start":{"line":58,"column":4},"end":{"line":60,"column":5}},{"start":{},"end":{}}],"line":58},"3":{"loc":{"start":{"line":90,"column":4},"end":{"line":92,"column":5}},"type":"if","locations":[{"start":{"line":90,"column":4},"end":{"line":92,"column":5}},{"start":{},"end":{}}],"line":90},"4":{"loc":{"start":{"line":109,"column":4},"end":{"line":111,"column":5}},"type":"if","locations":[{"start":{"line":109,"column":4},"end":{"line":111,"column":5}},{"start":{},"end":{}}],"line":109},"5":{"loc":{"start":{"line":132,"column":4},"end":{"line":134,"column":5}},"type":"if","locations":[{"start":{"line":132,"column":4},"end":{"line":134,"column":5}},{"start":{},"end":{}}],"line":132}},"s":{"0":1,"1":1,"2":7,"3":6,"4":6,"5":1,"6":5,"7":5,"8":2,"9":2,"10":0,"11":2,"12":2,"13":1,"14":1,"15":2,"16":2,"17":2,"18":1,"19":1,"20":1,"21":1,"22":1,"23":0,"24":1,"25":1,"26":1,"27":0,"28":1},"f":{"0":7,"1":2,"2":2,"3":2,"4":1,"5":1},"b":{"0":[1,5],"1":[0,2],"2":[1,1],"3":[1,1],"4":[0,1],"5":[0,1]},"_coverageSchema":"1a1c01bbd47fc00a2c39e90264f33305004495a9","hash":"a4910d09983fbac1ea56397007f2343c00284e21"}
}
