TN:
SF:src/config/database.js
FN:2,(anonymous_0)
FNF:1
FNH:0
FNDA:0,(anonymous_0)
DA:1,1
DA:2,1
DA:3,0
DA:5,0
DA:6,0
DA:8,0
DA:10,0
DA:13,1
LF:8
LH:3
BRF:0
BRH:0
end_of_record
TN:
SF:src/controllers/userController.js
FN:12,(anonymous_0)
FN:43,(anonymous_1)
FN:77,(anonymous_2)
FN:96,(anonymous_3)
FN:119,(anonymous_4)
FN:143,(anonymous_5)
FNF:6
FNH:2
FNDA:7,(anonymous_0)
FNDA:2,(anonymous_1)
FNDA:0,(anonymous_2)
FNDA:0,(anonymous_3)
FNDA:0,(anonymous_4)
FNDA:0,(anonymous_5)
DA:1,1
DA:12,1
DA:13,7
DA:14,7
DA:17,7
DA:19,5
DA:25,2
DA:28,2
DA:29,1
DA:31,1
DA:32,1
DA:35,0
DA:43,1
DA:44,2
DA:45,2
DA:48,2
DA:49,0
DA:55,2
DA:57,1
DA:63,1
DA:65,1
DA:66,1
DA:69,0
DA:77,1
DA:78,0
DA:79,0
DA:81,0
DA:87,0
DA:88,0
DA:96,1
DA:97,0
DA:98,0
DA:100,0
DA:105,0
DA:107,0
DA:108,0
DA:111,0
DA:119,1
DA:120,0
DA:121,0
DA:123,0
DA:129,0
DA:131,0
DA:132,0
DA:135,0
DA:143,1
DA:144,0
DA:145,0
DA:147,0
DA:152,0
DA:154,0
DA:155,0
DA:158,0
LF:53
LH:24
BRDA:28,0,0,1
BRDA:28,0,1,1
BRDA:31,1,0,1
BRDA:31,1,1,0
BRDA:48,2,0,0
BRDA:48,2,1,2
BRDA:48,3,0,2
BRDA:48,3,1,2
BRDA:65,4,0,1
BRDA:65,4,1,0
BRDA:107,5,0,0
BRDA:107,5,1,0
BRDA:131,6,0,0
BRDA:131,6,1,0
BRDA:154,7,0,0
BRDA:154,7,1,0
BRF:16
BRH:7
end_of_record
TN:
SF:src/factories/userFactory.js
FN:13,(anonymous_0)
FN:27,(anonymous_1)
FN:43,(anonymous_2)
FN:63,(anonymous_3)
FNF:4
FNH:4
FNDA:6,(anonymous_0)
FNDA:5,(anonymous_1)
FNDA:1,(anonymous_2)
FNDA:7,(anonymous_3)
DA:14,6
DA:28,5
DA:29,5
DA:44,1
DA:47,1
DA:48,1
DA:64,7
DA:65,1
DA:68,6
DA:70,1
DA:72,5
DA:74,0
DA:80,1
LF:13
LH:12
BRDA:33,0,0,5
BRDA:33,0,1,5
BRDA:34,1,0,5
BRDA:34,1,1,4
BRDA:47,2,0,1
BRDA:47,2,1,0
BRDA:52,3,0,1
BRDA:52,3,1,1
BRDA:53,4,0,1
BRDA:53,4,1,0
BRDA:64,5,0,1
BRDA:64,5,1,6
BRDA:64,6,0,7
BRDA:64,6,1,7
BRDA:68,7,0,1
BRDA:68,7,1,5
BRDA:68,7,2,0
BRF:17
BRH:14
end_of_record
TN:
SF:src/models/userModel.js
FN:42,(anonymous_0)
FN:55,(anonymous_1)
FNF:2
FNH:2
FNDA:5,(anonymous_0)
FNDA:2,(anonymous_1)
DA:1,1
DA:2,1
DA:4,1
DA:42,1
DA:44,5
DA:46,5
DA:47,5
DA:48,5
DA:50,0
DA:55,1
DA:56,2
DA:59,1
LF:12
LH:11
BRDA:44,0,0,0
BRDA:44,0,1,5
BRF:2
BRH:1
end_of_record
TN:
SF:src/repositories/userRepository.js
FN:15,(anonymous_0)
FN:25,(anonymous_1)
FN:34,(anonymous_2)
FN:43,(anonymous_3)
FN:51,(anonymous_4)
FN:61,(anonymous_5)
FN:74,(anonymous_6)
FN:84,(anonymous_7)
FNF:8
FNH:2
FNDA:5,(anonymous_0)
FNDA:8,(anonymous_1)
FNDA:0,(anonymous_2)
FNDA:0,(anonymous_3)
FNDA:0,(anonymous_4)
FNDA:0,(anonymous_5)
FNDA:0,(anonymous_6)
FNDA:0,(anonymous_7)
DA:1,1
DA:16,5
DA:17,5
DA:26,8
DA:35,0
DA:44,0
DA:52,0
DA:62,0
DA:75,0
DA:85,0
DA:90,1
LF:11
LH:5
BRF:0
BRH:0
end_of_record
TN:
SF:src/routes/userRoutes.js
FNF:0
FNH:0
DA:1,1
DA:2,1
DA:3,1
DA:8,1
DA:9,1
DA:10,1
DA:16,1
DA:17,1
DA:18,1
DA:20,1
LF:10
LH:10
BRF:0
BRH:0
end_of_record
TN:
SF:src/services/userService.js
FN:16,(anonymous_0)
FN:48,(anonymous_1)
FN:78,(anonymous_2)
FN:87,(anonymous_3)
FN:103,(anonymous_4)
FN:129,(anonymous_5)
FNF:6
FNH:2
FNDA:7,(anonymous_0)
FNDA:2,(anonymous_1)
FNDA:0,(anonymous_2)
FNDA:0,(anonymous_3)
FNDA:0,(anonymous_4)
FNDA:0,(anonymous_5)
DA:1,1
DA:2,1
DA:18,7
DA:21,6
DA:22,6
DA:23,1
DA:27,5
DA:30,5
DA:50,2
DA:52,2
DA:53,0
DA:57,2
DA:58,2
DA:59,1
DA:63,1
DA:79,0
DA:88,0
DA:90,0
DA:91,0
DA:94,0
DA:105,0
DA:107,0
DA:109,0
DA:110,0
DA:113,0
DA:130,0
DA:132,0
DA:133,0
DA:139,1
LF:29
LH:15
BRDA:22,0,0,1
BRDA:22,0,1,5
BRDA:52,1,0,0
BRDA:52,1,1,2
BRDA:58,2,0,1
BRDA:58,2,1,1
BRDA:90,3,0,0
BRDA:90,3,1,0
BRDA:109,4,0,0
BRDA:109,4,1,0
BRDA:132,5,0,0
BRDA:132,5,1,0
BRF:12
BRH:5
end_of_record
