TN:
SF:src/config/database.js
FN:9,(anonymous_0)
FNF:1
FNH:0
FNDA:0,(anonymous_0)
DA:1,1
DA:9,1
DA:10,0
DA:12,0
DA:13,0
DA:15,0
DA:17,0
DA:21,1
LF:8
LH:3
BRF:0
BRH:0
end_of_record
TN:
SF:src/controllers/userController.js
FN:14,(anonymous_0)
FN:22,(anonymous_1)
FN:53,(anonymous_2)
FN:87,(anonymous_3)
FN:106,(anonymous_4)
FN:136,(anonymous_5)
FN:167,(anonymous_6)
FNF:7
FNH:7
FNDA:7,(anonymous_0)
FNDA:7,(anonymous_1)
FNDA:2,(anonymous_2)
FNDA:2,(anonymous_3)
FNDA:3,(anonymous_4)
FNDA:2,(anonymous_5)
FNDA:2,(anonymous_6)
DA:1,1
DA:14,1
DA:15,7
DA:22,1
DA:23,7
DA:24,7
DA:27,7
DA:29,5
DA:35,2
DA:38,2
DA:39,1
DA:41,1
DA:42,1
DA:45,0
DA:53,1
DA:54,2
DA:55,2
DA:58,2
DA:59,0
DA:65,2
DA:67,1
DA:73,1
DA:75,1
DA:76,1
DA:79,0
DA:87,1
DA:88,2
DA:89,2
DA:91,2
DA:97,0
DA:98,0
DA:106,1
DA:107,3
DA:108,3
DA:109,1
DA:115,2
DA:117,1
DA:122,1
DA:124,1
DA:125,1
DA:128,0
DA:136,1
DA:137,2
DA:138,2
DA:139,1
DA:145,1
DA:147,1
DA:153,0
DA:155,0
DA:156,0
DA:159,0
DA:167,1
DA:168,2
DA:169,2
DA:170,1
DA:176,1
DA:178,1
DA:183,0
DA:185,0
DA:186,0
DA:189,0
LF:61
LH:47
BRDA:15,0,0,7
BRDA:15,0,1,7
BRDA:15,0,2,7
BRDA:38,1,0,1
BRDA:38,1,1,1
BRDA:41,2,0,1
BRDA:41,2,1,0
BRDA:58,3,0,0
BRDA:58,3,1,2
BRDA:58,4,0,2
BRDA:58,4,1,2
BRDA:75,5,0,1
BRDA:75,5,1,0
BRDA:108,6,0,1
BRDA:108,6,1,2
BRDA:124,7,0,1
BRDA:124,7,1,0
BRDA:138,8,0,1
BRDA:138,8,1,1
BRDA:155,9,0,0
BRDA:155,9,1,0
BRDA:169,10,0,1
BRDA:169,10,1,1
BRDA:185,11,0,0
BRDA:185,11,1,0
BRF:25
BRH:17
end_of_record
TN:
SF:src/factories/userFactory.js
FN:13,(anonymous_0)
FN:27,(anonymous_1)
FN:43,(anonymous_2)
FN:63,(anonymous_3)
FNF:4
FNH:4
FNDA:6,(anonymous_0)
FNDA:5,(anonymous_1)
FNDA:1,(anonymous_2)
FNDA:7,(anonymous_3)
DA:14,6
DA:28,5
DA:29,5
DA:44,1
DA:47,1
DA:48,1
DA:64,7
DA:65,1
DA:68,6
DA:70,1
DA:72,5
DA:74,0
DA:80,1
LF:13
LH:12
BRDA:33,0,0,5
BRDA:33,0,1,5
BRDA:34,1,0,5
BRDA:34,1,1,4
BRDA:47,2,0,1
BRDA:47,2,1,0
BRDA:52,3,0,1
BRDA:52,3,1,1
BRDA:53,4,0,1
BRDA:53,4,1,0
BRDA:64,5,0,1
BRDA:64,5,1,6
BRDA:64,6,0,7
BRDA:64,6,1,7
BRDA:68,7,0,1
BRDA:68,7,1,5
BRDA:68,7,2,0
BRF:17
BRH:14
end_of_record
TN:
SF:src/middlewares/auth.js
FN:20,(anonymous_0)
FN:22,(anonymous_1)
FN:32,(anonymous_2)
FN:65,(anonymous_3)
FNF:4
FNH:3
FNDA:18,(anonymous_0)
FNDA:38,(anonymous_1)
FNDA:7,(anonymous_2)
FNDA:0,(anonymous_3)
DA:1,1
DA:2,1
DA:4,1
DA:10,1
DA:20,1
DA:22,38
DA:23,11
DA:27,7
DA:32,7
DA:33,7
DA:34,0
DA:35,0
DA:40,0
DA:48,7
DA:49,7
DA:56,7
DA:65,1
DA:66,0
DA:68,0
DA:69,0
DA:72,0
DA:74,0
DA:75,0
DA:76,0
DA:85,0
DA:88,1
LF:26
LH:15
BRDA:4,0,0,1
BRDA:4,0,1,1
BRDA:22,1,0,11
BRDA:22,1,1,7
BRDA:22,2,0,18
BRDA:22,2,1,18
BRDA:33,3,0,0
BRDA:33,3,1,7
BRDA:34,4,0,0
BRDA:34,4,1,0
BRDA:48,5,0,7
BRDA:48,5,1,0
BRDA:68,6,0,0
BRDA:68,6,1,0
BRDA:68,7,0,0
BRDA:68,7,1,0
BRF:16
BRH:8
end_of_record
TN:
SF:src/models/userModel.js
FN:42,(anonymous_0)
FN:55,(anonymous_1)
FNF:2
FNH:2
FNDA:14,(anonymous_0)
FNDA:2,(anonymous_1)
DA:1,1
DA:2,1
DA:4,1
DA:42,1
DA:44,14
DA:46,14
DA:47,14
DA:48,14
DA:50,0
DA:55,1
DA:56,2
DA:59,1
LF:12
LH:11
BRDA:44,0,0,0
BRDA:44,0,1,14
BRF:2
BRH:1
end_of_record
TN:
SF:src/repositories/userRepository.js
FN:15,(anonymous_0)
FN:25,(anonymous_1)
FN:34,(anonymous_2)
FN:43,(anonymous_3)
FN:51,(anonymous_4)
FN:61,(anonymous_5)
FN:74,(anonymous_6)
FN:84,(anonymous_7)
FNF:8
FNH:6
FNDA:5,(anonymous_0)
FNDA:8,(anonymous_1)
FNDA:0,(anonymous_2)
FNDA:2,(anonymous_3)
FNDA:2,(anonymous_4)
FNDA:1,(anonymous_5)
FNDA:1,(anonymous_6)
FNDA:0,(anonymous_7)
DA:1,1
DA:16,5
DA:17,5
DA:26,8
DA:35,0
DA:44,2
DA:52,2
DA:62,1
DA:75,1
DA:85,0
DA:90,1
LF:11
LH:9
BRF:0
BRH:0
end_of_record
TN:
SF:src/routes/userRoutes.js
FNF:0
FNH:0
DA:1,1
DA:2,1
DA:3,1
DA:8,1
DA:9,1
DA:10,1
DA:16,1
DA:17,1
DA:18,1
DA:20,1
LF:10
LH:10
BRF:0
BRH:0
end_of_record
TN:
SF:src/services/userService.js
FN:16,(anonymous_0)
FN:48,(anonymous_1)
FN:78,(anonymous_2)
FN:87,(anonymous_3)
FN:103,(anonymous_4)
FN:129,(anonymous_5)
FNF:6
FNH:6
FNDA:7,(anonymous_0)
FNDA:2,(anonymous_1)
FNDA:2,(anonymous_2)
FNDA:2,(anonymous_3)
FNDA:1,(anonymous_4)
FNDA:1,(anonymous_5)
DA:1,1
DA:2,1
DA:18,7
DA:21,6
DA:22,6
DA:23,1
DA:27,5
DA:30,5
DA:50,2
DA:52,2
DA:53,0
DA:57,2
DA:58,2
DA:59,1
DA:63,1
DA:79,2
DA:88,2
DA:90,2
DA:91,1
DA:94,1
DA:105,1
DA:107,1
DA:109,1
DA:110,0
DA:113,1
DA:130,1
DA:132,1
DA:133,0
DA:139,1
LF:29
LH:26
BRDA:22,0,0,1
BRDA:22,0,1,5
BRDA:52,1,0,0
BRDA:52,1,1,2
BRDA:58,2,0,1
BRDA:58,2,1,1
BRDA:90,3,0,1
BRDA:90,3,1,1
BRDA:109,4,0,0
BRDA:109,4,1,1
BRDA:132,5,0,0
BRDA:132,5,1,1
BRF:12
BRH:9
end_of_record
