<?xml version="1.0" encoding="UTF-8"?>
<coverage generated="1783803195890" clover="3.2.0">
  <project timestamp="1783803195891" name="All files">
    <metrics statements="305" coveredstatements="219" conditionals="155" coveredconditionals="95" methods="46" coveredmethods="41" elements="506" coveredelements="355" complexity="0" loc="305" ncloc="305" packages="8" files="10" classes="10"/>
    <package name="config">
      <metrics statements="8" coveredstatements="3" conditionals="0" coveredconditionals="0" methods="1" coveredmethods="0"/>
      <file name="database.js" path="/mnt/c/Users/delga/OneDrive/Escritorio/Repositorio/eco-savor-backend/microservices/catalog/src/config/database.js">
        <metrics statements="8" coveredstatements="3" conditionals="0" coveredconditionals="0" methods="1" coveredmethods="0"/>
        <line num="1" count="1" type="stmt"/>
        <line num="9" count="1" type="stmt"/>
        <line num="10" count="0" type="stmt"/>
        <line num="11" count="0" type="stmt"/>
        <line num="12" count="0" type="stmt"/>
        <line num="14" count="0" type="stmt"/>
        <line num="15" count="0" type="stmt"/>
        <line num="19" count="1" type="stmt"/>
      </file>
    </package>
    <package name="controllers">
      <metrics statements="123" coveredstatements="78" conditionals="51" coveredconditionals="26" methods="13" coveredmethods="12"/>
      <file name="productController.js" path="/mnt/c/Users/delga/OneDrive/Escritorio/Repositorio/eco-savor-backend/microservices/catalog/src/controllers/productController.js">
        <metrics statements="123" coveredstatements="78" conditionals="51" coveredconditionals="26" methods="13" coveredmethods="12"/>
        <line num="1" count="1" type="stmt"/>
        <line num="15" count="2" type="stmt"/>
        <line num="16" count="2" type="cond" truecount="2" falsecount="0"/>
        <line num="17" count="2" type="stmt"/>
        <line num="20" count="1" type="stmt"/>
        <line num="21" count="2" type="stmt"/>
        <line num="24" count="2" type="stmt"/>
        <line num="30" count="2" type="stmt"/>
        <line num="31" count="1" type="stmt"/>
        <line num="37" count="1" type="stmt"/>
        <line num="38" count="1" type="cond" truecount="3" falsecount="2"/>
        <line num="39" count="1" type="stmt"/>
        <line num="41" count="0" type="stmt"/>
        <line num="45" count="1" type="stmt"/>
        <line num="46" count="2" type="stmt"/>
        <line num="47" count="2" type="stmt"/>
        <line num="48" count="1" type="stmt"/>
        <line num="53" count="1" type="stmt"/>
        <line num="54" count="1" type="cond" truecount="1" falsecount="1"/>
        <line num="55" count="1" type="stmt"/>
        <line num="57" count="0" type="stmt"/>
        <line num="61" count="1" type="stmt"/>
        <line num="62" count="3" type="stmt"/>
        <line num="63" count="3" type="stmt"/>
        <line num="64" count="3" type="stmt"/>
        <line num="65" count="3" type="cond" truecount="1" falsecount="1"/>
        <line num="66" count="3" type="cond" truecount="2" falsecount="0"/>
        <line num="67" count="3" type="cond" truecount="2" falsecount="0"/>
        <line num="68" count="3" type="stmt"/>
        <line num="69" count="3" type="stmt"/>
        <line num="75" count="0" type="stmt"/>
        <line num="76" count="0" type="stmt"/>
        <line num="80" count="1" type="stmt"/>
        <line num="81" count="1" type="stmt"/>
        <line num="82" count="1" type="stmt"/>
        <line num="83" count="1" type="stmt"/>
        <line num="84" count="1" type="stmt"/>
        <line num="85" count="1" type="stmt"/>
        <line num="91" count="0" type="stmt"/>
        <line num="92" count="0" type="stmt"/>
        <line num="100" count="1" type="stmt"/>
        <line num="101" count="1" type="stmt"/>
        <line num="102" count="1" type="cond" truecount="3" falsecount="1"/>
        <line num="103" count="0" type="stmt"/>
        <line num="109" count="1" type="stmt"/>
        <line num="110" count="1" type="stmt"/>
        <line num="111" count="1" type="stmt"/>
        <line num="112" count="1" type="stmt"/>
        <line num="118" count="0" type="stmt"/>
        <line num="119" count="0" type="stmt"/>
        <line num="123" count="1" type="stmt"/>
        <line num="124" count="1" type="stmt"/>
        <line num="125" count="1" type="stmt"/>
        <line num="126" count="1" type="stmt"/>
        <line num="127" count="1" type="stmt"/>
        <line num="128" count="1" type="stmt"/>
        <line num="134" count="0" type="stmt"/>
        <line num="135" count="0" type="stmt"/>
        <line num="139" count="1" type="stmt"/>
        <line num="140" count="1" type="stmt"/>
        <line num="141" count="1" type="stmt"/>
        <line num="142" count="1" type="stmt"/>
        <line num="148" count="0" type="stmt"/>
        <line num="149" count="0" type="cond" truecount="0" falsecount="2"/>
        <line num="150" count="0" type="stmt"/>
        <line num="152" count="0" type="stmt"/>
        <line num="156" count="1" type="stmt"/>
        <line num="157" count="1" type="stmt"/>
        <line num="158" count="1" type="stmt"/>
        <line num="159" count="1" type="stmt"/>
        <line num="164" count="0" type="stmt"/>
        <line num="165" count="0" type="cond" truecount="0" falsecount="2"/>
        <line num="166" count="0" type="stmt"/>
        <line num="168" count="0" type="stmt"/>
        <line num="172" count="1" type="stmt"/>
        <line num="173" count="1" type="stmt"/>
        <line num="174" count="1" type="stmt"/>
        <line num="175" count="1" type="cond" truecount="1" falsecount="1"/>
        <line num="176" count="0" type="stmt"/>
        <line num="178" count="1" type="stmt"/>
        <line num="179" count="1" type="stmt"/>
        <line num="185" count="0" type="stmt"/>
        <line num="186" count="0" type="cond" truecount="0" falsecount="2"/>
        <line num="187" count="0" type="stmt"/>
        <line num="189" count="0" type="stmt"/>
        <line num="193" count="1" type="stmt"/>
        <line num="194" count="0" type="stmt"/>
        <line num="195" count="0" type="stmt"/>
        <line num="196" count="0" type="stmt"/>
        <line num="202" count="0" type="stmt"/>
        <line num="203" count="0" type="cond" truecount="0" falsecount="2"/>
        <line num="204" count="0" type="stmt"/>
        <line num="206" count="0" type="stmt"/>
        <line num="215" count="1" type="stmt"/>
        <line num="216" count="1" type="stmt"/>
        <line num="218" count="1" type="cond" truecount="1" falsecount="1"/>
        <line num="219" count="0" type="stmt"/>
        <line num="225" count="1" type="stmt"/>
        <line num="226" count="1" type="cond" truecount="3" falsecount="1"/>
        <line num="227" count="0" type="stmt"/>
        <line num="233" count="1" type="stmt"/>
        <line num="235" count="1" type="cond" truecount="1" falsecount="1"/>
        <line num="236" count="0" type="stmt"/>
        <line num="246" count="1" type="stmt"/>
        <line num="252" count="0" type="stmt"/>
        <line num="253" count="0" type="cond" truecount="0" falsecount="2"/>
        <line num="254" count="0" type="stmt"/>
        <line num="256" count="0" type="stmt"/>
        <line num="265" count="1" type="stmt"/>
        <line num="266" count="1" type="stmt"/>
        <line num="268" count="1" type="cond" truecount="1" falsecount="1"/>
        <line num="269" count="0" type="stmt"/>
        <line num="275" count="1" type="stmt"/>
        <line num="276" count="1" type="cond" truecount="3" falsecount="1"/>
        <line num="277" count="0" type="stmt"/>
        <line num="283" count="1" type="stmt"/>
        <line num="285" count="1" type="cond" truecount="1" falsecount="1"/>
        <line num="286" count="0" type="stmt"/>
        <line num="292" count="1" type="stmt"/>
        <line num="298" count="0" type="stmt"/>
        <line num="299" count="0" type="cond" truecount="0" falsecount="2"/>
        <line num="300" count="0" type="stmt"/>
        <line num="302" count="0" type="stmt"/>
      </file>
    </package>
    <package name="factories">
      <metrics statements="18" coveredstatements="12" conditionals="28" coveredconditionals="19" methods="1" coveredmethods="1"/>
      <file name="productFactory.js" path="/mnt/c/Users/delga/OneDrive/Escritorio/Repositorio/eco-savor-backend/microservices/catalog/src/factories/productFactory.js">
        <metrics statements="18" coveredstatements="12" conditionals="28" coveredconditionals="19" methods="1" coveredmethods="1"/>
        <line num="9" count="2" type="cond" truecount="3" falsecount="1"/>
        <line num="10" count="0" type="stmt"/>
        <line num="13" count="2" type="cond" truecount="4" falsecount="0"/>
        <line num="14" count="1" type="stmt"/>
        <line num="17" count="1" type="cond" truecount="3" falsecount="1"/>
        <line num="18" count="0" type="stmt"/>
        <line num="21" count="1" type="cond" truecount="1" falsecount="1"/>
        <line num="22" count="0" type="stmt"/>
        <line num="26" count="1" type="stmt"/>
        <line num="27" count="1" type="cond" truecount="1" falsecount="1"/>
        <line num="29" count="1" type="cond" truecount="1" falsecount="1"/>
        <line num="30" count="0" type="stmt"/>
        <line num="34" count="1" type="cond" truecount="1" falsecount="1"/>
        <line num="35" count="0" type="stmt"/>
        <line num="37" count="1" type="cond" truecount="1" falsecount="1"/>
        <line num="38" count="0" type="stmt"/>
        <line num="42" count="1" type="stmt"/>
        <line num="58" count="1" type="stmt"/>
      </file>
    </package>
    <package name="middlewares">
      <metrics statements="64" coveredstatements="49" conditionals="42" coveredconditionals="32" methods="8" coveredmethods="7"/>
      <file name="auth.js" path="/mnt/c/Users/delga/OneDrive/Escritorio/Repositorio/eco-savor-backend/microservices/catalog/src/middlewares/auth.js">
        <metrics statements="36" coveredstatements="27" conditionals="28" coveredconditionals="22" methods="5" coveredmethods="4"/>
        <line num="1" count="1" type="stmt"/>
        <line num="3" count="1" type="cond" truecount="2" falsecount="0"/>
        <line num="4" count="1" type="cond" truecount="2" falsecount="0"/>
        <line num="8" count="1" type="stmt"/>
        <line num="18" count="1" type="stmt"/>
        <line num="19" count="20" type="cond" truecount="2" falsecount="0"/>
        <line num="29" count="1" type="stmt"/>
        <line num="31" count="25" type="cond" truecount="2" falsecount="0"/>
        <line num="32" count="93" type="cond" truecount="2" falsecount="0"/>
        <line num="34" count="50" type="cond" truecount="2" falsecount="0"/>
        <line num="37" count="43" type="cond" truecount="2" falsecount="0"/>
        <line num="41" count="25" type="cond" truecount="2" falsecount="0"/>
        <line num="42" count="7" type="stmt"/>
        <line num="46" count="18" type="stmt"/>
        <line num="47" count="18" type="cond" truecount="2" falsecount="0"/>
        <line num="49" count="2" type="stmt"/>
        <line num="53" count="16" type="stmt"/>
        <line num="54" count="16" type="stmt"/>
        <line num="59" count="16" type="stmt"/>
        <line num="60" count="16" type="cond" truecount="2" falsecount="0"/>
        <line num="61" count="2" type="cond" truecount="1" falsecount="1"/>
        <line num="62" count="2" type="stmt"/>
        <line num="67" count="0" type="stmt"/>
        <line num="75" count="14" type="cond" truecount="1" falsecount="1"/>
        <line num="76" count="14" type="stmt"/>
        <line num="85" count="14" type="stmt"/>
        <line num="94" count="1" type="stmt"/>
        <line num="95" count="0" type="stmt"/>
        <line num="97" count="0" type="cond" truecount="0" falsecount="4"/>
        <line num="98" count="0" type="stmt"/>
        <line num="101" count="0" type="stmt"/>
        <line num="103" count="0" type="stmt"/>
        <line num="104" count="0" type="stmt"/>
        <line num="105" count="0" type="stmt"/>
        <line num="116" count="0" type="stmt"/>
        <line num="119" count="1" type="stmt"/>
      </file>
      <file name="ownership.js" path="/mnt/c/Users/delga/OneDrive/Escritorio/Repositorio/eco-savor-backend/microservices/catalog/src/middlewares/ownership.js">
        <metrics statements="20" coveredstatements="16" conditionals="10" coveredconditionals="8" methods="1" coveredmethods="1"/>
        <line num="1" count="1" type="stmt"/>
        <line num="7" count="1" type="stmt"/>
        <line num="8" count="6" type="stmt"/>
        <line num="9" count="6" type="cond" truecount="3" falsecount="1"/>
        <line num="10" count="0" type="stmt"/>
        <line num="16" count="6" type="stmt"/>
        <line num="19" count="6" type="cond" truecount="2" falsecount="0"/>
        <line num="20" count="2" type="stmt"/>
        <line num="21" count="2" type="stmt"/>
        <line num="22" count="2" type="stmt"/>
        <line num="26" count="4" type="stmt"/>
        <line num="27" count="4" type="stmt"/>
        <line num="29" count="4" type="cond" truecount="1" falsecount="1"/>
        <line num="30" count="0" type="stmt"/>
        <line num="36" count="4" type="cond" truecount="2" falsecount="0"/>
        <line num="37" count="1" type="stmt"/>
        <line num="43" count="3" type="stmt"/>
        <line num="45" count="0" type="stmt"/>
        <line num="46" count="0" type="stmt"/>
        <line num="53" count="1" type="stmt"/>
      </file>
      <file name="roles.js" path="/mnt/c/Users/delga/OneDrive/Escritorio/Repositorio/eco-savor-backend/microservices/catalog/src/middlewares/roles.js">
        <metrics statements="8" coveredstatements="6" conditionals="4" coveredconditionals="2" methods="2" coveredmethods="2"/>
        <line num="8" count="1" type="stmt"/>
        <line num="9" count="6" type="stmt"/>
        <line num="11" count="7" type="cond" truecount="1" falsecount="1"/>
        <line num="12" count="0" type="stmt"/>
        <line num="19" count="7" type="cond" truecount="1" falsecount="1"/>
        <line num="20" count="0" type="stmt"/>
        <line num="26" count="7" type="stmt"/>
        <line num="30" count="1" type="stmt"/>
      </file>
    </package>
    <package name="models">
      <metrics statements="8" coveredstatements="7" conditionals="2" coveredconditionals="1" methods="1" coveredmethods="1"/>
      <file name="productModel.js" path="/mnt/c/Users/delga/OneDrive/Escritorio/Repositorio/eco-savor-backend/microservices/catalog/src/models/productModel.js">
        <metrics statements="8" coveredstatements="7" conditionals="2" coveredconditionals="1" methods="1" coveredmethods="1"/>
        <line num="1" count="1" type="stmt"/>
        <line num="3" count="1" type="stmt"/>
        <line num="57" count="1" type="stmt"/>
        <line num="58" count="1" type="stmt"/>
        <line num="61" count="1" type="stmt"/>
        <line num="62" count="22" type="cond" truecount="1" falsecount="1"/>
        <line num="63" count="0" type="stmt"/>
        <line num="67" count="1" type="stmt"/>
      </file>
    </package>
    <package name="repositories">
      <metrics statements="25" coveredstatements="22" conditionals="12" coveredconditionals="8" methods="11" coveredmethods="10"/>
      <file name="productRepository.js" path="/mnt/c/Users/delga/OneDrive/Escritorio/Repositorio/eco-savor-backend/microservices/catalog/src/repositories/productRepository.js">
        <metrics statements="25" coveredstatements="22" conditionals="12" coveredconditionals="8" methods="11" coveredmethods="10"/>
        <line num="1" count="1" type="stmt"/>
        <line num="9" count="1" type="stmt"/>
        <line num="10" count="1" type="stmt"/>
        <line num="14" count="2" type="stmt"/>
        <line num="18" count="3" type="stmt"/>
        <line num="20" count="3" type="cond" truecount="1" falsecount="1"/>
        <line num="21" count="0" type="stmt"/>
        <line num="23" count="3" type="cond" truecount="2" falsecount="0"/>
        <line num="24" count="1" type="stmt"/>
        <line num="26" count="3" type="cond" truecount="2" falsecount="0"/>
        <line num="27" count="1" type="stmt"/>
        <line num="30" count="3" type="stmt"/>
        <line num="34" count="2" type="stmt"/>
        <line num="41" count="1" type="stmt"/>
        <line num="48" count="1" type="stmt"/>
        <line num="56" count="1" type="stmt"/>
        <line num="60" count="1" type="stmt"/>
        <line num="68" count="0" type="stmt"/>
        <line num="83" count="1" type="stmt"/>
        <line num="95" count="1" type="cond" truecount="3" falsecount="1"/>
        <line num="96" count="0" type="stmt"/>
        <line num="99" count="1" type="stmt"/>
        <line num="112" count="1" type="stmt"/>
        <line num="119" count="1" type="stmt"/>
        <line num="123" count="1" type="stmt"/>
      </file>
    </package>
    <package name="routes">
      <metrics statements="19" coveredstatements="19" conditionals="0" coveredconditionals="0" methods="0" coveredmethods="0"/>
      <file name="productRoutes.js" path="/mnt/c/Users/delga/OneDrive/Escritorio/Repositorio/eco-savor-backend/microservices/catalog/src/routes/productRoutes.js">
        <metrics statements="19" coveredstatements="19" conditionals="0" coveredconditionals="0" methods="0" coveredmethods="0"/>
        <line num="1" count="1" type="stmt"/>
        <line num="2" count="1" type="stmt"/>
        <line num="3" count="1" type="stmt"/>
        <line num="4" count="1" type="stmt"/>
        <line num="5" count="1" type="stmt"/>
        <line num="6" count="1" type="stmt"/>
        <line num="15" count="1" type="stmt"/>
        <line num="23" count="1" type="stmt"/>
        <line num="27" count="1" type="stmt"/>
        <line num="34" count="1" type="stmt"/>
        <line num="37" count="1" type="stmt"/>
        <line num="45" count="1" type="stmt"/>
        <line num="53" count="1" type="stmt"/>
        <line num="59" count="1" type="stmt"/>
        <line num="67" count="1" type="stmt"/>
        <line num="70" count="1" type="stmt"/>
        <line num="73" count="1" type="stmt"/>
        <line num="74" count="1" type="stmt"/>
        <line num="76" count="1" type="stmt"/>
      </file>
    </package>
    <package name="services">
      <metrics statements="40" coveredstatements="29" conditionals="20" coveredconditionals="9" methods="11" coveredmethods="10"/>
      <file name="productService.js" path="/mnt/c/Users/delga/OneDrive/Escritorio/Repositorio/eco-savor-backend/microservices/catalog/src/services/productService.js">
        <metrics statements="40" coveredstatements="29" conditionals="20" coveredconditionals="9" methods="11" coveredmethods="10"/>
        <line num="1" count="1" type="stmt"/>
        <line num="2" count="1" type="stmt"/>
        <line num="10" count="2" type="stmt"/>
        <line num="11" count="1" type="stmt"/>
        <line num="12" count="1" type="stmt"/>
        <line num="19" count="2" type="stmt"/>
        <line num="20" count="2" type="cond" truecount="2" falsecount="0"/>
        <line num="21" count="1" type="stmt"/>
        <line num="23" count="1" type="stmt"/>
        <line num="27" count="3" type="stmt"/>
        <line num="31" count="2" type="stmt"/>
        <line num="35" count="1" type="stmt"/>
        <line num="39" count="1" type="stmt"/>
        <line num="40" count="1" type="cond" truecount="1" falsecount="1"/>
        <line num="41" count="0" type="stmt"/>
        <line num="43" count="1" type="stmt"/>
        <line num="47" count="1" type="stmt"/>
        <line num="48" count="1" type="cond" truecount="1" falsecount="1"/>
        <line num="49" count="0" type="stmt"/>
        <line num="54" count="1" type="cond" truecount="1" falsecount="1"/>
        <line num="55" count="0" type="stmt"/>
        <line num="57" count="1" type="stmt"/>
        <line num="58" count="1" type="cond" truecount="1" falsecount="1"/>
        <line num="59" count="0" type="stmt"/>
        <line num="61" count="1" type="cond" truecount="1" falsecount="1"/>
        <line num="62" count="0" type="stmt"/>
        <line num="64" count="1" type="stmt"/>
        <line num="68" count="0" type="stmt"/>
        <line num="69" count="0" type="cond" truecount="0" falsecount="2"/>
        <line num="70" count="0" type="stmt"/>
        <line num="72" count="0" type="stmt"/>
        <line num="82" count="1" type="stmt"/>
        <line num="83" count="1" type="cond" truecount="1" falsecount="1"/>
        <line num="84" count="0" type="stmt"/>
        <line num="86" count="1" type="stmt"/>
        <line num="96" count="1" type="stmt"/>
        <line num="97" count="1" type="cond" truecount="1" falsecount="1"/>
        <line num="98" count="0" type="stmt"/>
        <line num="100" count="1" type="stmt"/>
        <line num="104" count="1" type="stmt"/>
      </file>
    </package>
  </project>
</coverage>
