{"/mnt/c/Users/delga/OneDrive/Escritorio/Repositorio/eco-savor-backend/microservices/catalog/src/config/database.js": {"path":"/mnt/c/Users/delga/OneDrive/Escritorio/Repositorio/eco-savor-backend/microservices/catalog/src/config/database.js","statementMap":{"0":{"start":{"line":1,"column":17},"end":{"line":1,"column":36}},"1":{"start":{"line":9,"column":18},"end":{"line":17,"column":1}},"2":{"start":{"line":10,"column":2},"end":{"line":16,"column":3}},"3":{"start":{"line":11,"column":17},"end":{"line":11,"column":62}},"4":{"start":{"line":12,"column":4},"end":{"line":12,"column":65}},"5":{"start":{"line":14,"column":4},"end":{"line":14,"column":69}},"6":{"start":{"line":15,"column":4},"end":{"line":15,"column":20}},"7":{"start":{"line":19,"column":0},"end":{"line":19,"column":27}}},"fnMap":{"0":{"name":"(anonymous_0)","decl":{"start":{"line":9,"column":18},"end":{"line":9,"column":19}},"loc":{"start":{"line":9,"column":30},"end":{"line":17,"column":1}},"line":9}},"branchMap":{},"s":{"0":1,"1":1,"2":0,"3":0,"4":0,"5":0,"6":0,"7":1},"f":{"0":0},"b":{},"_coverageSchema":"1a1c01bbd47fc00a2c39e90264f33305004495a9","hash":"43a5e66eb98819b0350ce2318640dc02fa917ce5"}
,"/mnt/c/Users/delga/OneDrive/Escritorio/Repositorio/eco-savor-backend/microservices/catalog/src/controllers/productController.js": {"path":"/mnt/c/Users/delga/OneDrive/Escritorio/Repositorio/eco-savor-backend/microservices/catalog/src/controllers/productController.js","statementMap":{"0":{"start":{"line":1,"column":23},"end":{"line":1,"column":60}},"1":{"start":{"line":15,"column":17},"end":{"line":15,"column":50}},"2":{"start":{"line":16,"column":27},"end":{"line":16,"column":97}},"3":{"start":{"line":17,"column":2},"end":{"line":17,"column":37}},"4":{"start":{"line":20,"column":0},"end":{"line":43,"column":2}},"5":{"start":{"line":21,"column":2},"end":{"line":42,"column":3}},"6":{"start":{"line":24,"column":24},"end":{"line":28,"column":5}},"7":{"start":{"line":30,"column":23},"end":{"line":30,"column":63}},"8":{"start":{"line":31,"column":4},"end":{"line":35,"column":7}},"9":{"start":{"line":37,"column":4},"end":{"line":37,"column":55}},"10":{"start":{"line":38,"column":4},"end":{"line":40,"column":5}},"11":{"start":{"line":39,"column":6},"end":{"line":39,"column":76}},"12":{"start":{"line":41,"column":4},"end":{"line":41,"column":100}},"13":{"start":{"line":45,"column":0},"end":{"line":59,"column":2}},"14":{"start":{"line":46,"column":2},"end":{"line":58,"column":3}},"15":{"start":{"line":47,"column":20},"end":{"line":47,"column":63}},"16":{"start":{"line":48,"column":4},"end":{"line":51,"column":7}},"17":{"start":{"line":53,"column":4},"end":{"line":53,"column":55}},"18":{"start":{"line":54,"column":4},"end":{"line":56,"column":5}},"19":{"start":{"line":55,"column":6},"end":{"line":55,"column":76}},"20":{"start":{"line":57,"column":4},"end":{"line":57,"column":82}},"21":{"start":{"line":61,"column":0},"end":{"line":78,"column":2}},"22":{"start":{"line":62,"column":2},"end":{"line":77,"column":3}},"23":{"start":{"line":63,"column":50},"end":{"line":63,"column":59}},"24":{"start":{"line":64,"column":20},"end":{"line":64,"column":22}},"25":{"start":{"line":65,"column":4},"end":{"line":65,"column":58}},"26":{"start":{"line":65,"column":22},"end":{"line":65,"column":58}},"27":{"start":{"line":66,"column":4},"end":{"line":66,"column":46}},"28":{"start":{"line":66,"column":18},"end":{"line":66,"column":46}},"29":{"start":{"line":67,"column":4},"end":{"line":67,"column":74}},"30":{"start":{"line":67,"column":33},"end":{"line":67,"column":74}},"31":{"start":{"line":68,"column":21},"end":{"line":68,"column":55}},"32":{"start":{"line":69,"column":4},"end":{"line":73,"column":7}},"33":{"start":{"line":75,"column":4},"end":{"line":75,"column":55}},"34":{"start":{"line":76,"column":4},"end":{"line":76,"column":82}},"35":{"start":{"line":80,"column":0},"end":{"line":94,"column":2}},"36":{"start":{"line":81,"column":2},"end":{"line":93,"column":3}},"37":{"start":{"line":82,"column":29},"end":{"line":82,"column":39}},"38":{"start":{"line":83,"column":26},"end":{"line":83,"column":35}},"39":{"start":{"line":84,"column":21},"end":{"line":84,"column":94}},"40":{"start":{"line":85,"column":4},"end":{"line":89,"column":7}},"41":{"start":{"line":91,"column":4},"end":{"line":91,"column":72}},"42":{"start":{"line":92,"column":4},"end":{"line":92,"column":82}},"43":{"start":{"line":100,"column":0},"end":{"line":121,"column":2}},"44":{"start":{"line":101,"column":2},"end":{"line":120,"column":3}},"45":{"start":{"line":102,"column":4},"end":{"line":107,"column":5}},"46":{"start":{"line":103,"column":6},"end":{"line":106,"column":9}},"47":{"start":{"line":109,"column":25},"end":{"line":109,"column":37}},"48":{"start":{"line":110,"column":26},"end":{"line":110,"column":35}},"49":{"start":{"line":111,"column":21},"end":{"line":111,"column":94}},"50":{"start":{"line":112,"column":4},"end":{"line":116,"column":7}},"51":{"start":{"line":118,"column":4},"end":{"line":118,"column":60}},"52":{"start":{"line":119,"column":4},"end":{"line":119,"column":82}},"53":{"start":{"line":123,"column":0},"end":{"line":137,"column":2}},"54":{"start":{"line":124,"column":2},"end":{"line":136,"column":3}},"55":{"start":{"line":125,"column":25},"end":{"line":125,"column":35}},"56":{"start":{"line":126,"column":26},"end":{"line":126,"column":35}},"57":{"start":{"line":127,"column":21},"end":{"line":127,"column":88}},"58":{"start":{"line":128,"column":4},"end":{"line":132,"column":7}},"59":{"start":{"line":134,"column":4},"end":{"line":134,"column":70}},"60":{"start":{"line":135,"column":4},"end":{"line":135,"column":82}},"61":{"start":{"line":139,"column":0},"end":{"line":154,"column":2}},"62":{"start":{"line":140,"column":2},"end":{"line":153,"column":3}},"63":{"start":{"line":141,"column":27},"end":{"line":141,"column":79}},"64":{"start":{"line":142,"column":4},"end":{"line":146,"column":7}},"65":{"start":{"line":148,"column":4},"end":{"line":148,"column":58}},"66":{"start":{"line":149,"column":4},"end":{"line":151,"column":5}},"67":{"start":{"line":150,"column":6},"end":{"line":150,"column":76}},"68":{"start":{"line":152,"column":4},"end":{"line":152,"column":82}},"69":{"start":{"line":156,"column":0},"end":{"line":170,"column":2}},"70":{"start":{"line":157,"column":2},"end":{"line":169,"column":3}},"71":{"start":{"line":158,"column":4},"end":{"line":158,"column":47}},"72":{"start":{"line":159,"column":4},"end":{"line":162,"column":7}},"73":{"start":{"line":164,"column":4},"end":{"line":164,"column":56}},"74":{"start":{"line":165,"column":4},"end":{"line":167,"column":5}},"75":{"start":{"line":166,"column":6},"end":{"line":166,"column":76}},"76":{"start":{"line":168,"column":4},"end":{"line":168,"column":82}},"77":{"start":{"line":172,"column":0},"end":{"line":191,"column":2}},"78":{"start":{"line":173,"column":2},"end":{"line":190,"column":3}},"79":{"start":{"line":174,"column":25},"end":{"line":174,"column":33}},"80":{"start":{"line":175,"column":4},"end":{"line":177,"column":5}},"81":{"start":{"line":176,"column":6},"end":{"line":176,"column":89}},"82":{"start":{"line":178,"column":20},"end":{"line":178,"column":77}},"83":{"start":{"line":179,"column":4},"end":{"line":183,"column":7}},"84":{"start":{"line":185,"column":4},"end":{"line":185,"column":55}},"85":{"start":{"line":186,"column":4},"end":{"line":188,"column":5}},"86":{"start":{"line":187,"column":6},"end":{"line":187,"column":76}},"87":{"start":{"line":189,"column":4},"end":{"line":189,"column":82}},"88":{"start":{"line":193,"column":0},"end":{"line":208,"column":2}},"89":{"start":{"line":194,"column":2},"end":{"line":207,"column":3}},"90":{"start":{"line":195,"column":20},"end":{"line":195,"column":73}},"91":{"start":{"line":196,"column":4},"end":{"line":200,"column":7}},"92":{"start":{"line":202,"column":4},"end":{"line":202,"column":73}},"93":{"start":{"line":203,"column":4},"end":{"line":205,"column":5}},"94":{"start":{"line":204,"column":6},"end":{"line":204,"column":76}},"95":{"start":{"line":206,"column":4},"end":{"line":206,"column":82}},"96":{"start":{"line":215,"column":0},"end":{"line":258,"column":2}},"97":{"start":{"line":216,"column":2},"end":{"line":257,"column":3}},"98":{"start":{"line":218,"column":4},"end":{"line":223,"column":5}},"99":{"start":{"line":219,"column":6},"end":{"line":222,"column":9}},"100":{"start":{"line":225,"column":25},"end":{"line":225,"column":33}},"101":{"start":{"line":226,"column":4},"end":{"line":231,"column":5}},"102":{"start":{"line":227,"column":6},"end":{"line":230,"column":9}},"103":{"start":{"line":233,"column":20},"end":{"line":233,"column":77}},"104":{"start":{"line":235,"column":4},"end":{"line":244,"column":5}},"105":{"start":{"line":236,"column":6},"end":{"line":243,"column":9}},"106":{"start":{"line":246,"column":4},"end":{"line":250,"column":7}},"107":{"start":{"line":252,"column":4},"end":{"line":252,"column":54}},"108":{"start":{"line":253,"column":4},"end":{"line":255,"column":5}},"109":{"start":{"line":254,"column":6},"end":{"line":254,"column":76}},"110":{"start":{"line":256,"column":4},"end":{"line":256,"column":82}},"111":{"start":{"line":265,"column":0},"end":{"line":304,"column":2}},"112":{"start":{"line":266,"column":2},"end":{"line":303,"column":3}},"113":{"start":{"line":268,"column":4},"end":{"line":273,"column":5}},"114":{"start":{"line":269,"column":6},"end":{"line":272,"column":9}},"115":{"start":{"line":275,"column":25},"end":{"line":275,"column":33}},"116":{"start":{"line":276,"column":4},"end":{"line":281,"column":5}},"117":{"start":{"line":277,"column":6},"end":{"line":280,"column":9}},"118":{"start":{"line":283,"column":20},"end":{"line":283,"column":78}},"119":{"start":{"line":285,"column":4},"end":{"line":290,"column":5}},"120":{"start":{"line":286,"column":6},"end":{"line":289,"column":9}},"121":{"start":{"line":292,"column":4},"end":{"line":296,"column":7}},"122":{"start":{"line":298,"column":4},"end":{"line":298,"column":54}},"123":{"start":{"line":299,"column":4},"end":{"line":301,"column":5}},"124":{"start":{"line":300,"column":6},"end":{"line":300,"column":76}},"125":{"start":{"line":302,"column":4},"end":{"line":302,"column":82}}},"fnMap":{"0":{"name":"verifyInternalApiKey","decl":{"start":{"line":14,"column":9},"end":{"line":14,"column":29}},"loc":{"start":{"line":14,"column":35},"end":{"line":18,"column":1}},"line":14},"1":{"name":"(anonymous_1)","decl":{"start":{"line":20,"column":24},"end":{"line":20,"column":25}},"loc":{"start":{"line":20,"column":44},"end":{"line":43,"column":1}},"line":20},"2":{"name":"(anonymous_2)","decl":{"start":{"line":45,"column":25},"end":{"line":45,"column":26}},"loc":{"start":{"line":45,"column":45},"end":{"line":59,"column":1}},"line":45},"3":{"name":"(anonymous_3)","decl":{"start":{"line":61,"column":23},"end":{"line":61,"column":24}},"loc":{"start":{"line":61,"column":43},"end":{"line":78,"column":1}},"line":61},"4":{"name":"(anonymous_4)","decl":{"start":{"line":80,"column":34},"end":{"line":80,"column":35}},"loc":{"start":{"line":80,"column":54},"end":{"line":94,"column":1}},"line":80},"5":{"name":"(anonymous_5)","decl":{"start":{"line":100,"column":24},"end":{"line":100,"column":25}},"loc":{"start":{"line":100,"column":44},"end":{"line":121,"column":1}},"line":100},"6":{"name":"(anonymous_6)","decl":{"start":{"line":123,"column":32},"end":{"line":123,"column":33}},"loc":{"start":{"line":123,"column":52},"end":{"line":137,"column":1}},"line":123},"7":{"name":"(anonymous_7)","decl":{"start":{"line":139,"column":24},"end":{"line":139,"column":25}},"loc":{"start":{"line":139,"column":44},"end":{"line":154,"column":1}},"line":139},"8":{"name":"(anonymous_8)","decl":{"start":{"line":156,"column":24},"end":{"line":156,"column":25}},"loc":{"start":{"line":156,"column":44},"end":{"line":170,"column":1}},"line":156},"9":{"name":"(anonymous_9)","decl":{"start":{"line":172,"column":22},"end":{"line":172,"column":23}},"loc":{"start":{"line":172,"column":42},"end":{"line":191,"column":1}},"line":172},"10":{"name":"(anonymous_10)","decl":{"start":{"line":193,"column":28},"end":{"line":193,"column":29}},"loc":{"start":{"line":193,"column":48},"end":{"line":208,"column":1}},"line":193},"11":{"name":"(anonymous_11)","decl":{"start":{"line":215,"column":22},"end":{"line":215,"column":23}},"loc":{"start":{"line":215,"column":42},"end":{"line":258,"column":1}},"line":215},"12":{"name":"(anonymous_12)","decl":{"start":{"line":265,"column":23},"end":{"line":265,"column":24}},"loc":{"start":{"line":265,"column":43},"end":{"line":304,"column":1}},"line":265}},"branchMap":{"0":{"loc":{"start":{"line":16,"column":27},"end":{"line":16,"column":97}},"type":"binary-expr","locations":[{"start":{"line":16,"column":27},"end":{"line":16,"column":55}},{"start":{"line":16,"column":59},"end":{"line":16,"column":97}}],"line":16},"1":{"loc":{"start":{"line":27,"column":22},"end":{"line":27,"column":64}},"type":"binary-expr","locations":[{"start":{"line":27,"column":22},"end":{"line":27,"column":46}},{"start":{"line":27,"column":50},"end":{"line":27,"column":64}}],"line":27},"2":{"loc":{"start":{"line":38,"column":4},"end":{"line":40,"column":5}},"type":"if","locations":[{"start":{"line":38,"column":4},"end":{"line":40,"column":5}},{"start":{},"end":{}}],"line":38},"3":{"loc":{"start":{"line":38,"column":8},"end":{"line":38,"column":119}},"type":"binary-expr","locations":[{"start":{"line":38,"column":8},"end":{"line":38,"column":43}},{"start":{"line":38,"column":47},"end":{"line":38,"column":79}},{"start":{"line":38,"column":83},"end":{"line":38,"column":119}}],"line":38},"4":{"loc":{"start":{"line":54,"column":4},"end":{"line":56,"column":5}},"type":"if","locations":[{"start":{"line":54,"column":4},"end":{"line":56,"column":5}},{"start":{},"end":{}}],"line":54},"5":{"loc":{"start":{"line":65,"column":4},"end":{"line":65,"column":58}},"type":"if","locations":[{"start":{"line":65,"column":4},"end":{"line":65,"column":58}},{"start":{},"end":{}}],"line":65},"6":{"loc":{"start":{"line":66,"column":4},"end":{"line":66,"column":46}},"type":"if","locations":[{"start":{"line":66,"column":4},"end":{"line":66,"column":46}},{"start":{},"end":{}}],"line":66},"7":{"loc":{"start":{"line":67,"column":4},"end":{"line":67,"column":74}},"type":"if","locations":[{"start":{"line":67,"column":4},"end":{"line":67,"column":74}},{"start":{},"end":{}}],"line":67},"8":{"loc":{"start":{"line":102,"column":4},"end":{"line":107,"column":5}},"type":"if","locations":[{"start":{"line":102,"column":4},"end":{"line":107,"column":5}},{"start":{},"end":{}}],"line":102},"9":{"loc":{"start":{"line":102,"column":8},"end":{"line":102,"column":34}},"type":"binary-expr","locations":[{"start":{"line":102,"column":8},"end":{"line":102,"column":17}},{"start":{"line":102,"column":21},"end":{"line":102,"column":34}}],"line":102},"10":{"loc":{"start":{"line":149,"column":4},"end":{"line":151,"column":5}},"type":"if","locations":[{"start":{"line":149,"column":4},"end":{"line":151,"column":5}},{"start":{},"end":{}}],"line":149},"11":{"loc":{"start":{"line":165,"column":4},"end":{"line":167,"column":5}},"type":"if","locations":[{"start":{"line":165,"column":4},"end":{"line":167,"column":5}},{"start":{},"end":{}}],"line":165},"12":{"loc":{"start":{"line":175,"column":4},"end":{"line":177,"column":5}},"type":"if","locations":[{"start":{"line":175,"column":4},"end":{"line":177,"column":5}},{"start":{},"end":{}}],"line":175},"13":{"loc":{"start":{"line":186,"column":4},"end":{"line":188,"column":5}},"type":"if","locations":[{"start":{"line":186,"column":4},"end":{"line":188,"column":5}},{"start":{},"end":{}}],"line":186},"14":{"loc":{"start":{"line":203,"column":4},"end":{"line":205,"column":5}},"type":"if","locations":[{"start":{"line":203,"column":4},"end":{"line":205,"column":5}},{"start":{},"end":{}}],"line":203},"15":{"loc":{"start":{"line":218,"column":4},"end":{"line":223,"column":5}},"type":"if","locations":[{"start":{"line":218,"column":4},"end":{"line":223,"column":5}},{"start":{},"end":{}}],"line":218},"16":{"loc":{"start":{"line":226,"column":4},"end":{"line":231,"column":5}},"type":"if","locations":[{"start":{"line":226,"column":4},"end":{"line":231,"column":5}},{"start":{},"end":{}}],"line":226},"17":{"loc":{"start":{"line":226,"column":8},"end":{"line":226,"column":34}},"type":"binary-expr","locations":[{"start":{"line":226,"column":8},"end":{"line":226,"column":17}},{"start":{"line":226,"column":21},"end":{"line":226,"column":34}}],"line":226},"18":{"loc":{"start":{"line":235,"column":4},"end":{"line":244,"column":5}},"type":"if","locations":[{"start":{"line":235,"column":4},"end":{"line":244,"column":5}},{"start":{},"end":{}}],"line":235},"19":{"loc":{"start":{"line":253,"column":4},"end":{"line":255,"column":5}},"type":"if","locations":[{"start":{"line":253,"column":4},"end":{"line":255,"column":5}},{"start":{},"end":{}}],"line":253},"20":{"loc":{"start":{"line":268,"column":4},"end":{"line":273,"column":5}},"type":"if","locations":[{"start":{"line":268,"column":4},"end":{"line":273,"column":5}},{"start":{},"end":{}}],"line":268},"21":{"loc":{"start":{"line":276,"column":4},"end":{"line":281,"column":5}},"type":"if","locations":[{"start":{"line":276,"column":4},"end":{"line":281,"column":5}},{"start":{},"end":{}}],"line":276},"22":{"loc":{"start":{"line":276,"column":8},"end":{"line":276,"column":34}},"type":"binary-expr","locations":[{"start":{"line":276,"column":8},"end":{"line":276,"column":17}},{"start":{"line":276,"column":21},"end":{"line":276,"column":34}}],"line":276},"23":{"loc":{"start":{"line":285,"column":4},"end":{"line":290,"column":5}},"type":"if","locations":[{"start":{"line":285,"column":4},"end":{"line":290,"column":5}},{"start":{},"end":{}}],"line":285},"24":{"loc":{"start":{"line":299,"column":4},"end":{"line":301,"column":5}},"type":"if","locations":[{"start":{"line":299,"column":4},"end":{"line":301,"column":5}},{"start":{},"end":{}}],"line":299}},"s":{"0":1,"1":2,"2":2,"3":2,"4":1,"5":2,"6":2,"7":2,"8":1,"9":1,"10":1,"11":1,"12":0,"13":1,"14":2,"15":2,"16":1,"17":1,"18":1,"19":1,"20":0,"21":1,"22":3,"23":3,"24":3,"25":3,"26":0,"27":3,"28":1,"29":3,"30":1,"31":3,"32":3,"33":0,"34":0,"35":1,"36":1,"37":1,"38":1,"39":1,"40":1,"41":0,"42":0,"43":1,"44":1,"45":1,"46":0,"47":1,"48":1,"49":1,"50":1,"51":0,"52":0,"53":1,"54":1,"55":1,"56":1,"57":1,"58":1,"59":0,"60":0,"61":1,"62":1,"63":1,"64":1,"65":0,"66":0,"67":0,"68":0,"69":1,"70":1,"71":1,"72":1,"73":0,"74":0,"75":0,"76":0,"77":1,"78":1,"79":1,"80":1,"81":0,"82":1,"83":1,"84":0,"85":0,"86":0,"87":0,"88":1,"89":0,"90":0,"91":0,"92":0,"93":0,"94":0,"95":0,"96":1,"97":1,"98":1,"99":0,"100":1,"101":1,"102":0,"103":1,"104":1,"105":0,"106":1,"107":0,"108":0,"109":0,"110":0,"111":1,"112":1,"113":1,"114":0,"115":1,"116":1,"117":0,"118":1,"119":1,"120":0,"121":1,"122":0,"123":0,"124":0,"125":0},"f":{"0":2,"1":2,"2":2,"3":3,"4":1,"5":1,"6":1,"7":1,"8":1,"9":1,"10":0,"11":1,"12":1},"b":{"0":[2,2],"1":[2,0],"2":[1,0],"3":[1,1,0],"4":[1,0],"5":[0,3],"6":[1,2],"7":[1,2],"8":[0,1],"9":[1,1],"10":[0,0],"11":[0,0],"12":[0,1],"13":[0,0],"14":[0,0],"15":[0,1],"16":[0,1],"17":[1,1],"18":[0,1],"19":[0,0],"20":[0,1],"21":[0,1],"22":[1,1],"23":[0,1],"24":[0,0]},"_coverageSchema":"1a1c01bbd47fc00a2c39e90264f33305004495a9","hash":"d9421cc3f8473a8f1e22ae64d1a93561d6bc6815"}
,"/mnt/c/Users/delga/OneDrive/Escritorio/Repositorio/eco-savor-backend/microservices/catalog/src/factories/productFactory.js": {"path":"/mnt/c/Users/delga/OneDrive/Escritorio/Repositorio/eco-savor-backend/microservices/catalog/src/factories/productFactory.js","statementMap":{"0":{"start":{"line":9,"column":4},"end":{"line":11,"column":5}},"1":{"start":{"line":10,"column":6},"end":{"line":10,"column":61}},"2":{"start":{"line":13,"column":4},"end":{"line":15,"column":5}},"3":{"start":{"line":14,"column":6},"end":{"line":14,"column":54}},"4":{"start":{"line":17,"column":4},"end":{"line":19,"column":5}},"5":{"start":{"line":18,"column":6},"end":{"line":18,"column":68}},"6":{"start":{"line":21,"column":4},"end":{"line":23,"column":5}},"7":{"start":{"line":22,"column":6},"end":{"line":22,"column":83}},"8":{"start":{"line":26,"column":28},"end":{"line":26,"column":91}},"9":{"start":{"line":27,"column":21},"end":{"line":27,"column":45}},"10":{"start":{"line":29,"column":4},"end":{"line":31,"column":5}},"11":{"start":{"line":30,"column":6},"end":{"line":30,"column":85}},"12":{"start":{"line":34,"column":4},"end":{"line":36,"column":5}},"13":{"start":{"line":35,"column":6},"end":{"line":35,"column":91}},"14":{"start":{"line":37,"column":4},"end":{"line":39,"column":5}},"15":{"start":{"line":38,"column":6},"end":{"line":38,"column":93}},"16":{"start":{"line":42,"column":4},"end":{"line":54,"column":6}},"17":{"start":{"line":58,"column":0},"end":{"line":58,"column":38}}},"fnMap":{"0":{"name":"(anonymous_0)","decl":{"start":{"line":7,"column":2},"end":{"line":7,"column":3}},"loc":{"start":{"line":7,"column":15},"end":{"line":55,"column":3}},"line":7}},"branchMap":{"0":{"loc":{"start":{"line":9,"column":4},"end":{"line":11,"column":5}},"type":"if","locations":[{"start":{"line":9,"column":4},"end":{"line":11,"column":5}},{"start":{},"end":{}}],"line":9},"1":{"loc":{"start":{"line":9,"column":8},"end":{"line":9,"column":39}},"type":"binary-expr","locations":[{"start":{"line":9,"column":8},"end":{"line":9,"column":18}},{"start":{"line":9,"column":22},"end":{"line":9,"column":39}}],"line":9},"2":{"loc":{"start":{"line":13,"column":4},"end":{"line":15,"column":5}},"type":"if","locations":[{"start":{"line":13,"column":4},"end":{"line":15,"column":5}},{"start":{},"end":{}}],"line":13},"3":{"loc":{"start":{"line":13,"column":8},"end":{"line":13,"column":60}},"type":"binary-expr","locations":[{"start":{"line":13,"column":8},"end":{"line":13,"column":33}},{"start":{"line":13,"column":37},"end":{"line":13,"column":60}}],"line":13},"4":{"loc":{"start":{"line":17,"column":4},"end":{"line":19,"column":5}},"type":"if","locations":[{"start":{"line":17,"column":4},"end":{"line":19,"column":5}},{"start":{},"end":{}}],"line":17},"5":{"loc":{"start":{"line":17,"column":8},"end":{"line":17,"column":54}},"type":"binary-expr","locations":[{"start":{"line":17,"column":8},"end":{"line":17,"column":27}},{"start":{"line":17,"column":31},"end":{"line":17,"column":54}}],"line":17},"6":{"loc":{"start":{"line":21,"column":4},"end":{"line":23,"column":5}},"type":"if","locations":[{"start":{"line":21,"column":4},"end":{"line":23,"column":5}},{"start":{},"end":{}}],"line":21},"7":{"loc":{"start":{"line":27,"column":21},"end":{"line":27,"column":45}},"type":"binary-expr","locations":[{"start":{"line":27,"column":21},"end":{"line":27,"column":34}},{"start":{"line":27,"column":38},"end":{"line":27,"column":45}}],"line":27},"8":{"loc":{"start":{"line":29,"column":4},"end":{"line":31,"column":5}},"type":"if","locations":[{"start":{"line":29,"column":4},"end":{"line":31,"column":5}},{"start":{},"end":{}}],"line":29},"9":{"loc":{"start":{"line":34,"column":4},"end":{"line":36,"column":5}},"type":"if","locations":[{"start":{"line":34,"column":4},"end":{"line":36,"column":5}},{"start":{},"end":{}}],"line":34},"10":{"loc":{"start":{"line":37,"column":4},"end":{"line":39,"column":5}},"type":"if","locations":[{"start":{"line":37,"column":4},"end":{"line":39,"column":5}},{"start":{},"end":{}}],"line":37},"11":{"loc":{"start":{"line":47,"column":16},"end":{"line":47,"column":44}},"type":"binary-expr","locations":[{"start":{"line":47,"column":16},"end":{"line":47,"column":39}},{"start":{"line":47,"column":43},"end":{"line":47,"column":44}}],"line":47},"12":{"loc":{"start":{"line":51,"column":14},"end":{"line":51,"column":31}},"type":"binary-expr","locations":[{"start":{"line":51,"column":14},"end":{"line":51,"column":25}},{"start":{"line":51,"column":29},"end":{"line":51,"column":31}}],"line":51},"13":{"loc":{"start":{"line":53,"column":17},"end":{"line":53,"column":65}},"type":"cond-expr","locations":[{"start":{"line":53,"column":34},"end":{"line":53,"column":58}},{"start":{"line":53,"column":61},"end":{"line":53,"column":65}}],"line":53}},"s":{"0":2,"1":0,"2":2,"3":1,"4":1,"5":0,"6":1,"7":0,"8":1,"9":1,"10":1,"11":0,"12":1,"13":0,"14":1,"15":0,"16":1,"17":1},"f":{"0":2},"b":{"0":[0,2],"1":[2,2],"2":[1,1],"3":[2,1],"4":[0,1],"5":[1,1],"6":[0,1],"7":[1,0],"8":[0,1],"9":[0,1],"10":[0,1],"11":[1,0],"12":[1,1],"13":[0,1]},"_coverageSchema":"1a1c01bbd47fc00a2c39e90264f33305004495a9","hash":"1a520fdd166b715618f406e0f0e4f0eb2383a01b"}
,"/mnt/c/Users/delga/OneDrive/Escritorio/Repositorio/eco-savor-backend/microservices/catalog/src/middlewares/auth.js": {"path":"/mnt/c/Users/delga/OneDrive/Escritorio/Repositorio/eco-savor-backend/microservices/catalog/src/middlewares/auth.js","statementMap":{"0":{"start":{"line":1,"column":12},"end":{"line":1,"column":35}},"1":{"start":{"line":3,"column":19},"end":{"line":3,"column":81}},"2":{"start":{"line":4,"column":25},"end":{"line":4,"column":95}},"3":{"start":{"line":8,"column":22},"end":{"line":13,"column":1}},"4":{"start":{"line":18,"column":28},"end":{"line":18,"column":59}},"5":{"start":{"line":19,"column":27},"end":{"line":19,"column":95}},"6":{"start":{"line":19,"column":45},"end":{"line":19,"column":95}},"7":{"start":{"line":29,"column":23},"end":{"line":87,"column":1}},"8":{"start":{"line":31,"column":24},"end":{"line":39,"column":48}},"9":{"start":{"line":32,"column":4},"end":{"line":38,"column":5}},"10":{"start":{"line":34,"column":6},"end":{"line":34,"column":55}},"11":{"start":{"line":37,"column":6},"end":{"line":37,"column":69}},"12":{"start":{"line":41,"column":2},"end":{"line":43,"column":3}},"13":{"start":{"line":42,"column":4},"end":{"line":42,"column":18}},"14":{"start":{"line":46,"column":25},"end":{"line":46,"column":58}},"15":{"start":{"line":47,"column":2},"end":{"line":50,"column":3}},"16":{"start":{"line":49,"column":4},"end":{"line":49,"column":18}},"17":{"start":{"line":53,"column":25},"end":{"line":53,"column":47}},"18":{"start":{"line":54,"column":24},"end":{"line":57,"column":4}},"19":{"start":{"line":59,"column":2},"end":{"line":86,"column":5}},"20":{"start":{"line":60,"column":4},"end":{"line":71,"column":5}},"21":{"start":{"line":61,"column":6},"end":{"line":66,"column":7}},"22":{"start":{"line":62,"column":8},"end":{"line":65,"column":11}},"23":{"start":{"line":67,"column":6},"end":{"line":70,"column":9}},"24":{"start":{"line":75,"column":4},"end":{"line":83,"column":5}},"25":{"start":{"line":76,"column":6},"end":{"line":82,"column":8}},"26":{"start":{"line":85,"column":4},"end":{"line":85,"column":11}},"27":{"start":{"line":94,"column":21},"end":{"line":117,"column":1}},"28":{"start":{"line":95,"column":21},"end":{"line":95,"column":46}},"29":{"start":{"line":97,"column":2},"end":{"line":99,"column":3}},"30":{"start":{"line":98,"column":4},"end":{"line":98,"column":18}},"31":{"start":{"line":101,"column":16},"end":{"line":101,"column":40}},"32":{"start":{"line":103,"column":2},"end":{"line":114,"column":3}},"33":{"start":{"line":104,"column":20},"end":{"line":104,"column":49}},"34":{"start":{"line":105,"column":4},"end":{"line":111,"column":6}},"35":{"start":{"line":116,"column":2},"end":{"line":116,"column":9}},"36":{"start":{"line":119,"column":0},"end":{"line":119,"column":50}}},"fnMap":{"0":{"name":"(anonymous_0)","decl":{"start":{"line":19,"column":27},"end":{"line":19,"column":28}},"loc":{"start":{"line":19,"column":45},"end":{"line":19,"column":95}},"line":19},"1":{"name":"(anonymous_1)","decl":{"start":{"line":29,"column":23},"end":{"line":29,"column":24}},"loc":{"start":{"line":29,"column":43},"end":{"line":87,"column":1}},"line":29},"2":{"name":"(anonymous_2)","decl":{"start":{"line":31,"column":43},"end":{"line":31,"column":44}},"loc":{"start":{"line":31,"column":64},"end":{"line":39,"column":3}},"line":31},"3":{"name":"(anonymous_3)","decl":{"start":{"line":59,"column":26},"end":{"line":59,"column":27}},"loc":{"start":{"line":59,"column":35},"end":{"line":86,"column":3}},"line":59},"4":{"name":"(anonymous_4)","decl":{"start":{"line":94,"column":21},"end":{"line":94,"column":22}},"loc":{"start":{"line":94,"column":41},"end":{"line":117,"column":1}},"line":94}},"branchMap":{"0":{"loc":{"start":{"line":3,"column":19},"end":{"line":3,"column":81}},"type":"binary-expr","locations":[{"start":{"line":3,"column":19},"end":{"line":3,"column":41}},{"start":{"line":3,"column":45},"end":{"line":3,"column":81}}],"line":3},"1":{"loc":{"start":{"line":4,"column":25},"end":{"line":4,"column":95}},"type":"binary-expr","locations":[{"start":{"line":4,"column":25},"end":{"line":4,"column":53}},{"start":{"line":4,"column":57},"end":{"line":4,"column":95}}],"line":4},"2":{"loc":{"start":{"line":19,"column":45},"end":{"line":19,"column":95}},"type":"binary-expr","locations":[{"start":{"line":19,"column":45},"end":{"line":19,"column":61}},{"start":{"line":19,"column":65},"end":{"line":19,"column":95}}],"line":19},"3":{"loc":{"start":{"line":31,"column":24},"end":{"line":39,"column":48}},"type":"binary-expr","locations":[{"start":{"line":31,"column":24},"end":{"line":39,"column":4}},{"start":{"line":39,"column":8},"end":{"line":39,"column":48}}],"line":31},"4":{"loc":{"start":{"line":32,"column":4},"end":{"line":38,"column":5}},"type":"if","locations":[{"start":{"line":32,"column":4},"end":{"line":38,"column":5}},{"start":{"line":35,"column":11},"end":{"line":38,"column":5}}],"line":32},"5":{"loc":{"start":{"line":34,"column":13},"end":{"line":34,"column":54}},"type":"binary-expr","locations":[{"start":{"line":34,"column":13},"end":{"line":34,"column":30}},{"start":{"line":34,"column":34},"end":{"line":34,"column":54}}],"line":34},"6":{"loc":{"start":{"line":37,"column":13},"end":{"line":37,"column":68}},"type":"binary-expr","locations":[{"start":{"line":37,"column":13},"end":{"line":37,"column":44}},{"start":{"line":37,"column":48},"end":{"line":37,"column":68}}],"line":37},"7":{"loc":{"start":{"line":41,"column":2},"end":{"line":43,"column":3}},"type":"if","locations":[{"start":{"line":41,"column":2},"end":{"line":43,"column":3}},{"start":{},"end":{}}],"line":41},"8":{"loc":{"start":{"line":47,"column":2},"end":{"line":50,"column":3}},"type":"if","locations":[{"start":{"line":47,"column":2},"end":{"line":50,"column":3}},{"start":{},"end":{}}],"line":47},"9":{"loc":{"start":{"line":60,"column":4},"end":{"line":71,"column":5}},"type":"if","locations":[{"start":{"line":60,"column":4},"end":{"line":71,"column":5}},{"start":{},"end":{}}],"line":60},"10":{"loc":{"start":{"line":61,"column":6},"end":{"line":66,"column":7}},"type":"if","locations":[{"start":{"line":61,"column":6},"end":{"line":66,"column":7}},{"start":{},"end":{}}],"line":61},"11":{"loc":{"start":{"line":75,"column":4},"end":{"line":83,"column":5}},"type":"if","locations":[{"start":{"line":75,"column":4},"end":{"line":83,"column":5}},{"start":{},"end":{}}],"line":75},"12":{"loc":{"start":{"line":97,"column":2},"end":{"line":99,"column":3}},"type":"if","locations":[{"start":{"line":97,"column":2},"end":{"line":99,"column":3}},{"start":{},"end":{}}],"line":97},"13":{"loc":{"start":{"line":97,"column":6},"end":{"line":97,"column":54}},"type":"binary-expr","locations":[{"start":{"line":97,"column":6},"end":{"line":97,"column":17}},{"start":{"line":97,"column":21},"end":{"line":97,"column":54}}],"line":97}},"s":{"0":1,"1":1,"2":1,"3":1,"4":1,"5":1,"6":20,"7":1,"8":25,"9":93,"10":50,"11":43,"12":25,"13":7,"14":18,"15":18,"16":2,"17":16,"18":16,"19":16,"20":16,"21":2,"22":2,"23":0,"24":14,"25":14,"26":14,"27":1,"28":0,"29":0,"30":0,"31":0,"32":0,"33":0,"34":0,"35":0,"36":1},"f":{"0":20,"1":25,"2":93,"3":16,"4":0},"b":{"0":[1,1],"1":[1,1],"2":[20,4],"3":[25,20],"4":[50,43],"5":[50,8],"6":[43,2],"7":[7,18],"8":[2,16],"9":[2,14],"10":[2,0],"11":[14,0],"12":[0,0],"13":[0,0]},"_coverageSchema":"1a1c01bbd47fc00a2c39e90264f33305004495a9","hash":"22e7796681fd0a51bb868238ae24645a4decf89f"}
,"/mnt/c/Users/delga/OneDrive/Escritorio/Repositorio/eco-savor-backend/microservices/catalog/src/middlewares/ownership.js": {"path":"/mnt/c/Users/delga/OneDrive/Escritorio/Repositorio/eco-savor-backend/microservices/catalog/src/middlewares/ownership.js","statementMap":{"0":{"start":{"line":1,"column":16},"end":{"line":1,"column":49}},"1":{"start":{"line":7,"column":25},"end":{"line":51,"column":1}},"2":{"start":{"line":8,"column":2},"end":{"line":50,"column":3}},"3":{"start":{"line":9,"column":4},"end":{"line":14,"column":5}},"4":{"start":{"line":10,"column":6},"end":{"line":13,"column":9}},"5":{"start":{"line":16,"column":19},"end":{"line":16,"column":31}},"6":{"start":{"line":19,"column":4},"end":{"line":23,"column":5}},"7":{"start":{"line":20,"column":6},"end":{"line":20,"column":37}},"8":{"start":{"line":21,"column":6},"end":{"line":21,"column":62}},"9":{"start":{"line":22,"column":6},"end":{"line":22,"column":20}},"10":{"start":{"line":26,"column":22},"end":{"line":26,"column":35}},"11":{"start":{"line":27,"column":20},"end":{"line":27,"column":76}},"12":{"start":{"line":29,"column":4},"end":{"line":34,"column":5}},"13":{"start":{"line":30,"column":6},"end":{"line":33,"column":9}},"14":{"start":{"line":36,"column":4},"end":{"line":41,"column":5}},"15":{"start":{"line":37,"column":6},"end":{"line":40,"column":9}},"16":{"start":{"line":43,"column":4},"end":{"line":43,"column":11}},"17":{"start":{"line":45,"column":4},"end":{"line":45,"column":55}},"18":{"start":{"line":46,"column":4},"end":{"line":49,"column":7}},"19":{"start":{"line":53,"column":0},"end":{"line":53,"column":34}}},"fnMap":{"0":{"name":"(anonymous_0)","decl":{"start":{"line":7,"column":25},"end":{"line":7,"column":26}},"loc":{"start":{"line":7,"column":51},"end":{"line":51,"column":1}},"line":7}},"branchMap":{"0":{"loc":{"start":{"line":9,"column":4},"end":{"line":14,"column":5}},"type":"if","locations":[{"start":{"line":9,"column":4},"end":{"line":14,"column":5}},{"start":{},"end":{}}],"line":9},"1":{"loc":{"start":{"line":9,"column":8},"end":{"line":9,"column":34}},"type":"binary-expr","locations":[{"start":{"line":9,"column":8},"end":{"line":9,"column":17}},{"start":{"line":9,"column":21},"end":{"line":9,"column":34}}],"line":9},"2":{"loc":{"start":{"line":19,"column":4},"end":{"line":23,"column":5}},"type":"if","locations":[{"start":{"line":19,"column":4},"end":{"line":23,"column":5}},{"start":{},"end":{}}],"line":19},"3":{"loc":{"start":{"line":29,"column":4},"end":{"line":34,"column":5}},"type":"if","locations":[{"start":{"line":29,"column":4},"end":{"line":34,"column":5}},{"start":{},"end":{}}],"line":29},"4":{"loc":{"start":{"line":36,"column":4},"end":{"line":41,"column":5}},"type":"if","locations":[{"start":{"line":36,"column":4},"end":{"line":41,"column":5}},{"start":{},"end":{}}],"line":36}},"s":{"0":1,"1":1,"2":6,"3":6,"4":0,"5":6,"6":6,"7":2,"8":2,"9":2,"10":4,"11":4,"12":4,"13":0,"14":4,"15":1,"16":3,"17":0,"18":0,"19":1},"f":{"0":6},"b":{"0":[0,6],"1":[6,6],"2":[2,4],"3":[0,4],"4":[1,3]},"_coverageSchema":"1a1c01bbd47fc00a2c39e90264f33305004495a9","hash":"6b6ef2f6113792eb85cb3659ef96a1e280d5dcc0"}
,"/mnt/c/Users/delga/OneDrive/Escritorio/Repositorio/eco-savor-backend/microservices/catalog/src/middlewares/roles.js": {"path":"/mnt/c/Users/delga/OneDrive/Escritorio/Repositorio/eco-savor-backend/microservices/catalog/src/middlewares/roles.js","statementMap":{"0":{"start":{"line":8,"column":20},"end":{"line":28,"column":1}},"1":{"start":{"line":9,"column":2},"end":{"line":27,"column":4}},"2":{"start":{"line":11,"column":4},"end":{"line":16,"column":5}},"3":{"start":{"line":12,"column":6},"end":{"line":15,"column":9}},"4":{"start":{"line":19,"column":4},"end":{"line":24,"column":5}},"5":{"start":{"line":20,"column":6},"end":{"line":23,"column":9}},"6":{"start":{"line":26,"column":4},"end":{"line":26,"column":11}},"7":{"start":{"line":30,"column":0},"end":{"line":30,"column":29}}},"fnMap":{"0":{"name":"(anonymous_0)","decl":{"start":{"line":8,"column":20},"end":{"line":8,"column":21}},"loc":{"start":{"line":8,"column":34},"end":{"line":28,"column":1}},"line":8},"1":{"name":"(anonymous_1)","decl":{"start":{"line":9,"column":9},"end":{"line":9,"column":10}},"loc":{"start":{"line":9,"column":29},"end":{"line":27,"column":3}},"line":9}},"branchMap":{"0":{"loc":{"start":{"line":11,"column":4},"end":{"line":16,"column":5}},"type":"if","locations":[{"start":{"line":11,"column":4},"end":{"line":16,"column":5}},{"start":{},"end":{}}],"line":11},"1":{"loc":{"start":{"line":19,"column":4},"end":{"line":24,"column":5}},"type":"if","locations":[{"start":{"line":19,"column":4},"end":{"line":24,"column":5}},{"start":{},"end":{}}],"line":19}},"s":{"0":1,"1":6,"2":7,"3":0,"4":7,"5":0,"6":7,"7":1},"f":{"0":6,"1":7},"b":{"0":[0,7],"1":[0,7]},"_coverageSchema":"1a1c01bbd47fc00a2c39e90264f33305004495a9","hash":"2941f43886d86323d50d23829fd7e9efc44a0947"}
,"/mnt/c/Users/delga/OneDrive/Escritorio/Repositorio/eco-savor-backend/microservices/catalog/src/models/productModel.js": {"path":"/mnt/c/Users/delga/OneDrive/Escritorio/Repositorio/eco-savor-backend/microservices/catalog/src/models/productModel.js","statementMap":{"0":{"start":{"line":1,"column":17},"end":{"line":1,"column":36}},"1":{"start":{"line":3,"column":22},"end":{"line":55,"column":2}},"2":{"start":{"line":57,"column":0},"end":{"line":57,"column":55}},"3":{"start":{"line":58,"column":0},"end":{"line":58,"column":51}},"4":{"start":{"line":61,"column":0},"end":{"line":65,"column":3}},"5":{"start":{"line":62,"column":2},"end":{"line":64,"column":3}},"6":{"start":{"line":63,"column":4},"end":{"line":63,"column":81}},"7":{"start":{"line":67,"column":0},"end":{"line":67,"column":58}}},"fnMap":{"0":{"name":"(anonymous_0)","decl":{"start":{"line":61,"column":26},"end":{"line":61,"column":27}},"loc":{"start":{"line":61,"column":43},"end":{"line":65,"column":1}},"line":61}},"branchMap":{"0":{"loc":{"start":{"line":62,"column":2},"end":{"line":64,"column":3}},"type":"if","locations":[{"start":{"line":62,"column":2},"end":{"line":64,"column":3}},{"start":{},"end":{}}],"line":62}},"s":{"0":1,"1":1,"2":1,"3":1,"4":1,"5":22,"6":0,"7":1},"f":{"0":22},"b":{"0":[0,22]},"_coverageSchema":"1a1c01bbd47fc00a2c39e90264f33305004495a9","hash":"468ef684b27d613014a9cc9098541440ac6a3cb7"}
,"/mnt/c/Users/delga/OneDrive/Escritorio/Repositorio/eco-savor-backend/microservices/catalog/src/repositories/productRepository.js": {"path":"/mnt/c/Users/delga/OneDrive/Escritorio/Repositorio/eco-savor-backend/microservices/catalog/src/repositories/productRepository.js","statementMap":{"0":{"start":{"line":1,"column":16},"end":{"line":1,"column":49}},"1":{"start":{"line":9,"column":20},"end":{"line":9,"column":44}},"2":{"start":{"line":10,"column":4},"end":{"line":10,"column":32}},"3":{"start":{"line":14,"column":4},"end":{"line":14,"column":38}},"4":{"start":{"line":18,"column":18},"end":{"line":18,"column":20}},"5":{"start":{"line":20,"column":4},"end":{"line":22,"column":5}},"6":{"start":{"line":21,"column":6},"end":{"line":21,"column":48}},"7":{"start":{"line":23,"column":4},"end":{"line":25,"column":5}},"8":{"start":{"line":24,"column":6},"end":{"line":24,"column":40}},"9":{"start":{"line":26,"column":4},"end":{"line":28,"column":5}},"10":{"start":{"line":27,"column":6},"end":{"line":27,"column":42}},"11":{"start":{"line":30,"column":4},"end":{"line":30,"column":61}},"12":{"start":{"line":34,"column":4},"end":{"line":37,"column":31}},"13":{"start":{"line":41,"column":4},"end":{"line":44,"column":31}},"14":{"start":{"line":48,"column":4},"end":{"line":52,"column":6}},"15":{"start":{"line":56,"column":4},"end":{"line":56,"column":47}},"16":{"start":{"line":60,"column":4},"end":{"line":64,"column":6}},"17":{"start":{"line":68,"column":4},"end":{"line":72,"column":6}},"18":{"start":{"line":83,"column":19},"end":{"line":92,"column":5}},"19":{"start":{"line":95,"column":4},"end":{"line":97,"column":5}},"20":{"start":{"line":96,"column":6},"end":{"line":96,"column":39}},"21":{"start":{"line":99,"column":4},"end":{"line":99,"column":18}},"22":{"start":{"line":112,"column":19},"end":{"line":118,"column":5}},"23":{"start":{"line":119,"column":4},"end":{"line":119,"column":18}},"24":{"start":{"line":123,"column":0},"end":{"line":123,"column":41}}},"fnMap":{"0":{"name":"(anonymous_0)","decl":{"start":{"line":8,"column":2},"end":{"line":8,"column":3}},"loc":{"start":{"line":8,"column":28},"end":{"line":11,"column":3}},"line":8},"1":{"name":"(anonymous_1)","decl":{"start":{"line":13,"column":2},"end":{"line":13,"column":3}},"loc":{"start":{"line":13,"column":21},"end":{"line":15,"column":3}},"line":13},"2":{"name":"(anonymous_2)","decl":{"start":{"line":17,"column":2},"end":{"line":17,"column":3}},"loc":{"start":{"line":17,"column":30},"end":{"line":31,"column":3}},"line":17},"3":{"name":"(anonymous_3)","decl":{"start":{"line":33,"column":2},"end":{"line":33,"column":3}},"loc":{"start":{"line":33,"column":48},"end":{"line":38,"column":3}},"line":33},"4":{"name":"(anonymous_4)","decl":{"start":{"line":40,"column":2},"end":{"line":40,"column":3}},"loc":{"start":{"line":40,"column":51},"end":{"line":45,"column":3}},"line":40},"5":{"name":"(anonymous_5)","decl":{"start":{"line":47,"column":2},"end":{"line":47,"column":3}},"loc":{"start":{"line":47,"column":31},"end":{"line":53,"column":3}},"line":47},"6":{"name":"(anonymous_6)","decl":{"start":{"line":55,"column":2},"end":{"line":55,"column":3}},"loc":{"start":{"line":55,"column":19},"end":{"line":57,"column":3}},"line":55},"7":{"name":"(anonymous_7)","decl":{"start":{"line":59,"column":2},"end":{"line":59,"column":3}},"loc":{"start":{"line":59,"column":37},"end":{"line":65,"column":3}},"line":59},"8":{"name":"(anonymous_8)","decl":{"start":{"line":67,"column":2},"end":{"line":67,"column":3}},"loc":{"start":{"line":67,"column":30},"end":{"line":73,"column":3}},"line":67},"9":{"name":"(anonymous_9)","decl":{"start":{"line":82,"column":2},"end":{"line":82,"column":3}},"loc":{"start":{"line":82,"column":34},"end":{"line":100,"column":3}},"line":82},"10":{"name":"(anonymous_10)","decl":{"start":{"line":108,"column":2},"end":{"line":108,"column":3}},"loc":{"start":{"line":108,"column":35},"end":{"line":120,"column":3}},"line":108}},"branchMap":{"0":{"loc":{"start":{"line":17,"column":16},"end":{"line":17,"column":28}},"type":"default-arg","locations":[{"start":{"line":17,"column":26},"end":{"line":17,"column":28}}],"line":17},"1":{"loc":{"start":{"line":20,"column":4},"end":{"line":22,"column":5}},"type":"if","locations":[{"start":{"line":20,"column":4},"end":{"line":22,"column":5}},{"start":{},"end":{}}],"line":20},"2":{"loc":{"start":{"line":23,"column":4},"end":{"line":25,"column":5}},"type":"if","locations":[{"start":{"line":23,"column":4},"end":{"line":25,"column":5}},{"start":{},"end":{}}],"line":23},"3":{"loc":{"start":{"line":26,"column":4},"end":{"line":28,"column":5}},"type":"if","locations":[{"start":{"line":26,"column":4},"end":{"line":28,"column":5}},{"start":{},"end":{}}],"line":26},"4":{"loc":{"start":{"line":40,"column":33},"end":{"line":40,"column":49}},"type":"default-arg","locations":[{"start":{"line":40,"column":45},"end":{"line":40,"column":49}}],"line":40},"5":{"loc":{"start":{"line":95,"column":4},"end":{"line":97,"column":5}},"type":"if","locations":[{"start":{"line":95,"column":4},"end":{"line":97,"column":5}},{"start":{},"end":{}}],"line":95},"6":{"loc":{"start":{"line":95,"column":8},"end":{"line":95,"column":39}},"type":"binary-expr","locations":[{"start":{"line":95,"column":8},"end":{"line":95,"column":14}},{"start":{"line":95,"column":18},"end":{"line":95,"column":39}}],"line":95}},"s":{"0":1,"1":1,"2":1,"3":2,"4":3,"5":3,"6":0,"7":3,"8":1,"9":3,"10":1,"11":3,"12":2,"13":1,"14":1,"15":1,"16":1,"17":0,"18":1,"19":1,"20":0,"21":1,"22":1,"23":1,"24":1},"f":{"0":1,"1":2,"2":3,"3":2,"4":1,"5":1,"6":1,"7":1,"8":0,"9":1,"10":1},"b":{"0":[0],"1":[0,3],"2":[1,2],"3":[1,2],"4":[0],"5":[0,1],"6":[1,1]},"_coverageSchema":"1a1c01bbd47fc00a2c39e90264f33305004495a9","hash":"a5cb5cf7606a4075280d680727fb049a3ece59c0"}
,"/mnt/c/Users/delga/OneDrive/Escritorio/Repositorio/eco-savor-backend/microservices/catalog/src/routes/productRoutes.js": {"path":"/mnt/c/Users/delga/OneDrive/Escritorio/Repositorio/eco-savor-backend/microservices/catalog/src/routes/productRoutes.js","statementMap":{"0":{"start":{"line":1,"column":16},"end":{"line":1,"column":34}},"1":{"start":{"line":2,"column":15},"end":{"line":2,"column":31}},"2":{"start":{"line":3,"column":26},"end":{"line":3,"column":69}},"3":{"start":{"line":4,"column":27},"end":{"line":4,"column":57}},"4":{"start":{"line":5,"column":20},"end":{"line":5,"column":51}},"5":{"start":{"line":6,"column":25},"end":{"line":6,"column":60}},"6":{"start":{"line":15,"column":0},"end":{"line":20,"column":2}},"7":{"start":{"line":23,"column":0},"end":{"line":23,"column":48}},"8":{"start":{"line":27,"column":0},"end":{"line":31,"column":2}},"9":{"start":{"line":34,"column":0},"end":{"line":34,"column":53}},"10":{"start":{"line":37,"column":0},"end":{"line":42,"column":2}},"11":{"start":{"line":45,"column":0},"end":{"line":50,"column":2}},"12":{"start":{"line":53,"column":0},"end":{"line":58,"column":2}},"13":{"start":{"line":59,"column":0},"end":{"line":64,"column":2}},"14":{"start":{"line":67,"column":0},"end":{"line":67,"column":93}},"15":{"start":{"line":70,"column":0},"end":{"line":70,"column":86}},"16":{"start":{"line":73,"column":0},"end":{"line":73,"column":62}},"17":{"start":{"line":74,"column":0},"end":{"line":74,"column":64}},"18":{"start":{"line":76,"column":0},"end":{"line":76,"column":24}}},"fnMap":{},"branchMap":{},"s":{"0":1,"1":1,"2":1,"3":1,"4":1,"5":1,"6":1,"7":1,"8":1,"9":1,"10":1,"11":1,"12":1,"13":1,"14":1,"15":1,"16":1,"17":1,"18":1},"f":{},"b":{},"_coverageSchema":"1a1c01bbd47fc00a2c39e90264f33305004495a9","hash":"845564181e276db7dda1800e0e8f844973443fef"}
,"/mnt/c/Users/delga/OneDrive/Escritorio/Repositorio/eco-savor-backend/microservices/catalog/src/services/productService.js": {"path":"/mnt/c/Users/delga/OneDrive/Escritorio/Repositorio/eco-savor-backend/microservices/catalog/src/services/productService.js","statementMap":{"0":{"start":{"line":1,"column":26},"end":{"line":1,"column":70}},"1":{"start":{"line":2,"column":23},"end":{"line":2,"column":61}},"2":{"start":{"line":10,"column":28},"end":{"line":10,"column":62}},"3":{"start":{"line":11,"column":20},"end":{"line":11,"column":67}},"4":{"start":{"line":12,"column":4},"end":{"line":15,"column":6}},"5":{"start":{"line":19,"column":20},"end":{"line":19,"column":56}},"6":{"start":{"line":20,"column":4},"end":{"line":22,"column":5}},"7":{"start":{"line":21,"column":6},"end":{"line":21,"column":48}},"8":{"start":{"line":23,"column":4},"end":{"line":23,"column":19}},"9":{"start":{"line":27,"column":4},"end":{"line":27,"column":52}},"10":{"start":{"line":31,"column":4},"end":{"line":31,"column":75}},"11":{"start":{"line":35,"column":4},"end":{"line":35,"column":71}},"12":{"start":{"line":39,"column":20},"end":{"line":39,"column":66}},"13":{"start":{"line":40,"column":4},"end":{"line":42,"column":5}},"14":{"start":{"line":41,"column":6},"end":{"line":41,"column":48}},"15":{"start":{"line":43,"column":4},"end":{"line":43,"column":19}},"16":{"start":{"line":47,"column":20},"end":{"line":47,"column":54}},"17":{"start":{"line":48,"column":4},"end":{"line":50,"column":5}},"18":{"start":{"line":49,"column":6},"end":{"line":49,"column":48}},"19":{"start":{"line":54,"column":4},"end":{"line":56,"column":5}},"20":{"start":{"line":55,"column":6},"end":{"line":55,"column":59}},"21":{"start":{"line":57,"column":20},"end":{"line":57,"column":72}},"22":{"start":{"line":58,"column":4},"end":{"line":60,"column":5}},"23":{"start":{"line":59,"column":6},"end":{"line":59,"column":48}},"24":{"start":{"line":61,"column":4},"end":{"line":63,"column":5}},"25":{"start":{"line":62,"column":6},"end":{"line":62,"column":52}},"26":{"start":{"line":64,"column":4},"end":{"line":64,"column":19}},"27":{"start":{"line":68,"column":20},"end":{"line":68,"column":65}},"28":{"start":{"line":69,"column":4},"end":{"line":71,"column":5}},"29":{"start":{"line":70,"column":6},"end":{"line":70,"column":48}},"30":{"start":{"line":72,"column":4},"end":{"line":72,"column":19}},"31":{"start":{"line":82,"column":20},"end":{"line":82,"column":69}},"32":{"start":{"line":83,"column":4},"end":{"line":85,"column":5}},"33":{"start":{"line":84,"column":6},"end":{"line":84,"column":44}},"34":{"start":{"line":86,"column":4},"end":{"line":86,"column":19}},"35":{"start":{"line":96,"column":20},"end":{"line":96,"column":70}},"36":{"start":{"line":97,"column":4},"end":{"line":99,"column":5}},"37":{"start":{"line":98,"column":6},"end":{"line":98,"column":48}},"38":{"start":{"line":100,"column":4},"end":{"line":100,"column":19}},"39":{"start":{"line":104,"column":0},"end":{"line":104,"column":38}}},"fnMap":{"0":{"name":"(anonymous_0)","decl":{"start":{"line":9,"column":2},"end":{"line":9,"column":3}},"loc":{"start":{"line":9,"column":28},"end":{"line":16,"column":3}},"line":9},"1":{"name":"(anonymous_1)","decl":{"start":{"line":18,"column":2},"end":{"line":18,"column":3}},"loc":{"start":{"line":18,"column":20},"end":{"line":24,"column":3}},"line":18},"2":{"name":"(anonymous_2)","decl":{"start":{"line":26,"column":2},"end":{"line":26,"column":3}},"loc":{"start":{"line":26,"column":22},"end":{"line":28,"column":3}},"line":26},"3":{"name":"(anonymous_3)","decl":{"start":{"line":30,"column":2},"end":{"line":30,"column":3}},"loc":{"start":{"line":30,"column":56},"end":{"line":32,"column":3}},"line":30},"4":{"name":"(anonymous_4)","decl":{"start":{"line":34,"column":2},"end":{"line":34,"column":3}},"loc":{"start":{"line":34,"column":50},"end":{"line":36,"column":3}},"line":34},"5":{"name":"(anonymous_5)","decl":{"start":{"line":38,"column":2},"end":{"line":38,"column":3}},"loc":{"start":{"line":38,"column":31},"end":{"line":44,"column":3}},"line":38},"6":{"name":"(anonymous_6)","decl":{"start":{"line":46,"column":2},"end":{"line":46,"column":3}},"loc":{"start":{"line":46,"column":19},"end":{"line":51,"column":3}},"line":46},"7":{"name":"(anonymous_7)","decl":{"start":{"line":53,"column":2},"end":{"line":53,"column":3}},"loc":{"start":{"line":53,"column":34},"end":{"line":65,"column":3}},"line":53},"8":{"name":"(anonymous_8)","decl":{"start":{"line":67,"column":2},"end":{"line":67,"column":3}},"loc":{"start":{"line":67,"column":30},"end":{"line":73,"column":3}},"line":67},"9":{"name":"(anonymous_9)","decl":{"start":{"line":81,"column":2},"end":{"line":81,"column":3}},"loc":{"start":{"line":81,"column":34},"end":{"line":87,"column":3}},"line":81},"10":{"name":"(anonymous_10)","decl":{"start":{"line":95,"column":2},"end":{"line":95,"column":3}},"loc":{"start":{"line":95,"column":35},"end":{"line":101,"column":3}},"line":95}},"branchMap":{"0":{"loc":{"start":{"line":20,"column":4},"end":{"line":22,"column":5}},"type":"if","locations":[{"start":{"line":20,"column":4},"end":{"line":22,"column":5}},{"start":{},"end":{}}],"line":20},"1":{"loc":{"start":{"line":30,"column":38},"end":{"line":30,"column":54}},"type":"default-arg","locations":[{"start":{"line":30,"column":50},"end":{"line":30,"column":54}}],"line":30},"2":{"loc":{"start":{"line":34,"column":32},"end":{"line":34,"column":48}},"type":"default-arg","locations":[{"start":{"line":34,"column":44},"end":{"line":34,"column":48}}],"line":34},"3":{"loc":{"start":{"line":40,"column":4},"end":{"line":42,"column":5}},"type":"if","locations":[{"start":{"line":40,"column":4},"end":{"line":42,"column":5}},{"start":{},"end":{}}],"line":40},"4":{"loc":{"start":{"line":48,"column":4},"end":{"line":50,"column":5}},"type":"if","locations":[{"start":{"line":48,"column":4},"end":{"line":50,"column":5}},{"start":{},"end":{}}],"line":48},"5":{"loc":{"start":{"line":54,"column":4},"end":{"line":56,"column":5}},"type":"if","locations":[{"start":{"line":54,"column":4},"end":{"line":56,"column":5}},{"start":{},"end":{}}],"line":54},"6":{"loc":{"start":{"line":58,"column":4},"end":{"line":60,"column":5}},"type":"if","locations":[{"start":{"line":58,"column":4},"end":{"line":60,"column":5}},{"start":{},"end":{}}],"line":58},"7":{"loc":{"start":{"line":61,"column":4},"end":{"line":63,"column":5}},"type":"if","locations":[{"start":{"line":61,"column":4},"end":{"line":63,"column":5}},{"start":{},"end":{}}],"line":61},"8":{"loc":{"start":{"line":69,"column":4},"end":{"line":71,"column":5}},"type":"if","locations":[{"start":{"line":69,"column":4},"end":{"line":71,"column":5}},{"start":{},"end":{}}],"line":69},"9":{"loc":{"start":{"line":83,"column":4},"end":{"line":85,"column":5}},"type":"if","locations":[{"start":{"line":83,"column":4},"end":{"line":85,"column":5}},{"start":{},"end":{}}],"line":83},"10":{"loc":{"start":{"line":97,"column":4},"end":{"line":99,"column":5}},"type":"if","locations":[{"start":{"line":97,"column":4},"end":{"line":99,"column":5}},{"start":{},"end":{}}],"line":97}},"s":{"0":1,"1":1,"2":2,"3":1,"4":1,"5":2,"6":2,"7":1,"8":1,"9":3,"10":2,"11":1,"12":1,"13":1,"14":0,"15":1,"16":1,"17":1,"18":0,"19":1,"20":0,"21":1,"22":1,"23":0,"24":1,"25":0,"26":1,"27":0,"28":0,"29":0,"30":0,"31":1,"32":1,"33":0,"34":1,"35":1,"36":1,"37":0,"38":1,"39":1},"f":{"0":2,"1":2,"2":3,"3":2,"4":1,"5":1,"6":1,"7":1,"8":0,"9":1,"10":1},"b":{"0":[1,1],"1":[0],"2":[0],"3":[0,1],"4":[0,1],"5":[0,1],"6":[0,1],"7":[0,1],"8":[0,0],"9":[0,1],"10":[0,1]},"_coverageSchema":"1a1c01bbd47fc00a2c39e90264f33305004495a9","hash":"5112c832471cc3e10c3c0ab4a8bdb02fb17c232e"}
}
