{"C:\\Users\\delga\\OneDrive\\Escritorio\\Repositorio\\eco-savor-backend\\microservices\\catalog\\src\\config\\database.js": {"path":"C:\\Users\\delga\\OneDrive\\Escritorio\\Repositorio\\eco-savor-backend\\microservices\\catalog\\src\\config\\database.js","statementMap":{"0":{"start":{"line":1,"column":17},"end":{"line":1,"column":36}},"1":{"start":{"line":3,"column":18},"end":{"line":11,"column":1}},"2":{"start":{"line":4,"column":2},"end":{"line":10,"column":3}},"3":{"start":{"line":5,"column":17},"end":{"line":5,"column":62}},"4":{"start":{"line":6,"column":4},"end":{"line":6,"column":65}},"5":{"start":{"line":8,"column":4},"end":{"line":8,"column":69}},"6":{"start":{"line":9,"column":4},"end":{"line":9,"column":20}},"7":{"start":{"line":13,"column":0},"end":{"line":13,"column":27}}},"fnMap":{"0":{"name":"(anonymous_0)","decl":{"start":{"line":3,"column":18},"end":{"line":3,"column":19}},"loc":{"start":{"line":3,"column":30},"end":{"line":11,"column":1}},"line":3}},"branchMap":{},"s":{"0":1,"1":1,"2":0,"3":0,"4":0,"5":0,"6":0,"7":1},"f":{"0":0},"b":{},"_coverageSchema":"1a1c01bbd47fc00a2c39e90264f33305004495a9","hash":"63f55c34d90ed0ee3b7e660c1752c3e407e74e1a"}
,"C:\\Users\\delga\\OneDrive\\Escritorio\\Repositorio\\eco-savor-backend\\microservices\\catalog\\src\\controllers\\productController.js": {"path":"C:\\Users\\delga\\OneDrive\\Escritorio\\Repositorio\\eco-savor-backend\\microservices\\catalog\\src\\controllers\\productController.js","statementMap":{"0":{"start":{"line":1,"column":23},"end":{"line":1,"column":60}},"1":{"start":{"line":7,"column":0},"end":{"line":30,"column":2}},"2":{"start":{"line":8,"column":2},"end":{"line":29,"column":3}},"3":{"start":{"line":11,"column":24},"end":{"line":15,"column":5}},"4":{"start":{"line":17,"column":23},"end":{"line":17,"column":63}},"5":{"start":{"line":18,"column":4},"end":{"line":22,"column":7}},"6":{"start":{"line":24,"column":4},"end":{"line":24,"column":55}},"7":{"start":{"line":25,"column":4},"end":{"line":27,"column":5}},"8":{"start":{"line":26,"column":6},"end":{"line":26,"column":76}},"9":{"start":{"line":28,"column":4},"end":{"line":28,"column":100}},"10":{"start":{"line":32,"column":0},"end":{"line":46,"column":2}},"11":{"start":{"line":33,"column":2},"end":{"line":45,"column":3}},"12":{"start":{"line":34,"column":20},"end":{"line":34,"column":63}},"13":{"start":{"line":35,"column":4},"end":{"line":38,"column":7}},"14":{"start":{"line":40,"column":4},"end":{"line":40,"column":55}},"15":{"start":{"line":41,"column":4},"end":{"line":43,"column":5}},"16":{"start":{"line":42,"column":6},"end":{"line":42,"column":76}},"17":{"start":{"line":44,"column":4},"end":{"line":44,"column":82}},"18":{"start":{"line":48,"column":0},"end":{"line":65,"column":2}},"19":{"start":{"line":49,"column":2},"end":{"line":64,"column":3}},"20":{"start":{"line":50,"column":50},"end":{"line":50,"column":59}},"21":{"start":{"line":51,"column":20},"end":{"line":51,"column":22}},"22":{"start":{"line":52,"column":4},"end":{"line":52,"column":58}},"23":{"start":{"line":52,"column":22},"end":{"line":52,"column":58}},"24":{"start":{"line":53,"column":4},"end":{"line":53,"column":46}},"25":{"start":{"line":53,"column":18},"end":{"line":53,"column":46}},"26":{"start":{"line":54,"column":4},"end":{"line":54,"column":74}},"27":{"start":{"line":54,"column":33},"end":{"line":54,"column":74}},"28":{"start":{"line":55,"column":21},"end":{"line":55,"column":55}},"29":{"start":{"line":56,"column":4},"end":{"line":60,"column":7}},"30":{"start":{"line":62,"column":4},"end":{"line":62,"column":55}},"31":{"start":{"line":63,"column":4},"end":{"line":63,"column":82}},"32":{"start":{"line":67,"column":0},"end":{"line":81,"column":2}},"33":{"start":{"line":68,"column":2},"end":{"line":80,"column":3}},"34":{"start":{"line":69,"column":29},"end":{"line":69,"column":39}},"35":{"start":{"line":70,"column":26},"end":{"line":70,"column":35}},"36":{"start":{"line":71,"column":21},"end":{"line":71,"column":94}},"37":{"start":{"line":72,"column":4},"end":{"line":76,"column":7}},"38":{"start":{"line":78,"column":4},"end":{"line":78,"column":72}},"39":{"start":{"line":79,"column":4},"end":{"line":79,"column":82}},"40":{"start":{"line":87,"column":0},"end":{"line":108,"column":2}},"41":{"start":{"line":88,"column":2},"end":{"line":107,"column":3}},"42":{"start":{"line":89,"column":4},"end":{"line":94,"column":5}},"43":{"start":{"line":90,"column":6},"end":{"line":93,"column":9}},"44":{"start":{"line":96,"column":25},"end":{"line":96,"column":37}},"45":{"start":{"line":97,"column":26},"end":{"line":97,"column":35}},"46":{"start":{"line":98,"column":21},"end":{"line":98,"column":94}},"47":{"start":{"line":99,"column":4},"end":{"line":103,"column":7}},"48":{"start":{"line":105,"column":4},"end":{"line":105,"column":60}},"49":{"start":{"line":106,"column":4},"end":{"line":106,"column":82}},"50":{"start":{"line":110,"column":0},"end":{"line":124,"column":2}},"51":{"start":{"line":111,"column":2},"end":{"line":123,"column":3}},"52":{"start":{"line":112,"column":25},"end":{"line":112,"column":35}},"53":{"start":{"line":113,"column":26},"end":{"line":113,"column":35}},"54":{"start":{"line":114,"column":21},"end":{"line":114,"column":88}},"55":{"start":{"line":115,"column":4},"end":{"line":119,"column":7}},"56":{"start":{"line":121,"column":4},"end":{"line":121,"column":70}},"57":{"start":{"line":122,"column":4},"end":{"line":122,"column":82}},"58":{"start":{"line":126,"column":0},"end":{"line":141,"column":2}},"59":{"start":{"line":127,"column":2},"end":{"line":140,"column":3}},"60":{"start":{"line":128,"column":27},"end":{"line":128,"column":79}},"61":{"start":{"line":129,"column":4},"end":{"line":133,"column":7}},"62":{"start":{"line":135,"column":4},"end":{"line":135,"column":58}},"63":{"start":{"line":136,"column":4},"end":{"line":138,"column":5}},"64":{"start":{"line":137,"column":6},"end":{"line":137,"column":76}},"65":{"start":{"line":139,"column":4},"end":{"line":139,"column":82}},"66":{"start":{"line":143,"column":0},"end":{"line":157,"column":2}},"67":{"start":{"line":144,"column":2},"end":{"line":156,"column":3}},"68":{"start":{"line":145,"column":4},"end":{"line":145,"column":47}},"69":{"start":{"line":146,"column":4},"end":{"line":149,"column":7}},"70":{"start":{"line":151,"column":4},"end":{"line":151,"column":56}},"71":{"start":{"line":152,"column":4},"end":{"line":154,"column":5}},"72":{"start":{"line":153,"column":6},"end":{"line":153,"column":76}},"73":{"start":{"line":155,"column":4},"end":{"line":155,"column":82}},"74":{"start":{"line":159,"column":0},"end":{"line":178,"column":2}},"75":{"start":{"line":160,"column":2},"end":{"line":177,"column":3}},"76":{"start":{"line":161,"column":25},"end":{"line":161,"column":33}},"77":{"start":{"line":162,"column":4},"end":{"line":164,"column":5}},"78":{"start":{"line":163,"column":6},"end":{"line":163,"column":89}},"79":{"start":{"line":165,"column":20},"end":{"line":165,"column":77}},"80":{"start":{"line":166,"column":4},"end":{"line":170,"column":7}},"81":{"start":{"line":172,"column":4},"end":{"line":172,"column":55}},"82":{"start":{"line":173,"column":4},"end":{"line":175,"column":5}},"83":{"start":{"line":174,"column":6},"end":{"line":174,"column":76}},"84":{"start":{"line":176,"column":4},"end":{"line":176,"column":82}},"85":{"start":{"line":180,"column":0},"end":{"line":195,"column":2}},"86":{"start":{"line":181,"column":2},"end":{"line":194,"column":3}},"87":{"start":{"line":182,"column":20},"end":{"line":182,"column":73}},"88":{"start":{"line":183,"column":4},"end":{"line":187,"column":7}},"89":{"start":{"line":189,"column":4},"end":{"line":189,"column":73}},"90":{"start":{"line":190,"column":4},"end":{"line":192,"column":5}},"91":{"start":{"line":191,"column":6},"end":{"line":191,"column":76}},"92":{"start":{"line":193,"column":4},"end":{"line":193,"column":82}},"93":{"start":{"line":202,"column":0},"end":{"line":248,"column":2}},"94":{"start":{"line":203,"column":2},"end":{"line":247,"column":3}},"95":{"start":{"line":205,"column":19},"end":{"line":205,"column":52}},"96":{"start":{"line":206,"column":29},"end":{"line":206,"column":99}},"97":{"start":{"line":208,"column":4},"end":{"line":213,"column":5}},"98":{"start":{"line":209,"column":6},"end":{"line":212,"column":9}},"99":{"start":{"line":215,"column":25},"end":{"line":215,"column":33}},"100":{"start":{"line":216,"column":4},"end":{"line":221,"column":5}},"101":{"start":{"line":217,"column":6},"end":{"line":220,"column":9}},"102":{"start":{"line":223,"column":20},"end":{"line":223,"column":77}},"103":{"start":{"line":225,"column":4},"end":{"line":234,"column":5}},"104":{"start":{"line":226,"column":6},"end":{"line":233,"column":9}},"105":{"start":{"line":236,"column":4},"end":{"line":240,"column":7}},"106":{"start":{"line":242,"column":4},"end":{"line":242,"column":54}},"107":{"start":{"line":243,"column":4},"end":{"line":245,"column":5}},"108":{"start":{"line":244,"column":6},"end":{"line":244,"column":76}},"109":{"start":{"line":246,"column":4},"end":{"line":246,"column":82}},"110":{"start":{"line":255,"column":0},"end":{"line":297,"column":2}},"111":{"start":{"line":256,"column":2},"end":{"line":296,"column":3}},"112":{"start":{"line":258,"column":19},"end":{"line":258,"column":52}},"113":{"start":{"line":259,"column":29},"end":{"line":259,"column":99}},"114":{"start":{"line":261,"column":4},"end":{"line":266,"column":5}},"115":{"start":{"line":262,"column":6},"end":{"line":265,"column":9}},"116":{"start":{"line":268,"column":25},"end":{"line":268,"column":33}},"117":{"start":{"line":269,"column":4},"end":{"line":274,"column":5}},"118":{"start":{"line":270,"column":6},"end":{"line":273,"column":9}},"119":{"start":{"line":276,"column":20},"end":{"line":276,"column":78}},"120":{"start":{"line":278,"column":4},"end":{"line":283,"column":5}},"121":{"start":{"line":279,"column":6},"end":{"line":282,"column":9}},"122":{"start":{"line":285,"column":4},"end":{"line":289,"column":7}},"123":{"start":{"line":291,"column":4},"end":{"line":291,"column":54}},"124":{"start":{"line":292,"column":4},"end":{"line":294,"column":5}},"125":{"start":{"line":293,"column":6},"end":{"line":293,"column":76}},"126":{"start":{"line":295,"column":4},"end":{"line":295,"column":82}}},"fnMap":{"0":{"name":"(anonymous_0)","decl":{"start":{"line":7,"column":24},"end":{"line":7,"column":25}},"loc":{"start":{"line":7,"column":44},"end":{"line":30,"column":1}},"line":7},"1":{"name":"(anonymous_1)","decl":{"start":{"line":32,"column":25},"end":{"line":32,"column":26}},"loc":{"start":{"line":32,"column":45},"end":{"line":46,"column":1}},"line":32},"2":{"name":"(anonymous_2)","decl":{"start":{"line":48,"column":23},"end":{"line":48,"column":24}},"loc":{"start":{"line":48,"column":43},"end":{"line":65,"column":1}},"line":48},"3":{"name":"(anonymous_3)","decl":{"start":{"line":67,"column":34},"end":{"line":67,"column":35}},"loc":{"start":{"line":67,"column":54},"end":{"line":81,"column":1}},"line":67},"4":{"name":"(anonymous_4)","decl":{"start":{"line":87,"column":24},"end":{"line":87,"column":25}},"loc":{"start":{"line":87,"column":44},"end":{"line":108,"column":1}},"line":87},"5":{"name":"(anonymous_5)","decl":{"start":{"line":110,"column":32},"end":{"line":110,"column":33}},"loc":{"start":{"line":110,"column":52},"end":{"line":124,"column":1}},"line":110},"6":{"name":"(anonymous_6)","decl":{"start":{"line":126,"column":24},"end":{"line":126,"column":25}},"loc":{"start":{"line":126,"column":44},"end":{"line":141,"column":1}},"line":126},"7":{"name":"(anonymous_7)","decl":{"start":{"line":143,"column":24},"end":{"line":143,"column":25}},"loc":{"start":{"line":143,"column":44},"end":{"line":157,"column":1}},"line":143},"8":{"name":"(anonymous_8)","decl":{"start":{"line":159,"column":22},"end":{"line":159,"column":23}},"loc":{"start":{"line":159,"column":42},"end":{"line":178,"column":1}},"line":159},"9":{"name":"(anonymous_9)","decl":{"start":{"line":180,"column":28},"end":{"line":180,"column":29}},"loc":{"start":{"line":180,"column":48},"end":{"line":195,"column":1}},"line":180},"10":{"name":"(anonymous_10)","decl":{"start":{"line":202,"column":22},"end":{"line":202,"column":23}},"loc":{"start":{"line":202,"column":42},"end":{"line":248,"column":1}},"line":202},"11":{"name":"(anonymous_11)","decl":{"start":{"line":255,"column":23},"end":{"line":255,"column":24}},"loc":{"start":{"line":255,"column":43},"end":{"line":297,"column":1}},"line":255}},"branchMap":{"0":{"loc":{"start":{"line":14,"column":22},"end":{"line":14,"column":64}},"type":"binary-expr","locations":[{"start":{"line":14,"column":22},"end":{"line":14,"column":46}},{"start":{"line":14,"column":50},"end":{"line":14,"column":64}}],"line":14},"1":{"loc":{"start":{"line":25,"column":4},"end":{"line":27,"column":5}},"type":"if","locations":[{"start":{"line":25,"column":4},"end":{"line":27,"column":5}},{"start":{},"end":{}}],"line":25},"2":{"loc":{"start":{"line":25,"column":8},"end":{"line":25,"column":119}},"type":"binary-expr","locations":[{"start":{"line":25,"column":8},"end":{"line":25,"column":43}},{"start":{"line":25,"column":47},"end":{"line":25,"column":79}},{"start":{"line":25,"column":83},"end":{"line":25,"column":119}}],"line":25},"3":{"loc":{"start":{"line":41,"column":4},"end":{"line":43,"column":5}},"type":"if","locations":[{"start":{"line":41,"column":4},"end":{"line":43,"column":5}},{"start":{},"end":{}}],"line":41},"4":{"loc":{"start":{"line":52,"column":4},"end":{"line":52,"column":58}},"type":"if","locations":[{"start":{"line":52,"column":4},"end":{"line":52,"column":58}},{"start":{},"end":{}}],"line":52},"5":{"loc":{"start":{"line":53,"column":4},"end":{"line":53,"column":46}},"type":"if","locations":[{"start":{"line":53,"column":4},"end":{"line":53,"column":46}},{"start":{},"end":{}}],"line":53},"6":{"loc":{"start":{"line":54,"column":4},"end":{"line":54,"column":74}},"type":"if","locations":[{"start":{"line":54,"column":4},"end":{"line":54,"column":74}},{"start":{},"end":{}}],"line":54},"7":{"loc":{"start":{"line":89,"column":4},"end":{"line":94,"column":5}},"type":"if","locations":[{"start":{"line":89,"column":4},"end":{"line":94,"column":5}},{"start":{},"end":{}}],"line":89},"8":{"loc":{"start":{"line":89,"column":8},"end":{"line":89,"column":34}},"type":"binary-expr","locations":[{"start":{"line":89,"column":8},"end":{"line":89,"column":17}},{"start":{"line":89,"column":21},"end":{"line":89,"column":34}}],"line":89},"9":{"loc":{"start":{"line":136,"column":4},"end":{"line":138,"column":5}},"type":"if","locations":[{"start":{"line":136,"column":4},"end":{"line":138,"column":5}},{"start":{},"end":{}}],"line":136},"10":{"loc":{"start":{"line":152,"column":4},"end":{"line":154,"column":5}},"type":"if","locations":[{"start":{"line":152,"column":4},"end":{"line":154,"column":5}},{"start":{},"end":{}}],"line":152},"11":{"loc":{"start":{"line":162,"column":4},"end":{"line":164,"column":5}},"type":"if","locations":[{"start":{"line":162,"column":4},"end":{"line":164,"column":5}},{"start":{},"end":{}}],"line":162},"12":{"loc":{"start":{"line":173,"column":4},"end":{"line":175,"column":5}},"type":"if","locations":[{"start":{"line":173,"column":4},"end":{"line":175,"column":5}},{"start":{},"end":{}}],"line":173},"13":{"loc":{"start":{"line":190,"column":4},"end":{"line":192,"column":5}},"type":"if","locations":[{"start":{"line":190,"column":4},"end":{"line":192,"column":5}},{"start":{},"end":{}}],"line":190},"14":{"loc":{"start":{"line":206,"column":29},"end":{"line":206,"column":99}},"type":"binary-expr","locations":[{"start":{"line":206,"column":29},"end":{"line":206,"column":57}},{"start":{"line":206,"column":61},"end":{"line":206,"column":99}}],"line":206},"15":{"loc":{"start":{"line":208,"column":4},"end":{"line":213,"column":5}},"type":"if","locations":[{"start":{"line":208,"column":4},"end":{"line":213,"column":5}},{"start":{},"end":{}}],"line":208},"16":{"loc":{"start":{"line":216,"column":4},"end":{"line":221,"column":5}},"type":"if","locations":[{"start":{"line":216,"column":4},"end":{"line":221,"column":5}},{"start":{},"end":{}}],"line":216},"17":{"loc":{"start":{"line":216,"column":8},"end":{"line":216,"column":34}},"type":"binary-expr","locations":[{"start":{"line":216,"column":8},"end":{"line":216,"column":17}},{"start":{"line":216,"column":21},"end":{"line":216,"column":34}}],"line":216},"18":{"loc":{"start":{"line":225,"column":4},"end":{"line":234,"column":5}},"type":"if","locations":[{"start":{"line":225,"column":4},"end":{"line":234,"column":5}},{"start":{},"end":{}}],"line":225},"19":{"loc":{"start":{"line":243,"column":4},"end":{"line":245,"column":5}},"type":"if","locations":[{"start":{"line":243,"column":4},"end":{"line":245,"column":5}},{"start":{},"end":{}}],"line":243},"20":{"loc":{"start":{"line":259,"column":29},"end":{"line":259,"column":99}},"type":"binary-expr","locations":[{"start":{"line":259,"column":29},"end":{"line":259,"column":57}},{"start":{"line":259,"column":61},"end":{"line":259,"column":99}}],"line":259},"21":{"loc":{"start":{"line":261,"column":4},"end":{"line":266,"column":5}},"type":"if","locations":[{"start":{"line":261,"column":4},"end":{"line":266,"column":5}},{"start":{},"end":{}}],"line":261},"22":{"loc":{"start":{"line":269,"column":4},"end":{"line":274,"column":5}},"type":"if","locations":[{"start":{"line":269,"column":4},"end":{"line":274,"column":5}},{"start":{},"end":{}}],"line":269},"23":{"loc":{"start":{"line":269,"column":8},"end":{"line":269,"column":34}},"type":"binary-expr","locations":[{"start":{"line":269,"column":8},"end":{"line":269,"column":17}},{"start":{"line":269,"column":21},"end":{"line":269,"column":34}}],"line":269},"24":{"loc":{"start":{"line":278,"column":4},"end":{"line":283,"column":5}},"type":"if","locations":[{"start":{"line":278,"column":4},"end":{"line":283,"column":5}},{"start":{},"end":{}}],"line":278},"25":{"loc":{"start":{"line":292,"column":4},"end":{"line":294,"column":5}},"type":"if","locations":[{"start":{"line":292,"column":4},"end":{"line":294,"column":5}},{"start":{},"end":{}}],"line":292}},"s":{"0":1,"1":1,"2":1,"3":1,"4":1,"5":1,"6":0,"7":0,"8":0,"9":0,"10":1,"11":2,"12":2,"13":1,"14":1,"15":1,"16":1,"17":0,"18":1,"19":3,"20":3,"21":3,"22":3,"23":0,"24":3,"25":1,"26":3,"27":1,"28":3,"29":3,"30":0,"31":0,"32":1,"33":1,"34":1,"35":1,"36":1,"37":1,"38":0,"39":0,"40":1,"41":1,"42":1,"43":0,"44":1,"45":1,"46":1,"47":1,"48":0,"49":0,"50":1,"51":1,"52":1,"53":1,"54":1,"55":1,"56":0,"57":0,"58":1,"59":1,"60":1,"61":1,"62":0,"63":0,"64":0,"65":0,"66":1,"67":1,"68":1,"69":1,"70":0,"71":0,"72":0,"73":0,"74":1,"75":1,"76":1,"77":1,"78":0,"79":1,"80":1,"81":0,"82":0,"83":0,"84":0,"85":1,"86":0,"87":0,"88":0,"89":0,"90":0,"91":0,"92":0,"93":1,"94":2,"95":2,"96":2,"97":2,"98":1,"99":1,"100":1,"101":0,"102":1,"103":1,"104":0,"105":1,"106":0,"107":0,"108":0,"109":0,"110":1,"111":0,"112":0,"113":0,"114":0,"115":0,"116":0,"117":0,"118":0,"119":0,"120":0,"121":0,"122":0,"123":0,"124":0,"125":0,"126":0},"f":{"0":1,"1":2,"2":3,"3":1,"4":1,"5":1,"6":1,"7":1,"8":1,"9":0,"10":2,"11":0},"b":{"0":[1,0],"1":[0,0],"2":[0,0,0],"3":[1,0],"4":[0,3],"5":[1,2],"6":[1,2],"7":[0,1],"8":[1,1],"9":[0,0],"10":[0,0],"11":[0,1],"12":[0,0],"13":[0,0],"14":[2,2],"15":[1,1],"16":[0,1],"17":[1,1],"18":[0,1],"19":[0,0],"20":[0,0],"21":[0,0],"22":[0,0],"23":[0,0],"24":[0,0],"25":[0,0]},"_coverageSchema":"1a1c01bbd47fc00a2c39e90264f33305004495a9","hash":"301df4efd6100b8d16b3e6b79532ee2e4da6e928"}
,"C:\\Users\\delga\\OneDrive\\Escritorio\\Repositorio\\eco-savor-backend\\microservices\\catalog\\src\\factories\\productFactory.js": {"path":"C:\\Users\\delga\\OneDrive\\Escritorio\\Repositorio\\eco-savor-backend\\microservices\\catalog\\src\\factories\\productFactory.js","statementMap":{"0":{"start":{"line":9,"column":4},"end":{"line":11,"column":5}},"1":{"start":{"line":10,"column":6},"end":{"line":10,"column":61}},"2":{"start":{"line":13,"column":4},"end":{"line":15,"column":5}},"3":{"start":{"line":14,"column":6},"end":{"line":14,"column":54}},"4":{"start":{"line":17,"column":4},"end":{"line":19,"column":5}},"5":{"start":{"line":18,"column":6},"end":{"line":18,"column":68}},"6":{"start":{"line":21,"column":4},"end":{"line":23,"column":5}},"7":{"start":{"line":22,"column":6},"end":{"line":22,"column":83}},"8":{"start":{"line":26,"column":28},"end":{"line":26,"column":91}},"9":{"start":{"line":27,"column":21},"end":{"line":27,"column":45}},"10":{"start":{"line":29,"column":4},"end":{"line":31,"column":5}},"11":{"start":{"line":30,"column":6},"end":{"line":30,"column":85}},"12":{"start":{"line":34,"column":4},"end":{"line":36,"column":5}},"13":{"start":{"line":35,"column":6},"end":{"line":35,"column":91}},"14":{"start":{"line":37,"column":4},"end":{"line":39,"column":5}},"15":{"start":{"line":38,"column":6},"end":{"line":38,"column":93}},"16":{"start":{"line":42,"column":4},"end":{"line":54,"column":6}},"17":{"start":{"line":58,"column":0},"end":{"line":58,"column":38}}},"fnMap":{"0":{"name":"(anonymous_0)","decl":{"start":{"line":7,"column":2},"end":{"line":7,"column":3}},"loc":{"start":{"line":7,"column":15},"end":{"line":55,"column":3}},"line":7}},"branchMap":{"0":{"loc":{"start":{"line":9,"column":4},"end":{"line":11,"column":5}},"type":"if","locations":[{"start":{"line":9,"column":4},"end":{"line":11,"column":5}},{"start":{},"end":{}}],"line":9},"1":{"loc":{"start":{"line":9,"column":8},"end":{"line":9,"column":39}},"type":"binary-expr","locations":[{"start":{"line":9,"column":8},"end":{"line":9,"column":18}},{"start":{"line":9,"column":22},"end":{"line":9,"column":39}}],"line":9},"2":{"loc":{"start":{"line":13,"column":4},"end":{"line":15,"column":5}},"type":"if","locations":[{"start":{"line":13,"column":4},"end":{"line":15,"column":5}},{"start":{},"end":{}}],"line":13},"3":{"loc":{"start":{"line":13,"column":8},"end":{"line":13,"column":38}},"type":"binary-expr","locations":[{"start":{"line":13,"column":8},"end":{"line":13,"column":19}},{"start":{"line":13,"column":23},"end":{"line":13,"column":38}}],"line":13},"4":{"loc":{"start":{"line":17,"column":4},"end":{"line":19,"column":5}},"type":"if","locations":[{"start":{"line":17,"column":4},"end":{"line":19,"column":5}},{"start":{},"end":{}}],"line":17},"5":{"loc":{"start":{"line":17,"column":8},"end":{"line":17,"column":54}},"type":"binary-expr","locations":[{"start":{"line":17,"column":8},"end":{"line":17,"column":27}},{"start":{"line":17,"column":31},"end":{"line":17,"column":54}}],"line":17},"6":{"loc":{"start":{"line":21,"column":4},"end":{"line":23,"column":5}},"type":"if","locations":[{"start":{"line":21,"column":4},"end":{"line":23,"column":5}},{"start":{},"end":{}}],"line":21},"7":{"loc":{"start":{"line":27,"column":21},"end":{"line":27,"column":45}},"type":"binary-expr","locations":[{"start":{"line":27,"column":21},"end":{"line":27,"column":34}},{"start":{"line":27,"column":38},"end":{"line":27,"column":45}}],"line":27},"8":{"loc":{"start":{"line":29,"column":4},"end":{"line":31,"column":5}},"type":"if","locations":[{"start":{"line":29,"column":4},"end":{"line":31,"column":5}},{"start":{},"end":{}}],"line":29},"9":{"loc":{"start":{"line":34,"column":4},"end":{"line":36,"column":5}},"type":"if","locations":[{"start":{"line":34,"column":4},"end":{"line":36,"column":5}},{"start":{},"end":{}}],"line":34},"10":{"loc":{"start":{"line":37,"column":4},"end":{"line":39,"column":5}},"type":"if","locations":[{"start":{"line":37,"column":4},"end":{"line":39,"column":5}},{"start":{},"end":{}}],"line":37},"11":{"loc":{"start":{"line":47,"column":16},"end":{"line":47,"column":44}},"type":"binary-expr","locations":[{"start":{"line":47,"column":16},"end":{"line":47,"column":39}},{"start":{"line":47,"column":43},"end":{"line":47,"column":44}}],"line":47},"12":{"loc":{"start":{"line":51,"column":14},"end":{"line":51,"column":31}},"type":"binary-expr","locations":[{"start":{"line":51,"column":14},"end":{"line":51,"column":25}},{"start":{"line":51,"column":29},"end":{"line":51,"column":31}}],"line":51},"13":{"loc":{"start":{"line":53,"column":17},"end":{"line":53,"column":65}},"type":"cond-expr","locations":[{"start":{"line":53,"column":34},"end":{"line":53,"column":58}},{"start":{"line":53,"column":61},"end":{"line":53,"column":65}}],"line":53}},"s":{"0":1,"1":0,"2":1,"3":0,"4":1,"5":0,"6":1,"7":0,"8":1,"9":1,"10":1,"11":0,"12":1,"13":0,"14":1,"15":0,"16":1,"17":1},"f":{"0":1},"b":{"0":[0,1],"1":[1,1],"2":[0,1],"3":[1,1],"4":[0,1],"5":[1,1],"6":[0,1],"7":[1,0],"8":[0,1],"9":[0,1],"10":[0,1],"11":[1,0],"12":[1,1],"13":[0,1]},"_coverageSchema":"1a1c01bbd47fc00a2c39e90264f33305004495a9","hash":"4839ddc05030edb1e7f25c62f575b73a0137e015"}
,"C:\\Users\\delga\\OneDrive\\Escritorio\\Repositorio\\eco-savor-backend\\microservices\\catalog\\src\\middlewares\\auth.js": {"path":"C:\\Users\\delga\\OneDrive\\Escritorio\\Repositorio\\eco-savor-backend\\microservices\\catalog\\src\\middlewares\\auth.js","statementMap":{"0":{"start":{"line":1,"column":12},"end":{"line":1,"column":35}},"1":{"start":{"line":3,"column":19},"end":{"line":3,"column":81}},"2":{"start":{"line":4,"column":25},"end":{"line":4,"column":95}},"3":{"start":{"line":8,"column":22},"end":{"line":13,"column":1}},"4":{"start":{"line":23,"column":23},"end":{"line":81,"column":1}},"5":{"start":{"line":25,"column":24},"end":{"line":33,"column":4}},"6":{"start":{"line":26,"column":4},"end":{"line":32,"column":5}},"7":{"start":{"line":28,"column":6},"end":{"line":28,"column":55}},"8":{"start":{"line":31,"column":6},"end":{"line":31,"column":69}},"9":{"start":{"line":35,"column":2},"end":{"line":37,"column":3}},"10":{"start":{"line":36,"column":4},"end":{"line":36,"column":18}},"11":{"start":{"line":40,"column":25},"end":{"line":40,"column":58}},"12":{"start":{"line":41,"column":2},"end":{"line":44,"column":3}},"13":{"start":{"line":43,"column":4},"end":{"line":43,"column":18}},"14":{"start":{"line":47,"column":25},"end":{"line":47,"column":47}},"15":{"start":{"line":48,"column":24},"end":{"line":51,"column":4}},"16":{"start":{"line":53,"column":2},"end":{"line":80,"column":5}},"17":{"start":{"line":54,"column":4},"end":{"line":65,"column":5}},"18":{"start":{"line":55,"column":6},"end":{"line":60,"column":7}},"19":{"start":{"line":56,"column":8},"end":{"line":59,"column":11}},"20":{"start":{"line":61,"column":6},"end":{"line":64,"column":9}},"21":{"start":{"line":69,"column":4},"end":{"line":77,"column":5}},"22":{"start":{"line":70,"column":6},"end":{"line":76,"column":8}},"23":{"start":{"line":79,"column":4},"end":{"line":79,"column":11}},"24":{"start":{"line":88,"column":21},"end":{"line":111,"column":1}},"25":{"start":{"line":89,"column":21},"end":{"line":89,"column":46}},"26":{"start":{"line":91,"column":2},"end":{"line":93,"column":3}},"27":{"start":{"line":92,"column":4},"end":{"line":92,"column":18}},"28":{"start":{"line":95,"column":16},"end":{"line":95,"column":40}},"29":{"start":{"line":97,"column":2},"end":{"line":108,"column":3}},"30":{"start":{"line":98,"column":20},"end":{"line":98,"column":49}},"31":{"start":{"line":99,"column":4},"end":{"line":105,"column":6}},"32":{"start":{"line":110,"column":2},"end":{"line":110,"column":9}},"33":{"start":{"line":113,"column":0},"end":{"line":113,"column":50}}},"fnMap":{"0":{"name":"(anonymous_0)","decl":{"start":{"line":23,"column":23},"end":{"line":23,"column":24}},"loc":{"start":{"line":23,"column":43},"end":{"line":81,"column":1}},"line":23},"1":{"name":"(anonymous_1)","decl":{"start":{"line":25,"column":43},"end":{"line":25,"column":44}},"loc":{"start":{"line":25,"column":64},"end":{"line":33,"column":3}},"line":25},"2":{"name":"(anonymous_2)","decl":{"start":{"line":53,"column":26},"end":{"line":53,"column":27}},"loc":{"start":{"line":53,"column":35},"end":{"line":80,"column":3}},"line":53},"3":{"name":"(anonymous_3)","decl":{"start":{"line":88,"column":21},"end":{"line":88,"column":22}},"loc":{"start":{"line":88,"column":41},"end":{"line":111,"column":1}},"line":88}},"branchMap":{"0":{"loc":{"start":{"line":3,"column":19},"end":{"line":3,"column":81}},"type":"binary-expr","locations":[{"start":{"line":3,"column":19},"end":{"line":3,"column":41}},{"start":{"line":3,"column":45},"end":{"line":3,"column":81}}],"line":3},"1":{"loc":{"start":{"line":4,"column":25},"end":{"line":4,"column":95}},"type":"binary-expr","locations":[{"start":{"line":4,"column":25},"end":{"line":4,"column":53}},{"start":{"line":4,"column":57},"end":{"line":4,"column":95}}],"line":4},"2":{"loc":{"start":{"line":26,"column":4},"end":{"line":32,"column":5}},"type":"if","locations":[{"start":{"line":26,"column":4},"end":{"line":32,"column":5}},{"start":{"line":29,"column":11},"end":{"line":32,"column":5}}],"line":26},"3":{"loc":{"start":{"line":28,"column":13},"end":{"line":28,"column":54}},"type":"binary-expr","locations":[{"start":{"line":28,"column":13},"end":{"line":28,"column":30}},{"start":{"line":28,"column":34},"end":{"line":28,"column":54}}],"line":28},"4":{"loc":{"start":{"line":31,"column":13},"end":{"line":31,"column":68}},"type":"binary-expr","locations":[{"start":{"line":31,"column":13},"end":{"line":31,"column":44}},{"start":{"line":31,"column":48},"end":{"line":31,"column":68}}],"line":31},"5":{"loc":{"start":{"line":35,"column":2},"end":{"line":37,"column":3}},"type":"if","locations":[{"start":{"line":35,"column":2},"end":{"line":37,"column":3}},{"start":{},"end":{}}],"line":35},"6":{"loc":{"start":{"line":41,"column":2},"end":{"line":44,"column":3}},"type":"if","locations":[{"start":{"line":41,"column":2},"end":{"line":44,"column":3}},{"start":{},"end":{}}],"line":41},"7":{"loc":{"start":{"line":54,"column":4},"end":{"line":65,"column":5}},"type":"if","locations":[{"start":{"line":54,"column":4},"end":{"line":65,"column":5}},{"start":{},"end":{}}],"line":54},"8":{"loc":{"start":{"line":55,"column":6},"end":{"line":60,"column":7}},"type":"if","locations":[{"start":{"line":55,"column":6},"end":{"line":60,"column":7}},{"start":{},"end":{}}],"line":55},"9":{"loc":{"start":{"line":69,"column":4},"end":{"line":77,"column":5}},"type":"if","locations":[{"start":{"line":69,"column":4},"end":{"line":77,"column":5}},{"start":{},"end":{}}],"line":69},"10":{"loc":{"start":{"line":91,"column":2},"end":{"line":93,"column":3}},"type":"if","locations":[{"start":{"line":91,"column":2},"end":{"line":93,"column":3}},{"start":{},"end":{}}],"line":91},"11":{"loc":{"start":{"line":91,"column":6},"end":{"line":91,"column":54}},"type":"binary-expr","locations":[{"start":{"line":91,"column":6},"end":{"line":91,"column":17}},{"start":{"line":91,"column":21},"end":{"line":91,"column":54}}],"line":91}},"s":{"0":1,"1":1,"2":1,"3":1,"4":1,"5":7,"6":28,"7":14,"8":14,"9":7,"10":0,"11":7,"12":7,"13":0,"14":7,"15":7,"16":7,"17":7,"18":1,"19":1,"20":0,"21":6,"22":6,"23":6,"24":1,"25":0,"26":0,"27":0,"28":0,"29":0,"30":0,"31":0,"32":0,"33":1},"f":{"0":7,"1":28,"2":7,"3":0},"b":{"0":[1,1],"1":[1,1],"2":[14,14],"3":[14,2],"4":[14,0],"5":[0,7],"6":[0,7],"7":[1,6],"8":[1,0],"9":[6,0],"10":[0,0],"11":[0,0]},"_coverageSchema":"1a1c01bbd47fc00a2c39e90264f33305004495a9","hash":"f78b26248e8012cc70da1c1e5869008ff3b594f9"}
,"C:\\Users\\delga\\OneDrive\\Escritorio\\Repositorio\\eco-savor-backend\\microservices\\catalog\\src\\middlewares\\ownership.js": {"path":"C:\\Users\\delga\\OneDrive\\Escritorio\\Repositorio\\eco-savor-backend\\microservices\\catalog\\src\\middlewares\\ownership.js","statementMap":{"0":{"start":{"line":1,"column":16},"end":{"line":1,"column":49}},"1":{"start":{"line":7,"column":25},"end":{"line":51,"column":1}},"2":{"start":{"line":8,"column":2},"end":{"line":50,"column":3}},"3":{"start":{"line":9,"column":4},"end":{"line":14,"column":5}},"4":{"start":{"line":10,"column":6},"end":{"line":13,"column":9}},"5":{"start":{"line":16,"column":19},"end":{"line":16,"column":31}},"6":{"start":{"line":19,"column":4},"end":{"line":23,"column":5}},"7":{"start":{"line":20,"column":6},"end":{"line":20,"column":37}},"8":{"start":{"line":21,"column":6},"end":{"line":21,"column":62}},"9":{"start":{"line":22,"column":6},"end":{"line":22,"column":20}},"10":{"start":{"line":26,"column":22},"end":{"line":26,"column":35}},"11":{"start":{"line":27,"column":20},"end":{"line":27,"column":76}},"12":{"start":{"line":29,"column":4},"end":{"line":34,"column":5}},"13":{"start":{"line":30,"column":6},"end":{"line":33,"column":9}},"14":{"start":{"line":36,"column":4},"end":{"line":41,"column":5}},"15":{"start":{"line":37,"column":6},"end":{"line":40,"column":9}},"16":{"start":{"line":43,"column":4},"end":{"line":43,"column":11}},"17":{"start":{"line":45,"column":4},"end":{"line":45,"column":55}},"18":{"start":{"line":46,"column":4},"end":{"line":49,"column":7}},"19":{"start":{"line":53,"column":0},"end":{"line":53,"column":34}}},"fnMap":{"0":{"name":"(anonymous_0)","decl":{"start":{"line":7,"column":25},"end":{"line":7,"column":26}},"loc":{"start":{"line":7,"column":51},"end":{"line":51,"column":1}},"line":7}},"branchMap":{"0":{"loc":{"start":{"line":9,"column":4},"end":{"line":14,"column":5}},"type":"if","locations":[{"start":{"line":9,"column":4},"end":{"line":14,"column":5}},{"start":{},"end":{}}],"line":9},"1":{"loc":{"start":{"line":9,"column":8},"end":{"line":9,"column":34}},"type":"binary-expr","locations":[{"start":{"line":9,"column":8},"end":{"line":9,"column":17}},{"start":{"line":9,"column":21},"end":{"line":9,"column":34}}],"line":9},"2":{"loc":{"start":{"line":19,"column":4},"end":{"line":23,"column":5}},"type":"if","locations":[{"start":{"line":19,"column":4},"end":{"line":23,"column":5}},{"start":{},"end":{}}],"line":19},"3":{"loc":{"start":{"line":29,"column":4},"end":{"line":34,"column":5}},"type":"if","locations":[{"start":{"line":29,"column":4},"end":{"line":34,"column":5}},{"start":{},"end":{}}],"line":29},"4":{"loc":{"start":{"line":36,"column":4},"end":{"line":41,"column":5}},"type":"if","locations":[{"start":{"line":36,"column":4},"end":{"line":41,"column":5}},{"start":{},"end":{}}],"line":36}},"s":{"0":1,"1":1,"2":5,"3":5,"4":0,"5":5,"6":5,"7":1,"8":1,"9":1,"10":4,"11":4,"12":4,"13":0,"14":4,"15":1,"16":3,"17":0,"18":0,"19":1},"f":{"0":5},"b":{"0":[0,5],"1":[5,5],"2":[1,4],"3":[0,4],"4":[1,3]},"_coverageSchema":"1a1c01bbd47fc00a2c39e90264f33305004495a9","hash":"5d73c80a3b42cb26501db36c44758cb4229e3a48"}
,"C:\\Users\\delga\\OneDrive\\Escritorio\\Repositorio\\eco-savor-backend\\microservices\\catalog\\src\\middlewares\\roles.js": {"path":"C:\\Users\\delga\\OneDrive\\Escritorio\\Repositorio\\eco-savor-backend\\microservices\\catalog\\src\\middlewares\\roles.js","statementMap":{"0":{"start":{"line":8,"column":20},"end":{"line":28,"column":1}},"1":{"start":{"line":9,"column":2},"end":{"line":27,"column":4}},"2":{"start":{"line":11,"column":4},"end":{"line":16,"column":5}},"3":{"start":{"line":12,"column":6},"end":{"line":15,"column":9}},"4":{"start":{"line":19,"column":4},"end":{"line":24,"column":5}},"5":{"start":{"line":20,"column":6},"end":{"line":23,"column":9}},"6":{"start":{"line":26,"column":4},"end":{"line":26,"column":11}},"7":{"start":{"line":30,"column":0},"end":{"line":30,"column":29}}},"fnMap":{"0":{"name":"(anonymous_0)","decl":{"start":{"line":8,"column":20},"end":{"line":8,"column":21}},"loc":{"start":{"line":8,"column":34},"end":{"line":28,"column":1}},"line":8},"1":{"name":"(anonymous_1)","decl":{"start":{"line":9,"column":9},"end":{"line":9,"column":10}},"loc":{"start":{"line":9,"column":29},"end":{"line":27,"column":3}},"line":9}},"branchMap":{"0":{"loc":{"start":{"line":11,"column":4},"end":{"line":16,"column":5}},"type":"if","locations":[{"start":{"line":11,"column":4},"end":{"line":16,"column":5}},{"start":{},"end":{}}],"line":11},"1":{"loc":{"start":{"line":19,"column":4},"end":{"line":24,"column":5}},"type":"if","locations":[{"start":{"line":19,"column":4},"end":{"line":24,"column":5}},{"start":{},"end":{}}],"line":19}},"s":{"0":1,"1":6,"2":6,"3":0,"4":6,"5":0,"6":6,"7":1},"f":{"0":6,"1":6},"b":{"0":[0,6],"1":[0,6]},"_coverageSchema":"1a1c01bbd47fc00a2c39e90264f33305004495a9","hash":"e449f2006b7b933196261fd8a74b1a5f6de4a66f"}
,"C:\\Users\\delga\\OneDrive\\Escritorio\\Repositorio\\eco-savor-backend\\microservices\\catalog\\src\\models\\productModel.js": {"path":"C:\\Users\\delga\\OneDrive\\Escritorio\\Repositorio\\eco-savor-backend\\microservices\\catalog\\src\\models\\productModel.js","statementMap":{"0":{"start":{"line":1,"column":17},"end":{"line":1,"column":36}},"1":{"start":{"line":3,"column":22},"end":{"line":55,"column":2}},"2":{"start":{"line":57,"column":0},"end":{"line":57,"column":55}},"3":{"start":{"line":58,"column":0},"end":{"line":58,"column":51}},"4":{"start":{"line":61,"column":0},"end":{"line":65,"column":3}},"5":{"start":{"line":62,"column":2},"end":{"line":64,"column":3}},"6":{"start":{"line":63,"column":4},"end":{"line":63,"column":81}},"7":{"start":{"line":67,"column":0},"end":{"line":67,"column":58}}},"fnMap":{"0":{"name":"(anonymous_0)","decl":{"start":{"line":61,"column":26},"end":{"line":61,"column":27}},"loc":{"start":{"line":61,"column":43},"end":{"line":65,"column":1}},"line":61}},"branchMap":{"0":{"loc":{"start":{"line":62,"column":2},"end":{"line":64,"column":3}},"type":"if","locations":[{"start":{"line":62,"column":2},"end":{"line":64,"column":3}},{"start":{},"end":{}}],"line":62}},"s":{"0":1,"1":1,"2":1,"3":1,"4":1,"5":21,"6":0,"7":1},"f":{"0":21},"b":{"0":[0,21]},"_coverageSchema":"1a1c01bbd47fc00a2c39e90264f33305004495a9","hash":"dbf3e8a9de97dfa2a8824a6ab17c37b94f333183"}
,"C:\\Users\\delga\\OneDrive\\Escritorio\\Repositorio\\eco-savor-backend\\microservices\\catalog\\src\\repositories\\productRepository.js": {"path":"C:\\Users\\delga\\OneDrive\\Escritorio\\Repositorio\\eco-savor-backend\\microservices\\catalog\\src\\repositories\\productRepository.js","statementMap":{"0":{"start":{"line":1,"column":16},"end":{"line":1,"column":49}},"1":{"start":{"line":9,"column":20},"end":{"line":9,"column":44}},"2":{"start":{"line":10,"column":4},"end":{"line":10,"column":32}},"3":{"start":{"line":14,"column":4},"end":{"line":14,"column":38}},"4":{"start":{"line":18,"column":18},"end":{"line":18,"column":20}},"5":{"start":{"line":20,"column":4},"end":{"line":22,"column":5}},"6":{"start":{"line":21,"column":6},"end":{"line":21,"column":48}},"7":{"start":{"line":23,"column":4},"end":{"line":25,"column":5}},"8":{"start":{"line":24,"column":6},"end":{"line":24,"column":40}},"9":{"start":{"line":26,"column":4},"end":{"line":28,"column":5}},"10":{"start":{"line":27,"column":6},"end":{"line":27,"column":42}},"11":{"start":{"line":30,"column":4},"end":{"line":30,"column":61}},"12":{"start":{"line":34,"column":4},"end":{"line":37,"column":31}},"13":{"start":{"line":41,"column":4},"end":{"line":44,"column":31}},"14":{"start":{"line":48,"column":4},"end":{"line":52,"column":6}},"15":{"start":{"line":56,"column":4},"end":{"line":56,"column":47}},"16":{"start":{"line":60,"column":4},"end":{"line":64,"column":6}},"17":{"start":{"line":68,"column":4},"end":{"line":72,"column":6}},"18":{"start":{"line":83,"column":19},"end":{"line":92,"column":5}},"19":{"start":{"line":95,"column":4},"end":{"line":97,"column":5}},"20":{"start":{"line":96,"column":6},"end":{"line":96,"column":39}},"21":{"start":{"line":99,"column":4},"end":{"line":99,"column":18}},"22":{"start":{"line":109,"column":19},"end":{"line":116,"column":5}},"23":{"start":{"line":117,"column":4},"end":{"line":117,"column":18}},"24":{"start":{"line":121,"column":0},"end":{"line":121,"column":41}}},"fnMap":{"0":{"name":"(anonymous_0)","decl":{"start":{"line":8,"column":2},"end":{"line":8,"column":3}},"loc":{"start":{"line":8,"column":28},"end":{"line":11,"column":3}},"line":8},"1":{"name":"(anonymous_1)","decl":{"start":{"line":13,"column":2},"end":{"line":13,"column":3}},"loc":{"start":{"line":13,"column":21},"end":{"line":15,"column":3}},"line":13},"2":{"name":"(anonymous_2)","decl":{"start":{"line":17,"column":2},"end":{"line":17,"column":3}},"loc":{"start":{"line":17,"column":30},"end":{"line":31,"column":3}},"line":17},"3":{"name":"(anonymous_3)","decl":{"start":{"line":33,"column":2},"end":{"line":33,"column":3}},"loc":{"start":{"line":33,"column":48},"end":{"line":38,"column":3}},"line":33},"4":{"name":"(anonymous_4)","decl":{"start":{"line":40,"column":2},"end":{"line":40,"column":3}},"loc":{"start":{"line":40,"column":51},"end":{"line":45,"column":3}},"line":40},"5":{"name":"(anonymous_5)","decl":{"start":{"line":47,"column":2},"end":{"line":47,"column":3}},"loc":{"start":{"line":47,"column":31},"end":{"line":53,"column":3}},"line":47},"6":{"name":"(anonymous_6)","decl":{"start":{"line":55,"column":2},"end":{"line":55,"column":3}},"loc":{"start":{"line":55,"column":19},"end":{"line":57,"column":3}},"line":55},"7":{"name":"(anonymous_7)","decl":{"start":{"line":59,"column":2},"end":{"line":59,"column":3}},"loc":{"start":{"line":59,"column":37},"end":{"line":65,"column":3}},"line":59},"8":{"name":"(anonymous_8)","decl":{"start":{"line":67,"column":2},"end":{"line":67,"column":3}},"loc":{"start":{"line":67,"column":30},"end":{"line":73,"column":3}},"line":67},"9":{"name":"(anonymous_9)","decl":{"start":{"line":82,"column":2},"end":{"line":82,"column":3}},"loc":{"start":{"line":82,"column":34},"end":{"line":100,"column":3}},"line":82},"10":{"name":"(anonymous_10)","decl":{"start":{"line":108,"column":2},"end":{"line":108,"column":3}},"loc":{"start":{"line":108,"column":35},"end":{"line":118,"column":3}},"line":108}},"branchMap":{"0":{"loc":{"start":{"line":17,"column":16},"end":{"line":17,"column":28}},"type":"default-arg","locations":[{"start":{"line":17,"column":26},"end":{"line":17,"column":28}}],"line":17},"1":{"loc":{"start":{"line":20,"column":4},"end":{"line":22,"column":5}},"type":"if","locations":[{"start":{"line":20,"column":4},"end":{"line":22,"column":5}},{"start":{},"end":{}}],"line":20},"2":{"loc":{"start":{"line":23,"column":4},"end":{"line":25,"column":5}},"type":"if","locations":[{"start":{"line":23,"column":4},"end":{"line":25,"column":5}},{"start":{},"end":{}}],"line":23},"3":{"loc":{"start":{"line":26,"column":4},"end":{"line":28,"column":5}},"type":"if","locations":[{"start":{"line":26,"column":4},"end":{"line":28,"column":5}},{"start":{},"end":{}}],"line":26},"4":{"loc":{"start":{"line":40,"column":33},"end":{"line":40,"column":49}},"type":"default-arg","locations":[{"start":{"line":40,"column":45},"end":{"line":40,"column":49}}],"line":40},"5":{"loc":{"start":{"line":95,"column":4},"end":{"line":97,"column":5}},"type":"if","locations":[{"start":{"line":95,"column":4},"end":{"line":97,"column":5}},{"start":{},"end":{}}],"line":95},"6":{"loc":{"start":{"line":95,"column":8},"end":{"line":95,"column":39}},"type":"binary-expr","locations":[{"start":{"line":95,"column":8},"end":{"line":95,"column":14}},{"start":{"line":95,"column":18},"end":{"line":95,"column":39}}],"line":95}},"s":{"0":1,"1":1,"2":1,"3":2,"4":3,"5":3,"6":0,"7":3,"8":1,"9":3,"10":1,"11":3,"12":2,"13":1,"14":1,"15":1,"16":1,"17":0,"18":1,"19":1,"20":0,"21":1,"22":0,"23":0,"24":1},"f":{"0":1,"1":2,"2":3,"3":2,"4":1,"5":1,"6":1,"7":1,"8":0,"9":1,"10":0},"b":{"0":[0],"1":[0,3],"2":[1,2],"3":[1,2],"4":[0],"5":[0,1],"6":[1,1]},"_coverageSchema":"1a1c01bbd47fc00a2c39e90264f33305004495a9","hash":"ebb35548d74832af98ca3923b19eaf1a7e32de11"}
,"C:\\Users\\delga\\OneDrive\\Escritorio\\Repositorio\\eco-savor-backend\\microservices\\catalog\\src\\routes\\productRoutes.js": {"path":"C:\\Users\\delga\\OneDrive\\Escritorio\\Repositorio\\eco-savor-backend\\microservices\\catalog\\src\\routes\\productRoutes.js","statementMap":{"0":{"start":{"line":1,"column":16},"end":{"line":1,"column":34}},"1":{"start":{"line":2,"column":15},"end":{"line":2,"column":31}},"2":{"start":{"line":3,"column":26},"end":{"line":3,"column":69}},"3":{"start":{"line":4,"column":27},"end":{"line":4,"column":57}},"4":{"start":{"line":5,"column":20},"end":{"line":5,"column":51}},"5":{"start":{"line":6,"column":25},"end":{"line":6,"column":60}},"6":{"start":{"line":15,"column":0},"end":{"line":20,"column":2}},"7":{"start":{"line":23,"column":0},"end":{"line":23,"column":48}},"8":{"start":{"line":27,"column":0},"end":{"line":31,"column":2}},"9":{"start":{"line":34,"column":0},"end":{"line":34,"column":53}},"10":{"start":{"line":37,"column":0},"end":{"line":42,"column":2}},"11":{"start":{"line":45,"column":0},"end":{"line":50,"column":2}},"12":{"start":{"line":53,"column":0},"end":{"line":58,"column":2}},"13":{"start":{"line":59,"column":0},"end":{"line":64,"column":2}},"14":{"start":{"line":67,"column":0},"end":{"line":67,"column":93}},"15":{"start":{"line":70,"column":0},"end":{"line":70,"column":86}},"16":{"start":{"line":73,"column":0},"end":{"line":73,"column":62}},"17":{"start":{"line":74,"column":0},"end":{"line":74,"column":64}},"18":{"start":{"line":76,"column":0},"end":{"line":76,"column":24}}},"fnMap":{},"branchMap":{},"s":{"0":1,"1":1,"2":1,"3":1,"4":1,"5":1,"6":1,"7":1,"8":1,"9":1,"10":1,"11":1,"12":1,"13":1,"14":1,"15":1,"16":1,"17":1,"18":1},"f":{},"b":{},"_coverageSchema":"1a1c01bbd47fc00a2c39e90264f33305004495a9","hash":"79b2c2813d5e4cbd0d3c7b0f166045dc7f4f0449"}
,"C:\\Users\\delga\\OneDrive\\Escritorio\\Repositorio\\eco-savor-backend\\microservices\\catalog\\src\\services\\productService.js": {"path":"C:\\Users\\delga\\OneDrive\\Escritorio\\Repositorio\\eco-savor-backend\\microservices\\catalog\\src\\services\\productService.js","statementMap":{"0":{"start":{"line":1,"column":26},"end":{"line":1,"column":70}},"1":{"start":{"line":2,"column":23},"end":{"line":2,"column":61}},"2":{"start":{"line":10,"column":28},"end":{"line":10,"column":62}},"3":{"start":{"line":11,"column":20},"end":{"line":11,"column":67}},"4":{"start":{"line":12,"column":4},"end":{"line":15,"column":6}},"5":{"start":{"line":19,"column":20},"end":{"line":19,"column":56}},"6":{"start":{"line":20,"column":4},"end":{"line":22,"column":5}},"7":{"start":{"line":21,"column":6},"end":{"line":21,"column":48}},"8":{"start":{"line":23,"column":4},"end":{"line":23,"column":19}},"9":{"start":{"line":27,"column":4},"end":{"line":27,"column":52}},"10":{"start":{"line":31,"column":4},"end":{"line":31,"column":75}},"11":{"start":{"line":35,"column":4},"end":{"line":35,"column":71}},"12":{"start":{"line":39,"column":20},"end":{"line":39,"column":66}},"13":{"start":{"line":40,"column":4},"end":{"line":42,"column":5}},"14":{"start":{"line":41,"column":6},"end":{"line":41,"column":48}},"15":{"start":{"line":43,"column":4},"end":{"line":43,"column":19}},"16":{"start":{"line":47,"column":20},"end":{"line":47,"column":54}},"17":{"start":{"line":48,"column":4},"end":{"line":50,"column":5}},"18":{"start":{"line":49,"column":6},"end":{"line":49,"column":48}},"19":{"start":{"line":54,"column":4},"end":{"line":56,"column":5}},"20":{"start":{"line":55,"column":6},"end":{"line":55,"column":59}},"21":{"start":{"line":57,"column":20},"end":{"line":57,"column":72}},"22":{"start":{"line":58,"column":4},"end":{"line":60,"column":5}},"23":{"start":{"line":59,"column":6},"end":{"line":59,"column":48}},"24":{"start":{"line":61,"column":4},"end":{"line":63,"column":5}},"25":{"start":{"line":62,"column":6},"end":{"line":62,"column":52}},"26":{"start":{"line":64,"column":4},"end":{"line":64,"column":19}},"27":{"start":{"line":68,"column":20},"end":{"line":68,"column":65}},"28":{"start":{"line":69,"column":4},"end":{"line":71,"column":5}},"29":{"start":{"line":70,"column":6},"end":{"line":70,"column":48}},"30":{"start":{"line":72,"column":4},"end":{"line":72,"column":19}},"31":{"start":{"line":82,"column":20},"end":{"line":82,"column":69}},"32":{"start":{"line":83,"column":4},"end":{"line":85,"column":5}},"33":{"start":{"line":84,"column":6},"end":{"line":84,"column":44}},"34":{"start":{"line":86,"column":4},"end":{"line":86,"column":19}},"35":{"start":{"line":96,"column":20},"end":{"line":96,"column":70}},"36":{"start":{"line":97,"column":4},"end":{"line":99,"column":5}},"37":{"start":{"line":98,"column":6},"end":{"line":98,"column":48}},"38":{"start":{"line":100,"column":4},"end":{"line":100,"column":19}},"39":{"start":{"line":104,"column":0},"end":{"line":104,"column":38}}},"fnMap":{"0":{"name":"(anonymous_0)","decl":{"start":{"line":9,"column":2},"end":{"line":9,"column":3}},"loc":{"start":{"line":9,"column":28},"end":{"line":16,"column":3}},"line":9},"1":{"name":"(anonymous_1)","decl":{"start":{"line":18,"column":2},"end":{"line":18,"column":3}},"loc":{"start":{"line":18,"column":20},"end":{"line":24,"column":3}},"line":18},"2":{"name":"(anonymous_2)","decl":{"start":{"line":26,"column":2},"end":{"line":26,"column":3}},"loc":{"start":{"line":26,"column":22},"end":{"line":28,"column":3}},"line":26},"3":{"name":"(anonymous_3)","decl":{"start":{"line":30,"column":2},"end":{"line":30,"column":3}},"loc":{"start":{"line":30,"column":56},"end":{"line":32,"column":3}},"line":30},"4":{"name":"(anonymous_4)","decl":{"start":{"line":34,"column":2},"end":{"line":34,"column":3}},"loc":{"start":{"line":34,"column":50},"end":{"line":36,"column":3}},"line":34},"5":{"name":"(anonymous_5)","decl":{"start":{"line":38,"column":2},"end":{"line":38,"column":3}},"loc":{"start":{"line":38,"column":31},"end":{"line":44,"column":3}},"line":38},"6":{"name":"(anonymous_6)","decl":{"start":{"line":46,"column":2},"end":{"line":46,"column":3}},"loc":{"start":{"line":46,"column":19},"end":{"line":51,"column":3}},"line":46},"7":{"name":"(anonymous_7)","decl":{"start":{"line":53,"column":2},"end":{"line":53,"column":3}},"loc":{"start":{"line":53,"column":34},"end":{"line":65,"column":3}},"line":53},"8":{"name":"(anonymous_8)","decl":{"start":{"line":67,"column":2},"end":{"line":67,"column":3}},"loc":{"start":{"line":67,"column":30},"end":{"line":73,"column":3}},"line":67},"9":{"name":"(anonymous_9)","decl":{"start":{"line":81,"column":2},"end":{"line":81,"column":3}},"loc":{"start":{"line":81,"column":34},"end":{"line":87,"column":3}},"line":81},"10":{"name":"(anonymous_10)","decl":{"start":{"line":95,"column":2},"end":{"line":95,"column":3}},"loc":{"start":{"line":95,"column":35},"end":{"line":101,"column":3}},"line":95}},"branchMap":{"0":{"loc":{"start":{"line":20,"column":4},"end":{"line":22,"column":5}},"type":"if","locations":[{"start":{"line":20,"column":4},"end":{"line":22,"column":5}},{"start":{},"end":{}}],"line":20},"1":{"loc":{"start":{"line":30,"column":38},"end":{"line":30,"column":54}},"type":"default-arg","locations":[{"start":{"line":30,"column":50},"end":{"line":30,"column":54}}],"line":30},"2":{"loc":{"start":{"line":34,"column":32},"end":{"line":34,"column":48}},"type":"default-arg","locations":[{"start":{"line":34,"column":44},"end":{"line":34,"column":48}}],"line":34},"3":{"loc":{"start":{"line":40,"column":4},"end":{"line":42,"column":5}},"type":"if","locations":[{"start":{"line":40,"column":4},"end":{"line":42,"column":5}},{"start":{},"end":{}}],"line":40},"4":{"loc":{"start":{"line":48,"column":4},"end":{"line":50,"column":5}},"type":"if","locations":[{"start":{"line":48,"column":4},"end":{"line":50,"column":5}},{"start":{},"end":{}}],"line":48},"5":{"loc":{"start":{"line":54,"column":4},"end":{"line":56,"column":5}},"type":"if","locations":[{"start":{"line":54,"column":4},"end":{"line":56,"column":5}},{"start":{},"end":{}}],"line":54},"6":{"loc":{"start":{"line":58,"column":4},"end":{"line":60,"column":5}},"type":"if","locations":[{"start":{"line":58,"column":4},"end":{"line":60,"column":5}},{"start":{},"end":{}}],"line":58},"7":{"loc":{"start":{"line":61,"column":4},"end":{"line":63,"column":5}},"type":"if","locations":[{"start":{"line":61,"column":4},"end":{"line":63,"column":5}},{"start":{},"end":{}}],"line":61},"8":{"loc":{"start":{"line":69,"column":4},"end":{"line":71,"column":5}},"type":"if","locations":[{"start":{"line":69,"column":4},"end":{"line":71,"column":5}},{"start":{},"end":{}}],"line":69},"9":{"loc":{"start":{"line":83,"column":4},"end":{"line":85,"column":5}},"type":"if","locations":[{"start":{"line":83,"column":4},"end":{"line":85,"column":5}},{"start":{},"end":{}}],"line":83},"10":{"loc":{"start":{"line":97,"column":4},"end":{"line":99,"column":5}},"type":"if","locations":[{"start":{"line":97,"column":4},"end":{"line":99,"column":5}},{"start":{},"end":{}}],"line":97}},"s":{"0":1,"1":1,"2":1,"3":1,"4":1,"5":2,"6":2,"7":1,"8":1,"9":3,"10":2,"11":1,"12":1,"13":1,"14":0,"15":1,"16":1,"17":1,"18":0,"19":1,"20":0,"21":1,"22":1,"23":0,"24":1,"25":0,"26":1,"27":0,"28":0,"29":0,"30":0,"31":1,"32":1,"33":0,"34":1,"35":0,"36":0,"37":0,"38":0,"39":1},"f":{"0":1,"1":2,"2":3,"3":2,"4":1,"5":1,"6":1,"7":1,"8":0,"9":1,"10":0},"b":{"0":[1,1],"1":[0],"2":[0],"3":[0,1],"4":[0,1],"5":[0,1],"6":[0,1],"7":[0,1],"8":[0,0],"9":[0,1],"10":[0,0]},"_coverageSchema":"1a1c01bbd47fc00a2c39e90264f33305004495a9","hash":"c33cacfb9eb1943d8f38ab75658c322de4d07547"}
}
