TN:
SF:src/config/database.js
FN:3,(anonymous_0)
FNF:1
FNH:0
FNDA:0,(anonymous_0)
DA:1,1
DA:3,1
DA:4,0
DA:5,0
DA:6,0
DA:8,0
DA:9,0
DA:13,1
LF:8
LH:3
BRF:0
BRH:0
end_of_record
TN:
SF:src/controllers/productController.js
FN:7,(anonymous_0)
FN:32,(anonymous_1)
FN:48,(anonymous_2)
FN:67,(anonymous_3)
FN:87,(anonymous_4)
FN:110,(anonymous_5)
FN:126,(anonymous_6)
FN:143,(anonymous_7)
FN:159,(anonymous_8)
FN:180,(anonymous_9)
FN:202,(anonymous_10)
FN:255,(anonymous_11)
FNF:12
FNH:4
FNDA:1,(anonymous_0)
FNDA:0,(anonymous_1)
FNDA:3,(anonymous_2)
FNDA:0,(anonymous_3)
FNDA:1,(anonymous_4)
FNDA:0,(anonymous_5)
FNDA:0,(anonymous_6)
FNDA:0,(anonymous_7)
FNDA:0,(anonymous_8)
FNDA:0,(anonymous_9)
FNDA:2,(anonymous_10)
FNDA:0,(anonymous_11)
DA:1,1
DA:7,1
DA:8,1
DA:11,1
DA:17,1
DA:18,1
DA:24,0
DA:25,0
DA:26,0
DA:28,0
DA:32,1
DA:33,0
DA:34,0
DA:35,0
DA:40,0
DA:41,0
DA:42,0
DA:44,0
DA:48,1
DA:49,3
DA:50,3
DA:51,3
DA:52,3
DA:53,3
DA:54,3
DA:55,3
DA:56,3
DA:62,0
DA:63,0
DA:67,1
DA:68,0
DA:69,0
DA:70,0
DA:71,0
DA:72,0
DA:78,0
DA:79,0
DA:87,1
DA:88,1
DA:89,1
DA:90,0
DA:96,1
DA:97,1
DA:98,1
DA:99,1
DA:105,0
DA:106,0
DA:110,1
DA:111,0
DA:112,0
DA:113,0
DA:114,0
DA:115,0
DA:121,0
DA:122,0
DA:126,1
DA:127,0
DA:128,0
DA:129,0
DA:135,0
DA:136,0
DA:137,0
DA:139,0
DA:143,1
DA:144,0
DA:145,0
DA:146,0
DA:151,0
DA:152,0
DA:153,0
DA:155,0
DA:159,1
DA:160,0
DA:161,0
DA:162,0
DA:163,0
DA:165,0
DA:166,0
DA:172,0
DA:173,0
DA:174,0
DA:176,0
DA:180,1
DA:181,0
DA:182,0
DA:183,0
DA:189,0
DA:190,0
DA:191,0
DA:193,0
DA:202,1
DA:203,2
DA:205,2
DA:206,2
DA:208,2
DA:209,1
DA:215,1
DA:216,1
DA:217,0
DA:223,1
DA:225,1
DA:226,0
DA:236,1
DA:242,0
DA:243,0
DA:244,0
DA:246,0
DA:255,1
DA:256,0
DA:258,0
DA:259,0
DA:261,0
DA:262,0
DA:268,0
DA:269,0
DA:270,0
DA:276,0
DA:278,0
DA:279,0
DA:285,0
DA:291,0
DA:292,0
DA:293,0
DA:295,0
LF:124
LH:41
BRDA:14,0,0,1
BRDA:14,0,1,0
BRDA:25,1,0,0
BRDA:25,1,1,0
BRDA:25,2,0,0
BRDA:25,2,1,0
BRDA:25,2,2,0
BRDA:41,3,0,0
BRDA:41,3,1,0
BRDA:52,4,0,0
BRDA:52,4,1,3
BRDA:53,5,0,1
BRDA:53,5,1,2
BRDA:54,6,0,1
BRDA:54,6,1,2
BRDA:89,7,0,0
BRDA:89,7,1,1
BRDA:89,8,0,1
BRDA:89,8,1,1
BRDA:136,9,0,0
BRDA:136,9,1,0
BRDA:152,10,0,0
BRDA:152,10,1,0
BRDA:162,11,0,0
BRDA:162,11,1,0
BRDA:173,12,0,0
BRDA:173,12,1,0
BRDA:190,13,0,0
BRDA:190,13,1,0
BRDA:206,14,0,2
BRDA:206,14,1,2
BRDA:208,15,0,1
BRDA:208,15,1,1
BRDA:216,16,0,0
BRDA:216,16,1,1
BRDA:216,17,0,1
BRDA:216,17,1,1
BRDA:225,18,0,0
BRDA:225,18,1,1
BRDA:243,19,0,0
BRDA:243,19,1,0
BRDA:259,20,0,0
BRDA:259,20,1,0
BRDA:261,21,0,0
BRDA:261,21,1,0
BRDA:269,22,0,0
BRDA:269,22,1,0
BRDA:269,23,0,0
BRDA:269,23,1,0
BRDA:278,24,0,0
BRDA:278,24,1,0
BRDA:292,25,0,0
BRDA:292,25,1,0
BRF:53
BRH:17
end_of_record
TN:
SF:src/factories/productFactory.js
FN:7,(anonymous_0)
FNF:1
FNH:1
FNDA:1,(anonymous_0)
DA:9,1
DA:10,0
DA:13,1
DA:14,0
DA:17,1
DA:18,0
DA:21,1
DA:22,0
DA:26,1
DA:27,1
DA:29,1
DA:30,0
DA:34,1
DA:35,0
DA:37,1
DA:38,0
DA:42,1
DA:58,1
LF:18
LH:11
BRDA:9,0,0,0
BRDA:9,0,1,1
BRDA:9,1,0,1
BRDA:9,1,1,1
BRDA:13,2,0,0
BRDA:13,2,1,1
BRDA:13,3,0,1
BRDA:13,3,1,1
BRDA:17,4,0,0
BRDA:17,4,1,1
BRDA:17,5,0,1
BRDA:17,5,1,1
BRDA:21,6,0,0
BRDA:21,6,1,1
BRDA:27,7,0,1
BRDA:27,7,1,0
BRDA:29,8,0,0
BRDA:29,8,1,1
BRDA:34,9,0,0
BRDA:34,9,1,1
BRDA:37,10,0,0
BRDA:37,10,1,1
BRDA:47,11,0,1
BRDA:47,11,1,0
BRDA:51,12,0,1
BRDA:51,12,1,1
BRDA:53,13,0,0
BRDA:53,13,1,1
BRF:28
BRH:18
end_of_record
TN:
SF:src/middlewares/auth.js
FN:23,(anonymous_0)
FN:25,(anonymous_1)
FN:53,(anonymous_2)
FN:88,(anonymous_3)
FNF:4
FNH:3
FNDA:3,(anonymous_0)
FNDA:12,(anonymous_1)
FNDA:3,(anonymous_2)
FNDA:0,(anonymous_3)
DA:1,1
DA:3,1
DA:4,1
DA:8,1
DA:23,1
DA:25,3
DA:26,12
DA:28,6
DA:31,6
DA:35,3
DA:36,0
DA:40,3
DA:41,3
DA:43,0
DA:47,3
DA:48,3
DA:53,3
DA:54,3
DA:55,1
DA:56,1
DA:61,0
DA:69,2
DA:70,2
DA:79,2
DA:88,1
DA:89,0
DA:91,0
DA:92,0
DA:95,0
DA:97,0
DA:98,0
DA:99,0
DA:110,0
DA:113,1
LF:34
LH:23
BRDA:3,0,0,1
BRDA:3,0,1,1
BRDA:4,1,0,1
BRDA:4,1,1,1
BRDA:26,2,0,6
BRDA:26,2,1,6
BRDA:28,3,0,6
BRDA:28,3,1,2
BRDA:31,4,0,6
BRDA:31,4,1,0
BRDA:35,5,0,0
BRDA:35,5,1,3
BRDA:41,6,0,0
BRDA:41,6,1,3
BRDA:54,7,0,1
BRDA:54,7,1,2
BRDA:55,8,0,1
BRDA:55,8,1,0
BRDA:69,9,0,2
BRDA:69,9,1,0
BRDA:91,10,0,0
BRDA:91,10,1,0
BRDA:91,11,0,0
BRDA:91,11,1,0
BRF:24
BRH:15
end_of_record
TN:
SF:src/middlewares/ownership.js
FN:7,(anonymous_0)
FNF:1
FNH:1
FNDA:1,(anonymous_0)
DA:1,1
DA:7,1
DA:8,1
DA:9,1
DA:10,0
DA:16,1
DA:19,1
DA:20,1
DA:21,1
DA:22,1
DA:26,0
DA:27,0
DA:29,0
DA:30,0
DA:36,0
DA:37,0
DA:43,0
DA:45,0
DA:46,0
DA:53,1
LF:20
LH:10
BRDA:9,0,0,0
BRDA:9,0,1,1
BRDA:9,1,0,1
BRDA:9,1,1,1
BRDA:19,2,0,1
BRDA:19,2,1,0
BRDA:29,3,0,0
BRDA:29,3,1,0
BRDA:36,4,0,0
BRDA:36,4,1,0
BRF:10
BRH:4
end_of_record
TN:
SF:src/middlewares/roles.js
FN:8,(anonymous_0)
FN:9,(anonymous_1)
FNF:2
FNH:2
FNDA:6,(anonymous_0)
FNDA:2,(anonymous_1)
DA:8,1
DA:9,6
DA:11,2
DA:12,0
DA:19,2
DA:20,0
DA:26,2
DA:30,1
LF:8
LH:6
BRDA:11,0,0,0
BRDA:11,0,1,2
BRDA:19,1,0,0
BRDA:19,1,1,2
BRF:4
BRH:2
end_of_record
TN:
SF:src/models/productModel.js
FN:61,(anonymous_0)
FNF:1
FNH:1
FNDA:11,(anonymous_0)
DA:1,1
DA:3,1
DA:57,1
DA:58,1
DA:61,1
DA:62,11
DA:63,0
DA:67,1
LF:8
LH:7
BRDA:62,0,0,0
BRDA:62,0,1,11
BRF:2
BRH:1
end_of_record
TN:
SF:src/repositories/productRepository.js
FN:8,(anonymous_0)
FN:13,(anonymous_1)
FN:17,(anonymous_2)
FN:33,(anonymous_3)
FN:40,(anonymous_4)
FN:47,(anonymous_5)
FN:55,(anonymous_6)
FN:59,(anonymous_7)
FN:67,(anonymous_8)
FN:82,(anonymous_9)
FN:108,(anonymous_10)
FNF:11
FNH:4
FNDA:1,(anonymous_0)
FNDA:0,(anonymous_1)
FNDA:3,(anonymous_2)
FNDA:1,(anonymous_3)
FNDA:0,(anonymous_4)
FNDA:0,(anonymous_5)
FNDA:0,(anonymous_6)
FNDA:0,(anonymous_7)
FNDA:0,(anonymous_8)
FNDA:1,(anonymous_9)
FNDA:0,(anonymous_10)
DA:1,1
DA:9,1
DA:10,1
DA:14,0
DA:18,3
DA:20,3
DA:21,0
DA:23,3
DA:24,1
DA:26,3
DA:27,1
DA:30,3
DA:34,1
DA:41,0
DA:48,0
DA:56,0
DA:60,0
DA:68,0
DA:83,1
DA:95,1
DA:96,0
DA:99,1
DA:109,0
DA:117,0
DA:121,1
LF:25
LH:15
BRDA:17,0,0,0
BRDA:20,1,0,0
BRDA:20,1,1,3
BRDA:23,2,0,1
BRDA:23,2,1,2
BRDA:26,3,0,1
BRDA:26,3,1,2
BRDA:40,4,0,0
BRDA:95,5,0,0
BRDA:95,5,1,1
BRDA:95,6,0,1
BRDA:95,6,1,1
BRF:12
BRH:8
end_of_record
TN:
SF:src/routes/productRoutes.js
FNF:0
FNH:0
DA:1,1
DA:2,1
DA:3,1
DA:4,1
DA:5,1
DA:6,1
DA:15,1
DA:23,1
DA:27,1
DA:34,1
DA:37,1
DA:45,1
DA:53,1
DA:59,1
DA:67,1
DA:70,1
DA:73,1
DA:74,1
DA:76,1
LF:19
LH:19
BRF:0
BRH:0
end_of_record
TN:
SF:src/services/productService.js
FN:9,(anonymous_0)
FN:18,(anonymous_1)
FN:26,(anonymous_2)
FN:30,(anonymous_3)
FN:34,(anonymous_4)
FN:38,(anonymous_5)
FN:46,(anonymous_6)
FN:53,(anonymous_7)
FN:67,(anonymous_8)
FN:81,(anonymous_9)
FN:95,(anonymous_10)
FNF:11
FNH:4
FNDA:1,(anonymous_0)
FNDA:0,(anonymous_1)
FNDA:3,(anonymous_2)
FNDA:1,(anonymous_3)
FNDA:0,(anonymous_4)
FNDA:0,(anonymous_5)
FNDA:0,(anonymous_6)
FNDA:0,(anonymous_7)
FNDA:0,(anonymous_8)
FNDA:1,(anonymous_9)
FNDA:0,(anonymous_10)
DA:1,1
DA:2,1
DA:10,1
DA:11,1
DA:12,1
DA:19,0
DA:20,0
DA:21,0
DA:23,0
DA:27,3
DA:31,1
DA:35,0
DA:39,0
DA:40,0
DA:41,0
DA:43,0
DA:47,0
DA:48,0
DA:49,0
DA:54,0
DA:55,0
DA:57,0
DA:58,0
DA:59,0
DA:61,0
DA:62,0
DA:64,0
DA:68,0
DA:69,0
DA:70,0
DA:72,0
DA:82,1
DA:83,1
DA:84,0
DA:86,1
DA:96,0
DA:97,0
DA:98,0
DA:100,0
DA:104,1
LF:40
LH:11
BRDA:20,0,0,0
BRDA:20,0,1,0
BRDA:30,1,0,0
BRDA:34,2,0,0
BRDA:40,3,0,0
BRDA:40,3,1,0
BRDA:48,4,0,0
BRDA:48,4,1,0
BRDA:54,5,0,0
BRDA:54,5,1,0
BRDA:58,6,0,0
BRDA:58,6,1,0
BRDA:61,7,0,0
BRDA:61,7,1,0
BRDA:69,8,0,0
BRDA:69,8,1,0
BRDA:83,9,0,0
BRDA:83,9,1,1
BRDA:97,10,0,0
BRDA:97,10,1,0
BRF:20
BRH:1
end_of_record
