TN:
SF:src/config/database.js
FN:9,(anonymous_0)
FNF:1
FNH:0
FNDA:0,(anonymous_0)
DA:1,1
DA:9,1
DA:10,0
DA:11,0
DA:12,0
DA:14,0
DA:15,0
DA:19,1
LF:8
LH:3
BRF:0
BRH:0
end_of_record
TN:
SF:src/controllers/productController.js
FN:14,verifyInternalApiKey
FN:20,(anonymous_1)
FN:45,(anonymous_2)
FN:61,(anonymous_3)
FN:80,(anonymous_4)
FN:100,(anonymous_5)
FN:123,(anonymous_6)
FN:139,(anonymous_7)
FN:156,(anonymous_8)
FN:172,(anonymous_9)
FN:193,(anonymous_10)
FN:215,(anonymous_11)
FN:265,(anonymous_12)
FNF:13
FNH:12
FNDA:2,verifyInternalApiKey
FNDA:2,(anonymous_1)
FNDA:2,(anonymous_2)
FNDA:3,(anonymous_3)
FNDA:1,(anonymous_4)
FNDA:1,(anonymous_5)
FNDA:1,(anonymous_6)
FNDA:1,(anonymous_7)
FNDA:1,(anonymous_8)
FNDA:1,(anonymous_9)
FNDA:0,(anonymous_10)
FNDA:1,(anonymous_11)
FNDA:1,(anonymous_12)
DA:1,1
DA:15,2
DA:16,2
DA:17,2
DA:20,1
DA:21,2
DA:24,2
DA:30,2
DA:31,1
DA:37,1
DA:38,1
DA:39,1
DA:41,0
DA:45,1
DA:46,2
DA:47,2
DA:48,1
DA:53,1
DA:54,1
DA:55,1
DA:57,0
DA:61,1
DA:62,3
DA:63,3
DA:64,3
DA:65,3
DA:66,3
DA:67,3
DA:68,3
DA:69,3
DA:75,0
DA:76,0
DA:80,1
DA:81,1
DA:82,1
DA:83,1
DA:84,1
DA:85,1
DA:91,0
DA:92,0
DA:100,1
DA:101,1
DA:102,1
DA:103,0
DA:109,1
DA:110,1
DA:111,1
DA:112,1
DA:118,0
DA:119,0
DA:123,1
DA:124,1
DA:125,1
DA:126,1
DA:127,1
DA:128,1
DA:134,0
DA:135,0
DA:139,1
DA:140,1
DA:141,1
DA:142,1
DA:148,0
DA:149,0
DA:150,0
DA:152,0
DA:156,1
DA:157,1
DA:158,1
DA:159,1
DA:164,0
DA:165,0
DA:166,0
DA:168,0
DA:172,1
DA:173,1
DA:174,1
DA:175,1
DA:176,0
DA:178,1
DA:179,1
DA:185,0
DA:186,0
DA:187,0
DA:189,0
DA:193,1
DA:194,0
DA:195,0
DA:196,0
DA:202,0
DA:203,0
DA:204,0
DA:206,0
DA:215,1
DA:216,1
DA:218,1
DA:219,0
DA:225,1
DA:226,1
DA:227,0
DA:233,1
DA:235,1
DA:236,0
DA:246,1
DA:252,0
DA:253,0
DA:254,0
DA:256,0
DA:265,1
DA:266,1
DA:268,1
DA:269,0
DA:275,1
DA:276,1
DA:277,0
DA:283,1
DA:285,1
DA:286,0
DA:292,1
DA:298,0
DA:299,0
DA:300,0
DA:302,0
LF:123
LH:78
BRDA:16,0,0,2
BRDA:16,0,1,2
BRDA:27,1,0,2
BRDA:27,1,1,0
BRDA:38,2,0,1
BRDA:38,2,1,0
BRDA:38,3,0,1
BRDA:38,3,1,1
BRDA:38,3,2,0
BRDA:54,4,0,1
BRDA:54,4,1,0
BRDA:65,5,0,0
BRDA:65,5,1,3
BRDA:66,6,0,1
BRDA:66,6,1,2
BRDA:67,7,0,1
BRDA:67,7,1,2
BRDA:102,8,0,0
BRDA:102,8,1,1
BRDA:102,9,0,1
BRDA:102,9,1,1
BRDA:149,10,0,0
BRDA:149,10,1,0
BRDA:165,11,0,0
BRDA:165,11,1,0
BRDA:175,12,0,0
BRDA:175,12,1,1
BRDA:186,13,0,0
BRDA:186,13,1,0
BRDA:203,14,0,0
BRDA:203,14,1,0
BRDA:218,15,0,0
BRDA:218,15,1,1
BRDA:226,16,0,0
BRDA:226,16,1,1
BRDA:226,17,0,1
BRDA:226,17,1,1
BRDA:235,18,0,0
BRDA:235,18,1,1
BRDA:253,19,0,0
BRDA:253,19,1,0
BRDA:268,20,0,0
BRDA:268,20,1,1
BRDA:276,21,0,0
BRDA:276,21,1,1
BRDA:276,22,0,1
BRDA:276,22,1,1
BRDA:285,23,0,0
BRDA:285,23,1,1
BRDA:299,24,0,0
BRDA:299,24,1,0
BRF:51
BRH:26
end_of_record
TN:
SF:src/factories/productFactory.js
FN:7,(anonymous_0)
FNF:1
FNH:1
FNDA:2,(anonymous_0)
DA:9,2
DA:10,0
DA:13,2
DA:14,1
DA:17,1
DA:18,0
DA:21,1
DA:22,0
DA:26,1
DA:27,1
DA:29,1
DA:30,0
DA:34,1
DA:35,0
DA:37,1
DA:38,0
DA:42,1
DA:58,1
LF:18
LH:12
BRDA:9,0,0,0
BRDA:9,0,1,2
BRDA:9,1,0,2
BRDA:9,1,1,2
BRDA:13,2,0,1
BRDA:13,2,1,1
BRDA:13,3,0,2
BRDA:13,3,1,1
BRDA:17,4,0,0
BRDA:17,4,1,1
BRDA:17,5,0,1
BRDA:17,5,1,1
BRDA:21,6,0,0
BRDA:21,6,1,1
BRDA:27,7,0,1
BRDA:27,7,1,0
BRDA:29,8,0,0
BRDA:29,8,1,1
BRDA:34,9,0,0
BRDA:34,9,1,1
BRDA:37,10,0,0
BRDA:37,10,1,1
BRDA:47,11,0,1
BRDA:47,11,1,0
BRDA:51,12,0,1
BRDA:51,12,1,1
BRDA:53,13,0,0
BRDA:53,13,1,1
BRF:28
BRH:19
end_of_record
TN:
SF:src/middlewares/auth.js
FN:19,(anonymous_0)
FN:29,(anonymous_1)
FN:31,(anonymous_2)
FN:59,(anonymous_3)
FN:94,(anonymous_4)
FNF:5
FNH:4
FNDA:20,(anonymous_0)
FNDA:25,(anonymous_1)
FNDA:93,(anonymous_2)
FNDA:16,(anonymous_3)
FNDA:0,(anonymous_4)
DA:1,1
DA:3,1
DA:4,1
DA:8,1
DA:18,1
DA:19,20
DA:29,1
DA:31,25
DA:32,93
DA:34,50
DA:37,43
DA:41,25
DA:42,7
DA:46,18
DA:47,18
DA:49,2
DA:53,16
DA:54,16
DA:59,16
DA:60,16
DA:61,2
DA:62,2
DA:67,0
DA:75,14
DA:76,14
DA:85,14
DA:94,1
DA:95,0
DA:97,0
DA:98,0
DA:101,0
DA:103,0
DA:104,0
DA:105,0
DA:116,0
DA:119,1
LF:36
LH:27
BRDA:3,0,0,1
BRDA:3,0,1,1
BRDA:4,1,0,1
BRDA:4,1,1,1
BRDA:19,2,0,20
BRDA:19,2,1,4
BRDA:31,3,0,25
BRDA:31,3,1,20
BRDA:32,4,0,50
BRDA:32,4,1,43
BRDA:34,5,0,50
BRDA:34,5,1,8
BRDA:37,6,0,43
BRDA:37,6,1,2
BRDA:41,7,0,7
BRDA:41,7,1,18
BRDA:47,8,0,2
BRDA:47,8,1,16
BRDA:60,9,0,2
BRDA:60,9,1,14
BRDA:61,10,0,2
BRDA:61,10,1,0
BRDA:75,11,0,14
BRDA:75,11,1,0
BRDA:97,12,0,0
BRDA:97,12,1,0
BRDA:97,13,0,0
BRDA:97,13,1,0
BRF:28
BRH:22
end_of_record
TN:
SF:src/middlewares/ownership.js
FN:7,(anonymous_0)
FNF:1
FNH:1
FNDA:6,(anonymous_0)
DA:1,1
DA:7,1
DA:8,6
DA:9,6
DA:10,0
DA:16,6
DA:19,6
DA:20,2
DA:21,2
DA:22,2
DA:26,4
DA:27,4
DA:29,4
DA:30,0
DA:36,4
DA:37,1
DA:43,3
DA:45,0
DA:46,0
DA:53,1
LF:20
LH:16
BRDA:9,0,0,0
BRDA:9,0,1,6
BRDA:9,1,0,6
BRDA:9,1,1,6
BRDA:19,2,0,2
BRDA:19,2,1,4
BRDA:29,3,0,0
BRDA:29,3,1,4
BRDA:36,4,0,1
BRDA:36,4,1,3
BRF:10
BRH:8
end_of_record
TN:
SF:src/middlewares/roles.js
FN:8,(anonymous_0)
FN:9,(anonymous_1)
FNF:2
FNH:2
FNDA:6,(anonymous_0)
FNDA:7,(anonymous_1)
DA:8,1
DA:9,6
DA:11,7
DA:12,0
DA:19,7
DA:20,0
DA:26,7
DA:30,1
LF:8
LH:6
BRDA:11,0,0,0
BRDA:11,0,1,7
BRDA:19,1,0,0
BRDA:19,1,1,7
BRF:4
BRH:2
end_of_record
TN:
SF:src/models/productModel.js
FN:61,(anonymous_0)
FNF:1
FNH:1
FNDA:22,(anonymous_0)
DA:1,1
DA:3,1
DA:57,1
DA:58,1
DA:61,1
DA:62,22
DA:63,0
DA:67,1
LF:8
LH:7
BRDA:62,0,0,0
BRDA:62,0,1,22
BRF:2
BRH:1
end_of_record
TN:
SF:src/repositories/productRepository.js
FN:8,(anonymous_0)
FN:13,(anonymous_1)
FN:17,(anonymous_2)
FN:33,(anonymous_3)
FN:40,(anonymous_4)
FN:47,(anonymous_5)
FN:55,(anonymous_6)
FN:59,(anonymous_7)
FN:67,(anonymous_8)
FN:82,(anonymous_9)
FN:108,(anonymous_10)
FNF:11
FNH:10
FNDA:1,(anonymous_0)
FNDA:2,(anonymous_1)
FNDA:3,(anonymous_2)
FNDA:2,(anonymous_3)
FNDA:1,(anonymous_4)
FNDA:1,(anonymous_5)
FNDA:1,(anonymous_6)
FNDA:1,(anonymous_7)
FNDA:0,(anonymous_8)
FNDA:1,(anonymous_9)
FNDA:1,(anonymous_10)
DA:1,1
DA:9,1
DA:10,1
DA:14,2
DA:18,3
DA:20,3
DA:21,0
DA:23,3
DA:24,1
DA:26,3
DA:27,1
DA:30,3
DA:34,2
DA:41,1
DA:48,1
DA:56,1
DA:60,1
DA:68,0
DA:83,1
DA:95,1
DA:96,0
DA:99,1
DA:112,1
DA:119,1
DA:123,1
LF:25
LH:22
BRDA:17,0,0,0
BRDA:20,1,0,0
BRDA:20,1,1,3
BRDA:23,2,0,1
BRDA:23,2,1,2
BRDA:26,3,0,1
BRDA:26,3,1,2
BRDA:40,4,0,0
BRDA:95,5,0,0
BRDA:95,5,1,1
BRDA:95,6,0,1
BRDA:95,6,1,1
BRF:12
BRH:8
end_of_record
TN:
SF:src/routes/productRoutes.js
FNF:0
FNH:0
DA:1,1
DA:2,1
DA:3,1
DA:4,1
DA:5,1
DA:6,1
DA:15,1
DA:23,1
DA:27,1
DA:34,1
DA:37,1
DA:45,1
DA:53,1
DA:59,1
DA:67,1
DA:70,1
DA:73,1
DA:74,1
DA:76,1
LF:19
LH:19
BRF:0
BRH:0
end_of_record
TN:
SF:src/services/productService.js
FN:9,(anonymous_0)
FN:18,(anonymous_1)
FN:26,(anonymous_2)
FN:30,(anonymous_3)
FN:34,(anonymous_4)
FN:38,(anonymous_5)
FN:46,(anonymous_6)
FN:53,(anonymous_7)
FN:67,(anonymous_8)
FN:81,(anonymous_9)
FN:95,(anonymous_10)
FNF:11
FNH:10
FNDA:2,(anonymous_0)
FNDA:2,(anonymous_1)
FNDA:3,(anonymous_2)
FNDA:2,(anonymous_3)
FNDA:1,(anonymous_4)
FNDA:1,(anonymous_5)
FNDA:1,(anonymous_6)
FNDA:1,(anonymous_7)
FNDA:0,(anonymous_8)
FNDA:1,(anonymous_9)
FNDA:1,(anonymous_10)
DA:1,1
DA:2,1
DA:10,2
DA:11,1
DA:12,1
DA:19,2
DA:20,2
DA:21,1
DA:23,1
DA:27,3
DA:31,2
DA:35,1
DA:39,1
DA:40,1
DA:41,0
DA:43,1
DA:47,1
DA:48,1
DA:49,0
DA:54,1
DA:55,0
DA:57,1
DA:58,1
DA:59,0
DA:61,1
DA:62,0
DA:64,1
DA:68,0
DA:69,0
DA:70,0
DA:72,0
DA:82,1
DA:83,1
DA:84,0
DA:86,1
DA:96,1
DA:97,1
DA:98,0
DA:100,1
DA:104,1
LF:40
LH:29
BRDA:20,0,0,1
BRDA:20,0,1,1
BRDA:30,1,0,0
BRDA:34,2,0,0
BRDA:40,3,0,0
BRDA:40,3,1,1
BRDA:48,4,0,0
BRDA:48,4,1,1
BRDA:54,5,0,0
BRDA:54,5,1,1
BRDA:58,6,0,0
BRDA:58,6,1,1
BRDA:61,7,0,0
BRDA:61,7,1,1
BRDA:69,8,0,0
BRDA:69,8,1,0
BRDA:83,9,0,0
BRDA:83,9,1,1
BRDA:97,10,0,0
BRDA:97,10,1,1
BRF:20
BRH:9
end_of_record
